<?xml version="1.0" encoding="UTF-8"?>
<testsuite xmlns:xsi="http://www.w3.org/2001/XMLSchema-instance" xsi:noNamespaceSchemaLocation="https://maven.apache.org/surefire/maven-surefire-plugin/xsd/surefire-test-report.xsd" version="3.0.2" name="com.callplan.testing.RunCucumberTest" time="7.743" tests="12" errors="0" skipped="0" failures="2">
  <properties>
    <property name="cucumber.publish.quiet" value="true"/>
    <property name="java.specification.version" value="17"/>
    <property name="sun.cpu.isalist" value="amd64"/>
    <property name="sun.jnu.encoding" value="Cp1252"/>
    <property name="java.class.path" value="D:\Learning\Revou\QA\CallPlan-Testing\target\test-classes;D:\Learning\Revou\QA\CallPlan-Testing\target\classes;C:\Users\bonaventura.sanja-iu\.m2\repository\io\cucumber\cucumber-java\7.15.0\cucumber-java-7.15.0.jar;C:\Users\bonaventura.sanja-iu\.m2\repository\io\cucumber\cucumber-core\7.20.1\cucumber-core-7.20.1.jar;C:\Users\bonaventura.sanja-iu\.m2\repository\io\cucumber\cucumber-gherkin\7.20.1\cucumber-gherkin-7.20.1.jar;C:\Users\bonaventura.sanja-iu\.m2\repository\io\cucumber\cucumber-gherkin-messages\7.20.1\cucumber-gherkin-messages-7.20.1.jar;C:\Users\bonaventura.sanja-iu\.m2\repository\io\cucumber\gherkin\28.0.0\gherkin-28.0.0.jar;C:\Users\bonaventura.sanja-iu\.m2\repository\io\cucumber\messages\24.1.0\messages-24.1.0.jar;C:\Users\bonaventura.sanja-iu\.m2\repository\io\cucumber\testng-xml-formatter\0.2.0\testng-xml-formatter-0.2.0.jar;C:\Users\bonaventura.sanja-iu\.m2\repository\io\cucumber\query\12.2.0\query-12.2.0.jar;C:\Users\bonaventura.sanja-iu\.m2\repository\io\cucumber\tag-expressions\6.1.0\tag-expressions-6.1.0.jar;C:\Users\bonaventura.sanja-iu\.m2\repository\io\cucumber\cucumber-expressions\17.1.0\cucumber-expressions-17.1.0.jar;C:\Users\bonaventura.sanja-iu\.m2\repository\io\cucumber\datatable\7.20.1\datatable-7.20.1.jar;C:\Users\bonaventura.sanja-iu\.m2\repository\io\cucumber\cucumber-plugin\7.20.1\cucumber-plugin-7.20.1.jar;C:\Users\bonaventura.sanja-iu\.m2\repository\io\cucumber\docstring\7.20.1\docstring-7.20.1.jar;C:\Users\bonaventura.sanja-iu\.m2\repository\io\cucumber\html-formatter\21.7.0\html-formatter-21.7.0.jar;C:\Users\bonaventura.sanja-iu\.m2\repository\io\cucumber\junit-xml-formatter\0.5.0\junit-xml-formatter-0.5.0.jar;C:\Users\bonaventura.sanja-iu\.m2\repository\io\cucumber\ci-environment\10.0.1\ci-environment-10.0.1.jar;C:\Users\bonaventura.sanja-iu\.m2\repository\org\apiguardian\apiguardian-api\1.1.2\apiguardian-api-1.1.2.jar;C:\Users\bonaventura.sanja-iu\.m2\repository\io\cucumber\cucumber-junit-platform-engine\7.15.0\cucumber-junit-platform-engine-7.15.0.jar;C:\Users\bonaventura.sanja-iu\.m2\repository\org\junit\platform\junit-platform-engine\1.11.3\junit-platform-engine-1.11.3.jar;C:\Users\bonaventura.sanja-iu\.m2\repository\org\opentest4j\opentest4j\1.3.0\opentest4j-1.3.0.jar;C:\Users\bonaventura.sanja-iu\.m2\repository\org\junit\platform\junit-platform-commons\1.11.3\junit-platform-commons-1.11.3.jar;C:\Users\bonaventura.sanja-iu\.m2\repository\org\junit\platform\junit-platform-suite\1.10.1\junit-platform-suite-1.10.1.jar;C:\Users\bonaventura.sanja-iu\.m2\repository\org\junit\platform\junit-platform-suite-api\1.11.3\junit-platform-suite-api-1.11.3.jar;C:\Users\bonaventura.sanja-iu\.m2\repository\org\junit\platform\junit-platform-suite-engine\1.11.3\junit-platform-suite-engine-1.11.3.jar;C:\Users\bonaventura.sanja-iu\.m2\repository\org\junit\platform\junit-platform-suite-commons\1.11.3\junit-platform-suite-commons-1.11.3.jar;C:\Users\bonaventura.sanja-iu\.m2\repository\org\junit\jupiter\junit-jupiter\5.10.1\junit-jupiter-5.10.1.jar;C:\Users\bonaventura.sanja-iu\.m2\repository\org\junit\jupiter\junit-jupiter-api\5.11.3\junit-jupiter-api-5.11.3.jar;C:\Users\bonaventura.sanja-iu\.m2\repository\org\junit\jupiter\junit-jupiter-params\5.11.3\junit-jupiter-params-5.11.3.jar;C:\Users\bonaventura.sanja-iu\.m2\repository\org\junit\jupiter\junit-jupiter-engine\5.11.3\junit-jupiter-engine-5.11.3.jar;C:\Users\bonaventura.sanja-iu\.m2\repository\io\qameta\allure\allure-cucumber7-jvm\2.29.0\allure-cucumber7-jvm-2.29.0.jar;C:\Users\bonaventura.sanja-iu\.m2\repository\io\qameta\allure\allure-java-commons\2.29.0\allure-java-commons-2.29.0.jar;C:\Users\bonaventura.sanja-iu\.m2\repository\io\qameta\allure\allure-model\2.29.0\allure-model-2.29.0.jar;C:\Users\bonaventura.sanja-iu\.m2\repository\io\qameta\allure\allure-junit-platform\2.29.0\allure-junit-platform-2.29.0.jar;C:\Users\bonaventura.sanja-iu\.m2\repository\org\junit\platform\junit-platform-launcher\1.11.3\junit-platform-launcher-1.11.3.jar;C:\Users\bonaventura.sanja-iu\.m2\repository\io\qameta\allure\allure-test-filter\2.29.0\allure-test-filter-2.29.0.jar;C:\Users\bonaventura.sanja-iu\.m2\repository\org\slf4j\slf4j-simple\2.0.16\slf4j-simple-2.0.16.jar;C:\Users\bonaventura.sanja-iu\.m2\repository\org\slf4j\slf4j-api\2.0.16\slf4j-api-2.0.16.jar;C:\Users\bonaventura.sanja-iu\.m2\repository\io\rest-assured\rest-assured\5.4.0\rest-assured-5.4.0.jar;C:\Users\bonaventura.sanja-iu\.m2\repository\org\apache\groovy\groovy\4.0.16\groovy-4.0.16.jar;C:\Users\bonaventura.sanja-iu\.m2\repository\org\apache\groovy\groovy-xml\4.0.16\groovy-xml-4.0.16.jar;C:\Users\bonaventura.sanja-iu\.m2\repository\org\apache\httpcomponents\httpclient\4.5.13\httpclient-4.5.13.jar;C:\Users\bonaventura.sanja-iu\.m2\repository\org\apache\httpcomponents\httpcore\4.4.13\httpcore-4.4.13.jar;C:\Users\bonaventura.sanja-iu\.m2\repository\commons-logging\commons-logging\1.2\commons-logging-1.2.jar;C:\Users\bonaventura.sanja-iu\.m2\repository\commons-codec\commons-codec\1.11\commons-codec-1.11.jar;C:\Users\bonaventura.sanja-iu\.m2\repository\org\apache\httpcomponents\httpmime\4.5.13\httpmime-4.5.13.jar;C:\Users\bonaventura.sanja-iu\.m2\repository\org\hamcrest\hamcrest\2.2\hamcrest-2.2.jar;C:\Users\bonaventura.sanja-iu\.m2\repository\org\ccil\cowan\tagsoup\tagsoup\1.2.1\tagsoup-1.2.1.jar;C:\Users\bonaventura.sanja-iu\.m2\repository\io\rest-assured\json-path\5.4.0\json-path-5.4.0.jar;C:\Users\bonaventura.sanja-iu\.m2\repository\org\apache\groovy\groovy-json\4.0.16\groovy-json-4.0.16.jar;C:\Users\bonaventura.sanja-iu\.m2\repository\io\rest-assured\rest-assured-common\5.4.0\rest-assured-common-5.4.0.jar;C:\Users\bonaventura.sanja-iu\.m2\repository\io\rest-assured\xml-path\5.4.0\xml-path-5.4.0.jar;C:\Users\bonaventura.sanja-iu\.m2\repository\org\apache\commons\commons-lang3\3.11\commons-lang3-3.11.jar;C:\Users\bonaventura.sanja-iu\.m2\repository\io\rest-assured\json-schema-validator\5.5.0\json-schema-validator-5.5.0.jar;C:\Users\bonaventura.sanja-iu\.m2\repository\com\github\java-json-tools\json-schema-validator\2.2.14\json-schema-validator-2.2.14.jar;C:\Users\bonaventura.sanja-iu\.m2\repository\com\github\java-json-tools\jackson-coreutils-equivalence\1.0\jackson-coreutils-equivalence-1.0.jar;C:\Users\bonaventura.sanja-iu\.m2\repository\com\fasterxml\jackson\core\jackson-databind\2.11.0\jackson-databind-2.11.0.jar;C:\Users\bonaventura.sanja-iu\.m2\repository\com\fasterxml\jackson\core\jackson-annotations\2.11.0\jackson-annotations-2.11.0.jar;C:\Users\bonaventura.sanja-iu\.m2\repository\com\fasterxml\jackson\core\jackson-core\2.11.0\jackson-core-2.11.0.jar;C:\Users\bonaventura.sanja-iu\.m2\repository\com\github\java-json-tools\jackson-coreutils\2.0\jackson-coreutils-2.0.jar;C:\Users\bonaventura.sanja-iu\.m2\repository\com\github\java-json-tools\msg-simple\1.2\msg-simple-1.2.jar;C:\Users\bonaventura.sanja-iu\.m2\repository\com\github\java-json-tools\btf\1.3\btf-1.3.jar;C:\Users\bonaventura.sanja-iu\.m2\repository\com\github\java-json-tools\json-schema-core\1.2.14\json-schema-core-1.2.14.jar;C:\Users\bonaventura.sanja-iu\.m2\repository\com\github\java-json-tools\uri-template\0.10\uri-template-0.10.jar;C:\Users\bonaventura.sanja-iu\.m2\repository\org\mozilla\rhino\1.7.7.2\rhino-1.7.7.2.jar;C:\Users\bonaventura.sanja-iu\.m2\repository\com\sun\mail\mailapi\1.6.2\mailapi-1.6.2.jar;C:\Users\bonaventura.sanja-iu\.m2\repository\joda-time\joda-time\2.10.5\joda-time-2.10.5.jar;C:\Users\bonaventura.sanja-iu\.m2\repository\com\googlecode\libphonenumber\libphonenumber\8.11.1\libphonenumber-8.11.1.jar;C:\Users\bonaventura.sanja-iu\.m2\repository\com\google\code\findbugs\jsr305\3.0.2\jsr305-3.0.2.jar;C:\Users\bonaventura.sanja-iu\.m2\repository\net\sf\jopt-simple\jopt-simple\5.0.4\jopt-simple-5.0.4.jar;C:\Users\bonaventura.sanja-iu\.m2\repository\com\google\guava\guava\33.2.1-jre\guava-33.2.1-jre.jar;C:\Users\bonaventura.sanja-iu\.m2\repository\com\google\guava\failureaccess\1.0.2\failureaccess-1.0.2.jar;C:\Users\bonaventura.sanja-iu\.m2\repository\com\google\guava\listenablefuture\9999.0-empty-to-avoid-conflict-with-guava\listenablefuture-9999.0-empty-to-avoid-conflict-with-guava.jar;C:\Users\bonaventura.sanja-iu\.m2\repository\org\checkerframework\checker-qual\3.42.0\checker-qual-3.42.0.jar;C:\Users\bonaventura.sanja-iu\.m2\repository\com\google\errorprone\error_prone_annotations\2.26.1\error_prone_annotations-2.26.1.jar;C:\Users\bonaventura.sanja-iu\.m2\repository\com\google\j2objc\j2objc-annotations\3.0.0\j2objc-annotations-3.0.0.jar;C:\Users\bonaventura.sanja-iu\.m2\repository\com\googlecode\json-simple\json-simple\1.1.1\json-simple-1.1.1.jar;C:\Users\bonaventura.sanja-iu\.m2\repository\junit\junit\4.10\junit-4.10.jar;C:\Users\bonaventura.sanja-iu\.m2\repository\org\hamcrest\hamcrest-core\1.1\hamcrest-core-1.1.jar;"/>
    <property name="java.vm.vendor" value="Microsoft"/>
    <property name="sun.arch.data.model" value="64"/>
    <property name="user.variant" value=""/>
    <property name="java.vendor.url" value="https://www.microsoft.com"/>
    <property name="user.timezone" value="Asia/Bangkok"/>
    <property name="os.name" value="Windows 10"/>
    <property name="java.vm.specification.version" value="17"/>
    <property name="sun.java.launcher" value="SUN_STANDARD"/>
    <property name="user.country" value="US"/>
    <property name="sun.boot.library.path" value="C:\Program Files\Microsoft\jdk-17.0.11.9-hotspot\bin"/>
    <property name="sun.java.command" value="C:\Users\bonaventura.sanja-iu\AppData\Local\Temp\surefire14196902165278421673\surefirebooter-20241118133300063_3.jar C:\Users\bonaventura.sanja-iu\AppData\Local\Temp\surefire14196902165278421673 2024-11-18T13-32-59_900-jvmRun1 surefire-20241118133300063_1tmp surefire_0-20241118133300063_2tmp"/>
    <property name="jdk.debug" value="release"/>
    <property name="surefire.test.class.path" value="D:\Learning\Revou\QA\CallPlan-Testing\target\test-classes;D:\Learning\Revou\QA\CallPlan-Testing\target\classes;C:\Users\bonaventura.sanja-iu\.m2\repository\io\cucumber\cucumber-java\7.15.0\cucumber-java-7.15.0.jar;C:\Users\bonaventura.sanja-iu\.m2\repository\io\cucumber\cucumber-core\7.20.1\cucumber-core-7.20.1.jar;C:\Users\bonaventura.sanja-iu\.m2\repository\io\cucumber\cucumber-gherkin\7.20.1\cucumber-gherkin-7.20.1.jar;C:\Users\bonaventura.sanja-iu\.m2\repository\io\cucumber\cucumber-gherkin-messages\7.20.1\cucumber-gherkin-messages-7.20.1.jar;C:\Users\bonaventura.sanja-iu\.m2\repository\io\cucumber\gherkin\28.0.0\gherkin-28.0.0.jar;C:\Users\bonaventura.sanja-iu\.m2\repository\io\cucumber\messages\24.1.0\messages-24.1.0.jar;C:\Users\bonaventura.sanja-iu\.m2\repository\io\cucumber\testng-xml-formatter\0.2.0\testng-xml-formatter-0.2.0.jar;C:\Users\bonaventura.sanja-iu\.m2\repository\io\cucumber\query\12.2.0\query-12.2.0.jar;C:\Users\bonaventura.sanja-iu\.m2\repository\io\cucumber\tag-expressions\6.1.0\tag-expressions-6.1.0.jar;C:\Users\bonaventura.sanja-iu\.m2\repository\io\cucumber\cucumber-expressions\17.1.0\cucumber-expressions-17.1.0.jar;C:\Users\bonaventura.sanja-iu\.m2\repository\io\cucumber\datatable\7.20.1\datatable-7.20.1.jar;C:\Users\bonaventura.sanja-iu\.m2\repository\io\cucumber\cucumber-plugin\7.20.1\cucumber-plugin-7.20.1.jar;C:\Users\bonaventura.sanja-iu\.m2\repository\io\cucumber\docstring\7.20.1\docstring-7.20.1.jar;C:\Users\bonaventura.sanja-iu\.m2\repository\io\cucumber\html-formatter\21.7.0\html-formatter-21.7.0.jar;C:\Users\bonaventura.sanja-iu\.m2\repository\io\cucumber\junit-xml-formatter\0.5.0\junit-xml-formatter-0.5.0.jar;C:\Users\bonaventura.sanja-iu\.m2\repository\io\cucumber\ci-environment\10.0.1\ci-environment-10.0.1.jar;C:\Users\bonaventura.sanja-iu\.m2\repository\org\apiguardian\apiguardian-api\1.1.2\apiguardian-api-1.1.2.jar;C:\Users\bonaventura.sanja-iu\.m2\repository\io\cucumber\cucumber-junit-platform-engine\7.15.0\cucumber-junit-platform-engine-7.15.0.jar;C:\Users\bonaventura.sanja-iu\.m2\repository\org\junit\platform\junit-platform-engine\1.11.3\junit-platform-engine-1.11.3.jar;C:\Users\bonaventura.sanja-iu\.m2\repository\org\opentest4j\opentest4j\1.3.0\opentest4j-1.3.0.jar;C:\Users\bonaventura.sanja-iu\.m2\repository\org\junit\platform\junit-platform-commons\1.11.3\junit-platform-commons-1.11.3.jar;C:\Users\bonaventura.sanja-iu\.m2\repository\org\junit\platform\junit-platform-suite\1.10.1\junit-platform-suite-1.10.1.jar;C:\Users\bonaventura.sanja-iu\.m2\repository\org\junit\platform\junit-platform-suite-api\1.11.3\junit-platform-suite-api-1.11.3.jar;C:\Users\bonaventura.sanja-iu\.m2\repository\org\junit\platform\junit-platform-suite-engine\1.11.3\junit-platform-suite-engine-1.11.3.jar;C:\Users\bonaventura.sanja-iu\.m2\repository\org\junit\platform\junit-platform-suite-commons\1.11.3\junit-platform-suite-commons-1.11.3.jar;C:\Users\bonaventura.sanja-iu\.m2\repository\org\junit\jupiter\junit-jupiter\5.10.1\junit-jupiter-5.10.1.jar;C:\Users\bonaventura.sanja-iu\.m2\repository\org\junit\jupiter\junit-jupiter-api\5.11.3\junit-jupiter-api-5.11.3.jar;C:\Users\bonaventura.sanja-iu\.m2\repository\org\junit\jupiter\junit-jupiter-params\5.11.3\junit-jupiter-params-5.11.3.jar;C:\Users\bonaventura.sanja-iu\.m2\repository\org\junit\jupiter\junit-jupiter-engine\5.11.3\junit-jupiter-engine-5.11.3.jar;C:\Users\bonaventura.sanja-iu\.m2\repository\io\qameta\allure\allure-cucumber7-jvm\2.29.0\allure-cucumber7-jvm-2.29.0.jar;C:\Users\bonaventura.sanja-iu\.m2\repository\io\qameta\allure\allure-java-commons\2.29.0\allure-java-commons-2.29.0.jar;C:\Users\bonaventura.sanja-iu\.m2\repository\io\qameta\allure\allure-model\2.29.0\allure-model-2.29.0.jar;C:\Users\bonaventura.sanja-iu\.m2\repository\io\qameta\allure\allure-junit-platform\2.29.0\allure-junit-platform-2.29.0.jar;C:\Users\bonaventura.sanja-iu\.m2\repository\org\junit\platform\junit-platform-launcher\1.11.3\junit-platform-launcher-1.11.3.jar;C:\Users\bonaventura.sanja-iu\.m2\repository\io\qameta\allure\allure-test-filter\2.29.0\allure-test-filter-2.29.0.jar;C:\Users\bonaventura.sanja-iu\.m2\repository\org\slf4j\slf4j-simple\2.0.16\slf4j-simple-2.0.16.jar;C:\Users\bonaventura.sanja-iu\.m2\repository\org\slf4j\slf4j-api\2.0.16\slf4j-api-2.0.16.jar;C:\Users\bonaventura.sanja-iu\.m2\repository\io\rest-assured\rest-assured\5.4.0\rest-assured-5.4.0.jar;C:\Users\bonaventura.sanja-iu\.m2\repository\org\apache\groovy\groovy\4.0.16\groovy-4.0.16.jar;C:\Users\bonaventura.sanja-iu\.m2\repository\org\apache\groovy\groovy-xml\4.0.16\groovy-xml-4.0.16.jar;C:\Users\bonaventura.sanja-iu\.m2\repository\org\apache\httpcomponents\httpclient\4.5.13\httpclient-4.5.13.jar;C:\Users\bonaventura.sanja-iu\.m2\repository\org\apache\httpcomponents\httpcore\4.4.13\httpcore-4.4.13.jar;C:\Users\bonaventura.sanja-iu\.m2\repository\commons-logging\commons-logging\1.2\commons-logging-1.2.jar;C:\Users\bonaventura.sanja-iu\.m2\repository\commons-codec\commons-codec\1.11\commons-codec-1.11.jar;C:\Users\bonaventura.sanja-iu\.m2\repository\org\apache\httpcomponents\httpmime\4.5.13\httpmime-4.5.13.jar;C:\Users\bonaventura.sanja-iu\.m2\repository\org\hamcrest\hamcrest\2.2\hamcrest-2.2.jar;C:\Users\bonaventura.sanja-iu\.m2\repository\org\ccil\cowan\tagsoup\tagsoup\1.2.1\tagsoup-1.2.1.jar;C:\Users\bonaventura.sanja-iu\.m2\repository\io\rest-assured\json-path\5.4.0\json-path-5.4.0.jar;C:\Users\bonaventura.sanja-iu\.m2\repository\org\apache\groovy\groovy-json\4.0.16\groovy-json-4.0.16.jar;C:\Users\bonaventura.sanja-iu\.m2\repository\io\rest-assured\rest-assured-common\5.4.0\rest-assured-common-5.4.0.jar;C:\Users\bonaventura.sanja-iu\.m2\repository\io\rest-assured\xml-path\5.4.0\xml-path-5.4.0.jar;C:\Users\bonaventura.sanja-iu\.m2\repository\org\apache\commons\commons-lang3\3.11\commons-lang3-3.11.jar;C:\Users\bonaventura.sanja-iu\.m2\repository\io\rest-assured\json-schema-validator\5.5.0\json-schema-validator-5.5.0.jar;C:\Users\bonaventura.sanja-iu\.m2\repository\com\github\java-json-tools\json-schema-validator\2.2.14\json-schema-validator-2.2.14.jar;C:\Users\bonaventura.sanja-iu\.m2\repository\com\github\java-json-tools\jackson-coreutils-equivalence\1.0\jackson-coreutils-equivalence-1.0.jar;C:\Users\bonaventura.sanja-iu\.m2\repository\com\fasterxml\jackson\core\jackson-databind\2.11.0\jackson-databind-2.11.0.jar;C:\Users\bonaventura.sanja-iu\.m2\repository\com\fasterxml\jackson\core\jackson-annotations\2.11.0\jackson-annotations-2.11.0.jar;C:\Users\bonaventura.sanja-iu\.m2\repository\com\fasterxml\jackson\core\jackson-core\2.11.0\jackson-core-2.11.0.jar;C:\Users\bonaventura.sanja-iu\.m2\repository\com\github\java-json-tools\jackson-coreutils\2.0\jackson-coreutils-2.0.jar;C:\Users\bonaventura.sanja-iu\.m2\repository\com\github\java-json-tools\msg-simple\1.2\msg-simple-1.2.jar;C:\Users\bonaventura.sanja-iu\.m2\repository\com\github\java-json-tools\btf\1.3\btf-1.3.jar;C:\Users\bonaventura.sanja-iu\.m2\repository\com\github\java-json-tools\json-schema-core\1.2.14\json-schema-core-1.2.14.jar;C:\Users\bonaventura.sanja-iu\.m2\repository\com\github\java-json-tools\uri-template\0.10\uri-template-0.10.jar;C:\Users\bonaventura.sanja-iu\.m2\repository\org\mozilla\rhino\1.7.7.2\rhino-1.7.7.2.jar;C:\Users\bonaventura.sanja-iu\.m2\repository\com\sun\mail\mailapi\1.6.2\mailapi-1.6.2.jar;C:\Users\bonaventura.sanja-iu\.m2\repository\joda-time\joda-time\2.10.5\joda-time-2.10.5.jar;C:\Users\bonaventura.sanja-iu\.m2\repository\com\googlecode\libphonenumber\libphonenumber\8.11.1\libphonenumber-8.11.1.jar;C:\Users\bonaventura.sanja-iu\.m2\repository\com\google\code\findbugs\jsr305\3.0.2\jsr305-3.0.2.jar;C:\Users\bonaventura.sanja-iu\.m2\repository\net\sf\jopt-simple\jopt-simple\5.0.4\jopt-simple-5.0.4.jar;C:\Users\bonaventura.sanja-iu\.m2\repository\com\google\guava\guava\33.2.1-jre\guava-33.2.1-jre.jar;C:\Users\bonaventura.sanja-iu\.m2\repository\com\google\guava\failureaccess\1.0.2\failureaccess-1.0.2.jar;C:\Users\bonaventura.sanja-iu\.m2\repository\com\google\guava\listenablefuture\9999.0-empty-to-avoid-conflict-with-guava\listenablefuture-9999.0-empty-to-avoid-conflict-with-guava.jar;C:\Users\bonaventura.sanja-iu\.m2\repository\org\checkerframework\checker-qual\3.42.0\checker-qual-3.42.0.jar;C:\Users\bonaventura.sanja-iu\.m2\repository\com\google\errorprone\error_prone_annotations\2.26.1\error_prone_annotations-2.26.1.jar;C:\Users\bonaventura.sanja-iu\.m2\repository\com\google\j2objc\j2objc-annotations\3.0.0\j2objc-annotations-3.0.0.jar;C:\Users\bonaventura.sanja-iu\.m2\repository\com\googlecode\json-simple\json-simple\1.1.1\json-simple-1.1.1.jar;C:\Users\bonaventura.sanja-iu\.m2\repository\junit\junit\4.10\junit-4.10.jar;C:\Users\bonaventura.sanja-iu\.m2\repository\org\hamcrest\hamcrest-core\1.1\hamcrest-core-1.1.jar;"/>
    <property name="allure.results.directory" value="D:\Learning\Revou\QA\CallPlan-Testing\target/allure-results"/>
    <property name="sun.cpu.endian" value="little"/>
    <property name="user.home" value="C:\Users\bonaventura.sanja-iu"/>
    <property name="user.language" value="en"/>
    <property name="java.specification.vendor" value="Oracle Corporation"/>
    <property name="java.version.date" value="2024-04-16"/>
    <property name="java.home" value="C:\Program Files\Microsoft\jdk-17.0.11.9-hotspot"/>
    <property name="file.separator" value="\"/>
    <property name="basedir" value="D:\Learning\Revou\QA\CallPlan-Testing"/>
    <property name="java.vm.compressedOopsMode" value="Zero based"/>
    <property name="line.separator" value="&#10;"/>
    <property name="java.vm.specification.vendor" value="Oracle Corporation"/>
    <property name="java.specification.name" value="Java Platform API Specification"/>
    <property name="surefire.real.class.path" value="C:\Users\bonaventura.sanja-iu\AppData\Local\Temp\surefire14196902165278421673\surefirebooter-20241118133300063_3.jar"/>
    <property name="user.script" value=""/>
    <property name="sun.management.compiler" value="HotSpot 64-Bit Tiered Compilers"/>
    <property name="java.runtime.version" value="17.0.11+9-LTS"/>
    <property name="user.name" value="bonaventura.sanja-iu"/>
    <property name="path.separator" value=";"/>
    <property name="os.version" value="10.0"/>
    <property name="java.runtime.name" value="OpenJDK Runtime Environment"/>
    <property name="file.encoding" value="UTF-8"/>
    <property name="java.vm.name" value="OpenJDK 64-Bit Server VM"/>
    <property name="java.vendor.version" value="Microsoft-9388408"/>
    <property name="localRepository" value="C:\Users\bonaventura.sanja-iu\.m2\repository"/>
    <property name="java.vendor.url.bug" value="https://github.com/microsoft/openjdk/issues"/>
    <property name="java.io.tmpdir" value="C:\Users\BONAVE~1.SAN\AppData\Local\Temp\"/>
    <property name="java.version" value="17.0.11"/>
    <property name="user.dir" value="D:\Learning\Revou\QA\CallPlan-Testing"/>
    <property name="os.arch" value="amd64"/>
    <property name="java.vm.specification.name" value="Java Virtual Machine Specification"/>
    <property name="sun.os.patch.level" value=""/>
    <property name="native.encoding" value="Cp1252"/>
    <property name="java.library.path" value="C:\Program Files\Microsoft\jdk-17.0.11.9-hotspot\bin;C:\Windows\Sun\Java\bin;C:\Windows\system32;C:\Windows;C:\Program Files (x86)\Razer Chroma SDK\bin;C:\Program Files\Razer Chroma SDK\bin;C:\Program Files\Microsoft\jdk-17.0.11.9-hotspot\bin;C:\Windows\system32;C:\Windows;C:\Windows\System32\Wbem;C:\Windows\System32\WindowsPowerShell\v1.0\;C:\Windows\System32\OpenSSH\;C:\Program Files (x86)\Pulse Secure\VC142.CRT\X64\;C:\Program Files (x86)\Pulse Secure\VC142.CRT\X86\;C:\Program Files (x86)\SafeCom\SafeComPrintClient;C:\Program Files (x86)\Windows Live\Shared;C:\Program Files\nodejs\;C:\Program Files\Git\cmd;C:\Program Files\Cloudflare\Cloudflare WARP\;C:\Program Files\Docker\Docker\resources\bin;C:\ProgramData\chocolatey\bin;C:\Users\bonaventura.s_dxg\AppData\Local\Microsoft\WindowsApps;C:\Users\bonaventura.s_dxg\AppData\Roaming\npm;C:\Users\bonaventura.s_dxg\AppData\Local\Programs\Microsoft VS Code\bin;C:\oracle\instantclient_21_13;C:\Program Files\chromedriver;D:\Android\SDK\platform-tools;;c:\Users\bonaventura.sanja-iu\AppData\Local\Programs\cursor\resources\app\bin;C:\Users\bonaventura.sanja-iu\scoop\shims;C:\Users\bonaventura.sanja-iu\AppData\Local\Microsoft\WindowsApps;C:\Users\bonaventura.sanja-iu\AppData\Local\Programs\Microsoft VS Code Insiders\bin;C:\Users\bonaventura.sanja-iu\AppData\Local\Programs\Microsoft VS Code\bin;C:\Program Files\JetBrains\IntelliJ IDEA Community Edition 2024.2.3\bin;;C:\Users\bonaventura.sanja-iu\AppData\Roaming\npm;C:\Program Files\apache-maven\bin;;."/>
    <property name="java.vm.info" value="mixed mode, sharing"/>
    <property name="java.vendor" value="Microsoft"/>
    <property name="java.vm.version" value="17.0.11+9-LTS"/>
    <property name="sun.io.unicode.encoding" value="UnicodeLittle"/>
    <property name="java.class.version" value="61.0"/>
  </properties>
  <testcase name="Get Best Time Visit - Successfully get best time visit data" classname="Get Best Time Visit" time="3.522"/>
  <testcase name="Get Best Time Visit - Get best time visit with missing rayon code" classname="Get Best Time Visit" time="0.156"/>
  <testcase name="Get Best Time Visit - Get best time visit with invalid rayon code" classname="Get Best Time Visit" time="0.224"/>
  <testcase name="Get Best Time Visit - Get best time visit with invalid person id but valid person code" classname="Get Best Time Visit" time="0.207"/>
  <testcase name="Get Best Time Visit - Get best time visit with invalid person code but valid person id" classname="Get Best Time Visit" time="0.174"/>
  <testcase name="Get Best Time Visit - Get best time visit with invalid start date" classname="Get Best Time Visit" time="0.16">
    <failure message="expected:&lt;[fals]e&gt; but was:&lt;[tru]e&gt;" type="org.junit.ComparisonFailure"><![CDATA[org.junit.ComparisonFailure: expected:<[fals]e> but was:<[tru]e>
	at com.callplan.testing.steps.CommonSteps.theResponseShouldContainWithValue(CommonSteps.java:51)
	at ✽.the response should contain "success" with value "false"(classpath:features/get-best-time-visit.feature:69)
]]></failure>
  </testcase>
  <testcase name="Get Master list - Successfully get master list data" classname="Get Master list" time="2.709">
    <failure message="Schema validation failed with the following errors:&#10;Schema validation failed for item at index 1: &#10;Expected: The content to match the given JSON schema.&#10;error: instance value (null) not found in enum (possible values: [0,1])&#10;    level: &quot;error&quot;&#10;    schema: {&quot;loadingURI&quot;:&quot;file:/D:/Learning/Revou/QA/CallPlan-Testing/target/test-classes/schemas/GetMasterList.json#&quot;,&quot;pointer&quot;:&quot;/properties/IS_UPCOUNTRY&quot;}&#10;    instance: {&quot;pointer&quot;:&quot;/IS_UPCOUNTRY&quot;}&#10;    domain: &quot;validation&quot;&#10;    keyword: &quot;enum&quot;&#10;    value: null&#10;    enum: [0,1]&#10;error: instance type (null) does not match any allowed primitive type (allowed: [&quot;integer&quot;])&#10;    level: &quot;error&quot;&#10;    schema: {&quot;loadingURI&quot;:&quot;file:/D:/Learning/Revou/QA/CallPlan-Testing/target/test-classes/schemas/GetMasterList.json#&quot;,&quot;pointer&quot;:&quot;/properties/IS_UPCOUNTRY&quot;}&#10;    instance: {&quot;pointer&quot;:&quot;/IS_UPCOUNTRY&quot;}&#10;    domain: &quot;validation&quot;&#10;    keyword: &quot;type&quot;&#10;    found: &quot;null&quot;&#10;    expected: [&quot;integer&quot;]&#10;&#10;     but: was &quot;{\&quot;RAYON_ID\&quot;:2952,\&quot;RAYON_CODE\&quot;:\&quot;TGRVIC0101\&quot;,\&quot;AREA_ID\&quot;:40,\&quot;AREA_CODE\&quot;:\&quot;TGR\&quot;,\&quot;PERSON_ID\&quot;:7131,\&quot;PERSON_CODE\&quot;:\&quot;CRM100415478\&quot;,\&quot;PERSON_TYPE_NAME\&quot;:\&quot;CRM\&quot;,\&quot;FIRST_NAME\&quot;:\&quot;***\&quot;,\&quot;LAST_NAME\&quot;:\&quot;AND********\&quot;,\&quot;FULL_NAME\&quot;:\&quot;*** AND********\&quot;,\&quot;SPECIALIST_NAME\&quot;:\&quot;SpJP\&quot;,\&quot;IS_UPCOUNTRY\&quot;:null,\&quot;TOTAL_SCHEDULE\&quot;:0,\&quot;IS_HAVING_BEST_TIME_VISIT\&quot;:0,\&quot;MONDAY_DAY\&quot;:1,\&quot;MONDAY_NIGHT\&quot;:0,\&quot;TUESDAY_DAY\&quot;:1,\&quot;TUESDAY_NIGHT\&quot;:0,\&quot;WEDNESDAY_DAY\&quot;:1,\&quot;WEDNESDAY_NIGHT\&quot;:0,\&quot;THURSDAY_DAY\&quot;:1,\&quot;THURSDAY_NIGHT\&quot;:0,\&quot;FRIDAY_DAY\&quot;:1,\&quot;FRIDAY_NIGHT\&quot;:0,\&quot;PERSON_TYPE_DAY_NIGHT\&quot;:\&quot;D\&quot;}&quot;&#10;Schema validation failed for item at index 2: &#10;Expected: The content to match the given JSON schema.&#10;error: instance value (null) not found in enum (possible values: [0,1])&#10;    level: &quot;error&quot;&#10;    schema: {&quot;loadingURI&quot;:&quot;file:/D:/Learning/Revou/QA/CallPlan-Testing/target/test-classes/schemas/GetMasterList.json#&quot;,&quot;pointer&quot;:&quot;/properties/IS_UPCOUNTRY&quot;}&#10;    instance: {&quot;pointer&quot;:&quot;/IS_UPCOUNTRY&quot;}&#10;    domain: &quot;validation&quot;&#10;    keyword: &quot;enum&quot;&#10;    value: null&#10;    enum: [0,1]&#10;error: instance type (null) does not match any allowed primitive type (allowed: [&quot;integer&quot;])&#10;    level: &quot;error&quot;&#10;    schema: {&quot;loadingURI&quot;:&quot;file:/D:/Learning/Revou/QA/CallPlan-Testing/target/test-classes/schemas/GetMasterList.json#&quot;,&quot;pointer&quot;:&quot;/properties/IS_UPCOUNTRY&quot;}&#10;    instance: {&quot;pointer&quot;:&quot;/IS_UPCOUNTRY&quot;}&#10;    domain: &quot;validation&quot;&#10;    keyword: &quot;type&quot;&#10;    found: &quot;null&quot;&#10;    expected: [&quot;integer&quot;]&#10;error: instance value (null) not found in enum (possible values: [&quot;N&quot;,&quot;D&quot;])&#10;    level: &quot;error&quot;&#10;    schema: {&quot;loadingURI&quot;:&quot;file:/D:/Learning/Revou/QA/CallPlan-Testing/target/test-classes/schemas/GetMasterList.json#&quot;,&quot;pointer&quot;:&quot;/properties/PERSON_TYPE_DAY_NIGHT&quot;}&#10;    instance: {&quot;pointer&quot;:&quot;/PERSON_TYPE_DAY_NIGHT&quot;}&#10;    domain: &quot;validation&quot;&#10;    keyword: &quot;enum&quot;&#10;    value: null&#10;    enum: [&quot;N&quot;,&quot;D&quot;]&#10;error: instance type (null) does not match any allowed primitive type (allowed: [&quot;string&quot;])&#10;    level: &quot;error&quot;&#10;    schema: {&quot;loadingURI&quot;:&quot;file:/D:/Learning/Revou/QA/CallPlan-Testing/target/test-classes/schemas/GetMasterList.json#&quot;,&quot;pointer&quot;:&quot;/properties/PERSON_TYPE_DAY_NIGHT&quot;}&#10;    instance: {&quot;pointer&quot;:&quot;/PERSON_TYPE_DAY_NIGHT&quot;}&#10;    domain: &quot;validation&quot;&#10;    keyword: &quot;type&quot;&#10;    found: &quot;null&quot;&#10;    expected: [&quot;string&quot;]&#10;&#10;     but: was &quot;{\&quot;RAYON_ID\&quot;:2952,\&quot;RAYON_CODE\&quot;:\&quot;TGRVIC0101\&quot;,\&quot;AREA_ID\&quot;:40,\&quot;AREA_CODE\&quot;:\&quot;TGR\&quot;,\&quot;PERSON_ID\&quot;:11797,\&quot;PERSON_CODE\&quot;:\&quot;CRM100415649\&quot;,\&quot;PERSON_TYPE_NAME\&quot;:\&quot;CRM\&quot;,\&quot;FIRST_NAME\&quot;:\&quot;***\&quot;,\&quot;LAST_NAME\&quot;:\&quot;INA****\&quot;,\&quot;FULL_NAME\&quot;:\&quot;*** INA****\&quot;,\&quot;SPECIALIST_NAME\&quot;:\&quot;GP\&quot;,\&quot;IS_UPCOUNTRY\&quot;:null,\&quot;TOTAL_SCHEDULE\&quot;:0,\&quot;IS_HAVING_BEST_TIME_VISIT\&quot;:0,\&quot;MONDAY_DAY\&quot;:0,\&quot;MONDAY_NIGHT\&quot;:0,\&quot;TUESDAY_DAY\&quot;:0,\&quot;TUESDAY_NIGHT\&quot;:0,\&quot;WEDNESDAY_DAY\&quot;:0,\&quot;WEDNESDAY_NIGHT\&quot;:0,\&quot;THURSDAY_DAY\&quot;:0,\&quot;THURSDAY_NIGHT\&quot;:0,\&quot;FRIDAY_DAY\&quot;:0,\&quot;FRIDAY_NIGHT\&quot;:0,\&quot;PERSON_TYPE_DAY_NIGHT\&quot;:null}&quot;&#10;Schema validation failed for item at index 3: &#10;Expected: The content to match the given JSON schema.&#10;error: instance value (null) not found in enum (possible values: [0,1])&#10;    level: &quot;error&quot;&#10;    schema: {&quot;loadingURI&quot;:&quot;file:/D:/Learning/Revou/QA/CallPlan-Testing/target/test-classes/schemas/GetMasterList.json#&quot;,&quot;pointer&quot;:&quot;/properties/IS_UPCOUNTRY&quot;}&#10;    instance: {&quot;pointer&quot;:&quot;/IS_UPCOUNTRY&quot;}&#10;    domain: &quot;validation&quot;&#10;    keyword: &quot;enum&quot;&#10;    value: null&#10;    enum: [0,1]&#10;error: instance type (null) does not match any allowed primitive type (allowed: [&quot;integer&quot;])&#10;    level: &quot;error&quot;&#10;    schema: {&quot;loadingURI&quot;:&quot;file:/D:/Learning/Revou/QA/CallPlan-Testing/target/test-classes/schemas/GetMasterList.json#&quot;,&quot;pointer&quot;:&quot;/properties/IS_UPCOUNTRY&quot;}&#10;    instance: {&quot;pointer&quot;:&quot;/IS_UPCOUNTRY&quot;}&#10;    domain: &quot;validation&quot;&#10;    keyword: &quot;type&quot;&#10;    found: &quot;null&quot;&#10;    expected: [&quot;integer&quot;]&#10;&#10;     but: was &quot;{\&quot;RAYON_ID\&quot;:2952,\&quot;RAYON_CODE\&quot;:\&quot;TGRVIC0101\&quot;,\&quot;AREA_ID\&quot;:40,\&quot;AREA_CODE\&quot;:\&quot;TGR\&quot;,\&quot;PERSON_ID\&quot;:10186,\&quot;PERSON_CODE\&quot;:\&quot;CRM990808003569\&quot;,\&quot;PERSON_TYPE_NAME\&quot;:\&quot;CRM\&quot;,\&quot;FIRST_NAME\&quot;:\&quot;***\&quot;,\&quot;LAST_NAME\&quot;:\&quot;KEN**** ******\&quot;,\&quot;FULL_NAME\&quot;:\&quot;*** KEN**** ******\&quot;,\&quot;SPECIALIST_NAME\&quot;:\&quot;GP\&quot;,\&quot;IS_UPCOUNTRY\&quot;:null,\&quot;TOTAL_SCHEDULE\&quot;:0,\&quot;IS_HAVING_BEST_TIME_VISIT\&quot;:0,\&quot;MONDAY_DAY\&quot;:0,\&quot;MONDAY_NIGHT\&quot;:1,\&quot;TUESDAY_DAY\&quot;:0,\&quot;TUESDAY_NIGHT\&quot;:1,\&quot;WEDNESDAY_DAY\&quot;:0,\&quot;WEDNESDAY_NIGHT\&quot;:1,\&quot;THURSDAY_DAY\&quot;:0,\&quot;THURSDAY_NIGHT\&quot;:1,\&quot;FRIDAY_DAY\&quot;:0,\&quot;FRIDAY_NIGHT\&quot;:1,\&quot;PERSON_TYPE_DAY_NIGHT\&quot;:\&quot;N\&quot;}&quot;&#10;Schema validation failed for item at index 6: &#10;Expected: The content to match the given JSON schema.&#10;error: instance value (null) not found in enum (possible values: [&quot;N&quot;,&quot;D&quot;])&#10;    level: &quot;error&quot;&#10;    schema: {&quot;loadingURI&quot;:&quot;file:/D:/Learning/Revou/QA/CallPlan-Testing/target/test-classes/schemas/GetMasterList.json#&quot;,&quot;pointer&quot;:&quot;/properties/PERSON_TYPE_DAY_NIGHT&quot;}&#10;    instance: {&quot;pointer&quot;:&quot;/PERSON_TYPE_DAY_NIGHT&quot;}&#10;    domain: &quot;validation&quot;&#10;    keyword: &quot;enum&quot;&#10;    value: null&#10;    enum: [&quot;N&quot;,&quot;D&quot;]&#10;error: instance type (null) does not match any allowed primitive type (allowed: [&quot;string&quot;])&#10;    level: &quot;error&quot;&#10;    schema: {&quot;loadingURI&quot;:&quot;file:/D:/Learning/Revou/QA/CallPlan-Testing/target/test-classes/schemas/GetMasterList.json#&quot;,&quot;pointer&quot;:&quot;/properties/PERSON_TYPE_DAY_NIGHT&quot;}&#10;    instance: {&quot;pointer&quot;:&quot;/PERSON_TYPE_DAY_NIGHT&quot;}&#10;    domain: &quot;validation&quot;&#10;    keyword: &quot;type&quot;&#10;    found: &quot;null&quot;&#10;    expected: [&quot;string&quot;]&#10;&#10;     but: was &quot;{\&quot;RAYON_ID\&quot;:2952,\&quot;RAYON_CODE\&quot;:\&quot;TGRVIC0101\&quot;,\&quot;AREA_ID\&quot;:40,\&quot;AREA_CODE\&quot;:\&quot;TGR\&quot;,\&quot;PERSON_ID\&quot;:107719,\&quot;PERSON_CODE\&quot;:\&quot;CRM402206003966\&quot;,\&quot;PERSON_TYPE_NAME\&quot;:\&quot;CRM\&quot;,\&quot;FIRST_NAME\&quot;:\&quot;ADI**** ****\&quot;,\&quot;LAST_NAME\&quot;:\&quot;PRA****\&quot;,\&quot;FULL_NAME\&quot;:\&quot;ADI**** **** PRA****\&quot;,\&quot;SPECIALIST_NAME\&quot;:\&quot;GP\&quot;,\&quot;IS_UPCOUNTRY\&quot;:1,\&quot;TOTAL_SCHEDULE\&quot;:0,\&quot;IS_HAVING_BEST_TIME_VISIT\&quot;:1,\&quot;MONDAY_DAY\&quot;:0,\&quot;MONDAY_NIGHT\&quot;:0,\&quot;TUESDAY_DAY\&quot;:0,\&quot;TUESDAY_NIGHT\&quot;:0,\&quot;WEDNESDAY_DAY\&quot;:0,\&quot;WEDNESDAY_NIGHT\&quot;:0,\&quot;THURSDAY_DAY\&quot;:0,\&quot;THURSDAY_NIGHT\&quot;:0,\&quot;FRIDAY_DAY\&quot;:0,\&quot;FRIDAY_NIGHT\&quot;:0,\&quot;PERSON_TYPE_DAY_NIGHT\&quot;:null}&quot;&#10;Schema validation failed for item at index 7: &#10;Expected: The content to match the given JSON schema.&#10;error: instance value (null) not found in enum (possible values: [&quot;N&quot;,&quot;D&quot;])&#10;    level: &quot;error&quot;&#10;    schema: {&quot;loadingURI&quot;:&quot;file:/D:/Learning/Revou/QA/CallPlan-Testing/target/test-classes/schemas/GetMasterList.json#&quot;,&quot;pointer&quot;:&quot;/properties/PERSON_TYPE_DAY_NIGHT&quot;}&#10;    instance: {&quot;pointer&quot;:&quot;/PERSON_TYPE_DAY_NIGHT&quot;}&#10;    domain: &quot;validation&quot;&#10;    keyword: &quot;enum&quot;&#10;    value: null&#10;    enum: [&quot;N&quot;,&quot;D&quot;]&#10;error: instance type (null) does not match any allowed primitive type (allowed: [&quot;string&quot;])&#10;    level: &quot;error&quot;&#10;    schema: {&quot;loadingURI&quot;:&quot;file:/D:/Learning/Revou/QA/CallPlan-Testing/target/test-classes/schemas/GetMasterList.json#&quot;,&quot;pointer&quot;:&quot;/properties/PERSON_TYPE_DAY_NIGHT&quot;}&#10;    instance: {&quot;pointer&quot;:&quot;/PERSON_TYPE_DAY_NIGHT&quot;}&#10;    domain: &quot;validation&quot;&#10;    keyword: &quot;type&quot;&#10;    found: &quot;null&quot;&#10;    expected: [&quot;string&quot;]&#10;&#10;     but: was &quot;{\&quot;RAYON_ID\&quot;:2952,\&quot;RAYON_CODE\&quot;:\&quot;TGRVIC0101\&quot;,\&quot;AREA_ID\&quot;:40,\&quot;AREA_CODE\&quot;:\&quot;TGR\&quot;,\&quot;PERSON_ID\&quot;:68334,\&quot;PERSON_CODE\&quot;:\&quot;CRM361408003574\&quot;,\&quot;PERSON_TYPE_NAME\&quot;:\&quot;CRM\&quot;,\&quot;FIRST_NAME\&quot;:\&quot;AGA***\&quot;,\&quot;LAST_NAME\&quot;:\&quot;CHR******* ***** *****\&quot;,\&quot;FULL_NAME\&quot;:\&quot;AGA*** CHR******* ***** *****\&quot;,\&quot;SPECIALIST_NAME\&quot;:\&quot;GP\&quot;,\&quot;IS_UPCOUNTRY\&quot;:1,\&quot;TOTAL_SCHEDULE\&quot;:1,\&quot;IS_HAVING_BEST_TIME_VISIT\&quot;:1,\&quot;MONDAY_DAY\&quot;:0,\&quot;MONDAY_NIGHT\&quot;:0,\&quot;TUESDAY_DAY\&quot;:0,\&quot;TUESDAY_NIGHT\&quot;:1,\&quot;WEDNESDAY_DAY\&quot;:0,\&quot;WEDNESDAY_NIGHT\&quot;:0,\&quot;THURSDAY_DAY\&quot;:0,\&quot;THURSDAY_NIGHT\&quot;:0,\&quot;FRIDAY_DAY\&quot;:0,\&quot;FRIDAY_NIGHT\&quot;:0,\&quot;PERSON_TYPE_DAY_NIGHT\&quot;:null}&quot;&#10;Schema validation failed for item at index 8: &#10;Expected: The content to match the given JSON schema.&#10;error: instance value (null) not found in enum (possible values: [0,1])&#10;    level: &quot;error&quot;&#10;    schema: {&quot;loadingURI&quot;:&quot;file:/D:/Learning/Revou/QA/CallPlan-Testing/target/test-classes/schemas/GetMasterList.json#&quot;,&quot;pointer&quot;:&quot;/properties/IS_UPCOUNTRY&quot;}&#10;    instance: {&quot;pointer&quot;:&quot;/IS_UPCOUNTRY&quot;}&#10;    domain: &quot;validation&quot;&#10;    keyword: &quot;enum&quot;&#10;    value: null&#10;    enum: [0,1]&#10;error: instance type (null) does not match any allowed primitive type (allowed: [&quot;integer&quot;])&#10;    level: &quot;error&quot;&#10;    schema: {&quot;loadingURI&quot;:&quot;file:/D:/Learning/Revou/QA/CallPlan-Testing/target/test-classes/schemas/GetMasterList.json#&quot;,&quot;pointer&quot;:&quot;/properties/IS_UPCOUNTRY&quot;}&#10;    instance: {&quot;pointer&quot;:&quot;/IS_UPCOUNTRY&quot;}&#10;    domain: &quot;validation&quot;&#10;    keyword: &quot;type&quot;&#10;    found: &quot;null&quot;&#10;    expected: [&quot;integer&quot;]&#10;error: instance value (null) not found in enum (possible values: [&quot;N&quot;,&quot;D&quot;])&#10;    level: &quot;error&quot;&#10;    schema: {&quot;loadingURI&quot;:&quot;file:/D:/Learning/Revou/QA/CallPlan-Testing/target/test-classes/schemas/GetMasterList.json#&quot;,&quot;pointer&quot;:&quot;/properties/PERSON_TYPE_DAY_NIGHT&quot;}&#10;    instance: {&quot;pointer&quot;:&quot;/PERSON_TYPE_DAY_NIGHT&quot;}&#10;    domain: &quot;validation&quot;&#10;    keyword: &quot;enum&quot;&#10;    value: null&#10;    enum: [&quot;N&quot;,&quot;D&quot;]&#10;error: instance type (null) does not match any allowed primitive type (allowed: [&quot;string&quot;])&#10;    level: &quot;error&quot;&#10;    schema: {&quot;loadingURI&quot;:&quot;file:/D:/Learning/Revou/QA/CallPlan-Testing/target/test-classes/schemas/GetMasterList.json#&quot;,&quot;pointer&quot;:&quot;/properties/PERSON_TYPE_DAY_NIGHT&quot;}&#10;    instance: {&quot;pointer&quot;:&quot;/PERSON_TYPE_DAY_NIGHT&quot;}&#10;    domain: &quot;validation&quot;&#10;    keyword: &quot;type&quot;&#10;    found: &quot;null&quot;&#10;    expected: [&quot;string&quot;]&#10;&#10;     but: was &quot;{\&quot;RAYON_ID\&quot;:2952,\&quot;RAYON_CODE\&quot;:\&quot;TGRVIC0101\&quot;,\&quot;AREA_ID\&quot;:40,\&quot;AREA_CODE\&quot;:\&quot;TGR\&quot;,\&quot;PERSON_ID\&quot;:66354,\&quot;PERSON_CODE\&quot;:\&quot;CRM11403001170\&quot;,\&quot;PERSON_TYPE_NAME\&quot;:\&quot;CRM\&quot;,\&quot;FIRST_NAME\&quot;:\&quot;ALB***\&quot;,\&quot;LAST_NAME\&quot;:\&quot;LIZ****\&quot;,\&quot;FULL_NAME\&quot;:\&quot;ALB*** LIZ****\&quot;,\&quot;SPECIALIST_NAME\&quot;:\&quot;GP\&quot;,\&quot;IS_UPCOUNTRY\&quot;:null,\&quot;TOTAL_SCHEDULE\&quot;:0,\&quot;IS_HAVING_BEST_TIME_VISIT\&quot;:0,\&quot;MONDAY_DAY\&quot;:0,\&quot;MONDAY_NIGHT\&quot;:0,\&quot;TUESDAY_DAY\&quot;:0,\&quot;TUESDAY_NIGHT\&quot;:0,\&quot;WEDNESDAY_DAY\&quot;:0,\&quot;WEDNESDAY_NIGHT\&quot;:0,\&quot;THURSDAY_DAY\&quot;:0,\&quot;THURSDAY_NIGHT\&quot;:0,\&quot;FRIDAY_DAY\&quot;:0,\&quot;FRIDAY_NIGHT\&quot;:0,\&quot;PERSON_TYPE_DAY_NIGHT\&quot;:null}&quot;&#10;Schema validation failed for item at index 9: &#10;Expected: The content to match the given JSON schema.&#10;error: instance value (null) not found in enum (possible values: [0,1])&#10;    level: &quot;error&quot;&#10;    schema: {&quot;loadingURI&quot;:&quot;file:/D:/Learning/Revou/QA/CallPlan-Testing/target/test-classes/schemas/GetMasterList.json#&quot;,&quot;pointer&quot;:&quot;/properties/IS_UPCOUNTRY&quot;}&#10;    instance: {&quot;pointer&quot;:&quot;/IS_UPCOUNTRY&quot;}&#10;    domain: &quot;validation&quot;&#10;    keyword: &quot;enum&quot;&#10;    value: null&#10;    enum: [0,1]&#10;error: instance type (null) does not match any allowed primitive type (allowed: [&quot;integer&quot;])&#10;    level: &quot;error&quot;&#10;    schema: {&quot;loadingURI&quot;:&quot;file:/D:/Learning/Revou/QA/CallPlan-Testing/target/test-classes/schemas/GetMasterList.json#&quot;,&quot;pointer&quot;:&quot;/properties/IS_UPCOUNTRY&quot;}&#10;    instance: {&quot;pointer&quot;:&quot;/IS_UPCOUNTRY&quot;}&#10;    domain: &quot;validation&quot;&#10;    keyword: &quot;type&quot;&#10;    found: &quot;null&quot;&#10;    expected: [&quot;integer&quot;]&#10;error: instance value (null) not found in enum (possible values: [&quot;N&quot;,&quot;D&quot;])&#10;    level: &quot;error&quot;&#10;    schema: {&quot;loadingURI&quot;:&quot;file:/D:/Learning/Revou/QA/CallPlan-Testing/target/test-classes/schemas/GetMasterList.json#&quot;,&quot;pointer&quot;:&quot;/properties/PERSON_TYPE_DAY_NIGHT&quot;}&#10;    instance: {&quot;pointer&quot;:&quot;/PERSON_TYPE_DAY_NIGHT&quot;}&#10;    domain: &quot;validation&quot;&#10;    keyword: &quot;enum&quot;&#10;    value: null&#10;    enum: [&quot;N&quot;,&quot;D&quot;]&#10;error: instance type (null) does not match any allowed primitive type (allowed: [&quot;string&quot;])&#10;    level: &quot;error&quot;&#10;    schema: {&quot;loadingURI&quot;:&quot;file:/D:/Learning/Revou/QA/CallPlan-Testing/target/test-classes/schemas/GetMasterList.json#&quot;,&quot;pointer&quot;:&quot;/properties/PERSON_TYPE_DAY_NIGHT&quot;}&#10;    instance: {&quot;pointer&quot;:&quot;/PERSON_TYPE_DAY_NIGHT&quot;}&#10;    domain: &quot;validation&quot;&#10;    keyword: &quot;type&quot;&#10;    found: &quot;null&quot;&#10;    expected: [&quot;string&quot;]&#10;&#10;     but: was &quot;{\&quot;RAYON_ID\&quot;:2952,\&quot;RAYON_CODE\&quot;:\&quot;TGRVIC0101\&quot;,\&quot;AREA_ID\&quot;:40,\&quot;AREA_CODE\&quot;:\&quot;TGR\&quot;,\&quot;PERSON_ID\&quot;:8027,\&quot;PERSON_CODE\&quot;:\&quot;CRM100416313\&quot;,\&quot;PERSON_TYPE_NAME\&quot;:\&quot;CRM\&quot;,\&quot;FIRST_NAME\&quot;:\&quot;ALF*\&quot;,\&quot;LAST_NAME\&quot;:\&quot;RIZ**\&quot;,\&quot;FULL_NAME\&quot;:\&quot;ALF* RIZ**\&quot;,\&quot;SPECIALIST_NAME\&quot;:\&quot;GP\&quot;,\&quot;IS_UPCOUNTRY\&quot;:null,\&quot;TOTAL_SCHEDULE\&quot;:0,\&quot;IS_HAVING_BEST_TIME_VISIT\&quot;:0,\&quot;MONDAY_DAY\&quot;:0,\&quot;MONDAY_NIGHT\&quot;:0,\&quot;TUESDAY_DAY\&quot;:0,\&quot;TUESDAY_NIGHT\&quot;:0,\&quot;WEDNESDAY_DAY\&quot;:0,\&quot;WEDNESDAY_NIGHT\&quot;:0,\&quot;THURSDAY_DAY\&quot;:0,\&quot;THURSDAY_NIGHT\&quot;:0,\&quot;FRIDAY_DAY\&quot;:0,\&quot;FRIDAY_NIGHT\&quot;:0,\&quot;PERSON_TYPE_DAY_NIGHT\&quot;:null}&quot;&#10;Schema validation failed for item at index 10: &#10;Expected: The content to match the given JSON schema.&#10;error: instance value (null) not found in enum (possible values: [0,1])&#10;    level: &quot;error&quot;&#10;    schema: {&quot;loadingURI&quot;:&quot;file:/D:/Learning/Revou/QA/CallPlan-Testing/target/test-classes/schemas/GetMasterList.json#&quot;,&quot;pointer&quot;:&quot;/properties/IS_UPCOUNTRY&quot;}&#10;    instance: {&quot;pointer&quot;:&quot;/IS_UPCOUNTRY&quot;}&#10;    domain: &quot;validation&quot;&#10;    keyword: &quot;enum&quot;&#10;    value: null&#10;    enum: [0,1]&#10;error: instance type (null) does not match any allowed primitive type (allowed: [&quot;integer&quot;])&#10;    level: &quot;error&quot;&#10;    schema: {&quot;loadingURI&quot;:&quot;file:/D:/Learning/Revou/QA/CallPlan-Testing/target/test-classes/schemas/GetMasterList.json#&quot;,&quot;pointer&quot;:&quot;/properties/IS_UPCOUNTRY&quot;}&#10;    instance: {&quot;pointer&quot;:&quot;/IS_UPCOUNTRY&quot;}&#10;    domain: &quot;validation&quot;&#10;    keyword: &quot;type&quot;&#10;    found: &quot;null&quot;&#10;    expected: [&quot;integer&quot;]&#10;error: instance value (null) not found in enum (possible values: [&quot;N&quot;,&quot;D&quot;])&#10;    level: &quot;error&quot;&#10;    schema: {&quot;loadingURI&quot;:&quot;file:/D:/Learning/Revou/QA/CallPlan-Testing/target/test-classes/schemas/GetMasterList.json#&quot;,&quot;pointer&quot;:&quot;/properties/PERSON_TYPE_DAY_NIGHT&quot;}&#10;    instance: {&quot;pointer&quot;:&quot;/PERSON_TYPE_DAY_NIGHT&quot;}&#10;    domain: &quot;validation&quot;&#10;    keyword: &quot;enum&quot;&#10;    value: null&#10;    enum: [&quot;N&quot;,&quot;D&quot;]&#10;error: instance type (null) does not match any allowed primitive type (allowed: [&quot;string&quot;])&#10;    level: &quot;error&quot;&#10;    schema: {&quot;loadingURI&quot;:&quot;file:/D:/Learning/Revou/QA/CallPlan-Testing/target/test-classes/schemas/GetMasterList.json#&quot;,&quot;pointer&quot;:&quot;/properties/PERSON_TYPE_DAY_NIGHT&quot;}&#10;    instance: {&quot;pointer&quot;:&quot;/PERSON_TYPE_DAY_NIGHT&quot;}&#10;    domain: &quot;validation&quot;&#10;    keyword: &quot;type&quot;&#10;    found: &quot;null&quot;&#10;    expected: [&quot;string&quot;]&#10;&#10;     but: was &quot;{\&quot;RAYON_ID\&quot;:2952,\&quot;RAYON_CODE\&quot;:\&quot;TGRVIC0101\&quot;,\&quot;AREA_ID\&quot;:40,\&quot;AREA_CODE\&quot;:\&quot;TGR\&quot;,\&quot;PERSON_ID\&quot;:18034,\&quot;PERSON_CODE\&quot;:\&quot;CRM760606003431\&quot;,\&quot;PERSON_TYPE_NAME\&quot;:\&quot;CRM\&quot;,\&quot;FIRST_NAME\&quot;:\&quot;AMI*\&quot;,\&quot;LAST_NAME\&quot;:\&quot;HUS**\&quot;,\&quot;FULL_NAME\&quot;:\&quot;AMI* HUS**\&quot;,\&quot;SPECIALIST_NAME\&quot;:\&quot;SpA\&quot;,\&quot;IS_UPCOUNTRY\&quot;:null,\&quot;TOTAL_SCHEDULE\&quot;:0,\&quot;IS_HAVING_BEST_TIME_VISIT\&quot;:0,\&quot;MONDAY_DAY\&quot;:0,\&quot;MONDAY_NIGHT\&quot;:0,\&quot;TUESDAY_DAY\&quot;:0,\&quot;TUESDAY_NIGHT\&quot;:0,\&quot;WEDNESDAY_DAY\&quot;:0,\&quot;WEDNESDAY_NIGHT\&quot;:0,\&quot;THURSDAY_DAY\&quot;:0,\&quot;THURSDAY_NIGHT\&quot;:0,\&quot;FRIDAY_DAY\&quot;:0,\&quot;FRIDAY_NIGHT\&quot;:0,\&quot;PERSON_TYPE_DAY_NIGHT\&quot;:null}&quot;&#10;Schema validation failed for item at index 11: &#10;Expected: The content to match the given JSON schema.&#10;error: instance value (null) not found in enum (possible values: [&quot;N&quot;,&quot;D&quot;])&#10;    level: &quot;error&quot;&#10;    schema: {&quot;loadingURI&quot;:&quot;file:/D:/Learning/Revou/QA/CallPlan-Testing/target/test-classes/schemas/GetMasterList.json#&quot;,&quot;pointer&quot;:&quot;/properties/PERSON_TYPE_DAY_NIGHT&quot;}&#10;    instance: {&quot;pointer&quot;:&quot;/PERSON_TYPE_DAY_NIGHT&quot;}&#10;    domain: &quot;validation&quot;&#10;    keyword: &quot;enum&quot;&#10;    value: null&#10;    enum: [&quot;N&quot;,&quot;D&quot;]&#10;error: instance type (null) does not match any allowed primitive type (allowed: [&quot;string&quot;])&#10;    level: &quot;error&quot;&#10;    schema: {&quot;loadingURI&quot;:&quot;file:/D:/Learning/Revou/QA/CallPlan-Testing/target/test-classes/schemas/GetMasterList.json#&quot;,&quot;pointer&quot;:&quot;/properties/PERSON_TYPE_DAY_NIGHT&quot;}&#10;    instance: {&quot;pointer&quot;:&quot;/PERSON_TYPE_DAY_NIGHT&quot;}&#10;    domain: &quot;validation&quot;&#10;    keyword: &quot;type&quot;&#10;    found: &quot;null&quot;&#10;    expected: [&quot;string&quot;]&#10;&#10;     but: was &quot;{\&quot;RAYON_ID\&quot;:2952,\&quot;RAYON_CODE\&quot;:\&quot;TGRVIC0101\&quot;,\&quot;AREA_ID\&quot;:40,\&quot;AREA_CODE\&quot;:\&quot;TGR\&quot;,\&quot;PERSON_ID\&quot;:101956,\&quot;PERSON_CODE\&quot;:\&quot;CRM402110003986\&quot;,\&quot;PERSON_TYPE_NAME\&quot;:\&quot;CRM\&quot;,\&quot;FIRST_NAME\&quot;:\&quot;AND*\&quot;,\&quot;LAST_NAME\&quot;:\&quot;\&quot;,\&quot;FULL_NAME\&quot;:\&quot;AND* \&quot;,\&quot;SPECIALIST_NAME\&quot;:\&quot;GP\&quot;,\&quot;IS_UPCOUNTRY\&quot;:1,\&quot;TOTAL_SCHEDULE\&quot;:1,\&quot;IS_HAVING_BEST_TIME_VISIT\&quot;:1,\&quot;MONDAY_DAY\&quot;:0,\&quot;MONDAY_NIGHT\&quot;:0,\&quot;TUESDAY_DAY\&quot;:0,\&quot;TUESDAY_NIGHT\&quot;:1,\&quot;WEDNESDAY_DAY\&quot;:0,\&quot;WEDNESDAY_NIGHT\&quot;:0,\&quot;THURSDAY_DAY\&quot;:0,\&quot;THURSDAY_NIGHT\&quot;:0,\&quot;FRIDAY_DAY\&quot;:0,\&quot;FRIDAY_NIGHT\&quot;:0,\&quot;PERSON_TYPE_DAY_NIGHT\&quot;:null}&quot;&#10;Schema validation failed for item at index 12: &#10;Expected: The content to match the given JSON schema.&#10;error: instance value (null) not found in enum (possible values: [0,1])&#10;    level: &quot;error&quot;&#10;    schema: {&quot;loadingURI&quot;:&quot;file:/D:/Learning/Revou/QA/CallPlan-Testing/target/test-classes/schemas/GetMasterList.json#&quot;,&quot;pointer&quot;:&quot;/properties/IS_UPCOUNTRY&quot;}&#10;    instance: {&quot;pointer&quot;:&quot;/IS_UPCOUNTRY&quot;}&#10;    domain: &quot;validation&quot;&#10;    keyword: &quot;enum&quot;&#10;    value: null&#10;    enum: [0,1]&#10;error: instance type (null) does not match any allowed primitive type (allowed: [&quot;integer&quot;])&#10;    level: &quot;error&quot;&#10;    schema: {&quot;loadingURI&quot;:&quot;file:/D:/Learning/Revou/QA/CallPlan-Testing/target/test-classes/schemas/GetMasterList.json#&quot;,&quot;pointer&quot;:&quot;/properties/IS_UPCOUNTRY&quot;}&#10;    instance: {&quot;pointer&quot;:&quot;/IS_UPCOUNTRY&quot;}&#10;    domain: &quot;validation&quot;&#10;    keyword: &quot;type&quot;&#10;    found: &quot;null&quot;&#10;    expected: [&quot;integer&quot;]&#10;&#10;     but: was &quot;{\&quot;RAYON_ID\&quot;:2952,\&quot;RAYON_CODE\&quot;:\&quot;TGRVIC0101\&quot;,\&quot;AREA_ID\&quot;:40,\&quot;AREA_CODE\&quot;:\&quot;TGR\&quot;,\&quot;PERSON_ID\&quot;:80830,\&quot;PERSON_CODE\&quot;:\&quot;CRM401705001344\&quot;,\&quot;PERSON_TYPE_NAME\&quot;:\&quot;CRM\&quot;,\&quot;FIRST_NAME\&quot;:\&quot;AND**\&quot;,\&quot;LAST_NAME\&quot;:\&quot;JUL****** \&quot;,\&quot;FULL_NAME\&quot;:\&quot;AND** JUL****** \&quot;,\&quot;SPECIALIST_NAME\&quot;:\&quot;SpA\&quot;,\&quot;IS_UPCOUNTRY\&quot;:null,\&quot;TOTAL_SCHEDULE\&quot;:0,\&quot;IS_HAVING_BEST_TIME_VISIT\&quot;:0,\&quot;MONDAY_DAY\&quot;:0,\&quot;MONDAY_NIGHT\&quot;:1,\&quot;TUESDAY_DAY\&quot;:0,\&quot;TUESDAY_NIGHT\&quot;:1,\&quot;WEDNESDAY_DAY\&quot;:0,\&quot;WEDNESDAY_NIGHT\&quot;:1,\&quot;THURSDAY_DAY\&quot;:0,\&quot;THURSDAY_NIGHT\&quot;:1,\&quot;FRIDAY_DAY\&quot;:0,\&quot;FRIDAY_NIGHT\&quot;:1,\&quot;PERSON_TYPE_DAY_NIGHT\&quot;:\&quot;N\&quot;}&quot;&#10;Schema validation failed for item at index 13: &#10;Expected: The content to match the given JSON schema.&#10;error: instance value (null) not found in enum (possible values: [0,1])&#10;    level: &quot;error&quot;&#10;    schema: {&quot;loadingURI&quot;:&quot;file:/D:/Learning/Revou/QA/CallPlan-Testing/target/test-classes/schemas/GetMasterList.json#&quot;,&quot;pointer&quot;:&quot;/properties/IS_UPCOUNTRY&quot;}&#10;    instance: {&quot;pointer&quot;:&quot;/IS_UPCOUNTRY&quot;}&#10;    domain: &quot;validation&quot;&#10;    keyword: &quot;enum&quot;&#10;    value: null&#10;    enum: [0,1]&#10;error: instance type (null) does not match any allowed primitive type (allowed: [&quot;integer&quot;])&#10;    level: &quot;error&quot;&#10;    schema: {&quot;loadingURI&quot;:&quot;file:/D:/Learning/Revou/QA/CallPlan-Testing/target/test-classes/schemas/GetMasterList.json#&quot;,&quot;pointer&quot;:&quot;/properties/IS_UPCOUNTRY&quot;}&#10;    instance: {&quot;pointer&quot;:&quot;/IS_UPCOUNTRY&quot;}&#10;    domain: &quot;validation&quot;&#10;    keyword: &quot;type&quot;&#10;    found: &quot;null&quot;&#10;    expected: [&quot;integer&quot;]&#10;&#10;     but: was &quot;{\&quot;RAYON_ID\&quot;:2952,\&quot;RAYON_CODE\&quot;:\&quot;TGRVIC0101\&quot;,\&quot;AREA_ID\&quot;:40,\&quot;AREA_CODE\&quot;:\&quot;TGR\&quot;,\&quot;PERSON_ID\&quot;:108391,\&quot;PERSON_CODE\&quot;:\&quot;CRM12207004642\&quot;,\&quot;PERSON_TYPE_NAME\&quot;:\&quot;CRM\&quot;,\&quot;FIRST_NAME\&quot;:\&quot;AND***\&quot;,\&quot;LAST_NAME\&quot;:\&quot;YUR*** *********\&quot;,\&quot;FULL_NAME\&quot;:\&quot;AND*** YUR*** *********\&quot;,\&quot;SPECIALIST_NAME\&quot;:\&quot;SpOG\&quot;,\&quot;IS_UPCOUNTRY\&quot;:null,\&quot;TOTAL_SCHEDULE\&quot;:0,\&quot;IS_HAVING_BEST_TIME_VISIT\&quot;:0,\&quot;MONDAY_DAY\&quot;:0,\&quot;MONDAY_NIGHT\&quot;:1,\&quot;TUESDAY_DAY\&quot;:0,\&quot;TUESDAY_NIGHT\&quot;:1,\&quot;WEDNESDAY_DAY\&quot;:0,\&quot;WEDNESDAY_NIGHT\&quot;:1,\&quot;THURSDAY_DAY\&quot;:0,\&quot;THURSDAY_NIGHT\&quot;:1,\&quot;FRIDAY_DAY\&quot;:0,\&quot;FRIDAY_NIGHT\&quot;:1,\&quot;PERSON_TYPE_DAY_NIGHT\&quot;:\&quot;N\&quot;}&quot;&#10;Schema validation failed for item at index 15: &#10;Expected: The content to match the given JSON schema.&#10;error: instance value (null) not found in enum (possible values: [0,1])&#10;    level: &quot;error&quot;&#10;    schema: {&quot;loadingURI&quot;:&quot;file:/D:/Learning/Revou/QA/CallPlan-Testing/target/test-classes/schemas/GetMasterList.json#&quot;,&quot;pointer&quot;:&quot;/properties/IS_UPCOUNTRY&quot;}&#10;    instance: {&quot;pointer&quot;:&quot;/IS_UPCOUNTRY&quot;}&#10;    domain: &quot;validation&quot;&#10;    keyword: &quot;enum&quot;&#10;    value: null&#10;    enum: [0,1]&#10;error: instance type (null) does not match any allowed primitive type (allowed: [&quot;integer&quot;])&#10;    level: &quot;error&quot;&#10;    schema: {&quot;loadingURI&quot;:&quot;file:/D:/Learning/Revou/QA/CallPlan-Testing/target/test-classes/schemas/GetMasterList.json#&quot;,&quot;pointer&quot;:&quot;/properties/IS_UPCOUNTRY&quot;}&#10;    instance: {&quot;pointer&quot;:&quot;/IS_UPCOUNTRY&quot;}&#10;    domain: &quot;validation&quot;&#10;    keyword: &quot;type&quot;&#10;    found: &quot;null&quot;&#10;    expected: [&quot;integer&quot;]&#10;&#10;     but: was &quot;{\&quot;RAYON_ID\&quot;:2952,\&quot;RAYON_CODE\&quot;:\&quot;TGRVIC0101\&quot;,\&quot;AREA_ID\&quot;:40,\&quot;AREA_CODE\&quot;:\&quot;TGR\&quot;,\&quot;PERSON_ID\&quot;:7788,\&quot;PERSON_CODE\&quot;:\&quot;CRM100415483\&quot;,\&quot;PERSON_TYPE_NAME\&quot;:\&quot;CRM\&quot;,\&quot;FIRST_NAME\&quot;:\&quot;ANT****\&quot;,\&quot;LAST_NAME\&quot;:\&quot;ANN* ******\&quot;,\&quot;FULL_NAME\&quot;:\&quot;ANT**** ANN* ******\&quot;,\&quot;SPECIALIST_NAME\&quot;:\&quot;SpJP\&quot;,\&quot;IS_UPCOUNTRY\&quot;:null,\&quot;TOTAL_SCHEDULE\&quot;:0,\&quot;IS_HAVING_BEST_TIME_VISIT\&quot;:0,\&quot;MONDAY_DAY\&quot;:0,\&quot;MONDAY_NIGHT\&quot;:1,\&quot;TUESDAY_DAY\&quot;:0,\&quot;TUESDAY_NIGHT\&quot;:1,\&quot;WEDNESDAY_DAY\&quot;:0,\&quot;WEDNESDAY_NIGHT\&quot;:1,\&quot;THURSDAY_DAY\&quot;:0,\&quot;THURSDAY_NIGHT\&quot;:1,\&quot;FRIDAY_DAY\&quot;:0,\&quot;FRIDAY_NIGHT\&quot;:1,\&quot;PERSON_TYPE_DAY_NIGHT\&quot;:\&quot;N\&quot;}&quot;&#10;Schema validation failed for item at index 16: &#10;Expected: The content to match the given JSON schema.&#10;error: instance value (null) not found in enum (possible values: [0,1])&#10;    level: &quot;error&quot;&#10;    schema: {&quot;loadingURI&quot;:&quot;file:/D:/Learning/Revou/QA/CallPlan-Testing/target/test-classes/schemas/GetMasterList.json#&quot;,&quot;pointer&quot;:&quot;/properties/IS_UPCOUNTRY&quot;}&#10;    instance: {&quot;pointer&quot;:&quot;/IS_UPCOUNTRY&quot;}&#10;    domain: &quot;validation&quot;&#10;    keyword: &quot;enum&quot;&#10;    value: null&#10;    enum: [0,1]&#10;error: instance type (null) does not match any allowed primitive type (allowed: [&quot;integer&quot;])&#10;    level: &quot;error&quot;&#10;    schema: {&quot;loadingURI&quot;:&quot;file:/D:/Learning/Revou/QA/CallPlan-Testing/target/test-classes/schemas/GetMasterList.json#&quot;,&quot;pointer&quot;:&quot;/properties/IS_UPCOUNTRY&quot;}&#10;    instance: {&quot;pointer&quot;:&quot;/IS_UPCOUNTRY&quot;}&#10;    domain: &quot;validation&quot;&#10;    keyword: &quot;type&quot;&#10;    found: &quot;null&quot;&#10;    expected: [&quot;integer&quot;]&#10;error: instance value (null) not found in enum (possible values: [&quot;N&quot;,&quot;D&quot;])&#10;    level: &quot;error&quot;&#10;    schema: {&quot;loadingURI&quot;:&quot;file:/D:/Learning/Revou/QA/CallPlan-Testing/target/test-classes/schemas/GetMasterList.json#&quot;,&quot;pointer&quot;:&quot;/properties/PERSON_TYPE_DAY_NIGHT&quot;}&#10;    instance: {&quot;pointer&quot;:&quot;/PERSON_TYPE_DAY_NIGHT&quot;}&#10;    domain: &quot;validation&quot;&#10;    keyword: &quot;enum&quot;&#10;    value: null&#10;    enum: [&quot;N&quot;,&quot;D&quot;]&#10;error: instance type (null) does not match any allowed primitive type (allowed: [&quot;string&quot;])&#10;    level: &quot;error&quot;&#10;    schema: {&quot;loadingURI&quot;:&quot;file:/D:/Learning/Revou/QA/CallPlan-Testing/target/test-classes/schemas/GetMasterList.json#&quot;,&quot;pointer&quot;:&quot;/properties/PERSON_TYPE_DAY_NIGHT&quot;}&#10;    instance: {&quot;pointer&quot;:&quot;/PERSON_TYPE_DAY_NIGHT&quot;}&#10;    domain: &quot;validation&quot;&#10;    keyword: &quot;type&quot;&#10;    found: &quot;null&quot;&#10;    expected: [&quot;string&quot;]&#10;&#10;     but: was &quot;{\&quot;RAYON_ID\&quot;:2952,\&quot;RAYON_CODE\&quot;:\&quot;TGRVIC0101\&quot;,\&quot;AREA_ID\&quot;:40,\&quot;AREA_CODE\&quot;:\&quot;TGR\&quot;,\&quot;PERSON_ID\&quot;:90834,\&quot;PERSON_CODE\&quot;:\&quot;CRM401908003382\&quot;,\&quot;PERSON_TYPE_NAME\&quot;:\&quot;CRM\&quot;,\&quot;FIRST_NAME\&quot;:\&quot;ARI*\&quot;,\&quot;LAST_NAME\&quot;:\&quot;TRI******** *******\&quot;,\&quot;FULL_NAME\&quot;:\&quot;ARI* TRI******** *******\&quot;,\&quot;SPECIALIST_NAME\&quot;:\&quot;GP\&quot;,\&quot;IS_UPCOUNTRY\&quot;:null,\&quot;TOTAL_SCHEDULE\&quot;:0,\&quot;IS_HAVING_BEST_TIME_VISIT\&quot;:0,\&quot;MONDAY_DAY\&quot;:0,\&quot;MONDAY_NIGHT\&quot;:0,\&quot;TUESDAY_DAY\&quot;:0,\&quot;TUESDAY_NIGHT\&quot;:0,\&quot;WEDNESDAY_DAY\&quot;:0,\&quot;WEDNESDAY_NIGHT\&quot;:0,\&quot;THURSDAY_DAY\&quot;:0,\&quot;THURSDAY_NIGHT\&quot;:0,\&quot;FRIDAY_DAY\&quot;:0,\&quot;FRIDAY_NIGHT\&quot;:0,\&quot;PERSON_TYPE_DAY_NIGHT\&quot;:null}&quot;&#10;Schema validation failed for item at index 17: &#10;Expected: The content to match the given JSON schema.&#10;error: instance value (null) not found in enum (possible values: [0,1])&#10;    level: &quot;error&quot;&#10;    schema: {&quot;loadingURI&quot;:&quot;file:/D:/Learning/Revou/QA/CallPlan-Testing/target/test-classes/schemas/GetMasterList.json#&quot;,&quot;pointer&quot;:&quot;/properties/IS_UPCOUNTRY&quot;}&#10;    instance: {&quot;pointer&quot;:&quot;/IS_UPCOUNTRY&quot;}&#10;    domain: &quot;validation&quot;&#10;    keyword: &quot;enum&quot;&#10;    value: null&#10;    enum: [0,1]&#10;error: instance type (null) does not match any allowed primitive type (allowed: [&quot;integer&quot;])&#10;    level: &quot;error&quot;&#10;    schema: {&quot;loadingURI&quot;:&quot;file:/D:/Learning/Revou/QA/CallPlan-Testing/target/test-classes/schemas/GetMasterList.json#&quot;,&quot;pointer&quot;:&quot;/properties/IS_UPCOUNTRY&quot;}&#10;    instance: {&quot;pointer&quot;:&quot;/IS_UPCOUNTRY&quot;}&#10;    domain: &quot;validation&quot;&#10;    keyword: &quot;type&quot;&#10;    found: &quot;null&quot;&#10;    expected: [&quot;integer&quot;]&#10;&#10;     but: was &quot;{\&quot;RAYON_ID\&quot;:2952,\&quot;RAYON_CODE\&quot;:\&quot;TGRVIC0101\&quot;,\&quot;AREA_ID\&quot;:40,\&quot;AREA_CODE\&quot;:\&quot;TGR\&quot;,\&quot;PERSON_ID\&quot;:15526,\&quot;PERSON_CODE\&quot;:\&quot;CRM100415354\&quot;,\&quot;PERSON_TYPE_NAME\&quot;:\&quot;CRM\&quot;,\&quot;FIRST_NAME\&quot;:\&quot;BUD******\&quot;,\&quot;LAST_NAME\&quot;:\&quot;CHA****\&quot;,\&quot;FULL_NAME\&quot;:\&quot;BUD****** CHA****\&quot;,\&quot;SPECIALIST_NAME\&quot;:\&quot;SpOG\&quot;,\&quot;IS_UPCOUNTRY\&quot;:null,\&quot;TOTAL_SCHEDULE\&quot;:0,\&quot;IS_HAVING_BEST_TIME_VISIT\&quot;:0,\&quot;MONDAY_DAY\&quot;:0,\&quot;MONDAY_NIGHT\&quot;:1,\&quot;TUESDAY_DAY\&quot;:0,\&quot;TUESDAY_NIGHT\&quot;:1,\&quot;WEDNESDAY_DAY\&quot;:0,\&quot;WEDNESDAY_NIGHT\&quot;:1,\&quot;THURSDAY_DAY\&quot;:0,\&quot;THURSDAY_NIGHT\&quot;:1,\&quot;FRIDAY_DAY\&quot;:0,\&quot;FRIDAY_NIGHT\&quot;:1,\&quot;PERSON_TYPE_DAY_NIGHT\&quot;:\&quot;N\&quot;}&quot;&#10;Schema validation failed for item at index 18: &#10;Expected: The content to match the given JSON schema.&#10;error: instance value (null) not found in enum (possible values: [0,1])&#10;    level: &quot;error&quot;&#10;    schema: {&quot;loadingURI&quot;:&quot;file:/D:/Learning/Revou/QA/CallPlan-Testing/target/test-classes/schemas/GetMasterList.json#&quot;,&quot;pointer&quot;:&quot;/properties/IS_UPCOUNTRY&quot;}&#10;    instance: {&quot;pointer&quot;:&quot;/IS_UPCOUNTRY&quot;}&#10;    domain: &quot;validation&quot;&#10;    keyword: &quot;enum&quot;&#10;    value: null&#10;    enum: [0,1]&#10;error: instance type (null) does not match any allowed primitive type (allowed: [&quot;integer&quot;])&#10;    level: &quot;error&quot;&#10;    schema: {&quot;loadingURI&quot;:&quot;file:/D:/Learning/Revou/QA/CallPlan-Testing/target/test-classes/schemas/GetMasterList.json#&quot;,&quot;pointer&quot;:&quot;/properties/IS_UPCOUNTRY&quot;}&#10;    instance: {&quot;pointer&quot;:&quot;/IS_UPCOUNTRY&quot;}&#10;    domain: &quot;validation&quot;&#10;    keyword: &quot;type&quot;&#10;    found: &quot;null&quot;&#10;    expected: [&quot;integer&quot;]&#10;&#10;     but: was &quot;{\&quot;RAYON_ID\&quot;:2952,\&quot;RAYON_CODE\&quot;:\&quot;TGRVIC0101\&quot;,\&quot;AREA_ID\&quot;:40,\&quot;AREA_CODE\&quot;:\&quot;TGR\&quot;,\&quot;PERSON_ID\&quot;:64531,\&quot;PERSON_CODE\&quot;:\&quot;CRM11310004325\&quot;,\&quot;PERSON_TYPE_NAME\&quot;:\&quot;CRM\&quot;,\&quot;FIRST_NAME\&quot;:\&quot;C. ********\&quot;,\&quot;LAST_NAME\&quot;:\&quot;SRI ***** ****\&quot;,\&quot;FULL_NAME\&quot;:\&quot;C. ******** SRI ***** ****\&quot;,\&quot;SPECIALIST_NAME\&quot;:\&quot;SpOG\&quot;,\&quot;IS_UPCOUNTRY\&quot;:null,\&quot;TOTAL_SCHEDULE\&quot;:0,\&quot;IS_HAVING_BEST_TIME_VISIT\&quot;:0,\&quot;MONDAY_DAY\&quot;:0,\&quot;MONDAY_NIGHT\&quot;:1,\&quot;TUESDAY_DAY\&quot;:0,\&quot;TUESDAY_NIGHT\&quot;:1,\&quot;WEDNESDAY_DAY\&quot;:0,\&quot;WEDNESDAY_NIGHT\&quot;:1,\&quot;THURSDAY_DAY\&quot;:0,\&quot;THURSDAY_NIGHT\&quot;:1,\&quot;FRIDAY_DAY\&quot;:0,\&quot;FRIDAY_NIGHT\&quot;:1,\&quot;PERSON_TYPE_DAY_NIGHT\&quot;:\&quot;N\&quot;}&quot;&#10;Schema validation failed for item at index 19: &#10;Expected: The content to match the given JSON schema.&#10;error: instance value (null) not found in enum (possible values: [0,1])&#10;    level: &quot;error&quot;&#10;    schema: {&quot;loadingURI&quot;:&quot;file:/D:/Learning/Revou/QA/CallPlan-Testing/target/test-classes/schemas/GetMasterList.json#&quot;,&quot;pointer&quot;:&quot;/properties/IS_UPCOUNTRY&quot;}&#10;    instance: {&quot;pointer&quot;:&quot;/IS_UPCOUNTRY&quot;}&#10;    domain: &quot;validation&quot;&#10;    keyword: &quot;enum&quot;&#10;    value: null&#10;    enum: [0,1]&#10;error: instance type (null) does not match any allowed primitive type (allowed: [&quot;integer&quot;])&#10;    level: &quot;error&quot;&#10;    schema: {&quot;loadingURI&quot;:&quot;file:/D:/Learning/Revou/QA/CallPlan-Testing/target/test-classes/schemas/GetMasterList.json#&quot;,&quot;pointer&quot;:&quot;/properties/IS_UPCOUNTRY&quot;}&#10;    instance: {&quot;pointer&quot;:&quot;/IS_UPCOUNTRY&quot;}&#10;    domain: &quot;validation&quot;&#10;    keyword: &quot;type&quot;&#10;    found: &quot;null&quot;&#10;    expected: [&quot;integer&quot;]&#10;error: instance value (null) not found in enum (possible values: [&quot;N&quot;,&quot;D&quot;])&#10;    level: &quot;error&quot;&#10;    schema: {&quot;loadingURI&quot;:&quot;file:/D:/Learning/Revou/QA/CallPlan-Testing/target/test-classes/schemas/GetMasterList.json#&quot;,&quot;pointer&quot;:&quot;/properties/PERSON_TYPE_DAY_NIGHT&quot;}&#10;    instance: {&quot;pointer&quot;:&quot;/PERSON_TYPE_DAY_NIGHT&quot;}&#10;    domain: &quot;validation&quot;&#10;    keyword: &quot;enum&quot;&#10;    value: null&#10;    enum: [&quot;N&quot;,&quot;D&quot;]&#10;error: instance type (null) does not match any allowed primitive type (allowed: [&quot;string&quot;])&#10;    level: &quot;error&quot;&#10;    schema: {&quot;loadingURI&quot;:&quot;file:/D:/Learning/Revou/QA/CallPlan-Testing/target/test-classes/schemas/GetMasterList.json#&quot;,&quot;pointer&quot;:&quot;/properties/PERSON_TYPE_DAY_NIGHT&quot;}&#10;    instance: {&quot;pointer&quot;:&quot;/PERSON_TYPE_DAY_NIGHT&quot;}&#10;    domain: &quot;validation&quot;&#10;    keyword: &quot;type&quot;&#10;    found: &quot;null&quot;&#10;    expected: [&quot;string&quot;]&#10;&#10;     but: was &quot;{\&quot;RAYON_ID\&quot;:2952,\&quot;RAYON_CODE\&quot;:\&quot;TGRVIC0101\&quot;,\&quot;AREA_ID\&quot;:40,\&quot;AREA_CODE\&quot;:\&quot;TGR\&quot;,\&quot;PERSON_ID\&quot;:63330,\&quot;PERSON_CODE\&quot;:\&quot;CRM551307003111\&quot;,\&quot;PERSON_TYPE_NAME\&quot;:\&quot;CRM\&quot;,\&quot;FIRST_NAME\&quot;:\&quot;CLA**\&quot;,\&quot;LAST_NAME\&quot;:\&quot;NIK****\&quot;,\&quot;FULL_NAME\&quot;:\&quot;CLA** NIK****\&quot;,\&quot;SPECIALIST_NAME\&quot;:\&quot;GP\&quot;,\&quot;IS_UPCOUNTRY\&quot;:null,\&quot;TOTAL_SCHEDULE\&quot;:0,\&quot;IS_HAVING_BEST_TIME_VISIT\&quot;:0,\&quot;MONDAY_DAY\&quot;:0,\&quot;MONDAY_NIGHT\&quot;:0,\&quot;TUESDAY_DAY\&quot;:0,\&quot;TUESDAY_NIGHT\&quot;:0,\&quot;WEDNESDAY_DAY\&quot;:0,\&quot;WEDNESDAY_NIGHT\&quot;:0,\&quot;THURSDAY_DAY\&quot;:0,\&quot;THURSDAY_NIGHT\&quot;:0,\&quot;FRIDAY_DAY\&quot;:0,\&quot;FRIDAY_NIGHT\&quot;:0,\&quot;PERSON_TYPE_DAY_NIGHT\&quot;:null}&quot;&#10;Schema validation failed for item at index 20: &#10;Expected: The content to match the given JSON schema.&#10;error: instance value (null) not found in enum (possible values: [0,1])&#10;    level: &quot;error&quot;&#10;    schema: {&quot;loadingURI&quot;:&quot;file:/D:/Learning/Revou/QA/CallPlan-Testing/target/test-classes/schemas/GetMasterList.json#&quot;,&quot;pointer&quot;:&quot;/properties/IS_UPCOUNTRY&quot;}&#10;    instance: {&quot;pointer&quot;:&quot;/IS_UPCOUNTRY&quot;}&#10;    domain: &quot;validation&quot;&#10;    keyword: &quot;enum&quot;&#10;    value: null&#10;    enum: [0,1]&#10;error: instance type (null) does not match any allowed primitive type (allowed: [&quot;integer&quot;])&#10;    level: &quot;error&quot;&#10;    schema: {&quot;loadingURI&quot;:&quot;file:/D:/Learning/Revou/QA/CallPlan-Testing/target/test-classes/schemas/GetMasterList.json#&quot;,&quot;pointer&quot;:&quot;/properties/IS_UPCOUNTRY&quot;}&#10;    instance: {&quot;pointer&quot;:&quot;/IS_UPCOUNTRY&quot;}&#10;    domain: &quot;validation&quot;&#10;    keyword: &quot;type&quot;&#10;    found: &quot;null&quot;&#10;    expected: [&quot;integer&quot;]&#10;&#10;     but: was &quot;{\&quot;RAYON_ID\&quot;:2952,\&quot;RAYON_CODE\&quot;:\&quot;TGRVIC0101\&quot;,\&quot;AREA_ID\&quot;:40,\&quot;AREA_CODE\&quot;:\&quot;TGR\&quot;,\&quot;PERSON_ID\&quot;:13746,\&quot;PERSON_CODE\&quot;:\&quot;CRM100415525\&quot;,\&quot;PERSON_TYPE_NAME\&quot;:\&quot;CRM\&quot;,\&quot;FIRST_NAME\&quot;:\&quot;DAC*****\&quot;,\&quot;LAST_NAME\&quot;:\&quot;DAU*\&quot;,\&quot;FULL_NAME\&quot;:\&quot;DAC***** DAU*\&quot;,\&quot;SPECIALIST_NAME\&quot;:\&quot;SpOG\&quot;,\&quot;IS_UPCOUNTRY\&quot;:null,\&quot;TOTAL_SCHEDULE\&quot;:0,\&quot;IS_HAVING_BEST_TIME_VISIT\&quot;:0,\&quot;MONDAY_DAY\&quot;:0,\&quot;MONDAY_NIGHT\&quot;:1,\&quot;TUESDAY_DAY\&quot;:0,\&quot;TUESDAY_NIGHT\&quot;:1,\&quot;WEDNESDAY_DAY\&quot;:0,\&quot;WEDNESDAY_NIGHT\&quot;:1,\&quot;THURSDAY_DAY\&quot;:0,\&quot;THURSDAY_NIGHT\&quot;:1,\&quot;FRIDAY_DAY\&quot;:0,\&quot;FRIDAY_NIGHT\&quot;:1,\&quot;PERSON_TYPE_DAY_NIGHT\&quot;:\&quot;N\&quot;}&quot;&#10;Schema validation failed for item at index 21: &#10;Expected: The content to match the given JSON schema.&#10;error: instance value (null) not found in enum (possible values: [0,1])&#10;    level: &quot;error&quot;&#10;    schema: {&quot;loadingURI&quot;:&quot;file:/D:/Learning/Revou/QA/CallPlan-Testing/target/test-classes/schemas/GetMasterList.json#&quot;,&quot;pointer&quot;:&quot;/properties/IS_UPCOUNTRY&quot;}&#10;    instance: {&quot;pointer&quot;:&quot;/IS_UPCOUNTRY&quot;}&#10;    domain: &quot;validation&quot;&#10;    keyword: &quot;enum&quot;&#10;    value: null&#10;    enum: [0,1]&#10;error: instance type (null) does not match any allowed primitive type (allowed: [&quot;integer&quot;])&#10;    level: &quot;error&quot;&#10;    schema: {&quot;loadingURI&quot;:&quot;file:/D:/Learning/Revou/QA/CallPlan-Testing/target/test-classes/schemas/GetMasterList.json#&quot;,&quot;pointer&quot;:&quot;/properties/IS_UPCOUNTRY&quot;}&#10;    instance: {&quot;pointer&quot;:&quot;/IS_UPCOUNTRY&quot;}&#10;    domain: &quot;validation&quot;&#10;    keyword: &quot;type&quot;&#10;    found: &quot;null&quot;&#10;    expected: [&quot;integer&quot;]&#10;error: instance value (null) not found in enum (possible values: [&quot;N&quot;,&quot;D&quot;])&#10;    level: &quot;error&quot;&#10;    schema: {&quot;loadingURI&quot;:&quot;file:/D:/Learning/Revou/QA/CallPlan-Testing/target/test-classes/schemas/GetMasterList.json#&quot;,&quot;pointer&quot;:&quot;/properties/PERSON_TYPE_DAY_NIGHT&quot;}&#10;    instance: {&quot;pointer&quot;:&quot;/PERSON_TYPE_DAY_NIGHT&quot;}&#10;    domain: &quot;validation&quot;&#10;    keyword: &quot;enum&quot;&#10;    value: null&#10;    enum: [&quot;N&quot;,&quot;D&quot;]&#10;error: instance type (null) does not match any allowed primitive type (allowed: [&quot;string&quot;])&#10;    level: &quot;error&quot;&#10;    schema: {&quot;loadingURI&quot;:&quot;file:/D:/Learning/Revou/QA/CallPlan-Testing/target/test-classes/schemas/GetMasterList.json#&quot;,&quot;pointer&quot;:&quot;/properties/PERSON_TYPE_DAY_NIGHT&quot;}&#10;    instance: {&quot;pointer&quot;:&quot;/PERSON_TYPE_DAY_NIGHT&quot;}&#10;    domain: &quot;validation&quot;&#10;    keyword: &quot;type&quot;&#10;    found: &quot;null&quot;&#10;    expected: [&quot;string&quot;]&#10;&#10;     but: was &quot;{\&quot;RAYON_ID\&quot;:2952,\&quot;RAYON_CODE\&quot;:\&quot;TGRVIC0101\&quot;,\&quot;AREA_ID\&quot;:40,\&quot;AREA_CODE\&quot;:\&quot;TGR\&quot;,\&quot;PERSON_ID\&quot;:52523,\&quot;PERSON_CODE\&quot;:\&quot;CRM11108003064\&quot;,\&quot;PERSON_TYPE_NAME\&quot;:\&quot;CRM\&quot;,\&quot;FIRST_NAME\&quot;:\&quot;DAR***\&quot;,\&quot;LAST_NAME\&quot;:\&quot;FER***** *****\&quot;,\&quot;FULL_NAME\&quot;:\&quot;DAR*** FER***** *****\&quot;,\&quot;SPECIALIST_NAME\&quot;:\&quot;GP\&quot;,\&quot;IS_UPCOUNTRY\&quot;:null,\&quot;TOTAL_SCHEDULE\&quot;:0,\&quot;IS_HAVING_BEST_TIME_VISIT\&quot;:0,\&quot;MONDAY_DAY\&quot;:0,\&quot;MONDAY_NIGHT\&quot;:0,\&quot;TUESDAY_DAY\&quot;:0,\&quot;TUESDAY_NIGHT\&quot;:0,\&quot;WEDNESDAY_DAY\&quot;:0,\&quot;WEDNESDAY_NIGHT\&quot;:0,\&quot;THURSDAY_DAY\&quot;:0,\&quot;THURSDAY_NIGHT\&quot;:0,\&quot;FRIDAY_DAY\&quot;:0,\&quot;FRIDAY_NIGHT\&quot;:0,\&quot;PERSON_TYPE_DAY_NIGHT\&quot;:null}&quot;&#10;Schema validation failed for item at index 22: &#10;Expected: The content to match the given JSON schema.&#10;error: instance value (null) not found in enum (possible values: [0,1])&#10;    level: &quot;error&quot;&#10;    schema: {&quot;loadingURI&quot;:&quot;file:/D:/Learning/Revou/QA/CallPlan-Testing/target/test-classes/schemas/GetMasterList.json#&quot;,&quot;pointer&quot;:&quot;/properties/IS_UPCOUNTRY&quot;}&#10;    instance: {&quot;pointer&quot;:&quot;/IS_UPCOUNTRY&quot;}&#10;    domain: &quot;validation&quot;&#10;    keyword: &quot;enum&quot;&#10;    value: null&#10;    enum: [0,1]&#10;error: instance type (null) does not match any allowed primitive type (allowed: [&quot;integer&quot;])&#10;    level: &quot;error&quot;&#10;    schema: {&quot;loadingURI&quot;:&quot;file:/D:/Learning/Revou/QA/CallPlan-Testing/target/test-classes/schemas/GetMasterList.json#&quot;,&quot;pointer&quot;:&quot;/properties/IS_UPCOUNTRY&quot;}&#10;    instance: {&quot;pointer&quot;:&quot;/IS_UPCOUNTRY&quot;}&#10;    domain: &quot;validation&quot;&#10;    keyword: &quot;type&quot;&#10;    found: &quot;null&quot;&#10;    expected: [&quot;integer&quot;]&#10;error: instance value (null) not found in enum (possible values: [&quot;N&quot;,&quot;D&quot;])&#10;    level: &quot;error&quot;&#10;    schema: {&quot;loadingURI&quot;:&quot;file:/D:/Learning/Revou/QA/CallPlan-Testing/target/test-classes/schemas/GetMasterList.json#&quot;,&quot;pointer&quot;:&quot;/properties/PERSON_TYPE_DAY_NIGHT&quot;}&#10;    instance: {&quot;pointer&quot;:&quot;/PERSON_TYPE_DAY_NIGHT&quot;}&#10;    domain: &quot;validation&quot;&#10;    keyword: &quot;enum&quot;&#10;    value: null&#10;    enum: [&quot;N&quot;,&quot;D&quot;]&#10;error: instance type (null) does not match any allowed primitive type (allowed: [&quot;string&quot;])&#10;    level: &quot;error&quot;&#10;    schema: {&quot;loadingURI&quot;:&quot;file:/D:/Learning/Revou/QA/CallPlan-Testing/target/test-classes/schemas/GetMasterList.json#&quot;,&quot;pointer&quot;:&quot;/properties/PERSON_TYPE_DAY_NIGHT&quot;}&#10;    instance: {&quot;pointer&quot;:&quot;/PERSON_TYPE_DAY_NIGHT&quot;}&#10;    domain: &quot;validation&quot;&#10;    keyword: &quot;type&quot;&#10;    found: &quot;null&quot;&#10;    expected: [&quot;string&quot;]&#10;&#10;     but: was &quot;{\&quot;RAYON_ID\&quot;:2952,\&quot;RAYON_CODE\&quot;:\&quot;TGRVIC0101\&quot;,\&quot;AREA_ID\&quot;:40,\&quot;AREA_CODE\&quot;:\&quot;TGR\&quot;,\&quot;PERSON_ID\&quot;:95495,\&quot;PERSON_CODE\&quot;:\&quot;CRM402006002647\&quot;,\&quot;PERSON_TYPE_NAME\&quot;:\&quot;CRM\&quot;,\&quot;FIRST_NAME\&quot;:\&quot;DED*\&quot;,\&quot;LAST_NAME\&quot;:\&quot;ARI*\&quot;,\&quot;FULL_NAME\&quot;:\&quot;DED* ARI*\&quot;,\&quot;SPECIALIST_NAME\&quot;:\&quot;GP\&quot;,\&quot;IS_UPCOUNTRY\&quot;:null,\&quot;TOTAL_SCHEDULE\&quot;:0,\&quot;IS_HAVING_BEST_TIME_VISIT\&quot;:0,\&quot;MONDAY_DAY\&quot;:0,\&quot;MONDAY_NIGHT\&quot;:0,\&quot;TUESDAY_DAY\&quot;:0,\&quot;TUESDAY_NIGHT\&quot;:0,\&quot;WEDNESDAY_DAY\&quot;:0,\&quot;WEDNESDAY_NIGHT\&quot;:0,\&quot;THURSDAY_DAY\&quot;:0,\&quot;THURSDAY_NIGHT\&quot;:0,\&quot;FRIDAY_DAY\&quot;:0,\&quot;FRIDAY_NIGHT\&quot;:0,\&quot;PERSON_TYPE_DAY_NIGHT\&quot;:null}&quot;&#10;Schema validation failed for item at index 23: &#10;Expected: The content to match the given JSON schema.&#10;error: instance value (null) not found in enum (possible values: [0,1])&#10;    level: &quot;error&quot;&#10;    schema: {&quot;loadingURI&quot;:&quot;file:/D:/Learning/Revou/QA/CallPlan-Testing/target/test-classes/schemas/GetMasterList.json#&quot;,&quot;pointer&quot;:&quot;/properties/IS_UPCOUNTRY&quot;}&#10;    instance: {&quot;pointer&quot;:&quot;/IS_UPCOUNTRY&quot;}&#10;    domain: &quot;validation&quot;&#10;    keyword: &quot;enum&quot;&#10;    value: null&#10;    enum: [0,1]&#10;error: instance type (null) does not match any allowed primitive type (allowed: [&quot;integer&quot;])&#10;    level: &quot;error&quot;&#10;    schema: {&quot;loadingURI&quot;:&quot;file:/D:/Learning/Revou/QA/CallPlan-Testing/target/test-classes/schemas/GetMasterList.json#&quot;,&quot;pointer&quot;:&quot;/properties/IS_UPCOUNTRY&quot;}&#10;    instance: {&quot;pointer&quot;:&quot;/IS_UPCOUNTRY&quot;}&#10;    domain: &quot;validation&quot;&#10;    keyword: &quot;type&quot;&#10;    found: &quot;null&quot;&#10;    expected: [&quot;integer&quot;]&#10;&#10;     but: was &quot;{\&quot;RAYON_ID\&quot;:2952,\&quot;RAYON_CODE\&quot;:\&quot;TGRVIC0101\&quot;,\&quot;AREA_ID\&quot;:40,\&quot;AREA_CODE\&quot;:\&quot;TGR\&quot;,\&quot;PERSON_ID\&quot;:90163,\&quot;PERSON_CODE\&quot;:\&quot;CRM401907002630\&quot;,\&quot;PERSON_TYPE_NAME\&quot;:\&quot;CRM\&quot;,\&quot;FIRST_NAME\&quot;:\&quot;DED**\&quot;,\&quot;LAST_NAME\&quot;:\&quot;HER***** *******\&quot;,\&quot;FULL_NAME\&quot;:\&quot;DED** HER***** *******\&quot;,\&quot;SPECIALIST_NAME\&quot;:\&quot;SpJP\&quot;,\&quot;IS_UPCOUNTRY\&quot;:null,\&quot;TOTAL_SCHEDULE\&quot;:0,\&quot;IS_HAVING_BEST_TIME_VISIT\&quot;:0,\&quot;MONDAY_DAY\&quot;:1,\&quot;MONDAY_NIGHT\&quot;:0,\&quot;TUESDAY_DAY\&quot;:1,\&quot;TUESDAY_NIGHT\&quot;:0,\&quot;WEDNESDAY_DAY\&quot;:1,\&quot;WEDNESDAY_NIGHT\&quot;:0,\&quot;THURSDAY_DAY\&quot;:1,\&quot;THURSDAY_NIGHT\&quot;:0,\&quot;FRIDAY_DAY\&quot;:1,\&quot;FRIDAY_NIGHT\&quot;:0,\&quot;PERSON_TYPE_DAY_NIGHT\&quot;:\&quot;D\&quot;}&quot;&#10;Schema validation failed for item at index 24: &#10;Expected: The content to match the given JSON schema.&#10;error: instance value (null) not found in enum (possible values: [0,1])&#10;    level: &quot;error&quot;&#10;    schema: {&quot;loadingURI&quot;:&quot;file:/D:/Learning/Revou/QA/CallPlan-Testing/target/test-classes/schemas/GetMasterList.json#&quot;,&quot;pointer&quot;:&quot;/properties/IS_UPCOUNTRY&quot;}&#10;    instance: {&quot;pointer&quot;:&quot;/IS_UPCOUNTRY&quot;}&#10;    domain: &quot;validation&quot;&#10;    keyword: &quot;enum&quot;&#10;    value: null&#10;    enum: [0,1]&#10;error: instance type (null) does not match any allowed primitive type (allowed: [&quot;integer&quot;])&#10;    level: &quot;error&quot;&#10;    schema: {&quot;loadingURI&quot;:&quot;file:/D:/Learning/Revou/QA/CallPlan-Testing/target/test-classes/schemas/GetMasterList.json#&quot;,&quot;pointer&quot;:&quot;/properties/IS_UPCOUNTRY&quot;}&#10;    instance: {&quot;pointer&quot;:&quot;/IS_UPCOUNTRY&quot;}&#10;    domain: &quot;validation&quot;&#10;    keyword: &quot;type&quot;&#10;    found: &quot;null&quot;&#10;    expected: [&quot;integer&quot;]&#10;error: instance value (null) not found in enum (possible values: [&quot;N&quot;,&quot;D&quot;])&#10;    level: &quot;error&quot;&#10;    schema: {&quot;loadingURI&quot;:&quot;file:/D:/Learning/Revou/QA/CallPlan-Testing/target/test-classes/schemas/GetMasterList.json#&quot;,&quot;pointer&quot;:&quot;/properties/PERSON_TYPE_DAY_NIGHT&quot;}&#10;    instance: {&quot;pointer&quot;:&quot;/PERSON_TYPE_DAY_NIGHT&quot;}&#10;    domain: &quot;validation&quot;&#10;    keyword: &quot;enum&quot;&#10;    value: null&#10;    enum: [&quot;N&quot;,&quot;D&quot;]&#10;error: instance type (null) does not match any allowed primitive type (allowed: [&quot;string&quot;])&#10;    level: &quot;error&quot;&#10;    schema: {&quot;loadingURI&quot;:&quot;file:/D:/Learning/Revou/QA/CallPlan-Testing/target/test-classes/schemas/GetMasterList.json#&quot;,&quot;pointer&quot;:&quot;/properties/PERSON_TYPE_DAY_NIGHT&quot;}&#10;    instance: {&quot;pointer&quot;:&quot;/PERSON_TYPE_DAY_NIGHT&quot;}&#10;    domain: &quot;validation&quot;&#10;    keyword: &quot;type&quot;&#10;    found: &quot;null&quot;&#10;    expected: [&quot;string&quot;]&#10;&#10;     but: was &quot;{\&quot;RAYON_ID\&quot;:2952,\&quot;RAYON_CODE\&quot;:\&quot;TGRVIC0101\&quot;,\&quot;AREA_ID\&quot;:40,\&quot;AREA_CODE\&quot;:\&quot;TGR\&quot;,\&quot;PERSON_ID\&quot;:14773,\&quot;PERSON_CODE\&quot;:\&quot;CRM990711002923\&quot;,\&quot;PERSON_TYPE_NAME\&quot;:\&quot;CRM\&quot;,\&quot;FIRST_NAME\&quot;:\&quot;DEN**\&quot;,\&quot;LAST_NAME\&quot;:\&quot;ANJ***\&quot;,\&quot;FULL_NAME\&quot;:\&quot;DEN** ANJ***\&quot;,\&quot;SPECIALIST_NAME\&quot;:\&quot;SpA\&quot;,\&quot;IS_UPCOUNTRY\&quot;:null,\&quot;TOTAL_SCHEDULE\&quot;:0,\&quot;IS_HAVING_BEST_TIME_VISIT\&quot;:0,\&quot;MONDAY_DAY\&quot;:0,\&quot;MONDAY_NIGHT\&quot;:0,\&quot;TUESDAY_DAY\&quot;:0,\&quot;TUESDAY_NIGHT\&quot;:0,\&quot;WEDNESDAY_DAY\&quot;:0,\&quot;WEDNESDAY_NIGHT\&quot;:0,\&quot;THURSDAY_DAY\&quot;:0,\&quot;THURSDAY_NIGHT\&quot;:0,\&quot;FRIDAY_DAY\&quot;:0,\&quot;FRIDAY_NIGHT\&quot;:0,\&quot;PERSON_TYPE_DAY_NIGHT\&quot;:null}&quot;&#10;Schema validation failed for item at index 25: &#10;Expected: The content to match the given JSON schema.&#10;error: instance value (null) not found in enum (possible values: [0,1])&#10;    level: &quot;error&quot;&#10;    schema: {&quot;loadingURI&quot;:&quot;file:/D:/Learning/Revou/QA/CallPlan-Testing/target/test-classes/schemas/GetMasterList.json#&quot;,&quot;pointer&quot;:&quot;/properties/IS_UPCOUNTRY&quot;}&#10;    instance: {&quot;pointer&quot;:&quot;/IS_UPCOUNTRY&quot;}&#10;    domain: &quot;validation&quot;&#10;    keyword: &quot;enum&quot;&#10;    value: null&#10;    enum: [0,1]&#10;error: instance type (null) does not match any allowed primitive type (allowed: [&quot;integer&quot;])&#10;    level: &quot;error&quot;&#10;    schema: {&quot;loadingURI&quot;:&quot;file:/D:/Learning/Revou/QA/CallPlan-Testing/target/test-classes/schemas/GetMasterList.json#&quot;,&quot;pointer&quot;:&quot;/properties/IS_UPCOUNTRY&quot;}&#10;    instance: {&quot;pointer&quot;:&quot;/IS_UPCOUNTRY&quot;}&#10;    domain: &quot;validation&quot;&#10;    keyword: &quot;type&quot;&#10;    found: &quot;null&quot;&#10;    expected: [&quot;integer&quot;]&#10;error: instance value (null) not found in enum (possible values: [&quot;N&quot;,&quot;D&quot;])&#10;    level: &quot;error&quot;&#10;    schema: {&quot;loadingURI&quot;:&quot;file:/D:/Learning/Revou/QA/CallPlan-Testing/target/test-classes/schemas/GetMasterList.json#&quot;,&quot;pointer&quot;:&quot;/properties/PERSON_TYPE_DAY_NIGHT&quot;}&#10;    instance: {&quot;pointer&quot;:&quot;/PERSON_TYPE_DAY_NIGHT&quot;}&#10;    domain: &quot;validation&quot;&#10;    keyword: &quot;enum&quot;&#10;    value: null&#10;    enum: [&quot;N&quot;,&quot;D&quot;]&#10;error: instance type (null) does not match any allowed primitive type (allowed: [&quot;string&quot;])&#10;    level: &quot;error&quot;&#10;    schema: {&quot;loadingURI&quot;:&quot;file:/D:/Learning/Revou/QA/CallPlan-Testing/target/test-classes/schemas/GetMasterList.json#&quot;,&quot;pointer&quot;:&quot;/properties/PERSON_TYPE_DAY_NIGHT&quot;}&#10;    instance: {&quot;pointer&quot;:&quot;/PERSON_TYPE_DAY_NIGHT&quot;}&#10;    domain: &quot;validation&quot;&#10;    keyword: &quot;type&quot;&#10;    found: &quot;null&quot;&#10;    expected: [&quot;string&quot;]&#10;&#10;     but: was &quot;{\&quot;RAYON_ID\&quot;:2952,\&quot;RAYON_CODE\&quot;:\&quot;TGRVIC0101\&quot;,\&quot;AREA_ID\&quot;:40,\&quot;AREA_CODE\&quot;:\&quot;TGR\&quot;,\&quot;PERSON_ID\&quot;:87503,\&quot;PERSON_CODE\&quot;:\&quot;CRM41812004255\&quot;,\&quot;PERSON_TYPE_NAME\&quot;:\&quot;CRM\&quot;,\&quot;FIRST_NAME\&quot;:\&quot;DEW*\&quot;,\&quot;LAST_NAME\&quot;:\&quot;KAR**** ** *****\&quot;,\&quot;FULL_NAME\&quot;:\&quot;DEW* KAR**** ** *****\&quot;,\&quot;SPECIALIST_NAME\&quot;:\&quot;SpOG\&quot;,\&quot;IS_UPCOUNTRY\&quot;:null,\&quot;TOTAL_SCHEDULE\&quot;:0,\&quot;IS_HAVING_BEST_TIME_VISIT\&quot;:0,\&quot;MONDAY_DAY\&quot;:0,\&quot;MONDAY_NIGHT\&quot;:0,\&quot;TUESDAY_DAY\&quot;:0,\&quot;TUESDAY_NIGHT\&quot;:0,\&quot;WEDNESDAY_DAY\&quot;:0,\&quot;WEDNESDAY_NIGHT\&quot;:0,\&quot;THURSDAY_DAY\&quot;:0,\&quot;THURSDAY_NIGHT\&quot;:0,\&quot;FRIDAY_DAY\&quot;:0,\&quot;FRIDAY_NIGHT\&quot;:0,\&quot;PERSON_TYPE_DAY_NIGHT\&quot;:null}&quot;&#10;Schema validation failed for item at index 26: &#10;Expected: The content to match the given JSON schema.&#10;error: instance value (null) not found in enum (possible values: [0,1])&#10;    level: &quot;error&quot;&#10;    schema: {&quot;loadingURI&quot;:&quot;file:/D:/Learning/Revou/QA/CallPlan-Testing/target/test-classes/schemas/GetMasterList.json#&quot;,&quot;pointer&quot;:&quot;/properties/IS_UPCOUNTRY&quot;}&#10;    instance: {&quot;pointer&quot;:&quot;/IS_UPCOUNTRY&quot;}&#10;    domain: &quot;validation&quot;&#10;    keyword: &quot;enum&quot;&#10;    value: null&#10;    enum: [0,1]&#10;error: instance type (null) does not match any allowed primitive type (allowed: [&quot;integer&quot;])&#10;    level: &quot;error&quot;&#10;    schema: {&quot;loadingURI&quot;:&quot;file:/D:/Learning/Revou/QA/CallPlan-Testing/target/test-classes/schemas/GetMasterList.json#&quot;,&quot;pointer&quot;:&quot;/properties/IS_UPCOUNTRY&quot;}&#10;    instance: {&quot;pointer&quot;:&quot;/IS_UPCOUNTRY&quot;}&#10;    domain: &quot;validation&quot;&#10;    keyword: &quot;type&quot;&#10;    found: &quot;null&quot;&#10;    expected: [&quot;integer&quot;]&#10;&#10;     but: was &quot;{\&quot;RAYON_ID\&quot;:2952,\&quot;RAYON_CODE\&quot;:\&quot;TGRVIC0101\&quot;,\&quot;AREA_ID\&quot;:40,\&quot;AREA_CODE\&quot;:\&quot;TGR\&quot;,\&quot;PERSON_ID\&quot;:49511,\&quot;PERSON_CODE\&quot;:\&quot;CRM990910002445\&quot;,\&quot;PERSON_TYPE_NAME\&quot;:\&quot;CRM\&quot;,\&quot;FIRST_NAME\&quot;:\&quot;DIN* \&quot;,\&quot;LAST_NAME\&quot;:\&quot;GAR******\&quot;,\&quot;FULL_NAME\&quot;:\&quot;DIN*  GAR******\&quot;,\&quot;SPECIALIST_NAME\&quot;:\&quot;SpA\&quot;,\&quot;IS_UPCOUNTRY\&quot;:null,\&quot;TOTAL_SCHEDULE\&quot;:0,\&quot;IS_HAVING_BEST_TIME_VISIT\&quot;:0,\&quot;MONDAY_DAY\&quot;:0,\&quot;MONDAY_NIGHT\&quot;:1,\&quot;TUESDAY_DAY\&quot;:0,\&quot;TUESDAY_NIGHT\&quot;:1,\&quot;WEDNESDAY_DAY\&quot;:0,\&quot;WEDNESDAY_NIGHT\&quot;:1,\&quot;THURSDAY_DAY\&quot;:0,\&quot;THURSDAY_NIGHT\&quot;:1,\&quot;FRIDAY_DAY\&quot;:0,\&quot;FRIDAY_NIGHT\&quot;:1,\&quot;PERSON_TYPE_DAY_NIGHT\&quot;:\&quot;N\&quot;}&quot;&#10;Schema validation failed for item at index 27: &#10;Expected: The content to match the given JSON schema.&#10;error: instance value (null) not found in enum (possible values: [0,1])&#10;    level: &quot;error&quot;&#10;    schema: {&quot;loadingURI&quot;:&quot;file:/D:/Learning/Revou/QA/CallPlan-Testing/target/test-classes/schemas/GetMasterList.json#&quot;,&quot;pointer&quot;:&quot;/properties/IS_UPCOUNTRY&quot;}&#10;    instance: {&quot;pointer&quot;:&quot;/IS_UPCOUNTRY&quot;}&#10;    domain: &quot;validation&quot;&#10;    keyword: &quot;enum&quot;&#10;    value: null&#10;    enum: [0,1]&#10;error: instance type (null) does not match any allowed primitive type (allowed: [&quot;integer&quot;])&#10;    level: &quot;error&quot;&#10;    schema: {&quot;loadingURI&quot;:&quot;file:/D:/Learning/Revou/QA/CallPlan-Testing/target/test-classes/schemas/GetMasterList.json#&quot;,&quot;pointer&quot;:&quot;/properties/IS_UPCOUNTRY&quot;}&#10;    instance: {&quot;pointer&quot;:&quot;/IS_UPCOUNTRY&quot;}&#10;    domain: &quot;validation&quot;&#10;    keyword: &quot;type&quot;&#10;    found: &quot;null&quot;&#10;    expected: [&quot;integer&quot;]&#10;&#10;     but: was &quot;{\&quot;RAYON_ID\&quot;:2952,\&quot;RAYON_CODE\&quot;:\&quot;TGRVIC0101\&quot;,\&quot;AREA_ID\&quot;:40,\&quot;AREA_CODE\&quot;:\&quot;TGR\&quot;,\&quot;PERSON_ID\&quot;:13755,\&quot;PERSON_CODE\&quot;:\&quot;CRM100418194\&quot;,\&quot;PERSON_TYPE_NAME\&quot;:\&quot;CRM\&quot;,\&quot;FIRST_NAME\&quot;:\&quot;DON**\&quot;,\&quot;LAST_NAME\&quot;:\&quot;GUN****\&quot;,\&quot;FULL_NAME\&quot;:\&quot;DON** GUN****\&quot;,\&quot;SPECIALIST_NAME\&quot;:\&quot;SpOG\&quot;,\&quot;IS_UPCOUNTRY\&quot;:null,\&quot;TOTAL_SCHEDULE\&quot;:0,\&quot;IS_HAVING_BEST_TIME_VISIT\&quot;:0,\&quot;MONDAY_DAY\&quot;:1,\&quot;MONDAY_NIGHT\&quot;:0,\&quot;TUESDAY_DAY\&quot;:1,\&quot;TUESDAY_NIGHT\&quot;:0,\&quot;WEDNESDAY_DAY\&quot;:1,\&quot;WEDNESDAY_NIGHT\&quot;:0,\&quot;THURSDAY_DAY\&quot;:1,\&quot;THURSDAY_NIGHT\&quot;:0,\&quot;FRIDAY_DAY\&quot;:1,\&quot;FRIDAY_NIGHT\&quot;:0,\&quot;PERSON_TYPE_DAY_NIGHT\&quot;:\&quot;D\&quot;}&quot;&#10;Schema validation failed for item at index 28: &#10;Expected: The content to match the given JSON schema.&#10;error: instance value (null) not found in enum (possible values: [0,1])&#10;    level: &quot;error&quot;&#10;    schema: {&quot;loadingURI&quot;:&quot;file:/D:/Learning/Revou/QA/CallPlan-Testing/target/test-classes/schemas/GetMasterList.json#&quot;,&quot;pointer&quot;:&quot;/properties/IS_UPCOUNTRY&quot;}&#10;    instance: {&quot;pointer&quot;:&quot;/IS_UPCOUNTRY&quot;}&#10;    domain: &quot;validation&quot;&#10;    keyword: &quot;enum&quot;&#10;    value: null&#10;    enum: [0,1]&#10;error: instance type (null) does not match any allowed primitive type (allowed: [&quot;integer&quot;])&#10;    level: &quot;error&quot;&#10;    schema: {&quot;loadingURI&quot;:&quot;file:/D:/Learning/Revou/QA/CallPlan-Testing/target/test-classes/schemas/GetMasterList.json#&quot;,&quot;pointer&quot;:&quot;/properties/IS_UPCOUNTRY&quot;}&#10;    instance: {&quot;pointer&quot;:&quot;/IS_UPCOUNTRY&quot;}&#10;    domain: &quot;validation&quot;&#10;    keyword: &quot;type&quot;&#10;    found: &quot;null&quot;&#10;    expected: [&quot;integer&quot;]&#10;&#10;     but: was &quot;{\&quot;RAYON_ID\&quot;:2952,\&quot;RAYON_CODE\&quot;:\&quot;TGRVIC0101\&quot;,\&quot;AREA_ID\&quot;:40,\&quot;AREA_CODE\&quot;:\&quot;TGR\&quot;,\&quot;PERSON_ID\&quot;:85021,\&quot;PERSON_CODE\&quot;:\&quot;CRM401804001690\&quot;,\&quot;PERSON_TYPE_NAME\&quot;:\&quot;CRM\&quot;,\&quot;FIRST_NAME\&quot;:\&quot;EKA**** *.*\&quot;,\&quot;LAST_NAME\&quot;:\&quot;LAR*** \&quot;,\&quot;FULL_NAME\&quot;:\&quot;EKA**** *.* LAR*** \&quot;,\&quot;SPECIALIST_NAME\&quot;:\&quot;SpA\&quot;,\&quot;IS_UPCOUNTRY\&quot;:null,\&quot;TOTAL_SCHEDULE\&quot;:0,\&quot;IS_HAVING_BEST_TIME_VISIT\&quot;:0,\&quot;MONDAY_DAY\&quot;:1,\&quot;MONDAY_NIGHT\&quot;:0,\&quot;TUESDAY_DAY\&quot;:1,\&quot;TUESDAY_NIGHT\&quot;:0,\&quot;WEDNESDAY_DAY\&quot;:1,\&quot;WEDNESDAY_NIGHT\&quot;:0,\&quot;THURSDAY_DAY\&quot;:1,\&quot;THURSDAY_NIGHT\&quot;:0,\&quot;FRIDAY_DAY\&quot;:1,\&quot;FRIDAY_NIGHT\&quot;:0,\&quot;PERSON_TYPE_DAY_NIGHT\&quot;:\&quot;D\&quot;}&quot;&#10;Schema validation failed for item at index 29: &#10;Expected: The content to match the given JSON schema.&#10;error: instance value (null) not found in enum (possible values: [0,1])&#10;    level: &quot;error&quot;&#10;    schema: {&quot;loadingURI&quot;:&quot;file:/D:/Learning/Revou/QA/CallPlan-Testing/target/test-classes/schemas/GetMasterList.json#&quot;,&quot;pointer&quot;:&quot;/properties/IS_UPCOUNTRY&quot;}&#10;    instance: {&quot;pointer&quot;:&quot;/IS_UPCOUNTRY&quot;}&#10;    domain: &quot;validation&quot;&#10;    keyword: &quot;enum&quot;&#10;    value: null&#10;    enum: [0,1]&#10;error: instance type (null) does not match any allowed primitive type (allowed: [&quot;integer&quot;])&#10;    level: &quot;error&quot;&#10;    schema: {&quot;loadingURI&quot;:&quot;file:/D:/Learning/Revou/QA/CallPlan-Testing/target/test-classes/schemas/GetMasterList.json#&quot;,&quot;pointer&quot;:&quot;/properties/IS_UPCOUNTRY&quot;}&#10;    instance: {&quot;pointer&quot;:&quot;/IS_UPCOUNTRY&quot;}&#10;    domain: &quot;validation&quot;&#10;    keyword: &quot;type&quot;&#10;    found: &quot;null&quot;&#10;    expected: [&quot;integer&quot;]&#10;&#10;     but: was &quot;{\&quot;RAYON_ID\&quot;:2952,\&quot;RAYON_CODE\&quot;:\&quot;TGRVIC0101\&quot;,\&quot;AREA_ID\&quot;:40,\&quot;AREA_CODE\&quot;:\&quot;TGR\&quot;,\&quot;PERSON_ID\&quot;:15113,\&quot;PERSON_CODE\&quot;:\&quot;CRM990902000707\&quot;,\&quot;PERSON_TYPE_NAME\&quot;:\&quot;CRM\&quot;,\&quot;FIRST_NAME\&quot;:\&quot;EKA*****\&quot;,\&quot;LAST_NAME\&quot;:\&quot;TAM****\&quot;,\&quot;FULL_NAME\&quot;:\&quot;EKA***** TAM****\&quot;,\&quot;SPECIALIST_NAME\&quot;:\&quot;GP\&quot;,\&quot;IS_UPCOUNTRY\&quot;:null,\&quot;TOTAL_SCHEDULE\&quot;:0,\&quot;IS_HAVING_BEST_TIME_VISIT\&quot;:0,\&quot;MONDAY_DAY\&quot;:0,\&quot;MONDAY_NIGHT\&quot;:1,\&quot;TUESDAY_DAY\&quot;:0,\&quot;TUESDAY_NIGHT\&quot;:1,\&quot;WEDNESDAY_DAY\&quot;:0,\&quot;WEDNESDAY_NIGHT\&quot;:1,\&quot;THURSDAY_DAY\&quot;:0,\&quot;THURSDAY_NIGHT\&quot;:1,\&quot;FRIDAY_DAY\&quot;:0,\&quot;FRIDAY_NIGHT\&quot;:1,\&quot;PERSON_TYPE_DAY_NIGHT\&quot;:\&quot;N\&quot;}&quot;&#10;Schema validation failed for item at index 30: &#10;Expected: The content to match the given JSON schema.&#10;error: instance value (null) not found in enum (possible values: [0,1])&#10;    level: &quot;error&quot;&#10;    schema: {&quot;loadingURI&quot;:&quot;file:/D:/Learning/Revou/QA/CallPlan-Testing/target/test-classes/schemas/GetMasterList.json#&quot;,&quot;pointer&quot;:&quot;/properties/IS_UPCOUNTRY&quot;}&#10;    instance: {&quot;pointer&quot;:&quot;/IS_UPCOUNTRY&quot;}&#10;    domain: &quot;validation&quot;&#10;    keyword: &quot;enum&quot;&#10;    value: null&#10;    enum: [0,1]&#10;error: instance type (null) does not match any allowed primitive type (allowed: [&quot;integer&quot;])&#10;    level: &quot;error&quot;&#10;    schema: {&quot;loadingURI&quot;:&quot;file:/D:/Learning/Revou/QA/CallPlan-Testing/target/test-classes/schemas/GetMasterList.json#&quot;,&quot;pointer&quot;:&quot;/properties/IS_UPCOUNTRY&quot;}&#10;    instance: {&quot;pointer&quot;:&quot;/IS_UPCOUNTRY&quot;}&#10;    domain: &quot;validation&quot;&#10;    keyword: &quot;type&quot;&#10;    found: &quot;null&quot;&#10;    expected: [&quot;integer&quot;]&#10;&#10;     but: was &quot;{\&quot;RAYON_ID\&quot;:2952,\&quot;RAYON_CODE\&quot;:\&quot;TGRVIC0101\&quot;,\&quot;AREA_ID\&quot;:40,\&quot;AREA_CODE\&quot;:\&quot;TGR\&quot;,\&quot;PERSON_ID\&quot;:16817,\&quot;PERSON_CODE\&quot;:\&quot;CRM100415460\&quot;,\&quot;PERSON_TYPE_NAME\&quot;:\&quot;CRM\&quot;,\&quot;FIRST_NAME\&quot;:\&quot;ELV**\&quot;,\&quot;LAST_NAME\&quot;:\&quot;CAR***** *******\&quot;,\&quot;FULL_NAME\&quot;:\&quot;ELV** CAR***** *******\&quot;,\&quot;SPECIALIST_NAME\&quot;:\&quot;SpA\&quot;,\&quot;IS_UPCOUNTRY\&quot;:null,\&quot;TOTAL_SCHEDULE\&quot;:0,\&quot;IS_HAVING_BEST_TIME_VISIT\&quot;:0,\&quot;MONDAY_DAY\&quot;:1,\&quot;MONDAY_NIGHT\&quot;:0,\&quot;TUESDAY_DAY\&quot;:1,\&quot;TUESDAY_NIGHT\&quot;:0,\&quot;WEDNESDAY_DAY\&quot;:1,\&quot;WEDNESDAY_NIGHT\&quot;:0,\&quot;THURSDAY_DAY\&quot;:1,\&quot;THURSDAY_NIGHT\&quot;:0,\&quot;FRIDAY_DAY\&quot;:1,\&quot;FRIDAY_NIGHT\&quot;:0,\&quot;PERSON_TYPE_DAY_NIGHT\&quot;:\&quot;D\&quot;}&quot;&#10;Schema validation failed for item at index 31: &#10;Expected: The content to match the given JSON schema.&#10;error: instance value (null) not found in enum (possible values: [0,1])&#10;    level: &quot;error&quot;&#10;    schema: {&quot;loadingURI&quot;:&quot;file:/D:/Learning/Revou/QA/CallPlan-Testing/target/test-classes/schemas/GetMasterList.json#&quot;,&quot;pointer&quot;:&quot;/properties/IS_UPCOUNTRY&quot;}&#10;    instance: {&quot;pointer&quot;:&quot;/IS_UPCOUNTRY&quot;}&#10;    domain: &quot;validation&quot;&#10;    keyword: &quot;enum&quot;&#10;    value: null&#10;    enum: [0,1]&#10;error: instance type (null) does not match any allowed primitive type (allowed: [&quot;integer&quot;])&#10;    level: &quot;error&quot;&#10;    schema: {&quot;loadingURI&quot;:&quot;file:/D:/Learning/Revou/QA/CallPlan-Testing/target/test-classes/schemas/GetMasterList.json#&quot;,&quot;pointer&quot;:&quot;/properties/IS_UPCOUNTRY&quot;}&#10;    instance: {&quot;pointer&quot;:&quot;/IS_UPCOUNTRY&quot;}&#10;    domain: &quot;validation&quot;&#10;    keyword: &quot;type&quot;&#10;    found: &quot;null&quot;&#10;    expected: [&quot;integer&quot;]&#10;&#10;     but: was &quot;{\&quot;RAYON_ID\&quot;:2952,\&quot;RAYON_CODE\&quot;:\&quot;TGRVIC0101\&quot;,\&quot;AREA_ID\&quot;:40,\&quot;AREA_CODE\&quot;:\&quot;TGR\&quot;,\&quot;PERSON_ID\&quot;:15130,\&quot;PERSON_CODE\&quot;:\&quot;CRM990808003223\&quot;,\&quot;PERSON_TYPE_NAME\&quot;:\&quot;CRM\&quot;,\&quot;FIRST_NAME\&quot;:\&quot;EMA****\&quot;,\&quot;LAST_NAME\&quot;:\&quot;OEP*****\&quot;,\&quot;FULL_NAME\&quot;:\&quot;EMA**** OEP*****\&quot;,\&quot;SPECIALIST_NAME\&quot;:\&quot;GP\&quot;,\&quot;IS_UPCOUNTRY\&quot;:null,\&quot;TOTAL_SCHEDULE\&quot;:0,\&quot;IS_HAVING_BEST_TIME_VISIT\&quot;:0,\&quot;MONDAY_DAY\&quot;:0,\&quot;MONDAY_NIGHT\&quot;:1,\&quot;TUESDAY_DAY\&quot;:0,\&quot;TUESDAY_NIGHT\&quot;:1,\&quot;WEDNESDAY_DAY\&quot;:0,\&quot;WEDNESDAY_NIGHT\&quot;:1,\&quot;THURSDAY_DAY\&quot;:0,\&quot;THURSDAY_NIGHT\&quot;:1,\&quot;FRIDAY_DAY\&quot;:0,\&quot;FRIDAY_NIGHT\&quot;:1,\&quot;PERSON_TYPE_DAY_NIGHT\&quot;:\&quot;N\&quot;}&quot;&#10;Schema validation failed for item at index 32: &#10;Expected: The content to match the given JSON schema.&#10;error: instance value (null) not found in enum (possible values: [0,1])&#10;    level: &quot;error&quot;&#10;    schema: {&quot;loadingURI&quot;:&quot;file:/D:/Learning/Revou/QA/CallPlan-Testing/target/test-classes/schemas/GetMasterList.json#&quot;,&quot;pointer&quot;:&quot;/properties/IS_UPCOUNTRY&quot;}&#10;    instance: {&quot;pointer&quot;:&quot;/IS_UPCOUNTRY&quot;}&#10;    domain: &quot;validation&quot;&#10;    keyword: &quot;enum&quot;&#10;    value: null&#10;    enum: [0,1]&#10;error: instance type (null) does not match any allowed primitive type (allowed: [&quot;integer&quot;])&#10;    level: &quot;error&quot;&#10;    schema: {&quot;loadingURI&quot;:&quot;file:/D:/Learning/Revou/QA/CallPlan-Testing/target/test-classes/schemas/GetMasterList.json#&quot;,&quot;pointer&quot;:&quot;/properties/IS_UPCOUNTRY&quot;}&#10;    instance: {&quot;pointer&quot;:&quot;/IS_UPCOUNTRY&quot;}&#10;    domain: &quot;validation&quot;&#10;    keyword: &quot;type&quot;&#10;    found: &quot;null&quot;&#10;    expected: [&quot;integer&quot;]&#10;&#10;     but: was &quot;{\&quot;RAYON_ID\&quot;:2952,\&quot;RAYON_CODE\&quot;:\&quot;TGRVIC0101\&quot;,\&quot;AREA_ID\&quot;:40,\&quot;AREA_CODE\&quot;:\&quot;TGR\&quot;,\&quot;PERSON_ID\&quot;:15889,\&quot;PERSON_CODE\&quot;:\&quot;CRM760701000200\&quot;,\&quot;PERSON_TYPE_NAME\&quot;:\&quot;CRM\&quot;,\&quot;FIRST_NAME\&quot;:\&quot;ERI**\&quot;,\&quot;LAST_NAME\&quot;:\&quot;***\&quot;,\&quot;FULL_NAME\&quot;:\&quot;ERI** ***\&quot;,\&quot;SPECIALIST_NAME\&quot;:\&quot;SpA\&quot;,\&quot;IS_UPCOUNTRY\&quot;:null,\&quot;TOTAL_SCHEDULE\&quot;:0,\&quot;IS_HAVING_BEST_TIME_VISIT\&quot;:0,\&quot;MONDAY_DAY\&quot;:0,\&quot;MONDAY_NIGHT\&quot;:1,\&quot;TUESDAY_DAY\&quot;:0,\&quot;TUESDAY_NIGHT\&quot;:1,\&quot;WEDNESDAY_DAY\&quot;:0,\&quot;WEDNESDAY_NIGHT\&quot;:1,\&quot;THURSDAY_DAY\&quot;:0,\&quot;THURSDAY_NIGHT\&quot;:1,\&quot;FRIDAY_DAY\&quot;:0,\&quot;FRIDAY_NIGHT\&quot;:1,\&quot;PERSON_TYPE_DAY_NIGHT\&quot;:\&quot;N\&quot;}&quot;&#10;Schema validation failed for item at index 33: &#10;Expected: The content to match the given JSON schema.&#10;error: instance value (null) not found in enum (possible values: [0,1])&#10;    level: &quot;error&quot;&#10;    schema: {&quot;loadingURI&quot;:&quot;file:/D:/Learning/Revou/QA/CallPlan-Testing/target/test-classes/schemas/GetMasterList.json#&quot;,&quot;pointer&quot;:&quot;/properties/IS_UPCOUNTRY&quot;}&#10;    instance: {&quot;pointer&quot;:&quot;/IS_UPCOUNTRY&quot;}&#10;    domain: &quot;validation&quot;&#10;    keyword: &quot;enum&quot;&#10;    value: null&#10;    enum: [0,1]&#10;error: instance type (null) does not match any allowed primitive type (allowed: [&quot;integer&quot;])&#10;    level: &quot;error&quot;&#10;    schema: {&quot;loadingURI&quot;:&quot;file:/D:/Learning/Revou/QA/CallPlan-Testing/target/test-classes/schemas/GetMasterList.json#&quot;,&quot;pointer&quot;:&quot;/properties/IS_UPCOUNTRY&quot;}&#10;    instance: {&quot;pointer&quot;:&quot;/IS_UPCOUNTRY&quot;}&#10;    domain: &quot;validation&quot;&#10;    keyword: &quot;type&quot;&#10;    found: &quot;null&quot;&#10;    expected: [&quot;integer&quot;]&#10;&#10;     but: was &quot;{\&quot;RAYON_ID\&quot;:2952,\&quot;RAYON_CODE\&quot;:\&quot;TGRVIC0101\&quot;,\&quot;AREA_ID\&quot;:40,\&quot;AREA_CODE\&quot;:\&quot;TGR\&quot;,\&quot;PERSON_ID\&quot;:44665,\&quot;PERSON_CODE\&quot;:\&quot;CRM11005002153\&quot;,\&quot;PERSON_TYPE_NAME\&quot;:\&quot;CRM\&quot;,\&quot;FIRST_NAME\&quot;:\&quot;FAI***\&quot;,\&quot;LAST_NAME\&quot;:\&quot;NUR *****\&quot;,\&quot;FULL_NAME\&quot;:\&quot;FAI*** NUR *****\&quot;,\&quot;SPECIALIST_NAME\&quot;:\&quot;SpA\&quot;,\&quot;IS_UPCOUNTRY\&quot;:null,\&quot;TOTAL_SCHEDULE\&quot;:0,\&quot;IS_HAVING_BEST_TIME_VISIT\&quot;:0,\&quot;MONDAY_DAY\&quot;:1,\&quot;MONDAY_NIGHT\&quot;:0,\&quot;TUESDAY_DAY\&quot;:1,\&quot;TUESDAY_NIGHT\&quot;:0,\&quot;WEDNESDAY_DAY\&quot;:1,\&quot;WEDNESDAY_NIGHT\&quot;:0,\&quot;THURSDAY_DAY\&quot;:1,\&quot;THURSDAY_NIGHT\&quot;:0,\&quot;FRIDAY_DAY\&quot;:1,\&quot;FRIDAY_NIGHT\&quot;:0,\&quot;PERSON_TYPE_DAY_NIGHT\&quot;:\&quot;D\&quot;}&quot;&#10;Schema validation failed for item at index 34: &#10;Expected: The content to match the given JSON schema.&#10;error: instance value (null) not found in enum (possible values: [0,1])&#10;    level: &quot;error&quot;&#10;    schema: {&quot;loadingURI&quot;:&quot;file:/D:/Learning/Revou/QA/CallPlan-Testing/target/test-classes/schemas/GetMasterList.json#&quot;,&quot;pointer&quot;:&quot;/properties/IS_UPCOUNTRY&quot;}&#10;    instance: {&quot;pointer&quot;:&quot;/IS_UPCOUNTRY&quot;}&#10;    domain: &quot;validation&quot;&#10;    keyword: &quot;enum&quot;&#10;    value: null&#10;    enum: [0,1]&#10;error: instance type (null) does not match any allowed primitive type (allowed: [&quot;integer&quot;])&#10;    level: &quot;error&quot;&#10;    schema: {&quot;loadingURI&quot;:&quot;file:/D:/Learning/Revou/QA/CallPlan-Testing/target/test-classes/schemas/GetMasterList.json#&quot;,&quot;pointer&quot;:&quot;/properties/IS_UPCOUNTRY&quot;}&#10;    instance: {&quot;pointer&quot;:&quot;/IS_UPCOUNTRY&quot;}&#10;    domain: &quot;validation&quot;&#10;    keyword: &quot;type&quot;&#10;    found: &quot;null&quot;&#10;    expected: [&quot;integer&quot;]&#10;error: instance value (null) not found in enum (possible values: [&quot;N&quot;,&quot;D&quot;])&#10;    level: &quot;error&quot;&#10;    schema: {&quot;loadingURI&quot;:&quot;file:/D:/Learning/Revou/QA/CallPlan-Testing/target/test-classes/schemas/GetMasterList.json#&quot;,&quot;pointer&quot;:&quot;/properties/PERSON_TYPE_DAY_NIGHT&quot;}&#10;    instance: {&quot;pointer&quot;:&quot;/PERSON_TYPE_DAY_NIGHT&quot;}&#10;    domain: &quot;validation&quot;&#10;    keyword: &quot;enum&quot;&#10;    value: null&#10;    enum: [&quot;N&quot;,&quot;D&quot;]&#10;error: instance type (null) does not match any allowed primitive type (allowed: [&quot;string&quot;])&#10;    level: &quot;error&quot;&#10;    schema: {&quot;loadingURI&quot;:&quot;file:/D:/Learning/Revou/QA/CallPlan-Testing/target/test-classes/schemas/GetMasterList.json#&quot;,&quot;pointer&quot;:&quot;/properties/PERSON_TYPE_DAY_NIGHT&quot;}&#10;    instance: {&quot;pointer&quot;:&quot;/PERSON_TYPE_DAY_NIGHT&quot;}&#10;    domain: &quot;validation&quot;&#10;    keyword: &quot;type&quot;&#10;    found: &quot;null&quot;&#10;    expected: [&quot;string&quot;]&#10;&#10;     but: was &quot;{\&quot;RAYON_ID\&quot;:2952,\&quot;RAYON_CODE\&quot;:\&quot;TGRVIC0101\&quot;,\&quot;AREA_ID\&quot;:40,\&quot;AREA_CODE\&quot;:\&quot;TGR\&quot;,\&quot;PERSON_ID\&quot;:77251,\&quot;PERSON_CODE\&quot;:\&quot;CRM401606004064\&quot;,\&quot;PERSON_TYPE_NAME\&quot;:\&quot;CRM\&quot;,\&quot;FIRST_NAME\&quot;:\&quot;FAT**\&quot;,\&quot;LAST_NAME\&quot;:\&quot;ATI**\&quot;,\&quot;FULL_NAME\&quot;:\&quot;FAT** ATI**\&quot;,\&quot;SPECIALIST_NAME\&quot;:\&quot;SpOG\&quot;,\&quot;IS_UPCOUNTRY\&quot;:null,\&quot;TOTAL_SCHEDULE\&quot;:0,\&quot;IS_HAVING_BEST_TIME_VISIT\&quot;:0,\&quot;MONDAY_DAY\&quot;:0,\&quot;MONDAY_NIGHT\&quot;:0,\&quot;TUESDAY_DAY\&quot;:0,\&quot;TUESDAY_NIGHT\&quot;:0,\&quot;WEDNESDAY_DAY\&quot;:0,\&quot;WEDNESDAY_NIGHT\&quot;:0,\&quot;THURSDAY_DAY\&quot;:0,\&quot;THURSDAY_NIGHT\&quot;:0,\&quot;FRIDAY_DAY\&quot;:0,\&quot;FRIDAY_NIGHT\&quot;:0,\&quot;PERSON_TYPE_DAY_NIGHT\&quot;:null}&quot;&#10;Schema validation failed for item at index 35: &#10;Expected: The content to match the given JSON schema.&#10;error: instance value (null) not found in enum (possible values: [0,1])&#10;    level: &quot;error&quot;&#10;    schema: {&quot;loadingURI&quot;:&quot;file:/D:/Learning/Revou/QA/CallPlan-Testing/target/test-classes/schemas/GetMasterList.json#&quot;,&quot;pointer&quot;:&quot;/properties/IS_UPCOUNTRY&quot;}&#10;    instance: {&quot;pointer&quot;:&quot;/IS_UPCOUNTRY&quot;}&#10;    domain: &quot;validation&quot;&#10;    keyword: &quot;enum&quot;&#10;    value: null&#10;    enum: [0,1]&#10;error: instance type (null) does not match any allowed primitive type (allowed: [&quot;integer&quot;])&#10;    level: &quot;error&quot;&#10;    schema: {&quot;loadingURI&quot;:&quot;file:/D:/Learning/Revou/QA/CallPlan-Testing/target/test-classes/schemas/GetMasterList.json#&quot;,&quot;pointer&quot;:&quot;/properties/IS_UPCOUNTRY&quot;}&#10;    instance: {&quot;pointer&quot;:&quot;/IS_UPCOUNTRY&quot;}&#10;    domain: &quot;validation&quot;&#10;    keyword: &quot;type&quot;&#10;    found: &quot;null&quot;&#10;    expected: [&quot;integer&quot;]&#10;&#10;     but: was &quot;{\&quot;RAYON_ID\&quot;:2952,\&quot;RAYON_CODE\&quot;:\&quot;TGRVIC0101\&quot;,\&quot;AREA_ID\&quot;:40,\&quot;AREA_CODE\&quot;:\&quot;TGR\&quot;,\&quot;PERSON_ID\&quot;:263149,\&quot;PERSON_CODE\&quot;:\&quot;CRM402302001743\&quot;,\&quot;PERSON_TYPE_NAME\&quot;:\&quot;CRM\&quot;,\&quot;FIRST_NAME\&quot;:\&quot;FEL**\&quot;,\&quot;LAST_NAME\&quot;:\&quot;FOD****\&quot;,\&quot;FULL_NAME\&quot;:\&quot;FEL** FOD****\&quot;,\&quot;SPECIALIST_NAME\&quot;:\&quot;SpJP\&quot;,\&quot;IS_UPCOUNTRY\&quot;:null,\&quot;TOTAL_SCHEDULE\&quot;:0,\&quot;IS_HAVING_BEST_TIME_VISIT\&quot;:0,\&quot;MONDAY_DAY\&quot;:0,\&quot;MONDAY_NIGHT\&quot;:1,\&quot;TUESDAY_DAY\&quot;:0,\&quot;TUESDAY_NIGHT\&quot;:1,\&quot;WEDNESDAY_DAY\&quot;:0,\&quot;WEDNESDAY_NIGHT\&quot;:1,\&quot;THURSDAY_DAY\&quot;:0,\&quot;THURSDAY_NIGHT\&quot;:1,\&quot;FRIDAY_DAY\&quot;:0,\&quot;FRIDAY_NIGHT\&quot;:1,\&quot;PERSON_TYPE_DAY_NIGHT\&quot;:\&quot;N\&quot;}&quot;&#10;Schema validation failed for item at index 36: &#10;Expected: The content to match the given JSON schema.&#10;error: instance value (null) not found in enum (possible values: [0,1])&#10;    level: &quot;error&quot;&#10;    schema: {&quot;loadingURI&quot;:&quot;file:/D:/Learning/Revou/QA/CallPlan-Testing/target/test-classes/schemas/GetMasterList.json#&quot;,&quot;pointer&quot;:&quot;/properties/IS_UPCOUNTRY&quot;}&#10;    instance: {&quot;pointer&quot;:&quot;/IS_UPCOUNTRY&quot;}&#10;    domain: &quot;validation&quot;&#10;    keyword: &quot;enum&quot;&#10;    value: null&#10;    enum: [0,1]&#10;error: instance type (null) does not match any allowed primitive type (allowed: [&quot;integer&quot;])&#10;    level: &quot;error&quot;&#10;    schema: {&quot;loadingURI&quot;:&quot;file:/D:/Learning/Revou/QA/CallPlan-Testing/target/test-classes/schemas/GetMasterList.json#&quot;,&quot;pointer&quot;:&quot;/properties/IS_UPCOUNTRY&quot;}&#10;    instance: {&quot;pointer&quot;:&quot;/IS_UPCOUNTRY&quot;}&#10;    domain: &quot;validation&quot;&#10;    keyword: &quot;type&quot;&#10;    found: &quot;null&quot;&#10;    expected: [&quot;integer&quot;]&#10;&#10;     but: was &quot;{\&quot;RAYON_ID\&quot;:2952,\&quot;RAYON_CODE\&quot;:\&quot;TGRVIC0101\&quot;,\&quot;AREA_ID\&quot;:40,\&quot;AREA_CODE\&quot;:\&quot;TGR\&quot;,\&quot;PERSON_ID\&quot;:24801,\&quot;PERSON_CODE\&quot;:\&quot;CRM990506017748\&quot;,\&quot;PERSON_TYPE_NAME\&quot;:\&quot;CRM\&quot;,\&quot;FIRST_NAME\&quot;:\&quot;HAR*****\&quot;,\&quot;LAST_NAME\&quot;:\&quot;SUR**\&quot;,\&quot;FULL_NAME\&quot;:\&quot;HAR***** SUR**\&quot;,\&quot;SPECIALIST_NAME\&quot;:\&quot;GP\&quot;,\&quot;IS_UPCOUNTRY\&quot;:null,\&quot;TOTAL_SCHEDULE\&quot;:0,\&quot;IS_HAVING_BEST_TIME_VISIT\&quot;:0,\&quot;MONDAY_DAY\&quot;:0,\&quot;MONDAY_NIGHT\&quot;:1,\&quot;TUESDAY_DAY\&quot;:0,\&quot;TUESDAY_NIGHT\&quot;:1,\&quot;WEDNESDAY_DAY\&quot;:0,\&quot;WEDNESDAY_NIGHT\&quot;:1,\&quot;THURSDAY_DAY\&quot;:0,\&quot;THURSDAY_NIGHT\&quot;:1,\&quot;FRIDAY_DAY\&quot;:0,\&quot;FRIDAY_NIGHT\&quot;:1,\&quot;PERSON_TYPE_DAY_NIGHT\&quot;:\&quot;N\&quot;}&quot;&#10;Schema validation failed for item at index 37: &#10;Expected: The content to match the given JSON schema.&#10;error: instance value (null) not found in enum (possible values: [0,1])&#10;    level: &quot;error&quot;&#10;    schema: {&quot;loadingURI&quot;:&quot;file:/D:/Learning/Revou/QA/CallPlan-Testing/target/test-classes/schemas/GetMasterList.json#&quot;,&quot;pointer&quot;:&quot;/properties/IS_UPCOUNTRY&quot;}&#10;    instance: {&quot;pointer&quot;:&quot;/IS_UPCOUNTRY&quot;}&#10;    domain: &quot;validation&quot;&#10;    keyword: &quot;enum&quot;&#10;    value: null&#10;    enum: [0,1]&#10;error: instance type (null) does not match any allowed primitive type (allowed: [&quot;integer&quot;])&#10;    level: &quot;error&quot;&#10;    schema: {&quot;loadingURI&quot;:&quot;file:/D:/Learning/Revou/QA/CallPlan-Testing/target/test-classes/schemas/GetMasterList.json#&quot;,&quot;pointer&quot;:&quot;/properties/IS_UPCOUNTRY&quot;}&#10;    instance: {&quot;pointer&quot;:&quot;/IS_UPCOUNTRY&quot;}&#10;    domain: &quot;validation&quot;&#10;    keyword: &quot;type&quot;&#10;    found: &quot;null&quot;&#10;    expected: [&quot;integer&quot;]&#10;&#10;     but: was &quot;{\&quot;RAYON_ID\&quot;:2952,\&quot;RAYON_CODE\&quot;:\&quot;TGRVIC0101\&quot;,\&quot;AREA_ID\&quot;:40,\&quot;AREA_CODE\&quot;:\&quot;TGR\&quot;,\&quot;PERSON_ID\&quot;:44744,\&quot;PERSON_CODE\&quot;:\&quot;CRM11005002268\&quot;,\&quot;PERSON_TYPE_NAME\&quot;:\&quot;CRM\&quot;,\&quot;FIRST_NAME\&quot;:\&quot;HEN***\&quot;,\&quot;LAST_NAME\&quot;:\&quot;SUD****\&quot;,\&quot;FULL_NAME\&quot;:\&quot;HEN*** SUD****\&quot;,\&quot;SPECIALIST_NAME\&quot;:\&quot;SpOG\&quot;,\&quot;IS_UPCOUNTRY\&quot;:null,\&quot;TOTAL_SCHEDULE\&quot;:0,\&quot;IS_HAVING_BEST_TIME_VISIT\&quot;:0,\&quot;MONDAY_DAY\&quot;:1,\&quot;MONDAY_NIGHT\&quot;:0,\&quot;TUESDAY_DAY\&quot;:1,\&quot;TUESDAY_NIGHT\&quot;:0,\&quot;WEDNESDAY_DAY\&quot;:1,\&quot;WEDNESDAY_NIGHT\&quot;:0,\&quot;THURSDAY_DAY\&quot;:1,\&quot;THURSDAY_NIGHT\&quot;:0,\&quot;FRIDAY_DAY\&quot;:1,\&quot;FRIDAY_NIGHT\&quot;:0,\&quot;PERSON_TYPE_DAY_NIGHT\&quot;:\&quot;D\&quot;}&quot;&#10;Schema validation failed for item at index 38: &#10;Expected: The content to match the given JSON schema.&#10;error: instance value (null) not found in enum (possible values: [0,1])&#10;    level: &quot;error&quot;&#10;    schema: {&quot;loadingURI&quot;:&quot;file:/D:/Learning/Revou/QA/CallPlan-Testing/target/test-classes/schemas/GetMasterList.json#&quot;,&quot;pointer&quot;:&quot;/properties/IS_UPCOUNTRY&quot;}&#10;    instance: {&quot;pointer&quot;:&quot;/IS_UPCOUNTRY&quot;}&#10;    domain: &quot;validation&quot;&#10;    keyword: &quot;enum&quot;&#10;    value: null&#10;    enum: [0,1]&#10;error: instance type (null) does not match any allowed primitive type (allowed: [&quot;integer&quot;])&#10;    level: &quot;error&quot;&#10;    schema: {&quot;loadingURI&quot;:&quot;file:/D:/Learning/Revou/QA/CallPlan-Testing/target/test-classes/schemas/GetMasterList.json#&quot;,&quot;pointer&quot;:&quot;/properties/IS_UPCOUNTRY&quot;}&#10;    instance: {&quot;pointer&quot;:&quot;/IS_UPCOUNTRY&quot;}&#10;    domain: &quot;validation&quot;&#10;    keyword: &quot;type&quot;&#10;    found: &quot;null&quot;&#10;    expected: [&quot;integer&quot;]&#10;error: instance value (null) not found in enum (possible values: [&quot;N&quot;,&quot;D&quot;])&#10;    level: &quot;error&quot;&#10;    schema: {&quot;loadingURI&quot;:&quot;file:/D:/Learning/Revou/QA/CallPlan-Testing/target/test-classes/schemas/GetMasterList.json#&quot;,&quot;pointer&quot;:&quot;/properties/PERSON_TYPE_DAY_NIGHT&quot;}&#10;    instance: {&quot;pointer&quot;:&quot;/PERSON_TYPE_DAY_NIGHT&quot;}&#10;    domain: &quot;validation&quot;&#10;    keyword: &quot;enum&quot;&#10;    value: null&#10;    enum: [&quot;N&quot;,&quot;D&quot;]&#10;error: instance type (null) does not match any allowed primitive type (allowed: [&quot;string&quot;])&#10;    level: &quot;error&quot;&#10;    schema: {&quot;loadingURI&quot;:&quot;file:/D:/Learning/Revou/QA/CallPlan-Testing/target/test-classes/schemas/GetMasterList.json#&quot;,&quot;pointer&quot;:&quot;/properties/PERSON_TYPE_DAY_NIGHT&quot;}&#10;    instance: {&quot;pointer&quot;:&quot;/PERSON_TYPE_DAY_NIGHT&quot;}&#10;    domain: &quot;validation&quot;&#10;    keyword: &quot;type&quot;&#10;    found: &quot;null&quot;&#10;    expected: [&quot;string&quot;]&#10;&#10;     but: was &quot;{\&quot;RAYON_ID\&quot;:2952,\&quot;RAYON_CODE\&quot;:\&quot;TGRVIC0101\&quot;,\&quot;AREA_ID\&quot;:40,\&quot;AREA_CODE\&quot;:\&quot;TGR\&quot;,\&quot;PERSON_ID\&quot;:112279,\&quot;PERSON_CODE\&quot;:\&quot;CRM402212008611\&quot;,\&quot;PERSON_TYPE_NAME\&quot;:\&quot;CRM\&quot;,\&quot;FIRST_NAME\&quot;:\&quot;HEN***** \&quot;,\&quot;LAST_NAME\&quot;:\&quot;***\&quot;,\&quot;FULL_NAME\&quot;:\&quot;HEN*****  ***\&quot;,\&quot;SPECIALIST_NAME\&quot;:\&quot;SpJP\&quot;,\&quot;IS_UPCOUNTRY\&quot;:null,\&quot;TOTAL_SCHEDULE\&quot;:0,\&quot;IS_HAVING_BEST_TIME_VISIT\&quot;:0,\&quot;MONDAY_DAY\&quot;:0,\&quot;MONDAY_NIGHT\&quot;:0,\&quot;TUESDAY_DAY\&quot;:0,\&quot;TUESDAY_NIGHT\&quot;:0,\&quot;WEDNESDAY_DAY\&quot;:0,\&quot;WEDNESDAY_NIGHT\&quot;:0,\&quot;THURSDAY_DAY\&quot;:0,\&quot;THURSDAY_NIGHT\&quot;:0,\&quot;FRIDAY_DAY\&quot;:0,\&quot;FRIDAY_NIGHT\&quot;:0,\&quot;PERSON_TYPE_DAY_NIGHT\&quot;:null}&quot;&#10;Schema validation failed for item at index 39: &#10;Expected: The content to match the given JSON schema.&#10;error: instance value (null) not found in enum (possible values: [0,1])&#10;    level: &quot;error&quot;&#10;    schema: {&quot;loadingURI&quot;:&quot;file:/D:/Learning/Revou/QA/CallPlan-Testing/target/test-classes/schemas/GetMasterList.json#&quot;,&quot;pointer&quot;:&quot;/properties/IS_UPCOUNTRY&quot;}&#10;    instance: {&quot;pointer&quot;:&quot;/IS_UPCOUNTRY&quot;}&#10;    domain: &quot;validation&quot;&#10;    keyword: &quot;enum&quot;&#10;    value: null&#10;    enum: [0,1]&#10;error: instance type (null) does not match any allowed primitive type (allowed: [&quot;integer&quot;])&#10;    level: &quot;error&quot;&#10;    schema: {&quot;loadingURI&quot;:&quot;file:/D:/Learning/Revou/QA/CallPlan-Testing/target/test-classes/schemas/GetMasterList.json#&quot;,&quot;pointer&quot;:&quot;/properties/IS_UPCOUNTRY&quot;}&#10;    instance: {&quot;pointer&quot;:&quot;/IS_UPCOUNTRY&quot;}&#10;    domain: &quot;validation&quot;&#10;    keyword: &quot;type&quot;&#10;    found: &quot;null&quot;&#10;    expected: [&quot;integer&quot;]&#10;error: instance value (null) not found in enum (possible values: [&quot;N&quot;,&quot;D&quot;])&#10;    level: &quot;error&quot;&#10;    schema: {&quot;loadingURI&quot;:&quot;file:/D:/Learning/Revou/QA/CallPlan-Testing/target/test-classes/schemas/GetMasterList.json#&quot;,&quot;pointer&quot;:&quot;/properties/PERSON_TYPE_DAY_NIGHT&quot;}&#10;    instance: {&quot;pointer&quot;:&quot;/PERSON_TYPE_DAY_NIGHT&quot;}&#10;    domain: &quot;validation&quot;&#10;    keyword: &quot;enum&quot;&#10;    value: null&#10;    enum: [&quot;N&quot;,&quot;D&quot;]&#10;error: instance type (null) does not match any allowed primitive type (allowed: [&quot;string&quot;])&#10;    level: &quot;error&quot;&#10;    schema: {&quot;loadingURI&quot;:&quot;file:/D:/Learning/Revou/QA/CallPlan-Testing/target/test-classes/schemas/GetMasterList.json#&quot;,&quot;pointer&quot;:&quot;/properties/PERSON_TYPE_DAY_NIGHT&quot;}&#10;    instance: {&quot;pointer&quot;:&quot;/PERSON_TYPE_DAY_NIGHT&quot;}&#10;    domain: &quot;validation&quot;&#10;    keyword: &quot;type&quot;&#10;    found: &quot;null&quot;&#10;    expected: [&quot;string&quot;]&#10;&#10;     but: was &quot;{\&quot;RAYON_ID\&quot;:2952,\&quot;RAYON_CODE\&quot;:\&quot;TGRVIC0101\&quot;,\&quot;AREA_ID\&quot;:40,\&quot;AREA_CODE\&quot;:\&quot;TGR\&quot;,\&quot;PERSON_ID\&quot;:2567,\&quot;PERSON_CODE\&quot;:\&quot;CRM240512025344\&quot;,\&quot;PERSON_TYPE_NAME\&quot;:\&quot;CRM\&quot;,\&quot;FIRST_NAME\&quot;:\&quot;HER**\&quot;,\&quot;LAST_NAME\&quot;:\&quot;SUM******\&quot;,\&quot;FULL_NAME\&quot;:\&quot;HER** SUM******\&quot;,\&quot;SPECIALIST_NAME\&quot;:\&quot;GP\&quot;,\&quot;IS_UPCOUNTRY\&quot;:null,\&quot;TOTAL_SCHEDULE\&quot;:0,\&quot;IS_HAVING_BEST_TIME_VISIT\&quot;:0,\&quot;MONDAY_DAY\&quot;:0,\&quot;MONDAY_NIGHT\&quot;:0,\&quot;TUESDAY_DAY\&quot;:0,\&quot;TUESDAY_NIGHT\&quot;:0,\&quot;WEDNESDAY_DAY\&quot;:0,\&quot;WEDNESDAY_NIGHT\&quot;:0,\&quot;THURSDAY_DAY\&quot;:0,\&quot;THURSDAY_NIGHT\&quot;:0,\&quot;FRIDAY_DAY\&quot;:0,\&quot;FRIDAY_NIGHT\&quot;:0,\&quot;PERSON_TYPE_DAY_NIGHT\&quot;:null}&quot;&#10;Schema validation failed for item at index 40: &#10;Expected: The content to match the given JSON schema.&#10;error: instance value (null) not found in enum (possible values: [0,1])&#10;    level: &quot;error&quot;&#10;    schema: {&quot;loadingURI&quot;:&quot;file:/D:/Learning/Revou/QA/CallPlan-Testing/target/test-classes/schemas/GetMasterList.json#&quot;,&quot;pointer&quot;:&quot;/properties/IS_UPCOUNTRY&quot;}&#10;    instance: {&quot;pointer&quot;:&quot;/IS_UPCOUNTRY&quot;}&#10;    domain: &quot;validation&quot;&#10;    keyword: &quot;enum&quot;&#10;    value: null&#10;    enum: [0,1]&#10;error: instance type (null) does not match any allowed primitive type (allowed: [&quot;integer&quot;])&#10;    level: &quot;error&quot;&#10;    schema: {&quot;loadingURI&quot;:&quot;file:/D:/Learning/Revou/QA/CallPlan-Testing/target/test-classes/schemas/GetMasterList.json#&quot;,&quot;pointer&quot;:&quot;/properties/IS_UPCOUNTRY&quot;}&#10;    instance: {&quot;pointer&quot;:&quot;/IS_UPCOUNTRY&quot;}&#10;    domain: &quot;validation&quot;&#10;    keyword: &quot;type&quot;&#10;    found: &quot;null&quot;&#10;    expected: [&quot;integer&quot;]&#10;error: instance value (null) not found in enum (possible values: [&quot;N&quot;,&quot;D&quot;])&#10;    level: &quot;error&quot;&#10;    schema: {&quot;loadingURI&quot;:&quot;file:/D:/Learning/Revou/QA/CallPlan-Testing/target/test-classes/schemas/GetMasterList.json#&quot;,&quot;pointer&quot;:&quot;/properties/PERSON_TYPE_DAY_NIGHT&quot;}&#10;    instance: {&quot;pointer&quot;:&quot;/PERSON_TYPE_DAY_NIGHT&quot;}&#10;    domain: &quot;validation&quot;&#10;    keyword: &quot;enum&quot;&#10;    value: null&#10;    enum: [&quot;N&quot;,&quot;D&quot;]&#10;error: instance type (null) does not match any allowed primitive type (allowed: [&quot;string&quot;])&#10;    level: &quot;error&quot;&#10;    schema: {&quot;loadingURI&quot;:&quot;file:/D:/Learning/Revou/QA/CallPlan-Testing/target/test-classes/schemas/GetMasterList.json#&quot;,&quot;pointer&quot;:&quot;/properties/PERSON_TYPE_DAY_NIGHT&quot;}&#10;    instance: {&quot;pointer&quot;:&quot;/PERSON_TYPE_DAY_NIGHT&quot;}&#10;    domain: &quot;validation&quot;&#10;    keyword: &quot;type&quot;&#10;    found: &quot;null&quot;&#10;    expected: [&quot;string&quot;]&#10;&#10;     but: was &quot;{\&quot;RAYON_ID\&quot;:2952,\&quot;RAYON_CODE\&quot;:\&quot;TGRVIC0101\&quot;,\&quot;AREA_ID\&quot;:40,\&quot;AREA_CODE\&quot;:\&quot;TGR\&quot;,\&quot;PERSON_ID\&quot;:112634,\&quot;PERSON_CODE\&quot;:\&quot;CRM402301000133\&quot;,\&quot;PERSON_TYPE_NAME\&quot;:\&quot;CRM\&quot;,\&quot;FIRST_NAME\&quot;:\&quot;IBN* ****\&quot;,\&quot;LAST_NAME\&quot;:\&quot;M. ******\&quot;,\&quot;FULL_NAME\&quot;:\&quot;IBN* **** M. ******\&quot;,\&quot;SPECIALIST_NAME\&quot;:\&quot;SpOG\&quot;,\&quot;IS_UPCOUNTRY\&quot;:null,\&quot;TOTAL_SCHEDULE\&quot;:0,\&quot;IS_HAVING_BEST_TIME_VISIT\&quot;:0,\&quot;MONDAY_DAY\&quot;:0,\&quot;MONDAY_NIGHT\&quot;:0,\&quot;TUESDAY_DAY\&quot;:0,\&quot;TUESDAY_NIGHT\&quot;:0,\&quot;WEDNESDAY_DAY\&quot;:0,\&quot;WEDNESDAY_NIGHT\&quot;:0,\&quot;THURSDAY_DAY\&quot;:0,\&quot;THURSDAY_NIGHT\&quot;:0,\&quot;FRIDAY_DAY\&quot;:0,\&quot;FRIDAY_NIGHT\&quot;:0,\&quot;PERSON_TYPE_DAY_NIGHT\&quot;:null}&quot;&#10;Schema validation failed for item at index 41: &#10;Expected: The content to match the given JSON schema.&#10;error: instance value (null) not found in enum (possible values: [0,1])&#10;    level: &quot;error&quot;&#10;    schema: {&quot;loadingURI&quot;:&quot;file:/D:/Learning/Revou/QA/CallPlan-Testing/target/test-classes/schemas/GetMasterList.json#&quot;,&quot;pointer&quot;:&quot;/properties/IS_UPCOUNTRY&quot;}&#10;    instance: {&quot;pointer&quot;:&quot;/IS_UPCOUNTRY&quot;}&#10;    domain: &quot;validation&quot;&#10;    keyword: &quot;enum&quot;&#10;    value: null&#10;    enum: [0,1]&#10;error: instance type (null) does not match any allowed primitive type (allowed: [&quot;integer&quot;])&#10;    level: &quot;error&quot;&#10;    schema: {&quot;loadingURI&quot;:&quot;file:/D:/Learning/Revou/QA/CallPlan-Testing/target/test-classes/schemas/GetMasterList.json#&quot;,&quot;pointer&quot;:&quot;/properties/IS_UPCOUNTRY&quot;}&#10;    instance: {&quot;pointer&quot;:&quot;/IS_UPCOUNTRY&quot;}&#10;    domain: &quot;validation&quot;&#10;    keyword: &quot;type&quot;&#10;    found: &quot;null&quot;&#10;    expected: [&quot;integer&quot;]&#10;error: instance value (null) not found in enum (possible values: [&quot;N&quot;,&quot;D&quot;])&#10;    level: &quot;error&quot;&#10;    schema: {&quot;loadingURI&quot;:&quot;file:/D:/Learning/Revou/QA/CallPlan-Testing/target/test-classes/schemas/GetMasterList.json#&quot;,&quot;pointer&quot;:&quot;/properties/PERSON_TYPE_DAY_NIGHT&quot;}&#10;    instance: {&quot;pointer&quot;:&quot;/PERSON_TYPE_DAY_NIGHT&quot;}&#10;    domain: &quot;validation&quot;&#10;    keyword: &quot;enum&quot;&#10;    value: null&#10;    enum: [&quot;N&quot;,&quot;D&quot;]&#10;error: instance type (null) does not match any allowed primitive type (allowed: [&quot;string&quot;])&#10;    level: &quot;error&quot;&#10;    schema: {&quot;loadingURI&quot;:&quot;file:/D:/Learning/Revou/QA/CallPlan-Testing/target/test-classes/schemas/GetMasterList.json#&quot;,&quot;pointer&quot;:&quot;/properties/PERSON_TYPE_DAY_NIGHT&quot;}&#10;    instance: {&quot;pointer&quot;:&quot;/PERSON_TYPE_DAY_NIGHT&quot;}&#10;    domain: &quot;validation&quot;&#10;    keyword: &quot;type&quot;&#10;    found: &quot;null&quot;&#10;    expected: [&quot;string&quot;]&#10;&#10;     but: was &quot;{\&quot;RAYON_ID\&quot;:2952,\&quot;RAYON_CODE\&quot;:\&quot;TGRVIC0101\&quot;,\&quot;AREA_ID\&quot;:40,\&quot;AREA_CODE\&quot;:\&quot;TGR\&quot;,\&quot;PERSON_ID\&quot;:93220,\&quot;PERSON_CODE\&quot;:\&quot;CRM402001000225\&quot;,\&quot;PERSON_TYPE_NAME\&quot;:\&quot;CRM\&quot;,\&quot;FIRST_NAME\&quot;:\&quot;IFT****\&quot;,\&quot;LAST_NAME\&quot;:\&quot;ABD*****\&quot;,\&quot;FULL_NAME\&quot;:\&quot;IFT**** ABD*****\&quot;,\&quot;SPECIALIST_NAME\&quot;:\&quot;SpOG\&quot;,\&quot;IS_UPCOUNTRY\&quot;:null,\&quot;TOTAL_SCHEDULE\&quot;:0,\&quot;IS_HAVING_BEST_TIME_VISIT\&quot;:0,\&quot;MONDAY_DAY\&quot;:0,\&quot;MONDAY_NIGHT\&quot;:0,\&quot;TUESDAY_DAY\&quot;:0,\&quot;TUESDAY_NIGHT\&quot;:0,\&quot;WEDNESDAY_DAY\&quot;:0,\&quot;WEDNESDAY_NIGHT\&quot;:0,\&quot;THURSDAY_DAY\&quot;:0,\&quot;THURSDAY_NIGHT\&quot;:0,\&quot;FRIDAY_DAY\&quot;:0,\&quot;FRIDAY_NIGHT\&quot;:0,\&quot;PERSON_TYPE_DAY_NIGHT\&quot;:null}&quot;&#10;Schema validation failed for item at index 42: &#10;Expected: The content to match the given JSON schema.&#10;error: instance value (null) not found in enum (possible values: [0,1])&#10;    level: &quot;error&quot;&#10;    schema: {&quot;loadingURI&quot;:&quot;file:/D:/Learning/Revou/QA/CallPlan-Testing/target/test-classes/schemas/GetMasterList.json#&quot;,&quot;pointer&quot;:&quot;/properties/IS_UPCOUNTRY&quot;}&#10;    instance: {&quot;pointer&quot;:&quot;/IS_UPCOUNTRY&quot;}&#10;    domain: &quot;validation&quot;&#10;    keyword: &quot;enum&quot;&#10;    value: null&#10;    enum: [0,1]&#10;error: instance type (null) does not match any allowed primitive type (allowed: [&quot;integer&quot;])&#10;    level: &quot;error&quot;&#10;    schema: {&quot;loadingURI&quot;:&quot;file:/D:/Learning/Revou/QA/CallPlan-Testing/target/test-classes/schemas/GetMasterList.json#&quot;,&quot;pointer&quot;:&quot;/properties/IS_UPCOUNTRY&quot;}&#10;    instance: {&quot;pointer&quot;:&quot;/IS_UPCOUNTRY&quot;}&#10;    domain: &quot;validation&quot;&#10;    keyword: &quot;type&quot;&#10;    found: &quot;null&quot;&#10;    expected: [&quot;integer&quot;]&#10;&#10;     but: was &quot;{\&quot;RAYON_ID\&quot;:2952,\&quot;RAYON_CODE\&quot;:\&quot;TGRVIC0101\&quot;,\&quot;AREA_ID\&quot;:40,\&quot;AREA_CODE\&quot;:\&quot;TGR\&quot;,\&quot;PERSON_ID\&quot;:60316,\&quot;PERSON_CODE\&quot;:\&quot;CRM111301000031\&quot;,\&quot;PERSON_TYPE_NAME\&quot;:\&quot;CRM\&quot;,\&quot;FIRST_NAME\&quot;:\&quot;IND**\&quot;,\&quot;LAST_NAME\&quot;:\&quot;SUK******\&quot;,\&quot;FULL_NAME\&quot;:\&quot;IND** SUK******\&quot;,\&quot;SPECIALIST_NAME\&quot;:\&quot;GP\&quot;,\&quot;IS_UPCOUNTRY\&quot;:null,\&quot;TOTAL_SCHEDULE\&quot;:0,\&quot;IS_HAVING_BEST_TIME_VISIT\&quot;:0,\&quot;MONDAY_DAY\&quot;:0,\&quot;MONDAY_NIGHT\&quot;:1,\&quot;TUESDAY_DAY\&quot;:0,\&quot;TUESDAY_NIGHT\&quot;:1,\&quot;WEDNESDAY_DAY\&quot;:0,\&quot;WEDNESDAY_NIGHT\&quot;:1,\&quot;THURSDAY_DAY\&quot;:0,\&quot;THURSDAY_NIGHT\&quot;:1,\&quot;FRIDAY_DAY\&quot;:0,\&quot;FRIDAY_NIGHT\&quot;:1,\&quot;PERSON_TYPE_DAY_NIGHT\&quot;:\&quot;N\&quot;}&quot;&#10;Schema validation failed for item at index 43: &#10;Expected: The content to match the given JSON schema.&#10;error: instance value (null) not found in enum (possible values: [0,1])&#10;    level: &quot;error&quot;&#10;    schema: {&quot;loadingURI&quot;:&quot;file:/D:/Learning/Revou/QA/CallPlan-Testing/target/test-classes/schemas/GetMasterList.json#&quot;,&quot;pointer&quot;:&quot;/properties/IS_UPCOUNTRY&quot;}&#10;    instance: {&quot;pointer&quot;:&quot;/IS_UPCOUNTRY&quot;}&#10;    domain: &quot;validation&quot;&#10;    keyword: &quot;enum&quot;&#10;    value: null&#10;    enum: [0,1]&#10;error: instance type (null) does not match any allowed primitive type (allowed: [&quot;integer&quot;])&#10;    level: &quot;error&quot;&#10;    schema: {&quot;loadingURI&quot;:&quot;file:/D:/Learning/Revou/QA/CallPlan-Testing/target/test-classes/schemas/GetMasterList.json#&quot;,&quot;pointer&quot;:&quot;/properties/IS_UPCOUNTRY&quot;}&#10;    instance: {&quot;pointer&quot;:&quot;/IS_UPCOUNTRY&quot;}&#10;    domain: &quot;validation&quot;&#10;    keyword: &quot;type&quot;&#10;    found: &quot;null&quot;&#10;    expected: [&quot;integer&quot;]&#10;error: instance value (null) not found in enum (possible values: [&quot;N&quot;,&quot;D&quot;])&#10;    level: &quot;error&quot;&#10;    schema: {&quot;loadingURI&quot;:&quot;file:/D:/Learning/Revou/QA/CallPlan-Testing/target/test-classes/schemas/GetMasterList.json#&quot;,&quot;pointer&quot;:&quot;/properties/PERSON_TYPE_DAY_NIGHT&quot;}&#10;    instance: {&quot;pointer&quot;:&quot;/PERSON_TYPE_DAY_NIGHT&quot;}&#10;    domain: &quot;validation&quot;&#10;    keyword: &quot;enum&quot;&#10;    value: null&#10;    enum: [&quot;N&quot;,&quot;D&quot;]&#10;error: instance type (null) does not match any allowed primitive type (allowed: [&quot;string&quot;])&#10;    level: &quot;error&quot;&#10;    schema: {&quot;loadingURI&quot;:&quot;file:/D:/Learning/Revou/QA/CallPlan-Testing/target/test-classes/schemas/GetMasterList.json#&quot;,&quot;pointer&quot;:&quot;/properties/PERSON_TYPE_DAY_NIGHT&quot;}&#10;    instance: {&quot;pointer&quot;:&quot;/PERSON_TYPE_DAY_NIGHT&quot;}&#10;    domain: &quot;validation&quot;&#10;    keyword: &quot;type&quot;&#10;    found: &quot;null&quot;&#10;    expected: [&quot;string&quot;]&#10;&#10;     but: was &quot;{\&quot;RAYON_ID\&quot;:2952,\&quot;RAYON_CODE\&quot;:\&quot;TGRVIC0101\&quot;,\&quot;AREA_ID\&quot;:40,\&quot;AREA_CODE\&quot;:\&quot;TGR\&quot;,\&quot;PERSON_ID\&quot;:106715,\&quot;PERSON_CODE\&quot;:\&quot;CRM402205002962\&quot;,\&quot;PERSON_TYPE_NAME\&quot;:\&quot;CRM\&quot;,\&quot;FIRST_NAME\&quot;:\&quot;ING***\&quot;,\&quot;LAST_NAME\&quot;:\&quot;FEL**** ******* ********\&quot;,\&quot;FULL_NAME\&quot;:\&quot;ING*** FEL**** ******* ********\&quot;,\&quot;SPECIALIST_NAME\&quot;:\&quot;GP\&quot;,\&quot;IS_UPCOUNTRY\&quot;:null,\&quot;TOTAL_SCHEDULE\&quot;:0,\&quot;IS_HAVING_BEST_TIME_VISIT\&quot;:0,\&quot;MONDAY_DAY\&quot;:0,\&quot;MONDAY_NIGHT\&quot;:0,\&quot;TUESDAY_DAY\&quot;:0,\&quot;TUESDAY_NIGHT\&quot;:0,\&quot;WEDNESDAY_DAY\&quot;:0,\&quot;WEDNESDAY_NIGHT\&quot;:0,\&quot;THURSDAY_DAY\&quot;:0,\&quot;THURSDAY_NIGHT\&quot;:0,\&quot;FRIDAY_DAY\&quot;:0,\&quot;FRIDAY_NIGHT\&quot;:0,\&quot;PERSON_TYPE_DAY_NIGHT\&quot;:null}&quot;&#10;Schema validation failed for item at index 44: &#10;Expected: The content to match the given JSON schema.&#10;error: instance value (null) not found in enum (possible values: [0,1])&#10;    level: &quot;error&quot;&#10;    schema: {&quot;loadingURI&quot;:&quot;file:/D:/Learning/Revou/QA/CallPlan-Testing/target/test-classes/schemas/GetMasterList.json#&quot;,&quot;pointer&quot;:&quot;/properties/IS_UPCOUNTRY&quot;}&#10;    instance: {&quot;pointer&quot;:&quot;/IS_UPCOUNTRY&quot;}&#10;    domain: &quot;validation&quot;&#10;    keyword: &quot;enum&quot;&#10;    value: null&#10;    enum: [0,1]&#10;error: instance type (null) does not match any allowed primitive type (allowed: [&quot;integer&quot;])&#10;    level: &quot;error&quot;&#10;    schema: {&quot;loadingURI&quot;:&quot;file:/D:/Learning/Revou/QA/CallPlan-Testing/target/test-classes/schemas/GetMasterList.json#&quot;,&quot;pointer&quot;:&quot;/properties/IS_UPCOUNTRY&quot;}&#10;    instance: {&quot;pointer&quot;:&quot;/IS_UPCOUNTRY&quot;}&#10;    domain: &quot;validation&quot;&#10;    keyword: &quot;type&quot;&#10;    found: &quot;null&quot;&#10;    expected: [&quot;integer&quot;]&#10;&#10;     but: was &quot;{\&quot;RAYON_ID\&quot;:2952,\&quot;RAYON_CODE\&quot;:\&quot;TGRVIC0101\&quot;,\&quot;AREA_ID\&quot;:40,\&quot;AREA_CODE\&quot;:\&quot;TGR\&quot;,\&quot;PERSON_ID\&quot;:70780,\&quot;PERSON_CODE\&quot;:\&quot;CRM11503001026\&quot;,\&quot;PERSON_TYPE_NAME\&quot;:\&quot;CRM\&quot;,\&quot;FIRST_NAME\&quot;:\&quot;ING***\&quot;,\&quot;LAST_NAME\&quot;:\&quot;MAR** *******\&quot;,\&quot;FULL_NAME\&quot;:\&quot;ING*** MAR** *******\&quot;,\&quot;SPECIALIST_NAME\&quot;:\&quot;SpJP\&quot;,\&quot;IS_UPCOUNTRY\&quot;:null,\&quot;TOTAL_SCHEDULE\&quot;:0,\&quot;IS_HAVING_BEST_TIME_VISIT\&quot;:0,\&quot;MONDAY_DAY\&quot;:0,\&quot;MONDAY_NIGHT\&quot;:1,\&quot;TUESDAY_DAY\&quot;:0,\&quot;TUESDAY_NIGHT\&quot;:1,\&quot;WEDNESDAY_DAY\&quot;:0,\&quot;WEDNESDAY_NIGHT\&quot;:1,\&quot;THURSDAY_DAY\&quot;:0,\&quot;THURSDAY_NIGHT\&quot;:1,\&quot;FRIDAY_DAY\&quot;:0,\&quot;FRIDAY_NIGHT\&quot;:1,\&quot;PERSON_TYPE_DAY_NIGHT\&quot;:\&quot;N\&quot;}&quot;&#10;Schema validation failed for item at index 45: &#10;Expected: The content to match the given JSON schema.&#10;error: instance value (null) not found in enum (possible values: [0,1])&#10;    level: &quot;error&quot;&#10;    schema: {&quot;loadingURI&quot;:&quot;file:/D:/Learning/Revou/QA/CallPlan-Testing/target/test-classes/schemas/GetMasterList.json#&quot;,&quot;pointer&quot;:&quot;/properties/IS_UPCOUNTRY&quot;}&#10;    instance: {&quot;pointer&quot;:&quot;/IS_UPCOUNTRY&quot;}&#10;    domain: &quot;validation&quot;&#10;    keyword: &quot;enum&quot;&#10;    value: null&#10;    enum: [0,1]&#10;error: instance type (null) does not match any allowed primitive type (allowed: [&quot;integer&quot;])&#10;    level: &quot;error&quot;&#10;    schema: {&quot;loadingURI&quot;:&quot;file:/D:/Learning/Revou/QA/CallPlan-Testing/target/test-classes/schemas/GetMasterList.json#&quot;,&quot;pointer&quot;:&quot;/properties/IS_UPCOUNTRY&quot;}&#10;    instance: {&quot;pointer&quot;:&quot;/IS_UPCOUNTRY&quot;}&#10;    domain: &quot;validation&quot;&#10;    keyword: &quot;type&quot;&#10;    found: &quot;null&quot;&#10;    expected: [&quot;integer&quot;]&#10;&#10;     but: was &quot;{\&quot;RAYON_ID\&quot;:2952,\&quot;RAYON_CODE\&quot;:\&quot;TGRVIC0101\&quot;,\&quot;AREA_ID\&quot;:40,\&quot;AREA_CODE\&quot;:\&quot;TGR\&quot;,\&quot;PERSON_ID\&quot;:106868,\&quot;PERSON_CODE\&quot;:\&quot;CRM292205003115\&quot;,\&quot;PERSON_TYPE_NAME\&quot;:\&quot;CRM\&quot;,\&quot;FIRST_NAME\&quot;:\&quot;IRE** *******\&quot;,\&quot;LAST_NAME\&quot;:\&quot;TAN***\&quot;,\&quot;FULL_NAME\&quot;:\&quot;IRE** ******* TAN***\&quot;,\&quot;SPECIALIST_NAME\&quot;:\&quot;SpA\&quot;,\&quot;IS_UPCOUNTRY\&quot;:null,\&quot;TOTAL_SCHEDULE\&quot;:0,\&quot;IS_HAVING_BEST_TIME_VISIT\&quot;:0,\&quot;MONDAY_DAY\&quot;:1,\&quot;MONDAY_NIGHT\&quot;:0,\&quot;TUESDAY_DAY\&quot;:1,\&quot;TUESDAY_NIGHT\&quot;:0,\&quot;WEDNESDAY_DAY\&quot;:1,\&quot;WEDNESDAY_NIGHT\&quot;:0,\&quot;THURSDAY_DAY\&quot;:1,\&quot;THURSDAY_NIGHT\&quot;:0,\&quot;FRIDAY_DAY\&quot;:1,\&quot;FRIDAY_NIGHT\&quot;:0,\&quot;PERSON_TYPE_DAY_NIGHT\&quot;:\&quot;D\&quot;}&quot;&#10;Schema validation failed for item at index 46: &#10;Expected: The content to match the given JSON schema.&#10;error: instance value (null) not found in enum (possible values: [0,1])&#10;    level: &quot;error&quot;&#10;    schema: {&quot;loadingURI&quot;:&quot;file:/D:/Learning/Revou/QA/CallPlan-Testing/target/test-classes/schemas/GetMasterList.json#&quot;,&quot;pointer&quot;:&quot;/properties/IS_UPCOUNTRY&quot;}&#10;    instance: {&quot;pointer&quot;:&quot;/IS_UPCOUNTRY&quot;}&#10;    domain: &quot;validation&quot;&#10;    keyword: &quot;enum&quot;&#10;    value: null&#10;    enum: [0,1]&#10;error: instance type (null) does not match any allowed primitive type (allowed: [&quot;integer&quot;])&#10;    level: &quot;error&quot;&#10;    schema: {&quot;loadingURI&quot;:&quot;file:/D:/Learning/Revou/QA/CallPlan-Testing/target/test-classes/schemas/GetMasterList.json#&quot;,&quot;pointer&quot;:&quot;/properties/IS_UPCOUNTRY&quot;}&#10;    instance: {&quot;pointer&quot;:&quot;/IS_UPCOUNTRY&quot;}&#10;    domain: &quot;validation&quot;&#10;    keyword: &quot;type&quot;&#10;    found: &quot;null&quot;&#10;    expected: [&quot;integer&quot;]&#10;&#10;     but: was &quot;{\&quot;RAYON_ID\&quot;:2952,\&quot;RAYON_CODE\&quot;:\&quot;TGRVIC0101\&quot;,\&quot;AREA_ID\&quot;:40,\&quot;AREA_CODE\&quot;:\&quot;TGR\&quot;,\&quot;PERSON_ID\&quot;:52797,\&quot;PERSON_CODE\&quot;:\&quot;CRM11110003416\&quot;,\&quot;PERSON_TYPE_NAME\&quot;:\&quot;CRM\&quot;,\&quot;FIRST_NAME\&quot;:\&quot;JAC****\&quot;,\&quot;LAST_NAME\&quot;:\&quot;JEN* ********\&quot;,\&quot;FULL_NAME\&quot;:\&quot;JAC**** JEN* ********\&quot;,\&quot;SPECIALIST_NAME\&quot;:\&quot;SpOG\&quot;,\&quot;IS_UPCOUNTRY\&quot;:null,\&quot;TOTAL_SCHEDULE\&quot;:0,\&quot;IS_HAVING_BEST_TIME_VISIT\&quot;:0,\&quot;MONDAY_DAY\&quot;:1,\&quot;MONDAY_NIGHT\&quot;:0,\&quot;TUESDAY_DAY\&quot;:1,\&quot;TUESDAY_NIGHT\&quot;:0,\&quot;WEDNESDAY_DAY\&quot;:1,\&quot;WEDNESDAY_NIGHT\&quot;:0,\&quot;THURSDAY_DAY\&quot;:1,\&quot;THURSDAY_NIGHT\&quot;:0,\&quot;FRIDAY_DAY\&quot;:1,\&quot;FRIDAY_NIGHT\&quot;:0,\&quot;PERSON_TYPE_DAY_NIGHT\&quot;:\&quot;D\&quot;}&quot;&#10;Schema validation failed for item at index 47: &#10;Expected: The content to match the given JSON schema.&#10;error: instance value (null) not found in enum (possible values: [0,1])&#10;    level: &quot;error&quot;&#10;    schema: {&quot;loadingURI&quot;:&quot;file:/D:/Learning/Revou/QA/CallPlan-Testing/target/test-classes/schemas/GetMasterList.json#&quot;,&quot;pointer&quot;:&quot;/properties/IS_UPCOUNTRY&quot;}&#10;    instance: {&quot;pointer&quot;:&quot;/IS_UPCOUNTRY&quot;}&#10;    domain: &quot;validation&quot;&#10;    keyword: &quot;enum&quot;&#10;    value: null&#10;    enum: [0,1]&#10;error: instance type (null) does not match any allowed primitive type (allowed: [&quot;integer&quot;])&#10;    level: &quot;error&quot;&#10;    schema: {&quot;loadingURI&quot;:&quot;file:/D:/Learning/Revou/QA/CallPlan-Testing/target/test-classes/schemas/GetMasterList.json#&quot;,&quot;pointer&quot;:&quot;/properties/IS_UPCOUNTRY&quot;}&#10;    instance: {&quot;pointer&quot;:&quot;/IS_UPCOUNTRY&quot;}&#10;    domain: &quot;validation&quot;&#10;    keyword: &quot;type&quot;&#10;    found: &quot;null&quot;&#10;    expected: [&quot;integer&quot;]&#10;error: instance value (null) not found in enum (possible values: [&quot;N&quot;,&quot;D&quot;])&#10;    level: &quot;error&quot;&#10;    schema: {&quot;loadingURI&quot;:&quot;file:/D:/Learning/Revou/QA/CallPlan-Testing/target/test-classes/schemas/GetMasterList.json#&quot;,&quot;pointer&quot;:&quot;/properties/PERSON_TYPE_DAY_NIGHT&quot;}&#10;    instance: {&quot;pointer&quot;:&quot;/PERSON_TYPE_DAY_NIGHT&quot;}&#10;    domain: &quot;validation&quot;&#10;    keyword: &quot;enum&quot;&#10;    value: null&#10;    enum: [&quot;N&quot;,&quot;D&quot;]&#10;error: instance type (null) does not match any allowed primitive type (allowed: [&quot;string&quot;])&#10;    level: &quot;error&quot;&#10;    schema: {&quot;loadingURI&quot;:&quot;file:/D:/Learning/Revou/QA/CallPlan-Testing/target/test-classes/schemas/GetMasterList.json#&quot;,&quot;pointer&quot;:&quot;/properties/PERSON_TYPE_DAY_NIGHT&quot;}&#10;    instance: {&quot;pointer&quot;:&quot;/PERSON_TYPE_DAY_NIGHT&quot;}&#10;    domain: &quot;validation&quot;&#10;    keyword: &quot;type&quot;&#10;    found: &quot;null&quot;&#10;    expected: [&quot;string&quot;]&#10;&#10;     but: was &quot;{\&quot;RAYON_ID\&quot;:2952,\&quot;RAYON_CODE\&quot;:\&quot;TGRVIC0101\&quot;,\&quot;AREA_ID\&quot;:40,\&quot;AREA_CODE\&quot;:\&quot;TGR\&quot;,\&quot;PERSON_ID\&quot;:10810,\&quot;PERSON_CODE\&quot;:\&quot;CRM7601041674\&quot;,\&quot;PERSON_TYPE_NAME\&quot;:\&quot;CRM\&quot;,\&quot;FIRST_NAME\&quot;:\&quot;JER**\&quot;,\&quot;LAST_NAME\&quot;:\&quot;WID****\&quot;,\&quot;FULL_NAME\&quot;:\&quot;JER** WID****\&quot;,\&quot;SPECIALIST_NAME\&quot;:\&quot;GP\&quot;,\&quot;IS_UPCOUNTRY\&quot;:null,\&quot;TOTAL_SCHEDULE\&quot;:0,\&quot;IS_HAVING_BEST_TIME_VISIT\&quot;:0,\&quot;MONDAY_DAY\&quot;:0,\&quot;MONDAY_NIGHT\&quot;:0,\&quot;TUESDAY_DAY\&quot;:0,\&quot;TUESDAY_NIGHT\&quot;:0,\&quot;WEDNESDAY_DAY\&quot;:0,\&quot;WEDNESDAY_NIGHT\&quot;:0,\&quot;THURSDAY_DAY\&quot;:0,\&quot;THURSDAY_NIGHT\&quot;:0,\&quot;FRIDAY_DAY\&quot;:0,\&quot;FRIDAY_NIGHT\&quot;:0,\&quot;PERSON_TYPE_DAY_NIGHT\&quot;:null}&quot;&#10;Schema validation failed for item at index 48: &#10;Expected: The content to match the given JSON schema.&#10;error: instance value (null) not found in enum (possible values: [0,1])&#10;    level: &quot;error&quot;&#10;    schema: {&quot;loadingURI&quot;:&quot;file:/D:/Learning/Revou/QA/CallPlan-Testing/target/test-classes/schemas/GetMasterList.json#&quot;,&quot;pointer&quot;:&quot;/properties/IS_UPCOUNTRY&quot;}&#10;    instance: {&quot;pointer&quot;:&quot;/IS_UPCOUNTRY&quot;}&#10;    domain: &quot;validation&quot;&#10;    keyword: &quot;enum&quot;&#10;    value: null&#10;    enum: [0,1]&#10;error: instance type (null) does not match any allowed primitive type (allowed: [&quot;integer&quot;])&#10;    level: &quot;error&quot;&#10;    schema: {&quot;loadingURI&quot;:&quot;file:/D:/Learning/Revou/QA/CallPlan-Testing/target/test-classes/schemas/GetMasterList.json#&quot;,&quot;pointer&quot;:&quot;/properties/IS_UPCOUNTRY&quot;}&#10;    instance: {&quot;pointer&quot;:&quot;/IS_UPCOUNTRY&quot;}&#10;    domain: &quot;validation&quot;&#10;    keyword: &quot;type&quot;&#10;    found: &quot;null&quot;&#10;    expected: [&quot;integer&quot;]&#10;&#10;     but: was &quot;{\&quot;RAYON_ID\&quot;:2952,\&quot;RAYON_CODE\&quot;:\&quot;TGRVIC0101\&quot;,\&quot;AREA_ID\&quot;:40,\&quot;AREA_CODE\&quot;:\&quot;TGR\&quot;,\&quot;PERSON_ID\&quot;:74837,\&quot;PERSON_CODE\&quot;:\&quot;CRM11601000262\&quot;,\&quot;PERSON_TYPE_NAME\&quot;:\&quot;CRM\&quot;,\&quot;FIRST_NAME\&quot;:\&quot;JER**** ******** \&quot;,\&quot;LAST_NAME\&quot;:\&quot;SIR****\&quot;,\&quot;FULL_NAME\&quot;:\&quot;JER**** ********  SIR****\&quot;,\&quot;SPECIALIST_NAME\&quot;:\&quot;GP\&quot;,\&quot;IS_UPCOUNTRY\&quot;:null,\&quot;TOTAL_SCHEDULE\&quot;:0,\&quot;IS_HAVING_BEST_TIME_VISIT\&quot;:0,\&quot;MONDAY_DAY\&quot;:0,\&quot;MONDAY_NIGHT\&quot;:1,\&quot;TUESDAY_DAY\&quot;:0,\&quot;TUESDAY_NIGHT\&quot;:1,\&quot;WEDNESDAY_DAY\&quot;:0,\&quot;WEDNESDAY_NIGHT\&quot;:1,\&quot;THURSDAY_DAY\&quot;:0,\&quot;THURSDAY_NIGHT\&quot;:1,\&quot;FRIDAY_DAY\&quot;:0,\&quot;FRIDAY_NIGHT\&quot;:1,\&quot;PERSON_TYPE_DAY_NIGHT\&quot;:\&quot;N\&quot;}&quot;&#10;Schema validation failed for item at index 49: &#10;Expected: The content to match the given JSON schema.&#10;error: instance value (null) not found in enum (possible values: [0,1])&#10;    level: &quot;error&quot;&#10;    schema: {&quot;loadingURI&quot;:&quot;file:/D:/Learning/Revou/QA/CallPlan-Testing/target/test-classes/schemas/GetMasterList.json#&quot;,&quot;pointer&quot;:&quot;/properties/IS_UPCOUNTRY&quot;}&#10;    instance: {&quot;pointer&quot;:&quot;/IS_UPCOUNTRY&quot;}&#10;    domain: &quot;validation&quot;&#10;    keyword: &quot;enum&quot;&#10;    value: null&#10;    enum: [0,1]&#10;error: instance type (null) does not match any allowed primitive type (allowed: [&quot;integer&quot;])&#10;    level: &quot;error&quot;&#10;    schema: {&quot;loadingURI&quot;:&quot;file:/D:/Learning/Revou/QA/CallPlan-Testing/target/test-classes/schemas/GetMasterList.json#&quot;,&quot;pointer&quot;:&quot;/properties/IS_UPCOUNTRY&quot;}&#10;    instance: {&quot;pointer&quot;:&quot;/IS_UPCOUNTRY&quot;}&#10;    domain: &quot;validation&quot;&#10;    keyword: &quot;type&quot;&#10;    found: &quot;null&quot;&#10;    expected: [&quot;integer&quot;]&#10;error: instance value (null) not found in enum (possible values: [&quot;N&quot;,&quot;D&quot;])&#10;    level: &quot;error&quot;&#10;    schema: {&quot;loadingURI&quot;:&quot;file:/D:/Learning/Revou/QA/CallPlan-Testing/target/test-classes/schemas/GetMasterList.json#&quot;,&quot;pointer&quot;:&quot;/properties/PERSON_TYPE_DAY_NIGHT&quot;}&#10;    instance: {&quot;pointer&quot;:&quot;/PERSON_TYPE_DAY_NIGHT&quot;}&#10;    domain: &quot;validation&quot;&#10;    keyword: &quot;enum&quot;&#10;    value: null&#10;    enum: [&quot;N&quot;,&quot;D&quot;]&#10;error: instance type (null) does not match any allowed primitive type (allowed: [&quot;string&quot;])&#10;    level: &quot;error&quot;&#10;    schema: {&quot;loadingURI&quot;:&quot;file:/D:/Learning/Revou/QA/CallPlan-Testing/target/test-classes/schemas/GetMasterList.json#&quot;,&quot;pointer&quot;:&quot;/properties/PERSON_TYPE_DAY_NIGHT&quot;}&#10;    instance: {&quot;pointer&quot;:&quot;/PERSON_TYPE_DAY_NIGHT&quot;}&#10;    domain: &quot;validation&quot;&#10;    keyword: &quot;type&quot;&#10;    found: &quot;null&quot;&#10;    expected: [&quot;string&quot;]&#10;&#10;     but: was &quot;{\&quot;RAYON_ID\&quot;:2952,\&quot;RAYON_CODE\&quot;:\&quot;TGRVIC0101\&quot;,\&quot;AREA_ID\&quot;:40,\&quot;AREA_CODE\&quot;:\&quot;TGR\&quot;,\&quot;PERSON_ID\&quot;:97325,\&quot;PERSON_CODE\&quot;:\&quot;CRM402011004520\&quot;,\&quot;PERSON_TYPE_NAME\&quot;:\&quot;CRM\&quot;,\&quot;FIRST_NAME\&quot;:\&quot;JOS* ****\&quot;,\&quot;LAST_NAME\&quot;:\&quot;PUT***\&quot;,\&quot;FULL_NAME\&quot;:\&quot;JOS* **** PUT***\&quot;,\&quot;SPECIALIST_NAME\&quot;:\&quot;GP\&quot;,\&quot;IS_UPCOUNTRY\&quot;:null,\&quot;TOTAL_SCHEDULE\&quot;:0,\&quot;IS_HAVING_BEST_TIME_VISIT\&quot;:0,\&quot;MONDAY_DAY\&quot;:0,\&quot;MONDAY_NIGHT\&quot;:0,\&quot;TUESDAY_DAY\&quot;:0,\&quot;TUESDAY_NIGHT\&quot;:0,\&quot;WEDNESDAY_DAY\&quot;:0,\&quot;WEDNESDAY_NIGHT\&quot;:0,\&quot;THURSDAY_DAY\&quot;:0,\&quot;THURSDAY_NIGHT\&quot;:0,\&quot;FRIDAY_DAY\&quot;:0,\&quot;FRIDAY_NIGHT\&quot;:0,\&quot;PERSON_TYPE_DAY_NIGHT\&quot;:null}&quot;&#10;Schema validation failed for item at index 50: &#10;Expected: The content to match the given JSON schema.&#10;error: instance value (null) not found in enum (possible values: [0,1])&#10;    level: &quot;error&quot;&#10;    schema: {&quot;loadingURI&quot;:&quot;file:/D:/Learning/Revou/QA/CallPlan-Testing/target/test-classes/schemas/GetMasterList.json#&quot;,&quot;pointer&quot;:&quot;/properties/IS_UPCOUNTRY&quot;}&#10;    instance: {&quot;pointer&quot;:&quot;/IS_UPCOUNTRY&quot;}&#10;    domain: &quot;validation&quot;&#10;    keyword: &quot;enum&quot;&#10;    value: null&#10;    enum: [0,1]&#10;error: instance type (null) does not match any allowed primitive type (allowed: [&quot;integer&quot;])&#10;    level: &quot;error&quot;&#10;    schema: {&quot;loadingURI&quot;:&quot;file:/D:/Learning/Revou/QA/CallPlan-Testing/target/test-classes/schemas/GetMasterList.json#&quot;,&quot;pointer&quot;:&quot;/properties/IS_UPCOUNTRY&quot;}&#10;    instance: {&quot;pointer&quot;:&quot;/IS_UPCOUNTRY&quot;}&#10;    domain: &quot;validation&quot;&#10;    keyword: &quot;type&quot;&#10;    found: &quot;null&quot;&#10;    expected: [&quot;integer&quot;]&#10;&#10;     but: was &quot;{\&quot;RAYON_ID\&quot;:2952,\&quot;RAYON_CODE\&quot;:\&quot;TGRVIC0101\&quot;,\&quot;AREA_ID\&quot;:40,\&quot;AREA_CODE\&quot;:\&quot;TGR\&quot;,\&quot;PERSON_ID\&quot;:86106,\&quot;PERSON_CODE\&quot;:\&quot;CRM401807002832\&quot;,\&quot;PERSON_TYPE_NAME\&quot;:\&quot;CRM\&quot;,\&quot;FIRST_NAME\&quot;:\&quot;JUL*** \&quot;,\&quot;LAST_NAME\&quot;:\&quot;D.L. **********\&quot;,\&quot;FULL_NAME\&quot;:\&quot;JUL***  D.L. **********\&quot;,\&quot;SPECIALIST_NAME\&quot;:\&quot;SpOG\&quot;,\&quot;IS_UPCOUNTRY\&quot;:null,\&quot;TOTAL_SCHEDULE\&quot;:0,\&quot;IS_HAVING_BEST_TIME_VISIT\&quot;:0,\&quot;MONDAY_DAY\&quot;:0,\&quot;MONDAY_NIGHT\&quot;:1,\&quot;TUESDAY_DAY\&quot;:0,\&quot;TUESDAY_NIGHT\&quot;:1,\&quot;WEDNESDAY_DAY\&quot;:0,\&quot;WEDNESDAY_NIGHT\&quot;:1,\&quot;THURSDAY_DAY\&quot;:0,\&quot;THURSDAY_NIGHT\&quot;:1,\&quot;FRIDAY_DAY\&quot;:0,\&quot;FRIDAY_NIGHT\&quot;:1,\&quot;PERSON_TYPE_DAY_NIGHT\&quot;:\&quot;N\&quot;}&quot;&#10;Schema validation failed for item at index 51: &#10;Expected: The content to match the given JSON schema.&#10;error: instance value (null) not found in enum (possible values: [0,1])&#10;    level: &quot;error&quot;&#10;    schema: {&quot;loadingURI&quot;:&quot;file:/D:/Learning/Revou/QA/CallPlan-Testing/target/test-classes/schemas/GetMasterList.json#&quot;,&quot;pointer&quot;:&quot;/properties/IS_UPCOUNTRY&quot;}&#10;    instance: {&quot;pointer&quot;:&quot;/IS_UPCOUNTRY&quot;}&#10;    domain: &quot;validation&quot;&#10;    keyword: &quot;enum&quot;&#10;    value: null&#10;    enum: [0,1]&#10;error: instance type (null) does not match any allowed primitive type (allowed: [&quot;integer&quot;])&#10;    level: &quot;error&quot;&#10;    schema: {&quot;loadingURI&quot;:&quot;file:/D:/Learning/Revou/QA/CallPlan-Testing/target/test-classes/schemas/GetMasterList.json#&quot;,&quot;pointer&quot;:&quot;/properties/IS_UPCOUNTRY&quot;}&#10;    instance: {&quot;pointer&quot;:&quot;/IS_UPCOUNTRY&quot;}&#10;    domain: &quot;validation&quot;&#10;    keyword: &quot;type&quot;&#10;    found: &quot;null&quot;&#10;    expected: [&quot;integer&quot;]&#10;error: instance value (null) not found in enum (possible values: [&quot;N&quot;,&quot;D&quot;])&#10;    level: &quot;error&quot;&#10;    schema: {&quot;loadingURI&quot;:&quot;file:/D:/Learning/Revou/QA/CallPlan-Testing/target/test-classes/schemas/GetMasterList.json#&quot;,&quot;pointer&quot;:&quot;/properties/PERSON_TYPE_DAY_NIGHT&quot;}&#10;    instance: {&quot;pointer&quot;:&quot;/PERSON_TYPE_DAY_NIGHT&quot;}&#10;    domain: &quot;validation&quot;&#10;    keyword: &quot;enum&quot;&#10;    value: null&#10;    enum: [&quot;N&quot;,&quot;D&quot;]&#10;error: instance type (null) does not match any allowed primitive type (allowed: [&quot;string&quot;])&#10;    level: &quot;error&quot;&#10;    schema: {&quot;loadingURI&quot;:&quot;file:/D:/Learning/Revou/QA/CallPlan-Testing/target/test-classes/schemas/GetMasterList.json#&quot;,&quot;pointer&quot;:&quot;/properties/PERSON_TYPE_DAY_NIGHT&quot;}&#10;    instance: {&quot;pointer&quot;:&quot;/PERSON_TYPE_DAY_NIGHT&quot;}&#10;    domain: &quot;validation&quot;&#10;    keyword: &quot;type&quot;&#10;    found: &quot;null&quot;&#10;    expected: [&quot;string&quot;]&#10;&#10;     but: was &quot;{\&quot;RAYON_ID\&quot;:2952,\&quot;RAYON_CODE\&quot;:\&quot;TGRVIC0101\&quot;,\&quot;AREA_ID\&quot;:40,\&quot;AREA_CODE\&quot;:\&quot;TGR\&quot;,\&quot;PERSON_ID\&quot;:110006,\&quot;PERSON_CODE\&quot;:\&quot;CRM402209006325\&quot;,\&quot;PERSON_TYPE_NAME\&quot;:\&quot;CRM\&quot;,\&quot;FIRST_NAME\&quot;:\&quot;KAR***\&quot;,\&quot;LAST_NAME\&quot;:\&quot;MAH*****\&quot;,\&quot;FULL_NAME\&quot;:\&quot;KAR*** MAH*****\&quot;,\&quot;SPECIALIST_NAME\&quot;:\&quot;GP\&quot;,\&quot;IS_UPCOUNTRY\&quot;:null,\&quot;TOTAL_SCHEDULE\&quot;:0,\&quot;IS_HAVING_BEST_TIME_VISIT\&quot;:0,\&quot;MONDAY_DAY\&quot;:0,\&quot;MONDAY_NIGHT\&quot;:0,\&quot;TUESDAY_DAY\&quot;:0,\&quot;TUESDAY_NIGHT\&quot;:0,\&quot;WEDNESDAY_DAY\&quot;:0,\&quot;WEDNESDAY_NIGHT\&quot;:0,\&quot;THURSDAY_DAY\&quot;:0,\&quot;THURSDAY_NIGHT\&quot;:0,\&quot;FRIDAY_DAY\&quot;:0,\&quot;FRIDAY_NIGHT\&quot;:0,\&quot;PERSON_TYPE_DAY_NIGHT\&quot;:null}&quot;&#10;Schema validation failed for item at index 52: &#10;Expected: The content to match the given JSON schema.&#10;error: instance value (null) not found in enum (possible values: [0,1])&#10;    level: &quot;error&quot;&#10;    schema: {&quot;loadingURI&quot;:&quot;file:/D:/Learning/Revou/QA/CallPlan-Testing/target/test-classes/schemas/GetMasterList.json#&quot;,&quot;pointer&quot;:&quot;/properties/IS_UPCOUNTRY&quot;}&#10;    instance: {&quot;pointer&quot;:&quot;/IS_UPCOUNTRY&quot;}&#10;    domain: &quot;validation&quot;&#10;    keyword: &quot;enum&quot;&#10;    value: null&#10;    enum: [0,1]&#10;error: instance type (null) does not match any allowed primitive type (allowed: [&quot;integer&quot;])&#10;    level: &quot;error&quot;&#10;    schema: {&quot;loadingURI&quot;:&quot;file:/D:/Learning/Revou/QA/CallPlan-Testing/target/test-classes/schemas/GetMasterList.json#&quot;,&quot;pointer&quot;:&quot;/properties/IS_UPCOUNTRY&quot;}&#10;    instance: {&quot;pointer&quot;:&quot;/IS_UPCOUNTRY&quot;}&#10;    domain: &quot;validation&quot;&#10;    keyword: &quot;type&quot;&#10;    found: &quot;null&quot;&#10;    expected: [&quot;integer&quot;]&#10;&#10;     but: was &quot;{\&quot;RAYON_ID\&quot;:2952,\&quot;RAYON_CODE\&quot;:\&quot;TGRVIC0101\&quot;,\&quot;AREA_ID\&quot;:40,\&quot;AREA_CODE\&quot;:\&quot;TGR\&quot;,\&quot;PERSON_ID\&quot;:78723,\&quot;PERSON_CODE\&quot;:\&quot;CRM401610005703\&quot;,\&quot;PERSON_TYPE_NAME\&quot;:\&quot;CRM\&quot;,\&quot;FIRST_NAME\&quot;:\&quot;KEN** \&quot;,\&quot;LAST_NAME\&quot;:\&quot;FEL****\&quot;,\&quot;FULL_NAME\&quot;:\&quot;KEN**  FEL****\&quot;,\&quot;SPECIALIST_NAME\&quot;:\&quot;GP\&quot;,\&quot;IS_UPCOUNTRY\&quot;:null,\&quot;TOTAL_SCHEDULE\&quot;:0,\&quot;IS_HAVING_BEST_TIME_VISIT\&quot;:0,\&quot;MONDAY_DAY\&quot;:0,\&quot;MONDAY_NIGHT\&quot;:1,\&quot;TUESDAY_DAY\&quot;:0,\&quot;TUESDAY_NIGHT\&quot;:1,\&quot;WEDNESDAY_DAY\&quot;:0,\&quot;WEDNESDAY_NIGHT\&quot;:1,\&quot;THURSDAY_DAY\&quot;:0,\&quot;THURSDAY_NIGHT\&quot;:1,\&quot;FRIDAY_DAY\&quot;:0,\&quot;FRIDAY_NIGHT\&quot;:1,\&quot;PERSON_TYPE_DAY_NIGHT\&quot;:\&quot;N\&quot;}&quot;&#10;Schema validation failed for item at index 53: &#10;Expected: The content to match the given JSON schema.&#10;error: instance value (null) not found in enum (possible values: [0,1])&#10;    level: &quot;error&quot;&#10;    schema: {&quot;loadingURI&quot;:&quot;file:/D:/Learning/Revou/QA/CallPlan-Testing/target/test-classes/schemas/GetMasterList.json#&quot;,&quot;pointer&quot;:&quot;/properties/IS_UPCOUNTRY&quot;}&#10;    instance: {&quot;pointer&quot;:&quot;/IS_UPCOUNTRY&quot;}&#10;    domain: &quot;validation&quot;&#10;    keyword: &quot;enum&quot;&#10;    value: null&#10;    enum: [0,1]&#10;error: instance type (null) does not match any allowed primitive type (allowed: [&quot;integer&quot;])&#10;    level: &quot;error&quot;&#10;    schema: {&quot;loadingURI&quot;:&quot;file:/D:/Learning/Revou/QA/CallPlan-Testing/target/test-classes/schemas/GetMasterList.json#&quot;,&quot;pointer&quot;:&quot;/properties/IS_UPCOUNTRY&quot;}&#10;    instance: {&quot;pointer&quot;:&quot;/IS_UPCOUNTRY&quot;}&#10;    domain: &quot;validation&quot;&#10;    keyword: &quot;type&quot;&#10;    found: &quot;null&quot;&#10;    expected: [&quot;integer&quot;]&#10;error: instance value (null) not found in enum (possible values: [&quot;N&quot;,&quot;D&quot;])&#10;    level: &quot;error&quot;&#10;    schema: {&quot;loadingURI&quot;:&quot;file:/D:/Learning/Revou/QA/CallPlan-Testing/target/test-classes/schemas/GetMasterList.json#&quot;,&quot;pointer&quot;:&quot;/properties/PERSON_TYPE_DAY_NIGHT&quot;}&#10;    instance: {&quot;pointer&quot;:&quot;/PERSON_TYPE_DAY_NIGHT&quot;}&#10;    domain: &quot;validation&quot;&#10;    keyword: &quot;enum&quot;&#10;    value: null&#10;    enum: [&quot;N&quot;,&quot;D&quot;]&#10;error: instance type (null) does not match any allowed primitive type (allowed: [&quot;string&quot;])&#10;    level: &quot;error&quot;&#10;    schema: {&quot;loadingURI&quot;:&quot;file:/D:/Learning/Revou/QA/CallPlan-Testing/target/test-classes/schemas/GetMasterList.json#&quot;,&quot;pointer&quot;:&quot;/properties/PERSON_TYPE_DAY_NIGHT&quot;}&#10;    instance: {&quot;pointer&quot;:&quot;/PERSON_TYPE_DAY_NIGHT&quot;}&#10;    domain: &quot;validation&quot;&#10;    keyword: &quot;type&quot;&#10;    found: &quot;null&quot;&#10;    expected: [&quot;string&quot;]&#10;&#10;     but: was &quot;{\&quot;RAYON_ID\&quot;:2952,\&quot;RAYON_CODE\&quot;:\&quot;TGRVIC0101\&quot;,\&quot;AREA_ID\&quot;:40,\&quot;AREA_CODE\&quot;:\&quot;TGR\&quot;,\&quot;PERSON_ID\&quot;:2651,\&quot;PERSON_CODE\&quot;:\&quot;CRM6405044548\&quot;,\&quot;PERSON_TYPE_NAME\&quot;:\&quot;CRM\&quot;,\&quot;FIRST_NAME\&quot;:\&quot;LEO******\&quot;,\&quot;LAST_NAME\&quot;:\&quot;PAN****** *****\&quot;,\&quot;FULL_NAME\&quot;:\&quot;LEO****** PAN****** *****\&quot;,\&quot;SPECIALIST_NAME\&quot;:\&quot;SpOG\&quot;,\&quot;IS_UPCOUNTRY\&quot;:null,\&quot;TOTAL_SCHEDULE\&quot;:0,\&quot;IS_HAVING_BEST_TIME_VISIT\&quot;:0,\&quot;MONDAY_DAY\&quot;:0,\&quot;MONDAY_NIGHT\&quot;:0,\&quot;TUESDAY_DAY\&quot;:0,\&quot;TUESDAY_NIGHT\&quot;:0,\&quot;WEDNESDAY_DAY\&quot;:0,\&quot;WEDNESDAY_NIGHT\&quot;:0,\&quot;THURSDAY_DAY\&quot;:0,\&quot;THURSDAY_NIGHT\&quot;:0,\&quot;FRIDAY_DAY\&quot;:0,\&quot;FRIDAY_NIGHT\&quot;:0,\&quot;PERSON_TYPE_DAY_NIGHT\&quot;:null}&quot;&#10;Schema validation failed for item at index 54: &#10;Expected: The content to match the given JSON schema.&#10;error: instance value (null) not found in enum (possible values: [0,1])&#10;    level: &quot;error&quot;&#10;    schema: {&quot;loadingURI&quot;:&quot;file:/D:/Learning/Revou/QA/CallPlan-Testing/target/test-classes/schemas/GetMasterList.json#&quot;,&quot;pointer&quot;:&quot;/properties/IS_UPCOUNTRY&quot;}&#10;    instance: {&quot;pointer&quot;:&quot;/IS_UPCOUNTRY&quot;}&#10;    domain: &quot;validation&quot;&#10;    keyword: &quot;enum&quot;&#10;    value: null&#10;    enum: [0,1]&#10;error: instance type (null) does not match any allowed primitive type (allowed: [&quot;integer&quot;])&#10;    level: &quot;error&quot;&#10;    schema: {&quot;loadingURI&quot;:&quot;file:/D:/Learning/Revou/QA/CallPlan-Testing/target/test-classes/schemas/GetMasterList.json#&quot;,&quot;pointer&quot;:&quot;/properties/IS_UPCOUNTRY&quot;}&#10;    instance: {&quot;pointer&quot;:&quot;/IS_UPCOUNTRY&quot;}&#10;    domain: &quot;validation&quot;&#10;    keyword: &quot;type&quot;&#10;    found: &quot;null&quot;&#10;    expected: [&quot;integer&quot;]&#10;&#10;     but: was &quot;{\&quot;RAYON_ID\&quot;:2952,\&quot;RAYON_CODE\&quot;:\&quot;TGRVIC0101\&quot;,\&quot;AREA_ID\&quot;:40,\&quot;AREA_CODE\&quot;:\&quot;TGR\&quot;,\&quot;PERSON_ID\&quot;:57150,\&quot;PERSON_CODE\&quot;:\&quot;CRM551204002229\&quot;,\&quot;PERSON_TYPE_NAME\&quot;:\&quot;CRM\&quot;,\&quot;FIRST_NAME\&quot;:\&quot;LIO****\&quot;,\&quot;LAST_NAME\&quot;:\&quot;DAN*** ********\&quot;,\&quot;FULL_NAME\&quot;:\&quot;LIO**** DAN*** ********\&quot;,\&quot;SPECIALIST_NAME\&quot;:\&quot;GP\&quot;,\&quot;IS_UPCOUNTRY\&quot;:null,\&quot;TOTAL_SCHEDULE\&quot;:0,\&quot;IS_HAVING_BEST_TIME_VISIT\&quot;:0,\&quot;MONDAY_DAY\&quot;:0,\&quot;MONDAY_NIGHT\&quot;:1,\&quot;TUESDAY_DAY\&quot;:0,\&quot;TUESDAY_NIGHT\&quot;:1,\&quot;WEDNESDAY_DAY\&quot;:0,\&quot;WEDNESDAY_NIGHT\&quot;:1,\&quot;THURSDAY_DAY\&quot;:0,\&quot;THURSDAY_NIGHT\&quot;:1,\&quot;FRIDAY_DAY\&quot;:0,\&quot;FRIDAY_NIGHT\&quot;:1,\&quot;PERSON_TYPE_DAY_NIGHT\&quot;:\&quot;N\&quot;}&quot;&#10;Schema validation failed for item at index 55: &#10;Expected: The content to match the given JSON schema.&#10;error: instance value (null) not found in enum (possible values: [0,1])&#10;    level: &quot;error&quot;&#10;    schema: {&quot;loadingURI&quot;:&quot;file:/D:/Learning/Revou/QA/CallPlan-Testing/target/test-classes/schemas/GetMasterList.json#&quot;,&quot;pointer&quot;:&quot;/properties/IS_UPCOUNTRY&quot;}&#10;    instance: {&quot;pointer&quot;:&quot;/IS_UPCOUNTRY&quot;}&#10;    domain: &quot;validation&quot;&#10;    keyword: &quot;enum&quot;&#10;    value: null&#10;    enum: [0,1]&#10;error: instance type (null) does not match any allowed primitive type (allowed: [&quot;integer&quot;])&#10;    level: &quot;error&quot;&#10;    schema: {&quot;loadingURI&quot;:&quot;file:/D:/Learning/Revou/QA/CallPlan-Testing/target/test-classes/schemas/GetMasterList.json#&quot;,&quot;pointer&quot;:&quot;/properties/IS_UPCOUNTRY&quot;}&#10;    instance: {&quot;pointer&quot;:&quot;/IS_UPCOUNTRY&quot;}&#10;    domain: &quot;validation&quot;&#10;    keyword: &quot;type&quot;&#10;    found: &quot;null&quot;&#10;    expected: [&quot;integer&quot;]&#10;error: instance value (null) not found in enum (possible values: [&quot;N&quot;,&quot;D&quot;])&#10;    level: &quot;error&quot;&#10;    schema: {&quot;loadingURI&quot;:&quot;file:/D:/Learning/Revou/QA/CallPlan-Testing/target/test-classes/schemas/GetMasterList.json#&quot;,&quot;pointer&quot;:&quot;/properties/PERSON_TYPE_DAY_NIGHT&quot;}&#10;    instance: {&quot;pointer&quot;:&quot;/PERSON_TYPE_DAY_NIGHT&quot;}&#10;    domain: &quot;validation&quot;&#10;    keyword: &quot;enum&quot;&#10;    value: null&#10;    enum: [&quot;N&quot;,&quot;D&quot;]&#10;error: instance type (null) does not match any allowed primitive type (allowed: [&quot;string&quot;])&#10;    level: &quot;error&quot;&#10;    schema: {&quot;loadingURI&quot;:&quot;file:/D:/Learning/Revou/QA/CallPlan-Testing/target/test-classes/schemas/GetMasterList.json#&quot;,&quot;pointer&quot;:&quot;/properties/PERSON_TYPE_DAY_NIGHT&quot;}&#10;    instance: {&quot;pointer&quot;:&quot;/PERSON_TYPE_DAY_NIGHT&quot;}&#10;    domain: &quot;validation&quot;&#10;    keyword: &quot;type&quot;&#10;    found: &quot;null&quot;&#10;    expected: [&quot;string&quot;]&#10;&#10;     but: was &quot;{\&quot;RAYON_ID\&quot;:2952,\&quot;RAYON_CODE\&quot;:\&quot;TGRVIC0101\&quot;,\&quot;AREA_ID\&quot;:40,\&quot;AREA_CODE\&quot;:\&quot;TGR\&quot;,\&quot;PERSON_ID\&quot;:92446,\&quot;PERSON_CODE\&quot;:\&quot;CRM401912005221\&quot;,\&quot;PERSON_TYPE_NAME\&quot;:\&quot;CRM\&quot;,\&quot;FIRST_NAME\&quot;:\&quot;MAR**\&quot;,\&quot;LAST_NAME\&quot;:\&quot;SUH*****\&quot;,\&quot;FULL_NAME\&quot;:\&quot;MAR** SUH*****\&quot;,\&quot;SPECIALIST_NAME\&quot;:\&quot;GP\&quot;,\&quot;IS_UPCOUNTRY\&quot;:null,\&quot;TOTAL_SCHEDULE\&quot;:0,\&quot;IS_HAVING_BEST_TIME_VISIT\&quot;:0,\&quot;MONDAY_DAY\&quot;:0,\&quot;MONDAY_NIGHT\&quot;:0,\&quot;TUESDAY_DAY\&quot;:0,\&quot;TUESDAY_NIGHT\&quot;:0,\&quot;WEDNESDAY_DAY\&quot;:0,\&quot;WEDNESDAY_NIGHT\&quot;:0,\&quot;THURSDAY_DAY\&quot;:0,\&quot;THURSDAY_NIGHT\&quot;:0,\&quot;FRIDAY_DAY\&quot;:0,\&quot;FRIDAY_NIGHT\&quot;:0,\&quot;PERSON_TYPE_DAY_NIGHT\&quot;:null}&quot;&#10;Schema validation failed for item at index 56: &#10;Expected: The content to match the given JSON schema.&#10;error: instance value (null) not found in enum (possible values: [0,1])&#10;    level: &quot;error&quot;&#10;    schema: {&quot;loadingURI&quot;:&quot;file:/D:/Learning/Revou/QA/CallPlan-Testing/target/test-classes/schemas/GetMasterList.json#&quot;,&quot;pointer&quot;:&quot;/properties/IS_UPCOUNTRY&quot;}&#10;    instance: {&quot;pointer&quot;:&quot;/IS_UPCOUNTRY&quot;}&#10;    domain: &quot;validation&quot;&#10;    keyword: &quot;enum&quot;&#10;    value: null&#10;    enum: [0,1]&#10;error: instance type (null) does not match any allowed primitive type (allowed: [&quot;integer&quot;])&#10;    level: &quot;error&quot;&#10;    schema: {&quot;loadingURI&quot;:&quot;file:/D:/Learning/Revou/QA/CallPlan-Testing/target/test-classes/schemas/GetMasterList.json#&quot;,&quot;pointer&quot;:&quot;/properties/IS_UPCOUNTRY&quot;}&#10;    instance: {&quot;pointer&quot;:&quot;/IS_UPCOUNTRY&quot;}&#10;    domain: &quot;validation&quot;&#10;    keyword: &quot;type&quot;&#10;    found: &quot;null&quot;&#10;    expected: [&quot;integer&quot;]&#10;&#10;     but: was &quot;{\&quot;RAYON_ID\&quot;:2952,\&quot;RAYON_CODE\&quot;:\&quot;TGRVIC0101\&quot;,\&quot;AREA_ID\&quot;:40,\&quot;AREA_CODE\&quot;:\&quot;TGR\&quot;,\&quot;PERSON_ID\&quot;:43829,\&quot;PERSON_CODE\&quot;:\&quot;CRM11002000907\&quot;,\&quot;PERSON_TYPE_NAME\&quot;:\&quot;CRM\&quot;,\&quot;FIRST_NAME\&quot;:\&quot;MEL***\&quot;,\&quot;LAST_NAME\&quot;:\&quot;AZI*\&quot;,\&quot;FULL_NAME\&quot;:\&quot;MEL*** AZI*\&quot;,\&quot;SPECIALIST_NAME\&quot;:\&quot;SpJP\&quot;,\&quot;IS_UPCOUNTRY\&quot;:null,\&quot;TOTAL_SCHEDULE\&quot;:0,\&quot;IS_HAVING_BEST_TIME_VISIT\&quot;:0,\&quot;MONDAY_DAY\&quot;:0,\&quot;MONDAY_NIGHT\&quot;:1,\&quot;TUESDAY_DAY\&quot;:0,\&quot;TUESDAY_NIGHT\&quot;:1,\&quot;WEDNESDAY_DAY\&quot;:0,\&quot;WEDNESDAY_NIGHT\&quot;:1,\&quot;THURSDAY_DAY\&quot;:0,\&quot;THURSDAY_NIGHT\&quot;:1,\&quot;FRIDAY_DAY\&quot;:0,\&quot;FRIDAY_NIGHT\&quot;:1,\&quot;PERSON_TYPE_DAY_NIGHT\&quot;:\&quot;N\&quot;}&quot;&#10;Schema validation failed for item at index 57: &#10;Expected: The content to match the given JSON schema.&#10;error: instance value (null) not found in enum (possible values: [0,1])&#10;    level: &quot;error&quot;&#10;    schema: {&quot;loadingURI&quot;:&quot;file:/D:/Learning/Revou/QA/CallPlan-Testing/target/test-classes/schemas/GetMasterList.json#&quot;,&quot;pointer&quot;:&quot;/properties/IS_UPCOUNTRY&quot;}&#10;    instance: {&quot;pointer&quot;:&quot;/IS_UPCOUNTRY&quot;}&#10;    domain: &quot;validation&quot;&#10;    keyword: &quot;enum&quot;&#10;    value: null&#10;    enum: [0,1]&#10;error: instance type (null) does not match any allowed primitive type (allowed: [&quot;integer&quot;])&#10;    level: &quot;error&quot;&#10;    schema: {&quot;loadingURI&quot;:&quot;file:/D:/Learning/Revou/QA/CallPlan-Testing/target/test-classes/schemas/GetMasterList.json#&quot;,&quot;pointer&quot;:&quot;/properties/IS_UPCOUNTRY&quot;}&#10;    instance: {&quot;pointer&quot;:&quot;/IS_UPCOUNTRY&quot;}&#10;    domain: &quot;validation&quot;&#10;    keyword: &quot;type&quot;&#10;    found: &quot;null&quot;&#10;    expected: [&quot;integer&quot;]&#10;&#10;     but: was &quot;{\&quot;RAYON_ID\&quot;:2952,\&quot;RAYON_CODE\&quot;:\&quot;TGRVIC0101\&quot;,\&quot;AREA_ID\&quot;:40,\&quot;AREA_CODE\&quot;:\&quot;TGR\&quot;,\&quot;PERSON_ID\&quot;:78874,\&quot;PERSON_CODE\&quot;:\&quot;CRM401611005857\&quot;,\&quot;PERSON_TYPE_NAME\&quot;:\&quot;CRM\&quot;,\&quot;FIRST_NAME\&quot;:\&quot;MEL****\&quot;,\&quot;LAST_NAME\&quot;:\&quot;WID****\&quot;,\&quot;FULL_NAME\&quot;:\&quot;MEL**** WID****\&quot;,\&quot;SPECIALIST_NAME\&quot;:\&quot;SpA\&quot;,\&quot;IS_UPCOUNTRY\&quot;:null,\&quot;TOTAL_SCHEDULE\&quot;:0,\&quot;IS_HAVING_BEST_TIME_VISIT\&quot;:0,\&quot;MONDAY_DAY\&quot;:0,\&quot;MONDAY_NIGHT\&quot;:1,\&quot;TUESDAY_DAY\&quot;:0,\&quot;TUESDAY_NIGHT\&quot;:1,\&quot;WEDNESDAY_DAY\&quot;:0,\&quot;WEDNESDAY_NIGHT\&quot;:1,\&quot;THURSDAY_DAY\&quot;:0,\&quot;THURSDAY_NIGHT\&quot;:1,\&quot;FRIDAY_DAY\&quot;:0,\&quot;FRIDAY_NIGHT\&quot;:1,\&quot;PERSON_TYPE_DAY_NIGHT\&quot;:\&quot;N\&quot;}&quot;&#10;Schema validation failed for item at index 58: &#10;Expected: The content to match the given JSON schema.&#10;error: instance value (null) not found in enum (possible values: [0,1])&#10;    level: &quot;error&quot;&#10;    schema: {&quot;loadingURI&quot;:&quot;file:/D:/Learning/Revou/QA/CallPlan-Testing/target/test-classes/schemas/GetMasterList.json#&quot;,&quot;pointer&quot;:&quot;/properties/IS_UPCOUNTRY&quot;}&#10;    instance: {&quot;pointer&quot;:&quot;/IS_UPCOUNTRY&quot;}&#10;    domain: &quot;validation&quot;&#10;    keyword: &quot;enum&quot;&#10;    value: null&#10;    enum: [0,1]&#10;error: instance type (null) does not match any allowed primitive type (allowed: [&quot;integer&quot;])&#10;    level: &quot;error&quot;&#10;    schema: {&quot;loadingURI&quot;:&quot;file:/D:/Learning/Revou/QA/CallPlan-Testing/target/test-classes/schemas/GetMasterList.json#&quot;,&quot;pointer&quot;:&quot;/properties/IS_UPCOUNTRY&quot;}&#10;    instance: {&quot;pointer&quot;:&quot;/IS_UPCOUNTRY&quot;}&#10;    domain: &quot;validation&quot;&#10;    keyword: &quot;type&quot;&#10;    found: &quot;null&quot;&#10;    expected: [&quot;integer&quot;]&#10;error: instance value (null) not found in enum (possible values: [&quot;N&quot;,&quot;D&quot;])&#10;    level: &quot;error&quot;&#10;    schema: {&quot;loadingURI&quot;:&quot;file:/D:/Learning/Revou/QA/CallPlan-Testing/target/test-classes/schemas/GetMasterList.json#&quot;,&quot;pointer&quot;:&quot;/properties/PERSON_TYPE_DAY_NIGHT&quot;}&#10;    instance: {&quot;pointer&quot;:&quot;/PERSON_TYPE_DAY_NIGHT&quot;}&#10;    domain: &quot;validation&quot;&#10;    keyword: &quot;enum&quot;&#10;    value: null&#10;    enum: [&quot;N&quot;,&quot;D&quot;]&#10;error: instance type (null) does not match any allowed primitive type (allowed: [&quot;string&quot;])&#10;    level: &quot;error&quot;&#10;    schema: {&quot;loadingURI&quot;:&quot;file:/D:/Learning/Revou/QA/CallPlan-Testing/target/test-classes/schemas/GetMasterList.json#&quot;,&quot;pointer&quot;:&quot;/properties/PERSON_TYPE_DAY_NIGHT&quot;}&#10;    instance: {&quot;pointer&quot;:&quot;/PERSON_TYPE_DAY_NIGHT&quot;}&#10;    domain: &quot;validation&quot;&#10;    keyword: &quot;type&quot;&#10;    found: &quot;null&quot;&#10;    expected: [&quot;string&quot;]&#10;&#10;     but: was &quot;{\&quot;RAYON_ID\&quot;:2952,\&quot;RAYON_CODE\&quot;:\&quot;TGRVIC0101\&quot;,\&quot;AREA_ID\&quot;:40,\&quot;AREA_CODE\&quot;:\&quot;TGR\&quot;,\&quot;PERSON_ID\&quot;:91165,\&quot;PERSON_CODE\&quot;:\&quot;CRM401909003899\&quot;,\&quot;PERSON_TYPE_NAME\&quot;:\&quot;CRM\&quot;,\&quot;FIRST_NAME\&quot;:\&quot;MER**\&quot;,\&quot;LAST_NAME\&quot;:\&quot;\&quot;,\&quot;FULL_NAME\&quot;:\&quot;MER** \&quot;,\&quot;SPECIALIST_NAME\&quot;:\&quot;GP\&quot;,\&quot;IS_UPCOUNTRY\&quot;:null,\&quot;TOTAL_SCHEDULE\&quot;:0,\&quot;IS_HAVING_BEST_TIME_VISIT\&quot;:0,\&quot;MONDAY_DAY\&quot;:0,\&quot;MONDAY_NIGHT\&quot;:0,\&quot;TUESDAY_DAY\&quot;:0,\&quot;TUESDAY_NIGHT\&quot;:0,\&quot;WEDNESDAY_DAY\&quot;:0,\&quot;WEDNESDAY_NIGHT\&quot;:0,\&quot;THURSDAY_DAY\&quot;:0,\&quot;THURSDAY_NIGHT\&quot;:0,\&quot;FRIDAY_DAY\&quot;:0,\&quot;FRIDAY_NIGHT\&quot;:0,\&quot;PERSON_TYPE_DAY_NIGHT\&quot;:null}&quot;&#10;Schema validation failed for item at index 59: &#10;Expected: The content to match the given JSON schema.&#10;error: instance value (null) not found in enum (possible values: [0,1])&#10;    level: &quot;error&quot;&#10;    schema: {&quot;loadingURI&quot;:&quot;file:/D:/Learning/Revou/QA/CallPlan-Testing/target/test-classes/schemas/GetMasterList.json#&quot;,&quot;pointer&quot;:&quot;/properties/IS_UPCOUNTRY&quot;}&#10;    instance: {&quot;pointer&quot;:&quot;/IS_UPCOUNTRY&quot;}&#10;    domain: &quot;validation&quot;&#10;    keyword: &quot;enum&quot;&#10;    value: null&#10;    enum: [0,1]&#10;error: instance type (null) does not match any allowed primitive type (allowed: [&quot;integer&quot;])&#10;    level: &quot;error&quot;&#10;    schema: {&quot;loadingURI&quot;:&quot;file:/D:/Learning/Revou/QA/CallPlan-Testing/target/test-classes/schemas/GetMasterList.json#&quot;,&quot;pointer&quot;:&quot;/properties/IS_UPCOUNTRY&quot;}&#10;    instance: {&quot;pointer&quot;:&quot;/IS_UPCOUNTRY&quot;}&#10;    domain: &quot;validation&quot;&#10;    keyword: &quot;type&quot;&#10;    found: &quot;null&quot;&#10;    expected: [&quot;integer&quot;]&#10;error: instance value (null) not found in enum (possible values: [&quot;N&quot;,&quot;D&quot;])&#10;    level: &quot;error&quot;&#10;    schema: {&quot;loadingURI&quot;:&quot;file:/D:/Learning/Revou/QA/CallPlan-Testing/target/test-classes/schemas/GetMasterList.json#&quot;,&quot;pointer&quot;:&quot;/properties/PERSON_TYPE_DAY_NIGHT&quot;}&#10;    instance: {&quot;pointer&quot;:&quot;/PERSON_TYPE_DAY_NIGHT&quot;}&#10;    domain: &quot;validation&quot;&#10;    keyword: &quot;enum&quot;&#10;    value: null&#10;    enum: [&quot;N&quot;,&quot;D&quot;]&#10;error: instance type (null) does not match any allowed primitive type (allowed: [&quot;string&quot;])&#10;    level: &quot;error&quot;&#10;    schema: {&quot;loadingURI&quot;:&quot;file:/D:/Learning/Revou/QA/CallPlan-Testing/target/test-classes/schemas/GetMasterList.json#&quot;,&quot;pointer&quot;:&quot;/properties/PERSON_TYPE_DAY_NIGHT&quot;}&#10;    instance: {&quot;pointer&quot;:&quot;/PERSON_TYPE_DAY_NIGHT&quot;}&#10;    domain: &quot;validation&quot;&#10;    keyword: &quot;type&quot;&#10;    found: &quot;null&quot;&#10;    expected: [&quot;string&quot;]&#10;&#10;     but: was &quot;{\&quot;RAYON_ID\&quot;:2952,\&quot;RAYON_CODE\&quot;:\&quot;TGRVIC0101\&quot;,\&quot;AREA_ID\&quot;:40,\&quot;AREA_CODE\&quot;:\&quot;TGR\&quot;,\&quot;PERSON_ID\&quot;:107718,\&quot;PERSON_CODE\&quot;:\&quot;CRM402206003965\&quot;,\&quot;PERSON_TYPE_NAME\&quot;:\&quot;CRM\&quot;,\&quot;FIRST_NAME\&quot;:\&quot;MER*** *********\&quot;,\&quot;LAST_NAME\&quot;:\&quot;RAC****\&quot;,\&quot;FULL_NAME\&quot;:\&quot;MER*** ********* RAC****\&quot;,\&quot;SPECIALIST_NAME\&quot;:\&quot;GP\&quot;,\&quot;IS_UPCOUNTRY\&quot;:null,\&quot;TOTAL_SCHEDULE\&quot;:0,\&quot;IS_HAVING_BEST_TIME_VISIT\&quot;:0,\&quot;MONDAY_DAY\&quot;:0,\&quot;MONDAY_NIGHT\&quot;:0,\&quot;TUESDAY_DAY\&quot;:0,\&quot;TUESDAY_NIGHT\&quot;:0,\&quot;WEDNESDAY_DAY\&quot;:0,\&quot;WEDNESDAY_NIGHT\&quot;:0,\&quot;THURSDAY_DAY\&quot;:0,\&quot;THURSDAY_NIGHT\&quot;:0,\&quot;FRIDAY_DAY\&quot;:0,\&quot;FRIDAY_NIGHT\&quot;:0,\&quot;PERSON_TYPE_DAY_NIGHT\&quot;:null}&quot;&#10;Schema validation failed for item at index 60: &#10;Expected: The content to match the given JSON schema.&#10;error: instance value (null) not found in enum (possible values: [0,1])&#10;    level: &quot;error&quot;&#10;    schema: {&quot;loadingURI&quot;:&quot;file:/D:/Learning/Revou/QA/CallPlan-Testing/target/test-classes/schemas/GetMasterList.json#&quot;,&quot;pointer&quot;:&quot;/properties/IS_UPCOUNTRY&quot;}&#10;    instance: {&quot;pointer&quot;:&quot;/IS_UPCOUNTRY&quot;}&#10;    domain: &quot;validation&quot;&#10;    keyword: &quot;enum&quot;&#10;    value: null&#10;    enum: [0,1]&#10;error: instance type (null) does not match any allowed primitive type (allowed: [&quot;integer&quot;])&#10;    level: &quot;error&quot;&#10;    schema: {&quot;loadingURI&quot;:&quot;file:/D:/Learning/Revou/QA/CallPlan-Testing/target/test-classes/schemas/GetMasterList.json#&quot;,&quot;pointer&quot;:&quot;/properties/IS_UPCOUNTRY&quot;}&#10;    instance: {&quot;pointer&quot;:&quot;/IS_UPCOUNTRY&quot;}&#10;    domain: &quot;validation&quot;&#10;    keyword: &quot;type&quot;&#10;    found: &quot;null&quot;&#10;    expected: [&quot;integer&quot;]&#10;error: instance value (null) not found in enum (possible values: [&quot;N&quot;,&quot;D&quot;])&#10;    level: &quot;error&quot;&#10;    schema: {&quot;loadingURI&quot;:&quot;file:/D:/Learning/Revou/QA/CallPlan-Testing/target/test-classes/schemas/GetMasterList.json#&quot;,&quot;pointer&quot;:&quot;/properties/PERSON_TYPE_DAY_NIGHT&quot;}&#10;    instance: {&quot;pointer&quot;:&quot;/PERSON_TYPE_DAY_NIGHT&quot;}&#10;    domain: &quot;validation&quot;&#10;    keyword: &quot;enum&quot;&#10;    value: null&#10;    enum: [&quot;N&quot;,&quot;D&quot;]&#10;error: instance type (null) does not match any allowed primitive type (allowed: [&quot;string&quot;])&#10;    level: &quot;error&quot;&#10;    schema: {&quot;loadingURI&quot;:&quot;file:/D:/Learning/Revou/QA/CallPlan-Testing/target/test-classes/schemas/GetMasterList.json#&quot;,&quot;pointer&quot;:&quot;/properties/PERSON_TYPE_DAY_NIGHT&quot;}&#10;    instance: {&quot;pointer&quot;:&quot;/PERSON_TYPE_DAY_NIGHT&quot;}&#10;    domain: &quot;validation&quot;&#10;    keyword: &quot;type&quot;&#10;    found: &quot;null&quot;&#10;    expected: [&quot;string&quot;]&#10;&#10;     but: was &quot;{\&quot;RAYON_ID\&quot;:2952,\&quot;RAYON_CODE\&quot;:\&quot;TGRVIC0101\&quot;,\&quot;AREA_ID\&quot;:40,\&quot;AREA_CODE\&quot;:\&quot;TGR\&quot;,\&quot;PERSON_ID\&quot;:106161,\&quot;PERSON_CODE\&quot;:\&quot;CRM402204002402\&quot;,\&quot;PERSON_TYPE_NAME\&quot;:\&quot;CRM\&quot;,\&quot;FIRST_NAME\&quot;:\&quot;MIC****\&quot;,\&quot;LAST_NAME\&quot;:\&quot;CHU*****\&quot;,\&quot;FULL_NAME\&quot;:\&quot;MIC**** CHU*****\&quot;,\&quot;SPECIALIST_NAME\&quot;:\&quot;GP\&quot;,\&quot;IS_UPCOUNTRY\&quot;:null,\&quot;TOTAL_SCHEDULE\&quot;:0,\&quot;IS_HAVING_BEST_TIME_VISIT\&quot;:0,\&quot;MONDAY_DAY\&quot;:0,\&quot;MONDAY_NIGHT\&quot;:0,\&quot;TUESDAY_DAY\&quot;:0,\&quot;TUESDAY_NIGHT\&quot;:0,\&quot;WEDNESDAY_DAY\&quot;:0,\&quot;WEDNESDAY_NIGHT\&quot;:0,\&quot;THURSDAY_DAY\&quot;:0,\&quot;THURSDAY_NIGHT\&quot;:0,\&quot;FRIDAY_DAY\&quot;:0,\&quot;FRIDAY_NIGHT\&quot;:0,\&quot;PERSON_TYPE_DAY_NIGHT\&quot;:null}&quot;&#10;Schema validation failed for item at index 61: &#10;Expected: The content to match the given JSON schema.&#10;error: instance value (null) not found in enum (possible values: [0,1])&#10;    level: &quot;error&quot;&#10;    schema: {&quot;loadingURI&quot;:&quot;file:/D:/Learning/Revou/QA/CallPlan-Testing/target/test-classes/schemas/GetMasterList.json#&quot;,&quot;pointer&quot;:&quot;/properties/IS_UPCOUNTRY&quot;}&#10;    instance: {&quot;pointer&quot;:&quot;/IS_UPCOUNTRY&quot;}&#10;    domain: &quot;validation&quot;&#10;    keyword: &quot;enum&quot;&#10;    value: null&#10;    enum: [0,1]&#10;error: instance type (null) does not match any allowed primitive type (allowed: [&quot;integer&quot;])&#10;    level: &quot;error&quot;&#10;    schema: {&quot;loadingURI&quot;:&quot;file:/D:/Learning/Revou/QA/CallPlan-Testing/target/test-classes/schemas/GetMasterList.json#&quot;,&quot;pointer&quot;:&quot;/properties/IS_UPCOUNTRY&quot;}&#10;    instance: {&quot;pointer&quot;:&quot;/IS_UPCOUNTRY&quot;}&#10;    domain: &quot;validation&quot;&#10;    keyword: &quot;type&quot;&#10;    found: &quot;null&quot;&#10;    expected: [&quot;integer&quot;]&#10;error: instance value (null) not found in enum (possible values: [&quot;N&quot;,&quot;D&quot;])&#10;    level: &quot;error&quot;&#10;    schema: {&quot;loadingURI&quot;:&quot;file:/D:/Learning/Revou/QA/CallPlan-Testing/target/test-classes/schemas/GetMasterList.json#&quot;,&quot;pointer&quot;:&quot;/properties/PERSON_TYPE_DAY_NIGHT&quot;}&#10;    instance: {&quot;pointer&quot;:&quot;/PERSON_TYPE_DAY_NIGHT&quot;}&#10;    domain: &quot;validation&quot;&#10;    keyword: &quot;enum&quot;&#10;    value: null&#10;    enum: [&quot;N&quot;,&quot;D&quot;]&#10;error: instance type (null) does not match any allowed primitive type (allowed: [&quot;string&quot;])&#10;    level: &quot;error&quot;&#10;    schema: {&quot;loadingURI&quot;:&quot;file:/D:/Learning/Revou/QA/CallPlan-Testing/target/test-classes/schemas/GetMasterList.json#&quot;,&quot;pointer&quot;:&quot;/properties/PERSON_TYPE_DAY_NIGHT&quot;}&#10;    instance: {&quot;pointer&quot;:&quot;/PERSON_TYPE_DAY_NIGHT&quot;}&#10;    domain: &quot;validation&quot;&#10;    keyword: &quot;type&quot;&#10;    found: &quot;null&quot;&#10;    expected: [&quot;string&quot;]&#10;&#10;     but: was &quot;{\&quot;RAYON_ID\&quot;:2952,\&quot;RAYON_CODE\&quot;:\&quot;TGRVIC0101\&quot;,\&quot;AREA_ID\&quot;:40,\&quot;AREA_CODE\&quot;:\&quot;TGR\&quot;,\&quot;PERSON_ID\&quot;:266575,\&quot;PERSON_CODE\&quot;:\&quot;CRM402305004557\&quot;,\&quot;PERSON_TYPE_NAME\&quot;:\&quot;CRM\&quot;,\&quot;FIRST_NAME\&quot;:\&quot;MIC****\&quot;,\&quot;LAST_NAME\&quot;:\&quot;TAN***\&quot;,\&quot;FULL_NAME\&quot;:\&quot;MIC**** TAN***\&quot;,\&quot;SPECIALIST_NAME\&quot;:\&quot;SpJP\&quot;,\&quot;IS_UPCOUNTRY\&quot;:null,\&quot;TOTAL_SCHEDULE\&quot;:0,\&quot;IS_HAVING_BEST_TIME_VISIT\&quot;:0,\&quot;MONDAY_DAY\&quot;:0,\&quot;MONDAY_NIGHT\&quot;:0,\&quot;TUESDAY_DAY\&quot;:0,\&quot;TUESDAY_NIGHT\&quot;:0,\&quot;WEDNESDAY_DAY\&quot;:0,\&quot;WEDNESDAY_NIGHT\&quot;:0,\&quot;THURSDAY_DAY\&quot;:0,\&quot;THURSDAY_NIGHT\&quot;:0,\&quot;FRIDAY_DAY\&quot;:0,\&quot;FRIDAY_NIGHT\&quot;:0,\&quot;PERSON_TYPE_DAY_NIGHT\&quot;:null}&quot;&#10;Schema validation failed for item at index 62: &#10;Expected: The content to match the given JSON schema.&#10;error: instance value (null) not found in enum (possible values: [0,1])&#10;    level: &quot;error&quot;&#10;    schema: {&quot;loadingURI&quot;:&quot;file:/D:/Learning/Revou/QA/CallPlan-Testing/target/test-classes/schemas/GetMasterList.json#&quot;,&quot;pointer&quot;:&quot;/properties/IS_UPCOUNTRY&quot;}&#10;    instance: {&quot;pointer&quot;:&quot;/IS_UPCOUNTRY&quot;}&#10;    domain: &quot;validation&quot;&#10;    keyword: &quot;enum&quot;&#10;    value: null&#10;    enum: [0,1]&#10;error: instance type (null) does not match any allowed primitive type (allowed: [&quot;integer&quot;])&#10;    level: &quot;error&quot;&#10;    schema: {&quot;loadingURI&quot;:&quot;file:/D:/Learning/Revou/QA/CallPlan-Testing/target/test-classes/schemas/GetMasterList.json#&quot;,&quot;pointer&quot;:&quot;/properties/IS_UPCOUNTRY&quot;}&#10;    instance: {&quot;pointer&quot;:&quot;/IS_UPCOUNTRY&quot;}&#10;    domain: &quot;validation&quot;&#10;    keyword: &quot;type&quot;&#10;    found: &quot;null&quot;&#10;    expected: [&quot;integer&quot;]&#10;error: instance value (null) not found in enum (possible values: [&quot;N&quot;,&quot;D&quot;])&#10;    level: &quot;error&quot;&#10;    schema: {&quot;loadingURI&quot;:&quot;file:/D:/Learning/Revou/QA/CallPlan-Testing/target/test-classes/schemas/GetMasterList.json#&quot;,&quot;pointer&quot;:&quot;/properties/PERSON_TYPE_DAY_NIGHT&quot;}&#10;    instance: {&quot;pointer&quot;:&quot;/PERSON_TYPE_DAY_NIGHT&quot;}&#10;    domain: &quot;validation&quot;&#10;    keyword: &quot;enum&quot;&#10;    value: null&#10;    enum: [&quot;N&quot;,&quot;D&quot;]&#10;error: instance type (null) does not match any allowed primitive type (allowed: [&quot;string&quot;])&#10;    level: &quot;error&quot;&#10;    schema: {&quot;loadingURI&quot;:&quot;file:/D:/Learning/Revou/QA/CallPlan-Testing/target/test-classes/schemas/GetMasterList.json#&quot;,&quot;pointer&quot;:&quot;/properties/PERSON_TYPE_DAY_NIGHT&quot;}&#10;    instance: {&quot;pointer&quot;:&quot;/PERSON_TYPE_DAY_NIGHT&quot;}&#10;    domain: &quot;validation&quot;&#10;    keyword: &quot;type&quot;&#10;    found: &quot;null&quot;&#10;    expected: [&quot;string&quot;]&#10;&#10;     but: was &quot;{\&quot;RAYON_ID\&quot;:2952,\&quot;RAYON_CODE\&quot;:\&quot;TGRVIC0101\&quot;,\&quot;AREA_ID\&quot;:40,\&quot;AREA_CODE\&quot;:\&quot;TGR\&quot;,\&quot;PERSON_ID\&quot;:98257,\&quot;PERSON_CODE\&quot;:\&quot;CRM402101000124\&quot;,\&quot;PERSON_TYPE_NAME\&quot;:\&quot;CRM\&quot;,\&quot;FIRST_NAME\&quot;:\&quot;NOV*\&quot;,\&quot;LAST_NAME\&quot;:\&quot;NUR********\&quot;,\&quot;FULL_NAME\&quot;:\&quot;NOV* NUR********\&quot;,\&quot;SPECIALIST_NAME\&quot;:\&quot;GP\&quot;,\&quot;IS_UPCOUNTRY\&quot;:null,\&quot;TOTAL_SCHEDULE\&quot;:0,\&quot;IS_HAVING_BEST_TIME_VISIT\&quot;:0,\&quot;MONDAY_DAY\&quot;:0,\&quot;MONDAY_NIGHT\&quot;:0,\&quot;TUESDAY_DAY\&quot;:0,\&quot;TUESDAY_NIGHT\&quot;:0,\&quot;WEDNESDAY_DAY\&quot;:0,\&quot;WEDNESDAY_NIGHT\&quot;:0,\&quot;THURSDAY_DAY\&quot;:0,\&quot;THURSDAY_NIGHT\&quot;:0,\&quot;FRIDAY_DAY\&quot;:0,\&quot;FRIDAY_NIGHT\&quot;:0,\&quot;PERSON_TYPE_DAY_NIGHT\&quot;:null}&quot;&#10;Schema validation failed for item at index 63: &#10;Expected: The content to match the given JSON schema.&#10;error: instance value (null) not found in enum (possible values: [0,1])&#10;    level: &quot;error&quot;&#10;    schema: {&quot;loadingURI&quot;:&quot;file:/D:/Learning/Revou/QA/CallPlan-Testing/target/test-classes/schemas/GetMasterList.json#&quot;,&quot;pointer&quot;:&quot;/properties/IS_UPCOUNTRY&quot;}&#10;    instance: {&quot;pointer&quot;:&quot;/IS_UPCOUNTRY&quot;}&#10;    domain: &quot;validation&quot;&#10;    keyword: &quot;enum&quot;&#10;    value: null&#10;    enum: [0,1]&#10;error: instance type (null) does not match any allowed primitive type (allowed: [&quot;integer&quot;])&#10;    level: &quot;error&quot;&#10;    schema: {&quot;loadingURI&quot;:&quot;file:/D:/Learning/Revou/QA/CallPlan-Testing/target/test-classes/schemas/GetMasterList.json#&quot;,&quot;pointer&quot;:&quot;/properties/IS_UPCOUNTRY&quot;}&#10;    instance: {&quot;pointer&quot;:&quot;/IS_UPCOUNTRY&quot;}&#10;    domain: &quot;validation&quot;&#10;    keyword: &quot;type&quot;&#10;    found: &quot;null&quot;&#10;    expected: [&quot;integer&quot;]&#10;error: instance value (null) not found in enum (possible values: [&quot;N&quot;,&quot;D&quot;])&#10;    level: &quot;error&quot;&#10;    schema: {&quot;loadingURI&quot;:&quot;file:/D:/Learning/Revou/QA/CallPlan-Testing/target/test-classes/schemas/GetMasterList.json#&quot;,&quot;pointer&quot;:&quot;/properties/PERSON_TYPE_DAY_NIGHT&quot;}&#10;    instance: {&quot;pointer&quot;:&quot;/PERSON_TYPE_DAY_NIGHT&quot;}&#10;    domain: &quot;validation&quot;&#10;    keyword: &quot;enum&quot;&#10;    value: null&#10;    enum: [&quot;N&quot;,&quot;D&quot;]&#10;error: instance type (null) does not match any allowed primitive type (allowed: [&quot;string&quot;])&#10;    level: &quot;error&quot;&#10;    schema: {&quot;loadingURI&quot;:&quot;file:/D:/Learning/Revou/QA/CallPlan-Testing/target/test-classes/schemas/GetMasterList.json#&quot;,&quot;pointer&quot;:&quot;/properties/PERSON_TYPE_DAY_NIGHT&quot;}&#10;    instance: {&quot;pointer&quot;:&quot;/PERSON_TYPE_DAY_NIGHT&quot;}&#10;    domain: &quot;validation&quot;&#10;    keyword: &quot;type&quot;&#10;    found: &quot;null&quot;&#10;    expected: [&quot;string&quot;]&#10;&#10;     but: was &quot;{\&quot;RAYON_ID\&quot;:2952,\&quot;RAYON_CODE\&quot;:\&quot;TGRVIC0101\&quot;,\&quot;AREA_ID\&quot;:40,\&quot;AREA_CODE\&quot;:\&quot;TGR\&quot;,\&quot;PERSON_ID\&quot;:67598,\&quot;PERSON_CODE\&quot;:\&quot;CRM161406002421\&quot;,\&quot;PERSON_TYPE_NAME\&quot;:\&quot;CRM\&quot;,\&quot;FIRST_NAME\&quot;:\&quot;NUV*\&quot;,\&quot;LAST_NAME\&quot;:\&quot;NUR ***** *******\&quot;,\&quot;FULL_NAME\&quot;:\&quot;NUV* NUR ***** *******\&quot;,\&quot;SPECIALIST_NAME\&quot;:\&quot;GP\&quot;,\&quot;IS_UPCOUNTRY\&quot;:null,\&quot;TOTAL_SCHEDULE\&quot;:0,\&quot;IS_HAVING_BEST_TIME_VISIT\&quot;:0,\&quot;MONDAY_DAY\&quot;:0,\&quot;MONDAY_NIGHT\&quot;:0,\&quot;TUESDAY_DAY\&quot;:0,\&quot;TUESDAY_NIGHT\&quot;:0,\&quot;WEDNESDAY_DAY\&quot;:0,\&quot;WEDNESDAY_NIGHT\&quot;:0,\&quot;THURSDAY_DAY\&quot;:0,\&quot;THURSDAY_NIGHT\&quot;:0,\&quot;FRIDAY_DAY\&quot;:0,\&quot;FRIDAY_NIGHT\&quot;:0,\&quot;PERSON_TYPE_DAY_NIGHT\&quot;:null}&quot;&#10;Schema validation failed for item at index 64: &#10;Expected: The content to match the given JSON schema.&#10;error: instance value (null) not found in enum (possible values: [0,1])&#10;    level: &quot;error&quot;&#10;    schema: {&quot;loadingURI&quot;:&quot;file:/D:/Learning/Revou/QA/CallPlan-Testing/target/test-classes/schemas/GetMasterList.json#&quot;,&quot;pointer&quot;:&quot;/properties/IS_UPCOUNTRY&quot;}&#10;    instance: {&quot;pointer&quot;:&quot;/IS_UPCOUNTRY&quot;}&#10;    domain: &quot;validation&quot;&#10;    keyword: &quot;enum&quot;&#10;    value: null&#10;    enum: [0,1]&#10;error: instance type (null) does not match any allowed primitive type (allowed: [&quot;integer&quot;])&#10;    level: &quot;error&quot;&#10;    schema: {&quot;loadingURI&quot;:&quot;file:/D:/Learning/Revou/QA/CallPlan-Testing/target/test-classes/schemas/GetMasterList.json#&quot;,&quot;pointer&quot;:&quot;/properties/IS_UPCOUNTRY&quot;}&#10;    instance: {&quot;pointer&quot;:&quot;/IS_UPCOUNTRY&quot;}&#10;    domain: &quot;validation&quot;&#10;    keyword: &quot;type&quot;&#10;    found: &quot;null&quot;&#10;    expected: [&quot;integer&quot;]&#10;&#10;     but: was &quot;{\&quot;RAYON_ID\&quot;:2952,\&quot;RAYON_CODE\&quot;:\&quot;TGRVIC0101\&quot;,\&quot;AREA_ID\&quot;:40,\&quot;AREA_CODE\&quot;:\&quot;TGR\&quot;,\&quot;PERSON_ID\&quot;:15447,\&quot;PERSON_CODE\&quot;:\&quot;CRM100415466\&quot;,\&quot;PERSON_TYPE_NAME\&quot;:\&quot;CRM\&quot;,\&quot;FIRST_NAME\&quot;:\&quot;PAR*********\&quot;,\&quot;LAST_NAME\&quot;:\&quot;SIR****\&quot;,\&quot;FULL_NAME\&quot;:\&quot;PAR********* SIR****\&quot;,\&quot;SPECIALIST_NAME\&quot;:\&quot;SpPD\&quot;,\&quot;IS_UPCOUNTRY\&quot;:null,\&quot;TOTAL_SCHEDULE\&quot;:0,\&quot;IS_HAVING_BEST_TIME_VISIT\&quot;:0,\&quot;MONDAY_DAY\&quot;:1,\&quot;MONDAY_NIGHT\&quot;:0,\&quot;TUESDAY_DAY\&quot;:1,\&quot;TUESDAY_NIGHT\&quot;:0,\&quot;WEDNESDAY_DAY\&quot;:1,\&quot;WEDNESDAY_NIGHT\&quot;:0,\&quot;THURSDAY_DAY\&quot;:1,\&quot;THURSDAY_NIGHT\&quot;:0,\&quot;FRIDAY_DAY\&quot;:1,\&quot;FRIDAY_NIGHT\&quot;:0,\&quot;PERSON_TYPE_DAY_NIGHT\&quot;:\&quot;D\&quot;}&quot;&#10;Schema validation failed for item at index 65: &#10;Expected: The content to match the given JSON schema.&#10;error: instance value (null) not found in enum (possible values: [0,1])&#10;    level: &quot;error&quot;&#10;    schema: {&quot;loadingURI&quot;:&quot;file:/D:/Learning/Revou/QA/CallPlan-Testing/target/test-classes/schemas/GetMasterList.json#&quot;,&quot;pointer&quot;:&quot;/properties/IS_UPCOUNTRY&quot;}&#10;    instance: {&quot;pointer&quot;:&quot;/IS_UPCOUNTRY&quot;}&#10;    domain: &quot;validation&quot;&#10;    keyword: &quot;enum&quot;&#10;    value: null&#10;    enum: [0,1]&#10;error: instance type (null) does not match any allowed primitive type (allowed: [&quot;integer&quot;])&#10;    level: &quot;error&quot;&#10;    schema: {&quot;loadingURI&quot;:&quot;file:/D:/Learning/Revou/QA/CallPlan-Testing/target/test-classes/schemas/GetMasterList.json#&quot;,&quot;pointer&quot;:&quot;/properties/IS_UPCOUNTRY&quot;}&#10;    instance: {&quot;pointer&quot;:&quot;/IS_UPCOUNTRY&quot;}&#10;    domain: &quot;validation&quot;&#10;    keyword: &quot;type&quot;&#10;    found: &quot;null&quot;&#10;    expected: [&quot;integer&quot;]&#10;&#10;     but: was &quot;{\&quot;RAYON_ID\&quot;:2952,\&quot;RAYON_CODE\&quot;:\&quot;TGRVIC0101\&quot;,\&quot;AREA_ID\&quot;:40,\&quot;AREA_CODE\&quot;:\&quot;TGR\&quot;,\&quot;PERSON_ID\&quot;:37643,\&quot;PERSON_CODE\&quot;:\&quot;CRM130912003744\&quot;,\&quot;PERSON_TYPE_NAME\&quot;:\&quot;CRM\&quot;,\&quot;FIRST_NAME\&quot;:\&quot;PAT****\&quot;,\&quot;LAST_NAME\&quot;:\&quot;BAY*\&quot;,\&quot;FULL_NAME\&quot;:\&quot;PAT**** BAY*\&quot;,\&quot;SPECIALIST_NAME\&quot;:\&quot;GP\&quot;,\&quot;IS_UPCOUNTRY\&quot;:null,\&quot;TOTAL_SCHEDULE\&quot;:0,\&quot;IS_HAVING_BEST_TIME_VISIT\&quot;:0,\&quot;MONDAY_DAY\&quot;:0,\&quot;MONDAY_NIGHT\&quot;:1,\&quot;TUESDAY_DAY\&quot;:0,\&quot;TUESDAY_NIGHT\&quot;:1,\&quot;WEDNESDAY_DAY\&quot;:0,\&quot;WEDNESDAY_NIGHT\&quot;:1,\&quot;THURSDAY_DAY\&quot;:0,\&quot;THURSDAY_NIGHT\&quot;:1,\&quot;FRIDAY_DAY\&quot;:0,\&quot;FRIDAY_NIGHT\&quot;:1,\&quot;PERSON_TYPE_DAY_NIGHT\&quot;:\&quot;N\&quot;}&quot;&#10;Schema validation failed for item at index 66: &#10;Expected: The content to match the given JSON schema.&#10;error: instance value (null) not found in enum (possible values: [0,1])&#10;    level: &quot;error&quot;&#10;    schema: {&quot;loadingURI&quot;:&quot;file:/D:/Learning/Revou/QA/CallPlan-Testing/target/test-classes/schemas/GetMasterList.json#&quot;,&quot;pointer&quot;:&quot;/properties/IS_UPCOUNTRY&quot;}&#10;    instance: {&quot;pointer&quot;:&quot;/IS_UPCOUNTRY&quot;}&#10;    domain: &quot;validation&quot;&#10;    keyword: &quot;enum&quot;&#10;    value: null&#10;    enum: [0,1]&#10;error: instance type (null) does not match any allowed primitive type (allowed: [&quot;integer&quot;])&#10;    level: &quot;error&quot;&#10;    schema: {&quot;loadingURI&quot;:&quot;file:/D:/Learning/Revou/QA/CallPlan-Testing/target/test-classes/schemas/GetMasterList.json#&quot;,&quot;pointer&quot;:&quot;/properties/IS_UPCOUNTRY&quot;}&#10;    instance: {&quot;pointer&quot;:&quot;/IS_UPCOUNTRY&quot;}&#10;    domain: &quot;validation&quot;&#10;    keyword: &quot;type&quot;&#10;    found: &quot;null&quot;&#10;    expected: [&quot;integer&quot;]&#10;&#10;     but: was &quot;{\&quot;RAYON_ID\&quot;:2952,\&quot;RAYON_CODE\&quot;:\&quot;TGRVIC0101\&quot;,\&quot;AREA_ID\&quot;:40,\&quot;AREA_CODE\&quot;:\&quot;TGR\&quot;,\&quot;PERSON_ID\&quot;:88911,\&quot;PERSON_CODE\&quot;:\&quot;CRM401904001234\&quot;,\&quot;PERSON_TYPE_NAME\&quot;:\&quot;CRM\&quot;,\&quot;FIRST_NAME\&quot;:\&quot;PAT***** ******\&quot;,\&quot;LAST_NAME\&quot;:\&quot;GUN****\&quot;,\&quot;FULL_NAME\&quot;:\&quot;PAT***** ****** GUN****\&quot;,\&quot;SPECIALIST_NAME\&quot;:\&quot;SpA\&quot;,\&quot;IS_UPCOUNTRY\&quot;:null,\&quot;TOTAL_SCHEDULE\&quot;:0,\&quot;IS_HAVING_BEST_TIME_VISIT\&quot;:0,\&quot;MONDAY_DAY\&quot;:0,\&quot;MONDAY_NIGHT\&quot;:1,\&quot;TUESDAY_DAY\&quot;:0,\&quot;TUESDAY_NIGHT\&quot;:1,\&quot;WEDNESDAY_DAY\&quot;:0,\&quot;WEDNESDAY_NIGHT\&quot;:1,\&quot;THURSDAY_DAY\&quot;:0,\&quot;THURSDAY_NIGHT\&quot;:1,\&quot;FRIDAY_DAY\&quot;:0,\&quot;FRIDAY_NIGHT\&quot;:1,\&quot;PERSON_TYPE_DAY_NIGHT\&quot;:\&quot;N\&quot;}&quot;&#10;Schema validation failed for item at index 67: &#10;Expected: The content to match the given JSON schema.&#10;error: instance value (null) not found in enum (possible values: [0,1])&#10;    level: &quot;error&quot;&#10;    schema: {&quot;loadingURI&quot;:&quot;file:/D:/Learning/Revou/QA/CallPlan-Testing/target/test-classes/schemas/GetMasterList.json#&quot;,&quot;pointer&quot;:&quot;/properties/IS_UPCOUNTRY&quot;}&#10;    instance: {&quot;pointer&quot;:&quot;/IS_UPCOUNTRY&quot;}&#10;    domain: &quot;validation&quot;&#10;    keyword: &quot;enum&quot;&#10;    value: null&#10;    enum: [0,1]&#10;error: instance type (null) does not match any allowed primitive type (allowed: [&quot;integer&quot;])&#10;    level: &quot;error&quot;&#10;    schema: {&quot;loadingURI&quot;:&quot;file:/D:/Learning/Revou/QA/CallPlan-Testing/target/test-classes/schemas/GetMasterList.json#&quot;,&quot;pointer&quot;:&quot;/properties/IS_UPCOUNTRY&quot;}&#10;    instance: {&quot;pointer&quot;:&quot;/IS_UPCOUNTRY&quot;}&#10;    domain: &quot;validation&quot;&#10;    keyword: &quot;type&quot;&#10;    found: &quot;null&quot;&#10;    expected: [&quot;integer&quot;]&#10;error: instance value (null) not found in enum (possible values: [&quot;N&quot;,&quot;D&quot;])&#10;    level: &quot;error&quot;&#10;    schema: {&quot;loadingURI&quot;:&quot;file:/D:/Learning/Revou/QA/CallPlan-Testing/target/test-classes/schemas/GetMasterList.json#&quot;,&quot;pointer&quot;:&quot;/properties/PERSON_TYPE_DAY_NIGHT&quot;}&#10;    instance: {&quot;pointer&quot;:&quot;/PERSON_TYPE_DAY_NIGHT&quot;}&#10;    domain: &quot;validation&quot;&#10;    keyword: &quot;enum&quot;&#10;    value: null&#10;    enum: [&quot;N&quot;,&quot;D&quot;]&#10;error: instance type (null) does not match any allowed primitive type (allowed: [&quot;string&quot;])&#10;    level: &quot;error&quot;&#10;    schema: {&quot;loadingURI&quot;:&quot;file:/D:/Learning/Revou/QA/CallPlan-Testing/target/test-classes/schemas/GetMasterList.json#&quot;,&quot;pointer&quot;:&quot;/properties/PERSON_TYPE_DAY_NIGHT&quot;}&#10;    instance: {&quot;pointer&quot;:&quot;/PERSON_TYPE_DAY_NIGHT&quot;}&#10;    domain: &quot;validation&quot;&#10;    keyword: &quot;type&quot;&#10;    found: &quot;null&quot;&#10;    expected: [&quot;string&quot;]&#10;&#10;     but: was &quot;{\&quot;RAYON_ID\&quot;:2952,\&quot;RAYON_CODE\&quot;:\&quot;TGRVIC0101\&quot;,\&quot;AREA_ID\&quot;:40,\&quot;AREA_CODE\&quot;:\&quot;TGR\&quot;,\&quot;PERSON_ID\&quot;:78459,\&quot;PERSON_CODE\&quot;:\&quot;CRM401609005313\&quot;,\&quot;PERSON_TYPE_NAME\&quot;:\&quot;CRM\&quot;,\&quot;FIRST_NAME\&quot;:\&quot;PHI*** *********\&quot;,\&quot;LAST_NAME\&quot;:\&quot;PUT** ********\&quot;,\&quot;FULL_NAME\&quot;:\&quot;PHI*** ********* PUT** ********\&quot;,\&quot;SPECIALIST_NAME\&quot;:\&quot;SpOG\&quot;,\&quot;IS_UPCOUNTRY\&quot;:null,\&quot;TOTAL_SCHEDULE\&quot;:0,\&quot;IS_HAVING_BEST_TIME_VISIT\&quot;:0,\&quot;MONDAY_DAY\&quot;:0,\&quot;MONDAY_NIGHT\&quot;:0,\&quot;TUESDAY_DAY\&quot;:0,\&quot;TUESDAY_NIGHT\&quot;:0,\&quot;WEDNESDAY_DAY\&quot;:0,\&quot;WEDNESDAY_NIGHT\&quot;:0,\&quot;THURSDAY_DAY\&quot;:0,\&quot;THURSDAY_NIGHT\&quot;:0,\&quot;FRIDAY_DAY\&quot;:0,\&quot;FRIDAY_NIGHT\&quot;:0,\&quot;PERSON_TYPE_DAY_NIGHT\&quot;:null}&quot;&#10;Schema validation failed for item at index 68: &#10;Expected: The content to match the given JSON schema.&#10;error: instance value (null) not found in enum (possible values: [0,1])&#10;    level: &quot;error&quot;&#10;    schema: {&quot;loadingURI&quot;:&quot;file:/D:/Learning/Revou/QA/CallPlan-Testing/target/test-classes/schemas/GetMasterList.json#&quot;,&quot;pointer&quot;:&quot;/properties/IS_UPCOUNTRY&quot;}&#10;    instance: {&quot;pointer&quot;:&quot;/IS_UPCOUNTRY&quot;}&#10;    domain: &quot;validation&quot;&#10;    keyword: &quot;enum&quot;&#10;    value: null&#10;    enum: [0,1]&#10;error: instance type (null) does not match any allowed primitive type (allowed: [&quot;integer&quot;])&#10;    level: &quot;error&quot;&#10;    schema: {&quot;loadingURI&quot;:&quot;file:/D:/Learning/Revou/QA/CallPlan-Testing/target/test-classes/schemas/GetMasterList.json#&quot;,&quot;pointer&quot;:&quot;/properties/IS_UPCOUNTRY&quot;}&#10;    instance: {&quot;pointer&quot;:&quot;/IS_UPCOUNTRY&quot;}&#10;    domain: &quot;validation&quot;&#10;    keyword: &quot;type&quot;&#10;    found: &quot;null&quot;&#10;    expected: [&quot;integer&quot;]&#10;&#10;     but: was &quot;{\&quot;RAYON_ID\&quot;:2952,\&quot;RAYON_CODE\&quot;:\&quot;TGRVIC0101\&quot;,\&quot;AREA_ID\&quot;:40,\&quot;AREA_CODE\&quot;:\&quot;TGR\&quot;,\&quot;PERSON_ID\&quot;:32364,\&quot;PERSON_CODE\&quot;:\&quot;CRM660806002339\&quot;,\&quot;PERSON_TYPE_NAME\&quot;:\&quot;CRM\&quot;,\&quot;FIRST_NAME\&quot;:\&quot;RAY****\&quot;,\&quot;LAST_NAME\&quot;:\&quot;ONG***\&quot;,\&quot;FULL_NAME\&quot;:\&quot;RAY**** ONG***\&quot;,\&quot;SPECIALIST_NAME\&quot;:\&quot;SpA\&quot;,\&quot;IS_UPCOUNTRY\&quot;:null,\&quot;TOTAL_SCHEDULE\&quot;:0,\&quot;IS_HAVING_BEST_TIME_VISIT\&quot;:0,\&quot;MONDAY_DAY\&quot;:1,\&quot;MONDAY_NIGHT\&quot;:0,\&quot;TUESDAY_DAY\&quot;:1,\&quot;TUESDAY_NIGHT\&quot;:0,\&quot;WEDNESDAY_DAY\&quot;:1,\&quot;WEDNESDAY_NIGHT\&quot;:0,\&quot;THURSDAY_DAY\&quot;:1,\&quot;THURSDAY_NIGHT\&quot;:0,\&quot;FRIDAY_DAY\&quot;:1,\&quot;FRIDAY_NIGHT\&quot;:0,\&quot;PERSON_TYPE_DAY_NIGHT\&quot;:\&quot;D\&quot;}&quot;&#10;Schema validation failed for item at index 69: &#10;Expected: The content to match the given JSON schema.&#10;error: instance value (null) not found in enum (possible values: [0,1])&#10;    level: &quot;error&quot;&#10;    schema: {&quot;loadingURI&quot;:&quot;file:/D:/Learning/Revou/QA/CallPlan-Testing/target/test-classes/schemas/GetMasterList.json#&quot;,&quot;pointer&quot;:&quot;/properties/IS_UPCOUNTRY&quot;}&#10;    instance: {&quot;pointer&quot;:&quot;/IS_UPCOUNTRY&quot;}&#10;    domain: &quot;validation&quot;&#10;    keyword: &quot;enum&quot;&#10;    value: null&#10;    enum: [0,1]&#10;error: instance type (null) does not match any allowed primitive type (allowed: [&quot;integer&quot;])&#10;    level: &quot;error&quot;&#10;    schema: {&quot;loadingURI&quot;:&quot;file:/D:/Learning/Revou/QA/CallPlan-Testing/target/test-classes/schemas/GetMasterList.json#&quot;,&quot;pointer&quot;:&quot;/properties/IS_UPCOUNTRY&quot;}&#10;    instance: {&quot;pointer&quot;:&quot;/IS_UPCOUNTRY&quot;}&#10;    domain: &quot;validation&quot;&#10;    keyword: &quot;type&quot;&#10;    found: &quot;null&quot;&#10;    expected: [&quot;integer&quot;]&#10;&#10;     but: was &quot;{\&quot;RAYON_ID\&quot;:2952,\&quot;RAYON_CODE\&quot;:\&quot;TGRVIC0101\&quot;,\&quot;AREA_ID\&quot;:40,\&quot;AREA_CODE\&quot;:\&quot;TGR\&quot;,\&quot;PERSON_ID\&quot;:100870,\&quot;PERSON_CODE\&quot;:\&quot;CRM402108002835\&quot;,\&quot;PERSON_TYPE_NAME\&quot;:\&quot;CRM\&quot;,\&quot;FIRST_NAME\&quot;:\&quot;RIN****\&quot;,\&quot;LAST_NAME\&quot;:\&quot;AGU****** *****\&quot;,\&quot;FULL_NAME\&quot;:\&quot;RIN**** AGU****** *****\&quot;,\&quot;SPECIALIST_NAME\&quot;:\&quot;SpJP\&quot;,\&quot;IS_UPCOUNTRY\&quot;:null,\&quot;TOTAL_SCHEDULE\&quot;:0,\&quot;IS_HAVING_BEST_TIME_VISIT\&quot;:0,\&quot;MONDAY_DAY\&quot;:1,\&quot;MONDAY_NIGHT\&quot;:0,\&quot;TUESDAY_DAY\&quot;:1,\&quot;TUESDAY_NIGHT\&quot;:0,\&quot;WEDNESDAY_DAY\&quot;:1,\&quot;WEDNESDAY_NIGHT\&quot;:0,\&quot;THURSDAY_DAY\&quot;:1,\&quot;THURSDAY_NIGHT\&quot;:0,\&quot;FRIDAY_DAY\&quot;:1,\&quot;FRIDAY_NIGHT\&quot;:0,\&quot;PERSON_TYPE_DAY_NIGHT\&quot;:\&quot;D\&quot;}&quot;&#10;Schema validation failed for item at index 70: &#10;Expected: The content to match the given JSON schema.&#10;error: instance value (null) not found in enum (possible values: [0,1])&#10;    level: &quot;error&quot;&#10;    schema: {&quot;loadingURI&quot;:&quot;file:/D:/Learning/Revou/QA/CallPlan-Testing/target/test-classes/schemas/GetMasterList.json#&quot;,&quot;pointer&quot;:&quot;/properties/IS_UPCOUNTRY&quot;}&#10;    instance: {&quot;pointer&quot;:&quot;/IS_UPCOUNTRY&quot;}&#10;    domain: &quot;validation&quot;&#10;    keyword: &quot;enum&quot;&#10;    value: null&#10;    enum: [0,1]&#10;error: instance type (null) does not match any allowed primitive type (allowed: [&quot;integer&quot;])&#10;    level: &quot;error&quot;&#10;    schema: {&quot;loadingURI&quot;:&quot;file:/D:/Learning/Revou/QA/CallPlan-Testing/target/test-classes/schemas/GetMasterList.json#&quot;,&quot;pointer&quot;:&quot;/properties/IS_UPCOUNTRY&quot;}&#10;    instance: {&quot;pointer&quot;:&quot;/IS_UPCOUNTRY&quot;}&#10;    domain: &quot;validation&quot;&#10;    keyword: &quot;type&quot;&#10;    found: &quot;null&quot;&#10;    expected: [&quot;integer&quot;]&#10;error: instance value (null) not found in enum (possible values: [&quot;N&quot;,&quot;D&quot;])&#10;    level: &quot;error&quot;&#10;    schema: {&quot;loadingURI&quot;:&quot;file:/D:/Learning/Revou/QA/CallPlan-Testing/target/test-classes/schemas/GetMasterList.json#&quot;,&quot;pointer&quot;:&quot;/properties/PERSON_TYPE_DAY_NIGHT&quot;}&#10;    instance: {&quot;pointer&quot;:&quot;/PERSON_TYPE_DAY_NIGHT&quot;}&#10;    domain: &quot;validation&quot;&#10;    keyword: &quot;enum&quot;&#10;    value: null&#10;    enum: [&quot;N&quot;,&quot;D&quot;]&#10;error: instance type (null) does not match any allowed primitive type (allowed: [&quot;string&quot;])&#10;    level: &quot;error&quot;&#10;    schema: {&quot;loadingURI&quot;:&quot;file:/D:/Learning/Revou/QA/CallPlan-Testing/target/test-classes/schemas/GetMasterList.json#&quot;,&quot;pointer&quot;:&quot;/properties/PERSON_TYPE_DAY_NIGHT&quot;}&#10;    instance: {&quot;pointer&quot;:&quot;/PERSON_TYPE_DAY_NIGHT&quot;}&#10;    domain: &quot;validation&quot;&#10;    keyword: &quot;type&quot;&#10;    found: &quot;null&quot;&#10;    expected: [&quot;string&quot;]&#10;&#10;     but: was &quot;{\&quot;RAYON_ID\&quot;:2952,\&quot;RAYON_CODE\&quot;:\&quot;TGRVIC0101\&quot;,\&quot;AREA_ID\&quot;:40,\&quot;AREA_CODE\&quot;:\&quot;TGR\&quot;,\&quot;PERSON_ID\&quot;:95590,\&quot;PERSON_CODE\&quot;:\&quot;CRM402006002748\&quot;,\&quot;PERSON_TYPE_NAME\&quot;:\&quot;CRM\&quot;,\&quot;FIRST_NAME\&quot;:\&quot;RIS** ****** ***** \&quot;,\&quot;LAST_NAME\&quot;:\&quot;PUT**\&quot;,\&quot;FULL_NAME\&quot;:\&quot;RIS** ****** *****  PUT**\&quot;,\&quot;SPECIALIST_NAME\&quot;:\&quot;SpOG\&quot;,\&quot;IS_UPCOUNTRY\&quot;:null,\&quot;TOTAL_SCHEDULE\&quot;:0,\&quot;IS_HAVING_BEST_TIME_VISIT\&quot;:0,\&quot;MONDAY_DAY\&quot;:0,\&quot;MONDAY_NIGHT\&quot;:0,\&quot;TUESDAY_DAY\&quot;:0,\&quot;TUESDAY_NIGHT\&quot;:0,\&quot;WEDNESDAY_DAY\&quot;:0,\&quot;WEDNESDAY_NIGHT\&quot;:0,\&quot;THURSDAY_DAY\&quot;:0,\&quot;THURSDAY_NIGHT\&quot;:0,\&quot;FRIDAY_DAY\&quot;:0,\&quot;FRIDAY_NIGHT\&quot;:0,\&quot;PERSON_TYPE_DAY_NIGHT\&quot;:null}&quot;&#10;Schema validation failed for item at index 71: &#10;Expected: The content to match the given JSON schema.&#10;error: instance value (null) not found in enum (possible values: [&quot;N&quot;,&quot;D&quot;])&#10;    level: &quot;error&quot;&#10;    schema: {&quot;loadingURI&quot;:&quot;file:/D:/Learning/Revou/QA/CallPlan-Testing/target/test-classes/schemas/GetMasterList.json#&quot;,&quot;pointer&quot;:&quot;/properties/PERSON_TYPE_DAY_NIGHT&quot;}&#10;    instance: {&quot;pointer&quot;:&quot;/PERSON_TYPE_DAY_NIGHT&quot;}&#10;    domain: &quot;validation&quot;&#10;    keyword: &quot;enum&quot;&#10;    value: null&#10;    enum: [&quot;N&quot;,&quot;D&quot;]&#10;error: instance type (null) does not match any allowed primitive type (allowed: [&quot;string&quot;])&#10;    level: &quot;error&quot;&#10;    schema: {&quot;loadingURI&quot;:&quot;file:/D:/Learning/Revou/QA/CallPlan-Testing/target/test-classes/schemas/GetMasterList.json#&quot;,&quot;pointer&quot;:&quot;/properties/PERSON_TYPE_DAY_NIGHT&quot;}&#10;    instance: {&quot;pointer&quot;:&quot;/PERSON_TYPE_DAY_NIGHT&quot;}&#10;    domain: &quot;validation&quot;&#10;    keyword: &quot;type&quot;&#10;    found: &quot;null&quot;&#10;    expected: [&quot;string&quot;]&#10;&#10;     but: was &quot;{\&quot;RAYON_ID\&quot;:2952,\&quot;RAYON_CODE\&quot;:\&quot;TGRVIC0101\&quot;,\&quot;AREA_ID\&quot;:40,\&quot;AREA_CODE\&quot;:\&quot;TGR\&quot;,\&quot;PERSON_ID\&quot;:77402,\&quot;PERSON_CODE\&quot;:\&quot;CRM401607004227\&quot;,\&quot;PERSON_TYPE_NAME\&quot;:\&quot;CRM\&quot;,\&quot;FIRST_NAME\&quot;:\&quot;RIT*\&quot;,\&quot;LAST_NAME\&quot;:\&quot;TRI******\&quot;,\&quot;FULL_NAME\&quot;:\&quot;RIT* TRI******\&quot;,\&quot;SPECIALIST_NAME\&quot;:\&quot;GP\&quot;,\&quot;IS_UPCOUNTRY\&quot;:1,\&quot;TOTAL_SCHEDULE\&quot;:1,\&quot;IS_HAVING_BEST_TIME_VISIT\&quot;:1,\&quot;MONDAY_DAY\&quot;:0,\&quot;MONDAY_NIGHT\&quot;:0,\&quot;TUESDAY_DAY\&quot;:0,\&quot;TUESDAY_NIGHT\&quot;:0,\&quot;WEDNESDAY_DAY\&quot;:0,\&quot;WEDNESDAY_NIGHT\&quot;:1,\&quot;THURSDAY_DAY\&quot;:0,\&quot;THURSDAY_NIGHT\&quot;:0,\&quot;FRIDAY_DAY\&quot;:0,\&quot;FRIDAY_NIGHT\&quot;:0,\&quot;PERSON_TYPE_DAY_NIGHT\&quot;:null}&quot;&#10;Schema validation failed for item at index 72: &#10;Expected: The content to match the given JSON schema.&#10;error: instance value (null) not found in enum (possible values: [0,1])&#10;    level: &quot;error&quot;&#10;    schema: {&quot;loadingURI&quot;:&quot;file:/D:/Learning/Revou/QA/CallPlan-Testing/target/test-classes/schemas/GetMasterList.json#&quot;,&quot;pointer&quot;:&quot;/properties/IS_UPCOUNTRY&quot;}&#10;    instance: {&quot;pointer&quot;:&quot;/IS_UPCOUNTRY&quot;}&#10;    domain: &quot;validation&quot;&#10;    keyword: &quot;enum&quot;&#10;    value: null&#10;    enum: [0,1]&#10;error: instance type (null) does not match any allowed primitive type (allowed: [&quot;integer&quot;])&#10;    level: &quot;error&quot;&#10;    schema: {&quot;loadingURI&quot;:&quot;file:/D:/Learning/Revou/QA/CallPlan-Testing/target/test-classes/schemas/GetMasterList.json#&quot;,&quot;pointer&quot;:&quot;/properties/IS_UPCOUNTRY&quot;}&#10;    instance: {&quot;pointer&quot;:&quot;/IS_UPCOUNTRY&quot;}&#10;    domain: &quot;validation&quot;&#10;    keyword: &quot;type&quot;&#10;    found: &quot;null&quot;&#10;    expected: [&quot;integer&quot;]&#10;error: instance value (null) not found in enum (possible values: [&quot;N&quot;,&quot;D&quot;])&#10;    level: &quot;error&quot;&#10;    schema: {&quot;loadingURI&quot;:&quot;file:/D:/Learning/Revou/QA/CallPlan-Testing/target/test-classes/schemas/GetMasterList.json#&quot;,&quot;pointer&quot;:&quot;/properties/PERSON_TYPE_DAY_NIGHT&quot;}&#10;    instance: {&quot;pointer&quot;:&quot;/PERSON_TYPE_DAY_NIGHT&quot;}&#10;    domain: &quot;validation&quot;&#10;    keyword: &quot;enum&quot;&#10;    value: null&#10;    enum: [&quot;N&quot;,&quot;D&quot;]&#10;error: instance type (null) does not match any allowed primitive type (allowed: [&quot;string&quot;])&#10;    level: &quot;error&quot;&#10;    schema: {&quot;loadingURI&quot;:&quot;file:/D:/Learning/Revou/QA/CallPlan-Testing/target/test-classes/schemas/GetMasterList.json#&quot;,&quot;pointer&quot;:&quot;/properties/PERSON_TYPE_DAY_NIGHT&quot;}&#10;    instance: {&quot;pointer&quot;:&quot;/PERSON_TYPE_DAY_NIGHT&quot;}&#10;    domain: &quot;validation&quot;&#10;    keyword: &quot;type&quot;&#10;    found: &quot;null&quot;&#10;    expected: [&quot;string&quot;]&#10;&#10;     but: was &quot;{\&quot;RAYON_ID\&quot;:2952,\&quot;RAYON_CODE\&quot;:\&quot;TGRVIC0101\&quot;,\&quot;AREA_ID\&quot;:40,\&quot;AREA_CODE\&quot;:\&quot;TGR\&quot;,\&quot;PERSON_ID\&quot;:64402,\&quot;PERSON_CODE\&quot;:\&quot;CRM11310004196\&quot;,\&quot;PERSON_TYPE_NAME\&quot;:\&quot;CRM\&quot;,\&quot;FIRST_NAME\&quot;:\&quot;SAN*** \&quot;,\&quot;LAST_NAME\&quot;:\&quot;PRA*******\&quot;,\&quot;FULL_NAME\&quot;:\&quot;SAN***  PRA*******\&quot;,\&quot;SPECIALIST_NAME\&quot;:\&quot;SpOG\&quot;,\&quot;IS_UPCOUNTRY\&quot;:null,\&quot;TOTAL_SCHEDULE\&quot;:0,\&quot;IS_HAVING_BEST_TIME_VISIT\&quot;:0,\&quot;MONDAY_DAY\&quot;:0,\&quot;MONDAY_NIGHT\&quot;:0,\&quot;TUESDAY_DAY\&quot;:0,\&quot;TUESDAY_NIGHT\&quot;:0,\&quot;WEDNESDAY_DAY\&quot;:0,\&quot;WEDNESDAY_NIGHT\&quot;:0,\&quot;THURSDAY_DAY\&quot;:0,\&quot;THURSDAY_NIGHT\&quot;:0,\&quot;FRIDAY_DAY\&quot;:0,\&quot;FRIDAY_NIGHT\&quot;:0,\&quot;PERSON_TYPE_DAY_NIGHT\&quot;:null}&quot;&#10;Schema validation failed for item at index 73: &#10;Expected: The content to match the given JSON schema.&#10;error: instance value (null) not found in enum (possible values: [0,1])&#10;    level: &quot;error&quot;&#10;    schema: {&quot;loadingURI&quot;:&quot;file:/D:/Learning/Revou/QA/CallPlan-Testing/target/test-classes/schemas/GetMasterList.json#&quot;,&quot;pointer&quot;:&quot;/properties/IS_UPCOUNTRY&quot;}&#10;    instance: {&quot;pointer&quot;:&quot;/IS_UPCOUNTRY&quot;}&#10;    domain: &quot;validation&quot;&#10;    keyword: &quot;enum&quot;&#10;    value: null&#10;    enum: [0,1]&#10;error: instance type (null) does not match any allowed primitive type (allowed: [&quot;integer&quot;])&#10;    level: &quot;error&quot;&#10;    schema: {&quot;loadingURI&quot;:&quot;file:/D:/Learning/Revou/QA/CallPlan-Testing/target/test-classes/schemas/GetMasterList.json#&quot;,&quot;pointer&quot;:&quot;/properties/IS_UPCOUNTRY&quot;}&#10;    instance: {&quot;pointer&quot;:&quot;/IS_UPCOUNTRY&quot;}&#10;    domain: &quot;validation&quot;&#10;    keyword: &quot;type&quot;&#10;    found: &quot;null&quot;&#10;    expected: [&quot;integer&quot;]&#10;&#10;     but: was &quot;{\&quot;RAYON_ID\&quot;:2952,\&quot;RAYON_CODE\&quot;:\&quot;TGRVIC0101\&quot;,\&quot;AREA_ID\&quot;:40,\&quot;AREA_CODE\&quot;:\&quot;TGR\&quot;,\&quot;PERSON_ID\&quot;:13237,\&quot;PERSON_CODE\&quot;:\&quot;CRM990808003274\&quot;,\&quot;PERSON_TYPE_NAME\&quot;:\&quot;CRM\&quot;,\&quot;FIRST_NAME\&quot;:\&quot;SAN*** *******\&quot;,\&quot;LAST_NAME\&quot;:\&quot;LAN***\&quot;,\&quot;FULL_NAME\&quot;:\&quot;SAN*** ******* LAN***\&quot;,\&quot;SPECIALIST_NAME\&quot;:\&quot;SpPD\&quot;,\&quot;IS_UPCOUNTRY\&quot;:null,\&quot;TOTAL_SCHEDULE\&quot;:0,\&quot;IS_HAVING_BEST_TIME_VISIT\&quot;:0,\&quot;MONDAY_DAY\&quot;:0,\&quot;MONDAY_NIGHT\&quot;:1,\&quot;TUESDAY_DAY\&quot;:0,\&quot;TUESDAY_NIGHT\&quot;:1,\&quot;WEDNESDAY_DAY\&quot;:0,\&quot;WEDNESDAY_NIGHT\&quot;:1,\&quot;THURSDAY_DAY\&quot;:0,\&quot;THURSDAY_NIGHT\&quot;:1,\&quot;FRIDAY_DAY\&quot;:0,\&quot;FRIDAY_NIGHT\&quot;:1,\&quot;PERSON_TYPE_DAY_NIGHT\&quot;:\&quot;N\&quot;}&quot;&#10;Schema validation failed for item at index 74: &#10;Expected: The content to match the given JSON schema.&#10;error: instance value (null) not found in enum (possible values: [0,1])&#10;    level: &quot;error&quot;&#10;    schema: {&quot;loadingURI&quot;:&quot;file:/D:/Learning/Revou/QA/CallPlan-Testing/target/test-classes/schemas/GetMasterList.json#&quot;,&quot;pointer&quot;:&quot;/properties/IS_UPCOUNTRY&quot;}&#10;    instance: {&quot;pointer&quot;:&quot;/IS_UPCOUNTRY&quot;}&#10;    domain: &quot;validation&quot;&#10;    keyword: &quot;enum&quot;&#10;    value: null&#10;    enum: [0,1]&#10;error: instance type (null) does not match any allowed primitive type (allowed: [&quot;integer&quot;])&#10;    level: &quot;error&quot;&#10;    schema: {&quot;loadingURI&quot;:&quot;file:/D:/Learning/Revou/QA/CallPlan-Testing/target/test-classes/schemas/GetMasterList.json#&quot;,&quot;pointer&quot;:&quot;/properties/IS_UPCOUNTRY&quot;}&#10;    instance: {&quot;pointer&quot;:&quot;/IS_UPCOUNTRY&quot;}&#10;    domain: &quot;validation&quot;&#10;    keyword: &quot;type&quot;&#10;    found: &quot;null&quot;&#10;    expected: [&quot;integer&quot;]&#10;error: instance value (null) not found in enum (possible values: [&quot;N&quot;,&quot;D&quot;])&#10;    level: &quot;error&quot;&#10;    schema: {&quot;loadingURI&quot;:&quot;file:/D:/Learning/Revou/QA/CallPlan-Testing/target/test-classes/schemas/GetMasterList.json#&quot;,&quot;pointer&quot;:&quot;/properties/PERSON_TYPE_DAY_NIGHT&quot;}&#10;    instance: {&quot;pointer&quot;:&quot;/PERSON_TYPE_DAY_NIGHT&quot;}&#10;    domain: &quot;validation&quot;&#10;    keyword: &quot;enum&quot;&#10;    value: null&#10;    enum: [&quot;N&quot;,&quot;D&quot;]&#10;error: instance type (null) does not match any allowed primitive type (allowed: [&quot;string&quot;])&#10;    level: &quot;error&quot;&#10;    schema: {&quot;loadingURI&quot;:&quot;file:/D:/Learning/Revou/QA/CallPlan-Testing/target/test-classes/schemas/GetMasterList.json#&quot;,&quot;pointer&quot;:&quot;/properties/PERSON_TYPE_DAY_NIGHT&quot;}&#10;    instance: {&quot;pointer&quot;:&quot;/PERSON_TYPE_DAY_NIGHT&quot;}&#10;    domain: &quot;validation&quot;&#10;    keyword: &quot;type&quot;&#10;    found: &quot;null&quot;&#10;    expected: [&quot;string&quot;]&#10;&#10;     but: was &quot;{\&quot;RAYON_ID\&quot;:2952,\&quot;RAYON_CODE\&quot;:\&quot;TGRVIC0101\&quot;,\&quot;AREA_ID\&quot;:40,\&quot;AREA_CODE\&quot;:\&quot;TGR\&quot;,\&quot;PERSON_ID\&quot;:100012,\&quot;PERSON_CODE\&quot;:\&quot;CRM402105001938\&quot;,\&quot;PERSON_TYPE_NAME\&quot;:\&quot;CRM\&quot;,\&quot;FIRST_NAME\&quot;:\&quot;SEK**\&quot;,\&quot;LAST_NAME\&quot;:\&quot;CIP*********\&quot;,\&quot;FULL_NAME\&quot;:\&quot;SEK** CIP*********\&quot;,\&quot;SPECIALIST_NAME\&quot;:\&quot;GP\&quot;,\&quot;IS_UPCOUNTRY\&quot;:null,\&quot;TOTAL_SCHEDULE\&quot;:0,\&quot;IS_HAVING_BEST_TIME_VISIT\&quot;:0,\&quot;MONDAY_DAY\&quot;:0,\&quot;MONDAY_NIGHT\&quot;:0,\&quot;TUESDAY_DAY\&quot;:0,\&quot;TUESDAY_NIGHT\&quot;:0,\&quot;WEDNESDAY_DAY\&quot;:0,\&quot;WEDNESDAY_NIGHT\&quot;:0,\&quot;THURSDAY_DAY\&quot;:0,\&quot;THURSDAY_NIGHT\&quot;:0,\&quot;FRIDAY_DAY\&quot;:0,\&quot;FRIDAY_NIGHT\&quot;:0,\&quot;PERSON_TYPE_DAY_NIGHT\&quot;:null}&quot;&#10;Schema validation failed for item at index 75: &#10;Expected: The content to match the given JSON schema.&#10;error: instance value (null) not found in enum (possible values: [0,1])&#10;    level: &quot;error&quot;&#10;    schema: {&quot;loadingURI&quot;:&quot;file:/D:/Learning/Revou/QA/CallPlan-Testing/target/test-classes/schemas/GetMasterList.json#&quot;,&quot;pointer&quot;:&quot;/properties/IS_UPCOUNTRY&quot;}&#10;    instance: {&quot;pointer&quot;:&quot;/IS_UPCOUNTRY&quot;}&#10;    domain: &quot;validation&quot;&#10;    keyword: &quot;enum&quot;&#10;    value: null&#10;    enum: [0,1]&#10;error: instance type (null) does not match any allowed primitive type (allowed: [&quot;integer&quot;])&#10;    level: &quot;error&quot;&#10;    schema: {&quot;loadingURI&quot;:&quot;file:/D:/Learning/Revou/QA/CallPlan-Testing/target/test-classes/schemas/GetMasterList.json#&quot;,&quot;pointer&quot;:&quot;/properties/IS_UPCOUNTRY&quot;}&#10;    instance: {&quot;pointer&quot;:&quot;/IS_UPCOUNTRY&quot;}&#10;    domain: &quot;validation&quot;&#10;    keyword: &quot;type&quot;&#10;    found: &quot;null&quot;&#10;    expected: [&quot;integer&quot;]&#10;&#10;     but: was &quot;{\&quot;RAYON_ID\&quot;:2952,\&quot;RAYON_CODE\&quot;:\&quot;TGRVIC0101\&quot;,\&quot;AREA_ID\&quot;:40,\&quot;AREA_CODE\&quot;:\&quot;TGR\&quot;,\&quot;PERSON_ID\&quot;:37008,\&quot;PERSON_CODE\&quot;:\&quot;CRM10911003029\&quot;,\&quot;PERSON_TYPE_NAME\&quot;:\&quot;CRM\&quot;,\&quot;FIRST_NAME\&quot;:\&quot;SIS**\&quot;,\&quot;LAST_NAME\&quot;:\&quot;SON****\&quot;,\&quot;FULL_NAME\&quot;:\&quot;SIS** SON****\&quot;,\&quot;SPECIALIST_NAME\&quot;:\&quot;GP\&quot;,\&quot;IS_UPCOUNTRY\&quot;:null,\&quot;TOTAL_SCHEDULE\&quot;:0,\&quot;IS_HAVING_BEST_TIME_VISIT\&quot;:0,\&quot;MONDAY_DAY\&quot;:0,\&quot;MONDAY_NIGHT\&quot;:1,\&quot;TUESDAY_DAY\&quot;:0,\&quot;TUESDAY_NIGHT\&quot;:1,\&quot;WEDNESDAY_DAY\&quot;:0,\&quot;WEDNESDAY_NIGHT\&quot;:1,\&quot;THURSDAY_DAY\&quot;:0,\&quot;THURSDAY_NIGHT\&quot;:1,\&quot;FRIDAY_DAY\&quot;:0,\&quot;FRIDAY_NIGHT\&quot;:1,\&quot;PERSON_TYPE_DAY_NIGHT\&quot;:\&quot;N\&quot;}&quot;&#10;Schema validation failed for item at index 76: &#10;Expected: The content to match the given JSON schema.&#10;error: instance value (null) not found in enum (possible values: [0,1])&#10;    level: &quot;error&quot;&#10;    schema: {&quot;loadingURI&quot;:&quot;file:/D:/Learning/Revou/QA/CallPlan-Testing/target/test-classes/schemas/GetMasterList.json#&quot;,&quot;pointer&quot;:&quot;/properties/IS_UPCOUNTRY&quot;}&#10;    instance: {&quot;pointer&quot;:&quot;/IS_UPCOUNTRY&quot;}&#10;    domain: &quot;validation&quot;&#10;    keyword: &quot;enum&quot;&#10;    value: null&#10;    enum: [0,1]&#10;error: instance type (null) does not match any allowed primitive type (allowed: [&quot;integer&quot;])&#10;    level: &quot;error&quot;&#10;    schema: {&quot;loadingURI&quot;:&quot;file:/D:/Learning/Revou/QA/CallPlan-Testing/target/test-classes/schemas/GetMasterList.json#&quot;,&quot;pointer&quot;:&quot;/properties/IS_UPCOUNTRY&quot;}&#10;    instance: {&quot;pointer&quot;:&quot;/IS_UPCOUNTRY&quot;}&#10;    domain: &quot;validation&quot;&#10;    keyword: &quot;type&quot;&#10;    found: &quot;null&quot;&#10;    expected: [&quot;integer&quot;]&#10;&#10;     but: was &quot;{\&quot;RAYON_ID\&quot;:2952,\&quot;RAYON_CODE\&quot;:\&quot;TGRVIC0101\&quot;,\&quot;AREA_ID\&quot;:40,\&quot;AREA_CODE\&quot;:\&quot;TGR\&quot;,\&quot;PERSON_ID\&quot;:41777,\&quot;PERSON_CODE\&quot;:\&quot;CRM10912007983\&quot;,\&quot;PERSON_TYPE_NAME\&quot;:\&quot;CRM\&quot;,\&quot;FIRST_NAME\&quot;:\&quot;STA*******\&quot;,\&quot;LAST_NAME\&quot;:\&quot;DJO**********\&quot;,\&quot;FULL_NAME\&quot;:\&quot;STA******* DJO**********\&quot;,\&quot;SPECIALIST_NAME\&quot;:\&quot;GP\&quot;,\&quot;IS_UPCOUNTRY\&quot;:null,\&quot;TOTAL_SCHEDULE\&quot;:0,\&quot;IS_HAVING_BEST_TIME_VISIT\&quot;:0,\&quot;MONDAY_DAY\&quot;:1,\&quot;MONDAY_NIGHT\&quot;:0,\&quot;TUESDAY_DAY\&quot;:1,\&quot;TUESDAY_NIGHT\&quot;:0,\&quot;WEDNESDAY_DAY\&quot;:1,\&quot;WEDNESDAY_NIGHT\&quot;:0,\&quot;THURSDAY_DAY\&quot;:1,\&quot;THURSDAY_NIGHT\&quot;:0,\&quot;FRIDAY_DAY\&quot;:1,\&quot;FRIDAY_NIGHT\&quot;:0,\&quot;PERSON_TYPE_DAY_NIGHT\&quot;:\&quot;D\&quot;}&quot;&#10;Schema validation failed for item at index 77: &#10;Expected: The content to match the given JSON schema.&#10;error: instance value (null) not found in enum (possible values: [0,1])&#10;    level: &quot;error&quot;&#10;    schema: {&quot;loadingURI&quot;:&quot;file:/D:/Learning/Revou/QA/CallPlan-Testing/target/test-classes/schemas/GetMasterList.json#&quot;,&quot;pointer&quot;:&quot;/properties/IS_UPCOUNTRY&quot;}&#10;    instance: {&quot;pointer&quot;:&quot;/IS_UPCOUNTRY&quot;}&#10;    domain: &quot;validation&quot;&#10;    keyword: &quot;enum&quot;&#10;    value: null&#10;    enum: [0,1]&#10;error: instance type (null) does not match any allowed primitive type (allowed: [&quot;integer&quot;])&#10;    level: &quot;error&quot;&#10;    schema: {&quot;loadingURI&quot;:&quot;file:/D:/Learning/Revou/QA/CallPlan-Testing/target/test-classes/schemas/GetMasterList.json#&quot;,&quot;pointer&quot;:&quot;/properties/IS_UPCOUNTRY&quot;}&#10;    instance: {&quot;pointer&quot;:&quot;/IS_UPCOUNTRY&quot;}&#10;    domain: &quot;validation&quot;&#10;    keyword: &quot;type&quot;&#10;    found: &quot;null&quot;&#10;    expected: [&quot;integer&quot;]&#10;&#10;     but: was &quot;{\&quot;RAYON_ID\&quot;:2952,\&quot;RAYON_CODE\&quot;:\&quot;TGRVIC0101\&quot;,\&quot;AREA_ID\&quot;:40,\&quot;AREA_CODE\&quot;:\&quot;TGR\&quot;,\&quot;PERSON_ID\&quot;:15646,\&quot;PERSON_CODE\&quot;:\&quot;CRM990802001228\&quot;,\&quot;PERSON_TYPE_NAME\&quot;:\&quot;CRM\&quot;,\&quot;FIRST_NAME\&quot;:\&quot;STE**** *****\&quot;,\&quot;LAST_NAME\&quot;:\&quot;MAN****\&quot;,\&quot;FULL_NAME\&quot;:\&quot;STE**** ***** MAN****\&quot;,\&quot;SPECIALIST_NAME\&quot;:\&quot;SpOG\&quot;,\&quot;IS_UPCOUNTRY\&quot;:null,\&quot;TOTAL_SCHEDULE\&quot;:0,\&quot;IS_HAVING_BEST_TIME_VISIT\&quot;:0,\&quot;MONDAY_DAY\&quot;:1,\&quot;MONDAY_NIGHT\&quot;:0,\&quot;TUESDAY_DAY\&quot;:1,\&quot;TUESDAY_NIGHT\&quot;:0,\&quot;WEDNESDAY_DAY\&quot;:1,\&quot;WEDNESDAY_NIGHT\&quot;:0,\&quot;THURSDAY_DAY\&quot;:1,\&quot;THURSDAY_NIGHT\&quot;:0,\&quot;FRIDAY_DAY\&quot;:1,\&quot;FRIDAY_NIGHT\&quot;:0,\&quot;PERSON_TYPE_DAY_NIGHT\&quot;:\&quot;D\&quot;}&quot;&#10;Schema validation failed for item at index 78: &#10;Expected: The content to match the given JSON schema.&#10;error: instance value (null) not found in enum (possible values: [0,1])&#10;    level: &quot;error&quot;&#10;    schema: {&quot;loadingURI&quot;:&quot;file:/D:/Learning/Revou/QA/CallPlan-Testing/target/test-classes/schemas/GetMasterList.json#&quot;,&quot;pointer&quot;:&quot;/properties/IS_UPCOUNTRY&quot;}&#10;    instance: {&quot;pointer&quot;:&quot;/IS_UPCOUNTRY&quot;}&#10;    domain: &quot;validation&quot;&#10;    keyword: &quot;enum&quot;&#10;    value: null&#10;    enum: [0,1]&#10;error: instance type (null) does not match any allowed primitive type (allowed: [&quot;integer&quot;])&#10;    level: &quot;error&quot;&#10;    schema: {&quot;loadingURI&quot;:&quot;file:/D:/Learning/Revou/QA/CallPlan-Testing/target/test-classes/schemas/GetMasterList.json#&quot;,&quot;pointer&quot;:&quot;/properties/IS_UPCOUNTRY&quot;}&#10;    instance: {&quot;pointer&quot;:&quot;/IS_UPCOUNTRY&quot;}&#10;    domain: &quot;validation&quot;&#10;    keyword: &quot;type&quot;&#10;    found: &quot;null&quot;&#10;    expected: [&quot;integer&quot;]&#10;error: instance value (null) not found in enum (possible values: [&quot;N&quot;,&quot;D&quot;])&#10;    level: &quot;error&quot;&#10;    schema: {&quot;loadingURI&quot;:&quot;file:/D:/Learning/Revou/QA/CallPlan-Testing/target/test-classes/schemas/GetMasterList.json#&quot;,&quot;pointer&quot;:&quot;/properties/PERSON_TYPE_DAY_NIGHT&quot;}&#10;    instance: {&quot;pointer&quot;:&quot;/PERSON_TYPE_DAY_NIGHT&quot;}&#10;    domain: &quot;validation&quot;&#10;    keyword: &quot;enum&quot;&#10;    value: null&#10;    enum: [&quot;N&quot;,&quot;D&quot;]&#10;error: instance type (null) does not match any allowed primitive type (allowed: [&quot;string&quot;])&#10;    level: &quot;error&quot;&#10;    schema: {&quot;loadingURI&quot;:&quot;file:/D:/Learning/Revou/QA/CallPlan-Testing/target/test-classes/schemas/GetMasterList.json#&quot;,&quot;pointer&quot;:&quot;/properties/PERSON_TYPE_DAY_NIGHT&quot;}&#10;    instance: {&quot;pointer&quot;:&quot;/PERSON_TYPE_DAY_NIGHT&quot;}&#10;    domain: &quot;validation&quot;&#10;    keyword: &quot;type&quot;&#10;    found: &quot;null&quot;&#10;    expected: [&quot;string&quot;]&#10;&#10;     but: was &quot;{\&quot;RAYON_ID\&quot;:2952,\&quot;RAYON_CODE\&quot;:\&quot;TGRVIC0101\&quot;,\&quot;AREA_ID\&quot;:40,\&quot;AREA_CODE\&quot;:\&quot;TGR\&quot;,\&quot;PERSON_ID\&quot;:94141,\&quot;PERSON_CODE\&quot;:\&quot;CRM402002001158\&quot;,\&quot;PERSON_TYPE_NAME\&quot;:\&quot;CRM\&quot;,\&quot;FIRST_NAME\&quot;:\&quot;SUB***\&quot;,\&quot;LAST_NAME\&quot;:\&quot;ARI* ******\&quot;,\&quot;FULL_NAME\&quot;:\&quot;SUB*** ARI* ******\&quot;,\&quot;SPECIALIST_NAME\&quot;:\&quot;GP\&quot;,\&quot;IS_UPCOUNTRY\&quot;:null,\&quot;TOTAL_SCHEDULE\&quot;:0,\&quot;IS_HAVING_BEST_TIME_VISIT\&quot;:0,\&quot;MONDAY_DAY\&quot;:0,\&quot;MONDAY_NIGHT\&quot;:0,\&quot;TUESDAY_DAY\&quot;:0,\&quot;TUESDAY_NIGHT\&quot;:0,\&quot;WEDNESDAY_DAY\&quot;:0,\&quot;WEDNESDAY_NIGHT\&quot;:0,\&quot;THURSDAY_DAY\&quot;:0,\&quot;THURSDAY_NIGHT\&quot;:0,\&quot;FRIDAY_DAY\&quot;:0,\&quot;FRIDAY_NIGHT\&quot;:0,\&quot;PERSON_TYPE_DAY_NIGHT\&quot;:null}&quot;&#10;Schema validation failed for item at index 80: &#10;Expected: The content to match the given JSON schema.&#10;error: instance value (null) not found in enum (possible values: [0,1])&#10;    level: &quot;error&quot;&#10;    schema: {&quot;loadingURI&quot;:&quot;file:/D:/Learning/Revou/QA/CallPlan-Testing/target/test-classes/schemas/GetMasterList.json#&quot;,&quot;pointer&quot;:&quot;/properties/IS_UPCOUNTRY&quot;}&#10;    instance: {&quot;pointer&quot;:&quot;/IS_UPCOUNTRY&quot;}&#10;    domain: &quot;validation&quot;&#10;    keyword: &quot;enum&quot;&#10;    value: null&#10;    enum: [0,1]&#10;error: instance type (null) does not match any allowed primitive type (allowed: [&quot;integer&quot;])&#10;    level: &quot;error&quot;&#10;    schema: {&quot;loadingURI&quot;:&quot;file:/D:/Learning/Revou/QA/CallPlan-Testing/target/test-classes/schemas/GetMasterList.json#&quot;,&quot;pointer&quot;:&quot;/properties/IS_UPCOUNTRY&quot;}&#10;    instance: {&quot;pointer&quot;:&quot;/IS_UPCOUNTRY&quot;}&#10;    domain: &quot;validation&quot;&#10;    keyword: &quot;type&quot;&#10;    found: &quot;null&quot;&#10;    expected: [&quot;integer&quot;]&#10;&#10;     but: was &quot;{\&quot;RAYON_ID\&quot;:2952,\&quot;RAYON_CODE\&quot;:\&quot;TGRVIC0101\&quot;,\&quot;AREA_ID\&quot;:40,\&quot;AREA_CODE\&quot;:\&quot;TGR\&quot;,\&quot;PERSON_ID\&quot;:60243,\&quot;PERSON_CODE\&quot;:\&quot;CRM11212005386\&quot;,\&quot;PERSON_TYPE_NAME\&quot;:\&quot;CRM\&quot;,\&quot;FIRST_NAME\&quot;:\&quot;THE* ****\&quot;,\&quot;LAST_NAME\&quot;:\&quot;YAN**\&quot;,\&quot;FULL_NAME\&quot;:\&quot;THE* **** YAN**\&quot;,\&quot;SPECIALIST_NAME\&quot;:\&quot;SpPD\&quot;,\&quot;IS_UPCOUNTRY\&quot;:null,\&quot;TOTAL_SCHEDULE\&quot;:0,\&quot;IS_HAVING_BEST_TIME_VISIT\&quot;:0,\&quot;MONDAY_DAY\&quot;:0,\&quot;MONDAY_NIGHT\&quot;:1,\&quot;TUESDAY_DAY\&quot;:0,\&quot;TUESDAY_NIGHT\&quot;:1,\&quot;WEDNESDAY_DAY\&quot;:0,\&quot;WEDNESDAY_NIGHT\&quot;:1,\&quot;THURSDAY_DAY\&quot;:0,\&quot;THURSDAY_NIGHT\&quot;:1,\&quot;FRIDAY_DAY\&quot;:0,\&quot;FRIDAY_NIGHT\&quot;:1,\&quot;PERSON_TYPE_DAY_NIGHT\&quot;:\&quot;N\&quot;}&quot;&#10;Schema validation failed for item at index 81: &#10;Expected: The content to match the given JSON schema.&#10;error: instance value (null) not found in enum (possible values: [0,1])&#10;    level: &quot;error&quot;&#10;    schema: {&quot;loadingURI&quot;:&quot;file:/D:/Learning/Revou/QA/CallPlan-Testing/target/test-classes/schemas/GetMasterList.json#&quot;,&quot;pointer&quot;:&quot;/properties/IS_UPCOUNTRY&quot;}&#10;    instance: {&quot;pointer&quot;:&quot;/IS_UPCOUNTRY&quot;}&#10;    domain: &quot;validation&quot;&#10;    keyword: &quot;enum&quot;&#10;    value: null&#10;    enum: [0,1]&#10;error: instance type (null) does not match any allowed primitive type (allowed: [&quot;integer&quot;])&#10;    level: &quot;error&quot;&#10;    schema: {&quot;loadingURI&quot;:&quot;file:/D:/Learning/Revou/QA/CallPlan-Testing/target/test-classes/schemas/GetMasterList.json#&quot;,&quot;pointer&quot;:&quot;/properties/IS_UPCOUNTRY&quot;}&#10;    instance: {&quot;pointer&quot;:&quot;/IS_UPCOUNTRY&quot;}&#10;    domain: &quot;validation&quot;&#10;    keyword: &quot;type&quot;&#10;    found: &quot;null&quot;&#10;    expected: [&quot;integer&quot;]&#10;&#10;     but: was &quot;{\&quot;RAYON_ID\&quot;:2952,\&quot;RAYON_CODE\&quot;:\&quot;TGRVIC0101\&quot;,\&quot;AREA_ID\&quot;:40,\&quot;AREA_CODE\&quot;:\&quot;TGR\&quot;,\&quot;PERSON_ID\&quot;:15400,\&quot;PERSON_CODE\&quot;:\&quot;CRM990506019367\&quot;,\&quot;PERSON_TYPE_NAME\&quot;:\&quot;CRM\&quot;,\&quot;FIRST_NAME\&quot;:\&quot;THE*****\&quot;,\&quot;LAST_NAME\&quot;:\&quot;JUL***\&quot;,\&quot;FULL_NAME\&quot;:\&quot;THE***** JUL***\&quot;,\&quot;SPECIALIST_NAME\&quot;:\&quot;GP\&quot;,\&quot;IS_UPCOUNTRY\&quot;:null,\&quot;TOTAL_SCHEDULE\&quot;:0,\&quot;IS_HAVING_BEST_TIME_VISIT\&quot;:0,\&quot;MONDAY_DAY\&quot;:1,\&quot;MONDAY_NIGHT\&quot;:0,\&quot;TUESDAY_DAY\&quot;:1,\&quot;TUESDAY_NIGHT\&quot;:0,\&quot;WEDNESDAY_DAY\&quot;:1,\&quot;WEDNESDAY_NIGHT\&quot;:0,\&quot;THURSDAY_DAY\&quot;:1,\&quot;THURSDAY_NIGHT\&quot;:0,\&quot;FRIDAY_DAY\&quot;:1,\&quot;FRIDAY_NIGHT\&quot;:0,\&quot;PERSON_TYPE_DAY_NIGHT\&quot;:\&quot;D\&quot;}&quot;&#10;Schema validation failed for item at index 82: &#10;Expected: The content to match the given JSON schema.&#10;error: instance value (null) not found in enum (possible values: [0,1])&#10;    level: &quot;error&quot;&#10;    schema: {&quot;loadingURI&quot;:&quot;file:/D:/Learning/Revou/QA/CallPlan-Testing/target/test-classes/schemas/GetMasterList.json#&quot;,&quot;pointer&quot;:&quot;/properties/IS_UPCOUNTRY&quot;}&#10;    instance: {&quot;pointer&quot;:&quot;/IS_UPCOUNTRY&quot;}&#10;    domain: &quot;validation&quot;&#10;    keyword: &quot;enum&quot;&#10;    value: null&#10;    enum: [0,1]&#10;error: instance type (null) does not match any allowed primitive type (allowed: [&quot;integer&quot;])&#10;    level: &quot;error&quot;&#10;    schema: {&quot;loadingURI&quot;:&quot;file:/D:/Learning/Revou/QA/CallPlan-Testing/target/test-classes/schemas/GetMasterList.json#&quot;,&quot;pointer&quot;:&quot;/properties/IS_UPCOUNTRY&quot;}&#10;    instance: {&quot;pointer&quot;:&quot;/IS_UPCOUNTRY&quot;}&#10;    domain: &quot;validation&quot;&#10;    keyword: &quot;type&quot;&#10;    found: &quot;null&quot;&#10;    expected: [&quot;integer&quot;]&#10;&#10;     but: was &quot;{\&quot;RAYON_ID\&quot;:2952,\&quot;RAYON_CODE\&quot;:\&quot;TGRVIC0101\&quot;,\&quot;AREA_ID\&quot;:40,\&quot;AREA_CODE\&quot;:\&quot;TGR\&quot;,\&quot;PERSON_ID\&quot;:72533,\&quot;PERSON_CODE\&quot;:\&quot;CRM401507011802\&quot;,\&quot;PERSON_TYPE_NAME\&quot;:\&quot;CRM\&quot;,\&quot;FIRST_NAME\&quot;:\&quot;VIT* *********\&quot;,\&quot;LAST_NAME\&quot;:\&quot;DAM**\&quot;,\&quot;FULL_NAME\&quot;:\&quot;VIT* ********* DAM**\&quot;,\&quot;SPECIALIST_NAME\&quot;:\&quot;SpJP\&quot;,\&quot;IS_UPCOUNTRY\&quot;:null,\&quot;TOTAL_SCHEDULE\&quot;:0,\&quot;IS_HAVING_BEST_TIME_VISIT\&quot;:0,\&quot;MONDAY_DAY\&quot;:0,\&quot;MONDAY_NIGHT\&quot;:1,\&quot;TUESDAY_DAY\&quot;:0,\&quot;TUESDAY_NIGHT\&quot;:1,\&quot;WEDNESDAY_DAY\&quot;:0,\&quot;WEDNESDAY_NIGHT\&quot;:1,\&quot;THURSDAY_DAY\&quot;:0,\&quot;THURSDAY_NIGHT\&quot;:1,\&quot;FRIDAY_DAY\&quot;:0,\&quot;FRIDAY_NIGHT\&quot;:1,\&quot;PERSON_TYPE_DAY_NIGHT\&quot;:\&quot;N\&quot;}&quot;&#10;Schema validation failed for item at index 83: &#10;Expected: The content to match the given JSON schema.&#10;error: instance value (null) not found in enum (possible values: [0,1])&#10;    level: &quot;error&quot;&#10;    schema: {&quot;loadingURI&quot;:&quot;file:/D:/Learning/Revou/QA/CallPlan-Testing/target/test-classes/schemas/GetMasterList.json#&quot;,&quot;pointer&quot;:&quot;/properties/IS_UPCOUNTRY&quot;}&#10;    instance: {&quot;pointer&quot;:&quot;/IS_UPCOUNTRY&quot;}&#10;    domain: &quot;validation&quot;&#10;    keyword: &quot;enum&quot;&#10;    value: null&#10;    enum: [0,1]&#10;error: instance type (null) does not match any allowed primitive type (allowed: [&quot;integer&quot;])&#10;    level: &quot;error&quot;&#10;    schema: {&quot;loadingURI&quot;:&quot;file:/D:/Learning/Revou/QA/CallPlan-Testing/target/test-classes/schemas/GetMasterList.json#&quot;,&quot;pointer&quot;:&quot;/properties/IS_UPCOUNTRY&quot;}&#10;    instance: {&quot;pointer&quot;:&quot;/IS_UPCOUNTRY&quot;}&#10;    domain: &quot;validation&quot;&#10;    keyword: &quot;type&quot;&#10;    found: &quot;null&quot;&#10;    expected: [&quot;integer&quot;]&#10;error: instance value (null) not found in enum (possible values: [&quot;N&quot;,&quot;D&quot;])&#10;    level: &quot;error&quot;&#10;    schema: {&quot;loadingURI&quot;:&quot;file:/D:/Learning/Revou/QA/CallPlan-Testing/target/test-classes/schemas/GetMasterList.json#&quot;,&quot;pointer&quot;:&quot;/properties/PERSON_TYPE_DAY_NIGHT&quot;}&#10;    instance: {&quot;pointer&quot;:&quot;/PERSON_TYPE_DAY_NIGHT&quot;}&#10;    domain: &quot;validation&quot;&#10;    keyword: &quot;enum&quot;&#10;    value: null&#10;    enum: [&quot;N&quot;,&quot;D&quot;]&#10;error: instance type (null) does not match any allowed primitive type (allowed: [&quot;string&quot;])&#10;    level: &quot;error&quot;&#10;    schema: {&quot;loadingURI&quot;:&quot;file:/D:/Learning/Revou/QA/CallPlan-Testing/target/test-classes/schemas/GetMasterList.json#&quot;,&quot;pointer&quot;:&quot;/properties/PERSON_TYPE_DAY_NIGHT&quot;}&#10;    instance: {&quot;pointer&quot;:&quot;/PERSON_TYPE_DAY_NIGHT&quot;}&#10;    domain: &quot;validation&quot;&#10;    keyword: &quot;type&quot;&#10;    found: &quot;null&quot;&#10;    expected: [&quot;string&quot;]&#10;&#10;     but: was &quot;{\&quot;RAYON_ID\&quot;:2952,\&quot;RAYON_CODE\&quot;:\&quot;TGRVIC0101\&quot;,\&quot;AREA_ID\&quot;:40,\&quot;AREA_CODE\&quot;:\&quot;TGR\&quot;,\&quot;PERSON_ID\&quot;:61420,\&quot;PERSON_CODE\&quot;:\&quot;CRM671302001139\&quot;,\&quot;PERSON_TYPE_NAME\&quot;:\&quot;CRM\&quot;,\&quot;FIRST_NAME\&quot;:\&quot;YUL****\&quot;,\&quot;LAST_NAME\&quot;:\&quot;FIR****\&quot;,\&quot;FULL_NAME\&quot;:\&quot;YUL**** FIR****\&quot;,\&quot;SPECIALIST_NAME\&quot;:\&quot;GP\&quot;,\&quot;IS_UPCOUNTRY\&quot;:null,\&quot;TOTAL_SCHEDULE\&quot;:0,\&quot;IS_HAVING_BEST_TIME_VISIT\&quot;:0,\&quot;MONDAY_DAY\&quot;:0,\&quot;MONDAY_NIGHT\&quot;:0,\&quot;TUESDAY_DAY\&quot;:0,\&quot;TUESDAY_NIGHT\&quot;:0,\&quot;WEDNESDAY_DAY\&quot;:0,\&quot;WEDNESDAY_NIGHT\&quot;:0,\&quot;THURSDAY_DAY\&quot;:0,\&quot;THURSDAY_NIGHT\&quot;:0,\&quot;FRIDAY_DAY\&quot;:0,\&quot;FRIDAY_NIGHT\&quot;:0,\&quot;PERSON_TYPE_DAY_NIGHT\&quot;:null}&quot;&#10;" type="java.lang.AssertionError"><![CDATA[java.lang.AssertionError: 
Schema validation failed with the following errors:
Schema validation failed for item at index 1: 
Expected: The content to match the given JSON schema.
error: instance value (null) not found in enum (possible values: [0,1])
    level: "error"
    schema: {"loadingURI":"file:/D:/Learning/Revou/QA/CallPlan-Testing/target/test-classes/schemas/GetMasterList.json#","pointer":"/properties/IS_UPCOUNTRY"}
    instance: {"pointer":"/IS_UPCOUNTRY"}
    domain: "validation"
    keyword: "enum"
    value: null
    enum: [0,1]
error: instance type (null) does not match any allowed primitive type (allowed: ["integer"])
    level: "error"
    schema: {"loadingURI":"file:/D:/Learning/Revou/QA/CallPlan-Testing/target/test-classes/schemas/GetMasterList.json#","pointer":"/properties/IS_UPCOUNTRY"}
    instance: {"pointer":"/IS_UPCOUNTRY"}
    domain: "validation"
    keyword: "type"
    found: "null"
    expected: ["integer"]

     but: was "{\"RAYON_ID\":2952,\"RAYON_CODE\":\"TGRVIC0101\",\"AREA_ID\":40,\"AREA_CODE\":\"TGR\",\"PERSON_ID\":7131,\"PERSON_CODE\":\"CRM100415478\",\"PERSON_TYPE_NAME\":\"CRM\",\"FIRST_NAME\":\"***\",\"LAST_NAME\":\"AND********\",\"FULL_NAME\":\"*** AND********\",\"SPECIALIST_NAME\":\"SpJP\",\"IS_UPCOUNTRY\":null,\"TOTAL_SCHEDULE\":0,\"IS_HAVING_BEST_TIME_VISIT\":0,\"MONDAY_DAY\":1,\"MONDAY_NIGHT\":0,\"TUESDAY_DAY\":1,\"TUESDAY_NIGHT\":0,\"WEDNESDAY_DAY\":1,\"WEDNESDAY_NIGHT\":0,\"THURSDAY_DAY\":1,\"THURSDAY_NIGHT\":0,\"FRIDAY_DAY\":1,\"FRIDAY_NIGHT\":0,\"PERSON_TYPE_DAY_NIGHT\":\"D\"}"
Schema validation failed for item at index 2: 
Expected: The content to match the given JSON schema.
error: instance value (null) not found in enum (possible values: [0,1])
    level: "error"
    schema: {"loadingURI":"file:/D:/Learning/Revou/QA/CallPlan-Testing/target/test-classes/schemas/GetMasterList.json#","pointer":"/properties/IS_UPCOUNTRY"}
    instance: {"pointer":"/IS_UPCOUNTRY"}
    domain: "validation"
    keyword: "enum"
    value: null
    enum: [0,1]
error: instance type (null) does not match any allowed primitive type (allowed: ["integer"])
    level: "error"
    schema: {"loadingURI":"file:/D:/Learning/Revou/QA/CallPlan-Testing/target/test-classes/schemas/GetMasterList.json#","pointer":"/properties/IS_UPCOUNTRY"}
    instance: {"pointer":"/IS_UPCOUNTRY"}
    domain: "validation"
    keyword: "type"
    found: "null"
    expected: ["integer"]
error: instance value (null) not found in enum (possible values: ["N","D"])
    level: "error"
    schema: {"loadingURI":"file:/D:/Learning/Revou/QA/CallPlan-Testing/target/test-classes/schemas/GetMasterList.json#","pointer":"/properties/PERSON_TYPE_DAY_NIGHT"}
    instance: {"pointer":"/PERSON_TYPE_DAY_NIGHT"}
    domain: "validation"
    keyword: "enum"
    value: null
    enum: ["N","D"]
error: instance type (null) does not match any allowed primitive type (allowed: ["string"])
    level: "error"
    schema: {"loadingURI":"file:/D:/Learning/Revou/QA/CallPlan-Testing/target/test-classes/schemas/GetMasterList.json#","pointer":"/properties/PERSON_TYPE_DAY_NIGHT"}
    instance: {"pointer":"/PERSON_TYPE_DAY_NIGHT"}
    domain: "validation"
    keyword: "type"
    found: "null"
    expected: ["string"]

     but: was "{\"RAYON_ID\":2952,\"RAYON_CODE\":\"TGRVIC0101\",\"AREA_ID\":40,\"AREA_CODE\":\"TGR\",\"PERSON_ID\":11797,\"PERSON_CODE\":\"CRM100415649\",\"PERSON_TYPE_NAME\":\"CRM\",\"FIRST_NAME\":\"***\",\"LAST_NAME\":\"INA****\",\"FULL_NAME\":\"*** INA****\",\"SPECIALIST_NAME\":\"GP\",\"IS_UPCOUNTRY\":null,\"TOTAL_SCHEDULE\":0,\"IS_HAVING_BEST_TIME_VISIT\":0,\"MONDAY_DAY\":0,\"MONDAY_NIGHT\":0,\"TUESDAY_DAY\":0,\"TUESDAY_NIGHT\":0,\"WEDNESDAY_DAY\":0,\"WEDNESDAY_NIGHT\":0,\"THURSDAY_DAY\":0,\"THURSDAY_NIGHT\":0,\"FRIDAY_DAY\":0,\"FRIDAY_NIGHT\":0,\"PERSON_TYPE_DAY_NIGHT\":null}"
Schema validation failed for item at index 3: 
Expected: The content to match the given JSON schema.
error: instance value (null) not found in enum (possible values: [0,1])
    level: "error"
    schema: {"loadingURI":"file:/D:/Learning/Revou/QA/CallPlan-Testing/target/test-classes/schemas/GetMasterList.json#","pointer":"/properties/IS_UPCOUNTRY"}
    instance: {"pointer":"/IS_UPCOUNTRY"}
    domain: "validation"
    keyword: "enum"
    value: null
    enum: [0,1]
error: instance type (null) does not match any allowed primitive type (allowed: ["integer"])
    level: "error"
    schema: {"loadingURI":"file:/D:/Learning/Revou/QA/CallPlan-Testing/target/test-classes/schemas/GetMasterList.json#","pointer":"/properties/IS_UPCOUNTRY"}
    instance: {"pointer":"/IS_UPCOUNTRY"}
    domain: "validation"
    keyword: "type"
    found: "null"
    expected: ["integer"]

     but: was "{\"RAYON_ID\":2952,\"RAYON_CODE\":\"TGRVIC0101\",\"AREA_ID\":40,\"AREA_CODE\":\"TGR\",\"PERSON_ID\":10186,\"PERSON_CODE\":\"CRM990808003569\",\"PERSON_TYPE_NAME\":\"CRM\",\"FIRST_NAME\":\"***\",\"LAST_NAME\":\"KEN**** ******\",\"FULL_NAME\":\"*** KEN**** ******\",\"SPECIALIST_NAME\":\"GP\",\"IS_UPCOUNTRY\":null,\"TOTAL_SCHEDULE\":0,\"IS_HAVING_BEST_TIME_VISIT\":0,\"MONDAY_DAY\":0,\"MONDAY_NIGHT\":1,\"TUESDAY_DAY\":0,\"TUESDAY_NIGHT\":1,\"WEDNESDAY_DAY\":0,\"WEDNESDAY_NIGHT\":1,\"THURSDAY_DAY\":0,\"THURSDAY_NIGHT\":1,\"FRIDAY_DAY\":0,\"FRIDAY_NIGHT\":1,\"PERSON_TYPE_DAY_NIGHT\":\"N\"}"
Schema validation failed for item at index 6: 
Expected: The content to match the given JSON schema.
error: instance value (null) not found in enum (possible values: ["N","D"])
    level: "error"
    schema: {"loadingURI":"file:/D:/Learning/Revou/QA/CallPlan-Testing/target/test-classes/schemas/GetMasterList.json#","pointer":"/properties/PERSON_TYPE_DAY_NIGHT"}
    instance: {"pointer":"/PERSON_TYPE_DAY_NIGHT"}
    domain: "validation"
    keyword: "enum"
    value: null
    enum: ["N","D"]
error: instance type (null) does not match any allowed primitive type (allowed: ["string"])
    level: "error"
    schema: {"loadingURI":"file:/D:/Learning/Revou/QA/CallPlan-Testing/target/test-classes/schemas/GetMasterList.json#","pointer":"/properties/PERSON_TYPE_DAY_NIGHT"}
    instance: {"pointer":"/PERSON_TYPE_DAY_NIGHT"}
    domain: "validation"
    keyword: "type"
    found: "null"
    expected: ["string"]

     but: was "{\"RAYON_ID\":2952,\"RAYON_CODE\":\"TGRVIC0101\",\"AREA_ID\":40,\"AREA_CODE\":\"TGR\",\"PERSON_ID\":107719,\"PERSON_CODE\":\"CRM402206003966\",\"PERSON_TYPE_NAME\":\"CRM\",\"FIRST_NAME\":\"ADI**** ****\",\"LAST_NAME\":\"PRA****\",\"FULL_NAME\":\"ADI**** **** PRA****\",\"SPECIALIST_NAME\":\"GP\",\"IS_UPCOUNTRY\":1,\"TOTAL_SCHEDULE\":0,\"IS_HAVING_BEST_TIME_VISIT\":1,\"MONDAY_DAY\":0,\"MONDAY_NIGHT\":0,\"TUESDAY_DAY\":0,\"TUESDAY_NIGHT\":0,\"WEDNESDAY_DAY\":0,\"WEDNESDAY_NIGHT\":0,\"THURSDAY_DAY\":0,\"THURSDAY_NIGHT\":0,\"FRIDAY_DAY\":0,\"FRIDAY_NIGHT\":0,\"PERSON_TYPE_DAY_NIGHT\":null}"
Schema validation failed for item at index 7: 
Expected: The content to match the given JSON schema.
error: instance value (null) not found in enum (possible values: ["N","D"])
    level: "error"
    schema: {"loadingURI":"file:/D:/Learning/Revou/QA/CallPlan-Testing/target/test-classes/schemas/GetMasterList.json#","pointer":"/properties/PERSON_TYPE_DAY_NIGHT"}
    instance: {"pointer":"/PERSON_TYPE_DAY_NIGHT"}
    domain: "validation"
    keyword: "enum"
    value: null
    enum: ["N","D"]
error: instance type (null) does not match any allowed primitive type (allowed: ["string"])
    level: "error"
    schema: {"loadingURI":"file:/D:/Learning/Revou/QA/CallPlan-Testing/target/test-classes/schemas/GetMasterList.json#","pointer":"/properties/PERSON_TYPE_DAY_NIGHT"}
    instance: {"pointer":"/PERSON_TYPE_DAY_NIGHT"}
    domain: "validation"
    keyword: "type"
    found: "null"
    expected: ["string"]

     but: was "{\"RAYON_ID\":2952,\"RAYON_CODE\":\"TGRVIC0101\",\"AREA_ID\":40,\"AREA_CODE\":\"TGR\",\"PERSON_ID\":68334,\"PERSON_CODE\":\"CRM361408003574\",\"PERSON_TYPE_NAME\":\"CRM\",\"FIRST_NAME\":\"AGA***\",\"LAST_NAME\":\"CHR******* ***** *****\",\"FULL_NAME\":\"AGA*** CHR******* ***** *****\",\"SPECIALIST_NAME\":\"GP\",\"IS_UPCOUNTRY\":1,\"TOTAL_SCHEDULE\":1,\"IS_HAVING_BEST_TIME_VISIT\":1,\"MONDAY_DAY\":0,\"MONDAY_NIGHT\":0,\"TUESDAY_DAY\":0,\"TUESDAY_NIGHT\":1,\"WEDNESDAY_DAY\":0,\"WEDNESDAY_NIGHT\":0,\"THURSDAY_DAY\":0,\"THURSDAY_NIGHT\":0,\"FRIDAY_DAY\":0,\"FRIDAY_NIGHT\":0,\"PERSON_TYPE_DAY_NIGHT\":null}"
Schema validation failed for item at index 8: 
Expected: The content to match the given JSON schema.
error: instance value (null) not found in enum (possible values: [0,1])
    level: "error"
    schema: {"loadingURI":"file:/D:/Learning/Revou/QA/CallPlan-Testing/target/test-classes/schemas/GetMasterList.json#","pointer":"/properties/IS_UPCOUNTRY"}
    instance: {"pointer":"/IS_UPCOUNTRY"}
    domain: "validation"
    keyword: "enum"
    value: null
    enum: [0,1]
error: instance type (null) does not match any allowed primitive type (allowed: ["integer"])
    level: "error"
    schema: {"loadingURI":"file:/D:/Learning/Revou/QA/CallPlan-Testing/target/test-classes/schemas/GetMasterList.json#","pointer":"/properties/IS_UPCOUNTRY"}
    instance: {"pointer":"/IS_UPCOUNTRY"}
    domain: "validation"
    keyword: "type"
    found: "null"
    expected: ["integer"]
error: instance value (null) not found in enum (possible values: ["N","D"])
    level: "error"
    schema: {"loadingURI":"file:/D:/Learning/Revou/QA/CallPlan-Testing/target/test-classes/schemas/GetMasterList.json#","pointer":"/properties/PERSON_TYPE_DAY_NIGHT"}
    instance: {"pointer":"/PERSON_TYPE_DAY_NIGHT"}
    domain: "validation"
    keyword: "enum"
    value: null
    enum: ["N","D"]
error: instance type (null) does not match any allowed primitive type (allowed: ["string"])
    level: "error"
    schema: {"loadingURI":"file:/D:/Learning/Revou/QA/CallPlan-Testing/target/test-classes/schemas/GetMasterList.json#","pointer":"/properties/PERSON_TYPE_DAY_NIGHT"}
    instance: {"pointer":"/PERSON_TYPE_DAY_NIGHT"}
    domain: "validation"
    keyword: "type"
    found: "null"
    expected: ["string"]

     but: was "{\"RAYON_ID\":2952,\"RAYON_CODE\":\"TGRVIC0101\",\"AREA_ID\":40,\"AREA_CODE\":\"TGR\",\"PERSON_ID\":66354,\"PERSON_CODE\":\"CRM11403001170\",\"PERSON_TYPE_NAME\":\"CRM\",\"FIRST_NAME\":\"ALB***\",\"LAST_NAME\":\"LIZ****\",\"FULL_NAME\":\"ALB*** LIZ****\",\"SPECIALIST_NAME\":\"GP\",\"IS_UPCOUNTRY\":null,\"TOTAL_SCHEDULE\":0,\"IS_HAVING_BEST_TIME_VISIT\":0,\"MONDAY_DAY\":0,\"MONDAY_NIGHT\":0,\"TUESDAY_DAY\":0,\"TUESDAY_NIGHT\":0,\"WEDNESDAY_DAY\":0,\"WEDNESDAY_NIGHT\":0,\"THURSDAY_DAY\":0,\"THURSDAY_NIGHT\":0,\"FRIDAY_DAY\":0,\"FRIDAY_NIGHT\":0,\"PERSON_TYPE_DAY_NIGHT\":null}"
Schema validation failed for item at index 9: 
Expected: The content to match the given JSON schema.
error: instance value (null) not found in enum (possible values: [0,1])
    level: "error"
    schema: {"loadingURI":"file:/D:/Learning/Revou/QA/CallPlan-Testing/target/test-classes/schemas/GetMasterList.json#","pointer":"/properties/IS_UPCOUNTRY"}
    instance: {"pointer":"/IS_UPCOUNTRY"}
    domain: "validation"
    keyword: "enum"
    value: null
    enum: [0,1]
error: instance type (null) does not match any allowed primitive type (allowed: ["integer"])
    level: "error"
    schema: {"loadingURI":"file:/D:/Learning/Revou/QA/CallPlan-Testing/target/test-classes/schemas/GetMasterList.json#","pointer":"/properties/IS_UPCOUNTRY"}
    instance: {"pointer":"/IS_UPCOUNTRY"}
    domain: "validation"
    keyword: "type"
    found: "null"
    expected: ["integer"]
error: instance value (null) not found in enum (possible values: ["N","D"])
    level: "error"
    schema: {"loadingURI":"file:/D:/Learning/Revou/QA/CallPlan-Testing/target/test-classes/schemas/GetMasterList.json#","pointer":"/properties/PERSON_TYPE_DAY_NIGHT"}
    instance: {"pointer":"/PERSON_TYPE_DAY_NIGHT"}
    domain: "validation"
    keyword: "enum"
    value: null
    enum: ["N","D"]
error: instance type (null) does not match any allowed primitive type (allowed: ["string"])
    level: "error"
    schema: {"loadingURI":"file:/D:/Learning/Revou/QA/CallPlan-Testing/target/test-classes/schemas/GetMasterList.json#","pointer":"/properties/PERSON_TYPE_DAY_NIGHT"}
    instance: {"pointer":"/PERSON_TYPE_DAY_NIGHT"}
    domain: "validation"
    keyword: "type"
    found: "null"
    expected: ["string"]

     but: was "{\"RAYON_ID\":2952,\"RAYON_CODE\":\"TGRVIC0101\",\"AREA_ID\":40,\"AREA_CODE\":\"TGR\",\"PERSON_ID\":8027,\"PERSON_CODE\":\"CRM100416313\",\"PERSON_TYPE_NAME\":\"CRM\",\"FIRST_NAME\":\"ALF*\",\"LAST_NAME\":\"RIZ**\",\"FULL_NAME\":\"ALF* RIZ**\",\"SPECIALIST_NAME\":\"GP\",\"IS_UPCOUNTRY\":null,\"TOTAL_SCHEDULE\":0,\"IS_HAVING_BEST_TIME_VISIT\":0,\"MONDAY_DAY\":0,\"MONDAY_NIGHT\":0,\"TUESDAY_DAY\":0,\"TUESDAY_NIGHT\":0,\"WEDNESDAY_DAY\":0,\"WEDNESDAY_NIGHT\":0,\"THURSDAY_DAY\":0,\"THURSDAY_NIGHT\":0,\"FRIDAY_DAY\":0,\"FRIDAY_NIGHT\":0,\"PERSON_TYPE_DAY_NIGHT\":null}"
Schema validation failed for item at index 10: 
Expected: The content to match the given JSON schema.
error: instance value (null) not found in enum (possible values: [0,1])
    level: "error"
    schema: {"loadingURI":"file:/D:/Learning/Revou/QA/CallPlan-Testing/target/test-classes/schemas/GetMasterList.json#","pointer":"/properties/IS_UPCOUNTRY"}
    instance: {"pointer":"/IS_UPCOUNTRY"}
    domain: "validation"
    keyword: "enum"
    value: null
    enum: [0,1]
error: instance type (null) does not match any allowed primitive type (allowed: ["integer"])
    level: "error"
    schema: {"loadingURI":"file:/D:/Learning/Revou/QA/CallPlan-Testing/target/test-classes/schemas/GetMasterList.json#","pointer":"/properties/IS_UPCOUNTRY"}
    instance: {"pointer":"/IS_UPCOUNTRY"}
    domain: "validation"
    keyword: "type"
    found: "null"
    expected: ["integer"]
error: instance value (null) not found in enum (possible values: ["N","D"])
    level: "error"
    schema: {"loadingURI":"file:/D:/Learning/Revou/QA/CallPlan-Testing/target/test-classes/schemas/GetMasterList.json#","pointer":"/properties/PERSON_TYPE_DAY_NIGHT"}
    instance: {"pointer":"/PERSON_TYPE_DAY_NIGHT"}
    domain: "validation"
    keyword: "enum"
    value: null
    enum: ["N","D"]
error: instance type (null) does not match any allowed primitive type (allowed: ["string"])
    level: "error"
    schema: {"loadingURI":"file:/D:/Learning/Revou/QA/CallPlan-Testing/target/test-classes/schemas/GetMasterList.json#","pointer":"/properties/PERSON_TYPE_DAY_NIGHT"}
    instance: {"pointer":"/PERSON_TYPE_DAY_NIGHT"}
    domain: "validation"
    keyword: "type"
    found: "null"
    expected: ["string"]

     but: was "{\"RAYON_ID\":2952,\"RAYON_CODE\":\"TGRVIC0101\",\"AREA_ID\":40,\"AREA_CODE\":\"TGR\",\"PERSON_ID\":18034,\"PERSON_CODE\":\"CRM760606003431\",\"PERSON_TYPE_NAME\":\"CRM\",\"FIRST_NAME\":\"AMI*\",\"LAST_NAME\":\"HUS**\",\"FULL_NAME\":\"AMI* HUS**\",\"SPECIALIST_NAME\":\"SpA\",\"IS_UPCOUNTRY\":null,\"TOTAL_SCHEDULE\":0,\"IS_HAVING_BEST_TIME_VISIT\":0,\"MONDAY_DAY\":0,\"MONDAY_NIGHT\":0,\"TUESDAY_DAY\":0,\"TUESDAY_NIGHT\":0,\"WEDNESDAY_DAY\":0,\"WEDNESDAY_NIGHT\":0,\"THURSDAY_DAY\":0,\"THURSDAY_NIGHT\":0,\"FRIDAY_DAY\":0,\"FRIDAY_NIGHT\":0,\"PERSON_TYPE_DAY_NIGHT\":null}"
Schema validation failed for item at index 11: 
Expected: The content to match the given JSON schema.
error: instance value (null) not found in enum (possible values: ["N","D"])
    level: "error"
    schema: {"loadingURI":"file:/D:/Learning/Revou/QA/CallPlan-Testing/target/test-classes/schemas/GetMasterList.json#","pointer":"/properties/PERSON_TYPE_DAY_NIGHT"}
    instance: {"pointer":"/PERSON_TYPE_DAY_NIGHT"}
    domain: "validation"
    keyword: "enum"
    value: null
    enum: ["N","D"]
error: instance type (null) does not match any allowed primitive type (allowed: ["string"])
    level: "error"
    schema: {"loadingURI":"file:/D:/Learning/Revou/QA/CallPlan-Testing/target/test-classes/schemas/GetMasterList.json#","pointer":"/properties/PERSON_TYPE_DAY_NIGHT"}
    instance: {"pointer":"/PERSON_TYPE_DAY_NIGHT"}
    domain: "validation"
    keyword: "type"
    found: "null"
    expected: ["string"]

     but: was "{\"RAYON_ID\":2952,\"RAYON_CODE\":\"TGRVIC0101\",\"AREA_ID\":40,\"AREA_CODE\":\"TGR\",\"PERSON_ID\":101956,\"PERSON_CODE\":\"CRM402110003986\",\"PERSON_TYPE_NAME\":\"CRM\",\"FIRST_NAME\":\"AND*\",\"LAST_NAME\":\"\",\"FULL_NAME\":\"AND* \",\"SPECIALIST_NAME\":\"GP\",\"IS_UPCOUNTRY\":1,\"TOTAL_SCHEDULE\":1,\"IS_HAVING_BEST_TIME_VISIT\":1,\"MONDAY_DAY\":0,\"MONDAY_NIGHT\":0,\"TUESDAY_DAY\":0,\"TUESDAY_NIGHT\":1,\"WEDNESDAY_DAY\":0,\"WEDNESDAY_NIGHT\":0,\"THURSDAY_DAY\":0,\"THURSDAY_NIGHT\":0,\"FRIDAY_DAY\":0,\"FRIDAY_NIGHT\":0,\"PERSON_TYPE_DAY_NIGHT\":null}"
Schema validation failed for item at index 12: 
Expected: The content to match the given JSON schema.
error: instance value (null) not found in enum (possible values: [0,1])
    level: "error"
    schema: {"loadingURI":"file:/D:/Learning/Revou/QA/CallPlan-Testing/target/test-classes/schemas/GetMasterList.json#","pointer":"/properties/IS_UPCOUNTRY"}
    instance: {"pointer":"/IS_UPCOUNTRY"}
    domain: "validation"
    keyword: "enum"
    value: null
    enum: [0,1]
error: instance type (null) does not match any allowed primitive type (allowed: ["integer"])
    level: "error"
    schema: {"loadingURI":"file:/D:/Learning/Revou/QA/CallPlan-Testing/target/test-classes/schemas/GetMasterList.json#","pointer":"/properties/IS_UPCOUNTRY"}
    instance: {"pointer":"/IS_UPCOUNTRY"}
    domain: "validation"
    keyword: "type"
    found: "null"
    expected: ["integer"]

     but: was "{\"RAYON_ID\":2952,\"RAYON_CODE\":\"TGRVIC0101\",\"AREA_ID\":40,\"AREA_CODE\":\"TGR\",\"PERSON_ID\":80830,\"PERSON_CODE\":\"CRM401705001344\",\"PERSON_TYPE_NAME\":\"CRM\",\"FIRST_NAME\":\"AND**\",\"LAST_NAME\":\"JUL****** \",\"FULL_NAME\":\"AND** JUL****** \",\"SPECIALIST_NAME\":\"SpA\",\"IS_UPCOUNTRY\":null,\"TOTAL_SCHEDULE\":0,\"IS_HAVING_BEST_TIME_VISIT\":0,\"MONDAY_DAY\":0,\"MONDAY_NIGHT\":1,\"TUESDAY_DAY\":0,\"TUESDAY_NIGHT\":1,\"WEDNESDAY_DAY\":0,\"WEDNESDAY_NIGHT\":1,\"THURSDAY_DAY\":0,\"THURSDAY_NIGHT\":1,\"FRIDAY_DAY\":0,\"FRIDAY_NIGHT\":1,\"PERSON_TYPE_DAY_NIGHT\":\"N\"}"
Schema validation failed for item at index 13: 
Expected: The content to match the given JSON schema.
error: instance value (null) not found in enum (possible values: [0,1])
    level: "error"
    schema: {"loadingURI":"file:/D:/Learning/Revou/QA/CallPlan-Testing/target/test-classes/schemas/GetMasterList.json#","pointer":"/properties/IS_UPCOUNTRY"}
    instance: {"pointer":"/IS_UPCOUNTRY"}
    domain: "validation"
    keyword: "enum"
    value: null
    enum: [0,1]
error: instance type (null) does not match any allowed primitive type (allowed: ["integer"])
    level: "error"
    schema: {"loadingURI":"file:/D:/Learning/Revou/QA/CallPlan-Testing/target/test-classes/schemas/GetMasterList.json#","pointer":"/properties/IS_UPCOUNTRY"}
    instance: {"pointer":"/IS_UPCOUNTRY"}
    domain: "validation"
    keyword: "type"
    found: "null"
    expected: ["integer"]

     but: was "{\"RAYON_ID\":2952,\"RAYON_CODE\":\"TGRVIC0101\",\"AREA_ID\":40,\"AREA_CODE\":\"TGR\",\"PERSON_ID\":108391,\"PERSON_CODE\":\"CRM12207004642\",\"PERSON_TYPE_NAME\":\"CRM\",\"FIRST_NAME\":\"AND***\",\"LAST_NAME\":\"YUR*** *********\",\"FULL_NAME\":\"AND*** YUR*** *********\",\"SPECIALIST_NAME\":\"SpOG\",\"IS_UPCOUNTRY\":null,\"TOTAL_SCHEDULE\":0,\"IS_HAVING_BEST_TIME_VISIT\":0,\"MONDAY_DAY\":0,\"MONDAY_NIGHT\":1,\"TUESDAY_DAY\":0,\"TUESDAY_NIGHT\":1,\"WEDNESDAY_DAY\":0,\"WEDNESDAY_NIGHT\":1,\"THURSDAY_DAY\":0,\"THURSDAY_NIGHT\":1,\"FRIDAY_DAY\":0,\"FRIDAY_NIGHT\":1,\"PERSON_TYPE_DAY_NIGHT\":\"N\"}"
Schema validation failed for item at index 15: 
Expected: The content to match the given JSON schema.
error: instance value (null) not found in enum (possible values: [0,1])
    level: "error"
    schema: {"loadingURI":"file:/D:/Learning/Revou/QA/CallPlan-Testing/target/test-classes/schemas/GetMasterList.json#","pointer":"/properties/IS_UPCOUNTRY"}
    instance: {"pointer":"/IS_UPCOUNTRY"}
    domain: "validation"
    keyword: "enum"
    value: null
    enum: [0,1]
error: instance type (null) does not match any allowed primitive type (allowed: ["integer"])
    level: "error"
    schema: {"loadingURI":"file:/D:/Learning/Revou/QA/CallPlan-Testing/target/test-classes/schemas/GetMasterList.json#","pointer":"/properties/IS_UPCOUNTRY"}
    instance: {"pointer":"/IS_UPCOUNTRY"}
    domain: "validation"
    keyword: "type"
    found: "null"
    expected: ["integer"]

     but: was "{\"RAYON_ID\":2952,\"RAYON_CODE\":\"TGRVIC0101\",\"AREA_ID\":40,\"AREA_CODE\":\"TGR\",\"PERSON_ID\":7788,\"PERSON_CODE\":\"CRM100415483\",\"PERSON_TYPE_NAME\":\"CRM\",\"FIRST_NAME\":\"ANT****\",\"LAST_NAME\":\"ANN* ******\",\"FULL_NAME\":\"ANT**** ANN* ******\",\"SPECIALIST_NAME\":\"SpJP\",\"IS_UPCOUNTRY\":null,\"TOTAL_SCHEDULE\":0,\"IS_HAVING_BEST_TIME_VISIT\":0,\"MONDAY_DAY\":0,\"MONDAY_NIGHT\":1,\"TUESDAY_DAY\":0,\"TUESDAY_NIGHT\":1,\"WEDNESDAY_DAY\":0,\"WEDNESDAY_NIGHT\":1,\"THURSDAY_DAY\":0,\"THURSDAY_NIGHT\":1,\"FRIDAY_DAY\":0,\"FRIDAY_NIGHT\":1,\"PERSON_TYPE_DAY_NIGHT\":\"N\"}"
Schema validation failed for item at index 16: 
Expected: The content to match the given JSON schema.
error: instance value (null) not found in enum (possible values: [0,1])
    level: "error"
    schema: {"loadingURI":"file:/D:/Learning/Revou/QA/CallPlan-Testing/target/test-classes/schemas/GetMasterList.json#","pointer":"/properties/IS_UPCOUNTRY"}
    instance: {"pointer":"/IS_UPCOUNTRY"}
    domain: "validation"
    keyword: "enum"
    value: null
    enum: [0,1]
error: instance type (null) does not match any allowed primitive type (allowed: ["integer"])
    level: "error"
    schema: {"loadingURI":"file:/D:/Learning/Revou/QA/CallPlan-Testing/target/test-classes/schemas/GetMasterList.json#","pointer":"/properties/IS_UPCOUNTRY"}
    instance: {"pointer":"/IS_UPCOUNTRY"}
    domain: "validation"
    keyword: "type"
    found: "null"
    expected: ["integer"]
error: instance value (null) not found in enum (possible values: ["N","D"])
    level: "error"
    schema: {"loadingURI":"file:/D:/Learning/Revou/QA/CallPlan-Testing/target/test-classes/schemas/GetMasterList.json#","pointer":"/properties/PERSON_TYPE_DAY_NIGHT"}
    instance: {"pointer":"/PERSON_TYPE_DAY_NIGHT"}
    domain: "validation"
    keyword: "enum"
    value: null
    enum: ["N","D"]
error: instance type (null) does not match any allowed primitive type (allowed: ["string"])
    level: "error"
    schema: {"loadingURI":"file:/D:/Learning/Revou/QA/CallPlan-Testing/target/test-classes/schemas/GetMasterList.json#","pointer":"/properties/PERSON_TYPE_DAY_NIGHT"}
    instance: {"pointer":"/PERSON_TYPE_DAY_NIGHT"}
    domain: "validation"
    keyword: "type"
    found: "null"
    expected: ["string"]

     but: was "{\"RAYON_ID\":2952,\"RAYON_CODE\":\"TGRVIC0101\",\"AREA_ID\":40,\"AREA_CODE\":\"TGR\",\"PERSON_ID\":90834,\"PERSON_CODE\":\"CRM401908003382\",\"PERSON_TYPE_NAME\":\"CRM\",\"FIRST_NAME\":\"ARI*\",\"LAST_NAME\":\"TRI******** *******\",\"FULL_NAME\":\"ARI* TRI******** *******\",\"SPECIALIST_NAME\":\"GP\",\"IS_UPCOUNTRY\":null,\"TOTAL_SCHEDULE\":0,\"IS_HAVING_BEST_TIME_VISIT\":0,\"MONDAY_DAY\":0,\"MONDAY_NIGHT\":0,\"TUESDAY_DAY\":0,\"TUESDAY_NIGHT\":0,\"WEDNESDAY_DAY\":0,\"WEDNESDAY_NIGHT\":0,\"THURSDAY_DAY\":0,\"THURSDAY_NIGHT\":0,\"FRIDAY_DAY\":0,\"FRIDAY_NIGHT\":0,\"PERSON_TYPE_DAY_NIGHT\":null}"
Schema validation failed for item at index 17: 
Expected: The content to match the given JSON schema.
error: instance value (null) not found in enum (possible values: [0,1])
    level: "error"
    schema: {"loadingURI":"file:/D:/Learning/Revou/QA/CallPlan-Testing/target/test-classes/schemas/GetMasterList.json#","pointer":"/properties/IS_UPCOUNTRY"}
    instance: {"pointer":"/IS_UPCOUNTRY"}
    domain: "validation"
    keyword: "enum"
    value: null
    enum: [0,1]
error: instance type (null) does not match any allowed primitive type (allowed: ["integer"])
    level: "error"
    schema: {"loadingURI":"file:/D:/Learning/Revou/QA/CallPlan-Testing/target/test-classes/schemas/GetMasterList.json#","pointer":"/properties/IS_UPCOUNTRY"}
    instance: {"pointer":"/IS_UPCOUNTRY"}
    domain: "validation"
    keyword: "type"
    found: "null"
    expected: ["integer"]

     but: was "{\"RAYON_ID\":2952,\"RAYON_CODE\":\"TGRVIC0101\",\"AREA_ID\":40,\"AREA_CODE\":\"TGR\",\"PERSON_ID\":15526,\"PERSON_CODE\":\"CRM100415354\",\"PERSON_TYPE_NAME\":\"CRM\",\"FIRST_NAME\":\"BUD******\",\"LAST_NAME\":\"CHA****\",\"FULL_NAME\":\"BUD****** CHA****\",\"SPECIALIST_NAME\":\"SpOG\",\"IS_UPCOUNTRY\":null,\"TOTAL_SCHEDULE\":0,\"IS_HAVING_BEST_TIME_VISIT\":0,\"MONDAY_DAY\":0,\"MONDAY_NIGHT\":1,\"TUESDAY_DAY\":0,\"TUESDAY_NIGHT\":1,\"WEDNESDAY_DAY\":0,\"WEDNESDAY_NIGHT\":1,\"THURSDAY_DAY\":0,\"THURSDAY_NIGHT\":1,\"FRIDAY_DAY\":0,\"FRIDAY_NIGHT\":1,\"PERSON_TYPE_DAY_NIGHT\":\"N\"}"
Schema validation failed for item at index 18: 
Expected: The content to match the given JSON schema.
error: instance value (null) not found in enum (possible values: [0,1])
    level: "error"
    schema: {"loadingURI":"file:/D:/Learning/Revou/QA/CallPlan-Testing/target/test-classes/schemas/GetMasterList.json#","pointer":"/properties/IS_UPCOUNTRY"}
    instance: {"pointer":"/IS_UPCOUNTRY"}
    domain: "validation"
    keyword: "enum"
    value: null
    enum: [0,1]
error: instance type (null) does not match any allowed primitive type (allowed: ["integer"])
    level: "error"
    schema: {"loadingURI":"file:/D:/Learning/Revou/QA/CallPlan-Testing/target/test-classes/schemas/GetMasterList.json#","pointer":"/properties/IS_UPCOUNTRY"}
    instance: {"pointer":"/IS_UPCOUNTRY"}
    domain: "validation"
    keyword: "type"
    found: "null"
    expected: ["integer"]

     but: was "{\"RAYON_ID\":2952,\"RAYON_CODE\":\"TGRVIC0101\",\"AREA_ID\":40,\"AREA_CODE\":\"TGR\",\"PERSON_ID\":64531,\"PERSON_CODE\":\"CRM11310004325\",\"PERSON_TYPE_NAME\":\"CRM\",\"FIRST_NAME\":\"C. ********\",\"LAST_NAME\":\"SRI ***** ****\",\"FULL_NAME\":\"C. ******** SRI ***** ****\",\"SPECIALIST_NAME\":\"SpOG\",\"IS_UPCOUNTRY\":null,\"TOTAL_SCHEDULE\":0,\"IS_HAVING_BEST_TIME_VISIT\":0,\"MONDAY_DAY\":0,\"MONDAY_NIGHT\":1,\"TUESDAY_DAY\":0,\"TUESDAY_NIGHT\":1,\"WEDNESDAY_DAY\":0,\"WEDNESDAY_NIGHT\":1,\"THURSDAY_DAY\":0,\"THURSDAY_NIGHT\":1,\"FRIDAY_DAY\":0,\"FRIDAY_NIGHT\":1,\"PERSON_TYPE_DAY_NIGHT\":\"N\"}"
Schema validation failed for item at index 19: 
Expected: The content to match the given JSON schema.
error: instance value (null) not found in enum (possible values: [0,1])
    level: "error"
    schema: {"loadingURI":"file:/D:/Learning/Revou/QA/CallPlan-Testing/target/test-classes/schemas/GetMasterList.json#","pointer":"/properties/IS_UPCOUNTRY"}
    instance: {"pointer":"/IS_UPCOUNTRY"}
    domain: "validation"
    keyword: "enum"
    value: null
    enum: [0,1]
error: instance type (null) does not match any allowed primitive type (allowed: ["integer"])
    level: "error"
    schema: {"loadingURI":"file:/D:/Learning/Revou/QA/CallPlan-Testing/target/test-classes/schemas/GetMasterList.json#","pointer":"/properties/IS_UPCOUNTRY"}
    instance: {"pointer":"/IS_UPCOUNTRY"}
    domain: "validation"
    keyword: "type"
    found: "null"
    expected: ["integer"]
error: instance value (null) not found in enum (possible values: ["N","D"])
    level: "error"
    schema: {"loadingURI":"file:/D:/Learning/Revou/QA/CallPlan-Testing/target/test-classes/schemas/GetMasterList.json#","pointer":"/properties/PERSON_TYPE_DAY_NIGHT"}
    instance: {"pointer":"/PERSON_TYPE_DAY_NIGHT"}
    domain: "validation"
    keyword: "enum"
    value: null
    enum: ["N","D"]
error: instance type (null) does not match any allowed primitive type (allowed: ["string"])
    level: "error"
    schema: {"loadingURI":"file:/D:/Learning/Revou/QA/CallPlan-Testing/target/test-classes/schemas/GetMasterList.json#","pointer":"/properties/PERSON_TYPE_DAY_NIGHT"}
    instance: {"pointer":"/PERSON_TYPE_DAY_NIGHT"}
    domain: "validation"
    keyword: "type"
    found: "null"
    expected: ["string"]

     but: was "{\"RAYON_ID\":2952,\"RAYON_CODE\":\"TGRVIC0101\",\"AREA_ID\":40,\"AREA_CODE\":\"TGR\",\"PERSON_ID\":63330,\"PERSON_CODE\":\"CRM551307003111\",\"PERSON_TYPE_NAME\":\"CRM\",\"FIRST_NAME\":\"CLA**\",\"LAST_NAME\":\"NIK****\",\"FULL_NAME\":\"CLA** NIK****\",\"SPECIALIST_NAME\":\"GP\",\"IS_UPCOUNTRY\":null,\"TOTAL_SCHEDULE\":0,\"IS_HAVING_BEST_TIME_VISIT\":0,\"MONDAY_DAY\":0,\"MONDAY_NIGHT\":0,\"TUESDAY_DAY\":0,\"TUESDAY_NIGHT\":0,\"WEDNESDAY_DAY\":0,\"WEDNESDAY_NIGHT\":0,\"THURSDAY_DAY\":0,\"THURSDAY_NIGHT\":0,\"FRIDAY_DAY\":0,\"FRIDAY_NIGHT\":0,\"PERSON_TYPE_DAY_NIGHT\":null}"
Schema validation failed for item at index 20: 
Expected: The content to match the given JSON schema.
error: instance value (null) not found in enum (possible values: [0,1])
    level: "error"
    schema: {"loadingURI":"file:/D:/Learning/Revou/QA/CallPlan-Testing/target/test-classes/schemas/GetMasterList.json#","pointer":"/properties/IS_UPCOUNTRY"}
    instance: {"pointer":"/IS_UPCOUNTRY"}
    domain: "validation"
    keyword: "enum"
    value: null
    enum: [0,1]
error: instance type (null) does not match any allowed primitive type (allowed: ["integer"])
    level: "error"
    schema: {"loadingURI":"file:/D:/Learning/Revou/QA/CallPlan-Testing/target/test-classes/schemas/GetMasterList.json#","pointer":"/properties/IS_UPCOUNTRY"}
    instance: {"pointer":"/IS_UPCOUNTRY"}
    domain: "validation"
    keyword: "type"
    found: "null"
    expected: ["integer"]

     but: was "{\"RAYON_ID\":2952,\"RAYON_CODE\":\"TGRVIC0101\",\"AREA_ID\":40,\"AREA_CODE\":\"TGR\",\"PERSON_ID\":13746,\"PERSON_CODE\":\"CRM100415525\",\"PERSON_TYPE_NAME\":\"CRM\",\"FIRST_NAME\":\"DAC*****\",\"LAST_NAME\":\"DAU*\",\"FULL_NAME\":\"DAC***** DAU*\",\"SPECIALIST_NAME\":\"SpOG\",\"IS_UPCOUNTRY\":null,\"TOTAL_SCHEDULE\":0,\"IS_HAVING_BEST_TIME_VISIT\":0,\"MONDAY_DAY\":0,\"MONDAY_NIGHT\":1,\"TUESDAY_DAY\":0,\"TUESDAY_NIGHT\":1,\"WEDNESDAY_DAY\":0,\"WEDNESDAY_NIGHT\":1,\"THURSDAY_DAY\":0,\"THURSDAY_NIGHT\":1,\"FRIDAY_DAY\":0,\"FRIDAY_NIGHT\":1,\"PERSON_TYPE_DAY_NIGHT\":\"N\"}"
Schema validation failed for item at index 21: 
Expected: The content to match the given JSON schema.
error: instance value (null) not found in enum (possible values: [0,1])
    level: "error"
    schema: {"loadingURI":"file:/D:/Learning/Revou/QA/CallPlan-Testing/target/test-classes/schemas/GetMasterList.json#","pointer":"/properties/IS_UPCOUNTRY"}
    instance: {"pointer":"/IS_UPCOUNTRY"}
    domain: "validation"
    keyword: "enum"
    value: null
    enum: [0,1]
error: instance type (null) does not match any allowed primitive type (allowed: ["integer"])
    level: "error"
    schema: {"loadingURI":"file:/D:/Learning/Revou/QA/CallPlan-Testing/target/test-classes/schemas/GetMasterList.json#","pointer":"/properties/IS_UPCOUNTRY"}
    instance: {"pointer":"/IS_UPCOUNTRY"}
    domain: "validation"
    keyword: "type"
    found: "null"
    expected: ["integer"]
error: instance value (null) not found in enum (possible values: ["N","D"])
    level: "error"
    schema: {"loadingURI":"file:/D:/Learning/Revou/QA/CallPlan-Testing/target/test-classes/schemas/GetMasterList.json#","pointer":"/properties/PERSON_TYPE_DAY_NIGHT"}
    instance: {"pointer":"/PERSON_TYPE_DAY_NIGHT"}
    domain: "validation"
    keyword: "enum"
    value: null
    enum: ["N","D"]
error: instance type (null) does not match any allowed primitive type (allowed: ["string"])
    level: "error"
    schema: {"loadingURI":"file:/D:/Learning/Revou/QA/CallPlan-Testing/target/test-classes/schemas/GetMasterList.json#","pointer":"/properties/PERSON_TYPE_DAY_NIGHT"}
    instance: {"pointer":"/PERSON_TYPE_DAY_NIGHT"}
    domain: "validation"
    keyword: "type"
    found: "null"
    expected: ["string"]

     but: was "{\"RAYON_ID\":2952,\"RAYON_CODE\":\"TGRVIC0101\",\"AREA_ID\":40,\"AREA_CODE\":\"TGR\",\"PERSON_ID\":52523,\"PERSON_CODE\":\"CRM11108003064\",\"PERSON_TYPE_NAME\":\"CRM\",\"FIRST_NAME\":\"DAR***\",\"LAST_NAME\":\"FER***** *****\",\"FULL_NAME\":\"DAR*** FER***** *****\",\"SPECIALIST_NAME\":\"GP\",\"IS_UPCOUNTRY\":null,\"TOTAL_SCHEDULE\":0,\"IS_HAVING_BEST_TIME_VISIT\":0,\"MONDAY_DAY\":0,\"MONDAY_NIGHT\":0,\"TUESDAY_DAY\":0,\"TUESDAY_NIGHT\":0,\"WEDNESDAY_DAY\":0,\"WEDNESDAY_NIGHT\":0,\"THURSDAY_DAY\":0,\"THURSDAY_NIGHT\":0,\"FRIDAY_DAY\":0,\"FRIDAY_NIGHT\":0,\"PERSON_TYPE_DAY_NIGHT\":null}"
Schema validation failed for item at index 22: 
Expected: The content to match the given JSON schema.
error: instance value (null) not found in enum (possible values: [0,1])
    level: "error"
    schema: {"loadingURI":"file:/D:/Learning/Revou/QA/CallPlan-Testing/target/test-classes/schemas/GetMasterList.json#","pointer":"/properties/IS_UPCOUNTRY"}
    instance: {"pointer":"/IS_UPCOUNTRY"}
    domain: "validation"
    keyword: "enum"
    value: null
    enum: [0,1]
error: instance type (null) does not match any allowed primitive type (allowed: ["integer"])
    level: "error"
    schema: {"loadingURI":"file:/D:/Learning/Revou/QA/CallPlan-Testing/target/test-classes/schemas/GetMasterList.json#","pointer":"/properties/IS_UPCOUNTRY"}
    instance: {"pointer":"/IS_UPCOUNTRY"}
    domain: "validation"
    keyword: "type"
    found: "null"
    expected: ["integer"]
error: instance value (null) not found in enum (possible values: ["N","D"])
    level: "error"
    schema: {"loadingURI":"file:/D:/Learning/Revou/QA/CallPlan-Testing/target/test-classes/schemas/GetMasterList.json#","pointer":"/properties/PERSON_TYPE_DAY_NIGHT"}
    instance: {"pointer":"/PERSON_TYPE_DAY_NIGHT"}
    domain: "validation"
    keyword: "enum"
    value: null
    enum: ["N","D"]
error: instance type (null) does not match any allowed primitive type (allowed: ["string"])
    level: "error"
    schema: {"loadingURI":"file:/D:/Learning/Revou/QA/CallPlan-Testing/target/test-classes/schemas/GetMasterList.json#","pointer":"/properties/PERSON_TYPE_DAY_NIGHT"}
    instance: {"pointer":"/PERSON_TYPE_DAY_NIGHT"}
    domain: "validation"
    keyword: "type"
    found: "null"
    expected: ["string"]

     but: was "{\"RAYON_ID\":2952,\"RAYON_CODE\":\"TGRVIC0101\",\"AREA_ID\":40,\"AREA_CODE\":\"TGR\",\"PERSON_ID\":95495,\"PERSON_CODE\":\"CRM402006002647\",\"PERSON_TYPE_NAME\":\"CRM\",\"FIRST_NAME\":\"DED*\",\"LAST_NAME\":\"ARI*\",\"FULL_NAME\":\"DED* ARI*\",\"SPECIALIST_NAME\":\"GP\",\"IS_UPCOUNTRY\":null,\"TOTAL_SCHEDULE\":0,\"IS_HAVING_BEST_TIME_VISIT\":0,\"MONDAY_DAY\":0,\"MONDAY_NIGHT\":0,\"TUESDAY_DAY\":0,\"TUESDAY_NIGHT\":0,\"WEDNESDAY_DAY\":0,\"WEDNESDAY_NIGHT\":0,\"THURSDAY_DAY\":0,\"THURSDAY_NIGHT\":0,\"FRIDAY_DAY\":0,\"FRIDAY_NIGHT\":0,\"PERSON_TYPE_DAY_NIGHT\":null}"
Schema validation failed for item at index 23: 
Expected: The content to match the given JSON schema.
error: instance value (null) not found in enum (possible values: [0,1])
    level: "error"
    schema: {"loadingURI":"file:/D:/Learning/Revou/QA/CallPlan-Testing/target/test-classes/schemas/GetMasterList.json#","pointer":"/properties/IS_UPCOUNTRY"}
    instance: {"pointer":"/IS_UPCOUNTRY"}
    domain: "validation"
    keyword: "enum"
    value: null
    enum: [0,1]
error: instance type (null) does not match any allowed primitive type (allowed: ["integer"])
    level: "error"
    schema: {"loadingURI":"file:/D:/Learning/Revou/QA/CallPlan-Testing/target/test-classes/schemas/GetMasterList.json#","pointer":"/properties/IS_UPCOUNTRY"}
    instance: {"pointer":"/IS_UPCOUNTRY"}
    domain: "validation"
    keyword: "type"
    found: "null"
    expected: ["integer"]

     but: was "{\"RAYON_ID\":2952,\"RAYON_CODE\":\"TGRVIC0101\",\"AREA_ID\":40,\"AREA_CODE\":\"TGR\",\"PERSON_ID\":90163,\"PERSON_CODE\":\"CRM401907002630\",\"PERSON_TYPE_NAME\":\"CRM\",\"FIRST_NAME\":\"DED**\",\"LAST_NAME\":\"HER***** *******\",\"FULL_NAME\":\"DED** HER***** *******\",\"SPECIALIST_NAME\":\"SpJP\",\"IS_UPCOUNTRY\":null,\"TOTAL_SCHEDULE\":0,\"IS_HAVING_BEST_TIME_VISIT\":0,\"MONDAY_DAY\":1,\"MONDAY_NIGHT\":0,\"TUESDAY_DAY\":1,\"TUESDAY_NIGHT\":0,\"WEDNESDAY_DAY\":1,\"WEDNESDAY_NIGHT\":0,\"THURSDAY_DAY\":1,\"THURSDAY_NIGHT\":0,\"FRIDAY_DAY\":1,\"FRIDAY_NIGHT\":0,\"PERSON_TYPE_DAY_NIGHT\":\"D\"}"
Schema validation failed for item at index 24: 
Expected: The content to match the given JSON schema.
error: instance value (null) not found in enum (possible values: [0,1])
    level: "error"
    schema: {"loadingURI":"file:/D:/Learning/Revou/QA/CallPlan-Testing/target/test-classes/schemas/GetMasterList.json#","pointer":"/properties/IS_UPCOUNTRY"}
    instance: {"pointer":"/IS_UPCOUNTRY"}
    domain: "validation"
    keyword: "enum"
    value: null
    enum: [0,1]
error: instance type (null) does not match any allowed primitive type (allowed: ["integer"])
    level: "error"
    schema: {"loadingURI":"file:/D:/Learning/Revou/QA/CallPlan-Testing/target/test-classes/schemas/GetMasterList.json#","pointer":"/properties/IS_UPCOUNTRY"}
    instance: {"pointer":"/IS_UPCOUNTRY"}
    domain: "validation"
    keyword: "type"
    found: "null"
    expected: ["integer"]
error: instance value (null) not found in enum (possible values: ["N","D"])
    level: "error"
    schema: {"loadingURI":"file:/D:/Learning/Revou/QA/CallPlan-Testing/target/test-classes/schemas/GetMasterList.json#","pointer":"/properties/PERSON_TYPE_DAY_NIGHT"}
    instance: {"pointer":"/PERSON_TYPE_DAY_NIGHT"}
    domain: "validation"
    keyword: "enum"
    value: null
    enum: ["N","D"]
error: instance type (null) does not match any allowed primitive type (allowed: ["string"])
    level: "error"
    schema: {"loadingURI":"file:/D:/Learning/Revou/QA/CallPlan-Testing/target/test-classes/schemas/GetMasterList.json#","pointer":"/properties/PERSON_TYPE_DAY_NIGHT"}
    instance: {"pointer":"/PERSON_TYPE_DAY_NIGHT"}
    domain: "validation"
    keyword: "type"
    found: "null"
    expected: ["string"]

     but: was "{\"RAYON_ID\":2952,\"RAYON_CODE\":\"TGRVIC0101\",\"AREA_ID\":40,\"AREA_CODE\":\"TGR\",\"PERSON_ID\":14773,\"PERSON_CODE\":\"CRM990711002923\",\"PERSON_TYPE_NAME\":\"CRM\",\"FIRST_NAME\":\"DEN**\",\"LAST_NAME\":\"ANJ***\",\"FULL_NAME\":\"DEN** ANJ***\",\"SPECIALIST_NAME\":\"SpA\",\"IS_UPCOUNTRY\":null,\"TOTAL_SCHEDULE\":0,\"IS_HAVING_BEST_TIME_VISIT\":0,\"MONDAY_DAY\":0,\"MONDAY_NIGHT\":0,\"TUESDAY_DAY\":0,\"TUESDAY_NIGHT\":0,\"WEDNESDAY_DAY\":0,\"WEDNESDAY_NIGHT\":0,\"THURSDAY_DAY\":0,\"THURSDAY_NIGHT\":0,\"FRIDAY_DAY\":0,\"FRIDAY_NIGHT\":0,\"PERSON_TYPE_DAY_NIGHT\":null}"
Schema validation failed for item at index 25: 
Expected: The content to match the given JSON schema.
error: instance value (null) not found in enum (possible values: [0,1])
    level: "error"
    schema: {"loadingURI":"file:/D:/Learning/Revou/QA/CallPlan-Testing/target/test-classes/schemas/GetMasterList.json#","pointer":"/properties/IS_UPCOUNTRY"}
    instance: {"pointer":"/IS_UPCOUNTRY"}
    domain: "validation"
    keyword: "enum"
    value: null
    enum: [0,1]
error: instance type (null) does not match any allowed primitive type (allowed: ["integer"])
    level: "error"
    schema: {"loadingURI":"file:/D:/Learning/Revou/QA/CallPlan-Testing/target/test-classes/schemas/GetMasterList.json#","pointer":"/properties/IS_UPCOUNTRY"}
    instance: {"pointer":"/IS_UPCOUNTRY"}
    domain: "validation"
    keyword: "type"
    found: "null"
    expected: ["integer"]
error: instance value (null) not found in enum (possible values: ["N","D"])
    level: "error"
    schema: {"loadingURI":"file:/D:/Learning/Revou/QA/CallPlan-Testing/target/test-classes/schemas/GetMasterList.json#","pointer":"/properties/PERSON_TYPE_DAY_NIGHT"}
    instance: {"pointer":"/PERSON_TYPE_DAY_NIGHT"}
    domain: "validation"
    keyword: "enum"
    value: null
    enum: ["N","D"]
error: instance type (null) does not match any allowed primitive type (allowed: ["string"])
    level: "error"
    schema: {"loadingURI":"file:/D:/Learning/Revou/QA/CallPlan-Testing/target/test-classes/schemas/GetMasterList.json#","pointer":"/properties/PERSON_TYPE_DAY_NIGHT"}
    instance: {"pointer":"/PERSON_TYPE_DAY_NIGHT"}
    domain: "validation"
    keyword: "type"
    found: "null"
    expected: ["string"]

     but: was "{\"RAYON_ID\":2952,\"RAYON_CODE\":\"TGRVIC0101\",\"AREA_ID\":40,\"AREA_CODE\":\"TGR\",\"PERSON_ID\":87503,\"PERSON_CODE\":\"CRM41812004255\",\"PERSON_TYPE_NAME\":\"CRM\",\"FIRST_NAME\":\"DEW*\",\"LAST_NAME\":\"KAR**** ** *****\",\"FULL_NAME\":\"DEW* KAR**** ** *****\",\"SPECIALIST_NAME\":\"SpOG\",\"IS_UPCOUNTRY\":null,\"TOTAL_SCHEDULE\":0,\"IS_HAVING_BEST_TIME_VISIT\":0,\"MONDAY_DAY\":0,\"MONDAY_NIGHT\":0,\"TUESDAY_DAY\":0,\"TUESDAY_NIGHT\":0,\"WEDNESDAY_DAY\":0,\"WEDNESDAY_NIGHT\":0,\"THURSDAY_DAY\":0,\"THURSDAY_NIGHT\":0,\"FRIDAY_DAY\":0,\"FRIDAY_NIGHT\":0,\"PERSON_TYPE_DAY_NIGHT\":null}"
Schema validation failed for item at index 26: 
Expected: The content to match the given JSON schema.
error: instance value (null) not found in enum (possible values: [0,1])
    level: "error"
    schema: {"loadingURI":"file:/D:/Learning/Revou/QA/CallPlan-Testing/target/test-classes/schemas/GetMasterList.json#","pointer":"/properties/IS_UPCOUNTRY"}
    instance: {"pointer":"/IS_UPCOUNTRY"}
    domain: "validation"
    keyword: "enum"
    value: null
    enum: [0,1]
error: instance type (null) does not match any allowed primitive type (allowed: ["integer"])
    level: "error"
    schema: {"loadingURI":"file:/D:/Learning/Revou/QA/CallPlan-Testing/target/test-classes/schemas/GetMasterList.json#","pointer":"/properties/IS_UPCOUNTRY"}
    instance: {"pointer":"/IS_UPCOUNTRY"}
    domain: "validation"
    keyword: "type"
    found: "null"
    expected: ["integer"]

     but: was "{\"RAYON_ID\":2952,\"RAYON_CODE\":\"TGRVIC0101\",\"AREA_ID\":40,\"AREA_CODE\":\"TGR\",\"PERSON_ID\":49511,\"PERSON_CODE\":\"CRM990910002445\",\"PERSON_TYPE_NAME\":\"CRM\",\"FIRST_NAME\":\"DIN* \",\"LAST_NAME\":\"GAR******\",\"FULL_NAME\":\"DIN*  GAR******\",\"SPECIALIST_NAME\":\"SpA\",\"IS_UPCOUNTRY\":null,\"TOTAL_SCHEDULE\":0,\"IS_HAVING_BEST_TIME_VISIT\":0,\"MONDAY_DAY\":0,\"MONDAY_NIGHT\":1,\"TUESDAY_DAY\":0,\"TUESDAY_NIGHT\":1,\"WEDNESDAY_DAY\":0,\"WEDNESDAY_NIGHT\":1,\"THURSDAY_DAY\":0,\"THURSDAY_NIGHT\":1,\"FRIDAY_DAY\":0,\"FRIDAY_NIGHT\":1,\"PERSON_TYPE_DAY_NIGHT\":\"N\"}"
Schema validation failed for item at index 27: 
Expected: The content to match the given JSON schema.
error: instance value (null) not found in enum (possible values: [0,1])
    level: "error"
    schema: {"loadingURI":"file:/D:/Learning/Revou/QA/CallPlan-Testing/target/test-classes/schemas/GetMasterList.json#","pointer":"/properties/IS_UPCOUNTRY"}
    instance: {"pointer":"/IS_UPCOUNTRY"}
    domain: "validation"
    keyword: "enum"
    value: null
    enum: [0,1]
error: instance type (null) does not match any allowed primitive type (allowed: ["integer"])
    level: "error"
    schema: {"loadingURI":"file:/D:/Learning/Revou/QA/CallPlan-Testing/target/test-classes/schemas/GetMasterList.json#","pointer":"/properties/IS_UPCOUNTRY"}
    instance: {"pointer":"/IS_UPCOUNTRY"}
    domain: "validation"
    keyword: "type"
    found: "null"
    expected: ["integer"]

     but: was "{\"RAYON_ID\":2952,\"RAYON_CODE\":\"TGRVIC0101\",\"AREA_ID\":40,\"AREA_CODE\":\"TGR\",\"PERSON_ID\":13755,\"PERSON_CODE\":\"CRM100418194\",\"PERSON_TYPE_NAME\":\"CRM\",\"FIRST_NAME\":\"DON**\",\"LAST_NAME\":\"GUN****\",\"FULL_NAME\":\"DON** GUN****\",\"SPECIALIST_NAME\":\"SpOG\",\"IS_UPCOUNTRY\":null,\"TOTAL_SCHEDULE\":0,\"IS_HAVING_BEST_TIME_VISIT\":0,\"MONDAY_DAY\":1,\"MONDAY_NIGHT\":0,\"TUESDAY_DAY\":1,\"TUESDAY_NIGHT\":0,\"WEDNESDAY_DAY\":1,\"WEDNESDAY_NIGHT\":0,\"THURSDAY_DAY\":1,\"THURSDAY_NIGHT\":0,\"FRIDAY_DAY\":1,\"FRIDAY_NIGHT\":0,\"PERSON_TYPE_DAY_NIGHT\":\"D\"}"
Schema validation failed for item at index 28: 
Expected: The content to match the given JSON schema.
error: instance value (null) not found in enum (possible values: [0,1])
    level: "error"
    schema: {"loadingURI":"file:/D:/Learning/Revou/QA/CallPlan-Testing/target/test-classes/schemas/GetMasterList.json#","pointer":"/properties/IS_UPCOUNTRY"}
    instance: {"pointer":"/IS_UPCOUNTRY"}
    domain: "validation"
    keyword: "enum"
    value: null
    enum: [0,1]
error: instance type (null) does not match any allowed primitive type (allowed: ["integer"])
    level: "error"
    schema: {"loadingURI":"file:/D:/Learning/Revou/QA/CallPlan-Testing/target/test-classes/schemas/GetMasterList.json#","pointer":"/properties/IS_UPCOUNTRY"}
    instance: {"pointer":"/IS_UPCOUNTRY"}
    domain: "validation"
    keyword: "type"
    found: "null"
    expected: ["integer"]

     but: was "{\"RAYON_ID\":2952,\"RAYON_CODE\":\"TGRVIC0101\",\"AREA_ID\":40,\"AREA_CODE\":\"TGR\",\"PERSON_ID\":85021,\"PERSON_CODE\":\"CRM401804001690\",\"PERSON_TYPE_NAME\":\"CRM\",\"FIRST_NAME\":\"EKA**** *.*\",\"LAST_NAME\":\"LAR*** \",\"FULL_NAME\":\"EKA**** *.* LAR*** \",\"SPECIALIST_NAME\":\"SpA\",\"IS_UPCOUNTRY\":null,\"TOTAL_SCHEDULE\":0,\"IS_HAVING_BEST_TIME_VISIT\":0,\"MONDAY_DAY\":1,\"MONDAY_NIGHT\":0,\"TUESDAY_DAY\":1,\"TUESDAY_NIGHT\":0,\"WEDNESDAY_DAY\":1,\"WEDNESDAY_NIGHT\":0,\"THURSDAY_DAY\":1,\"THURSDAY_NIGHT\":0,\"FRIDAY_DAY\":1,\"FRIDAY_NIGHT\":0,\"PERSON_TYPE_DAY_NIGHT\":\"D\"}"
Schema validation failed for item at index 29: 
Expected: The content to match the given JSON schema.
error: instance value (null) not found in enum (possible values: [0,1])
    level: "error"
    schema: {"loadingURI":"file:/D:/Learning/Revou/QA/CallPlan-Testing/target/test-classes/schemas/GetMasterList.json#","pointer":"/properties/IS_UPCOUNTRY"}
    instance: {"pointer":"/IS_UPCOUNTRY"}
    domain: "validation"
    keyword: "enum"
    value: null
    enum: [0,1]
error: instance type (null) does not match any allowed primitive type (allowed: ["integer"])
    level: "error"
    schema: {"loadingURI":"file:/D:/Learning/Revou/QA/CallPlan-Testing/target/test-classes/schemas/GetMasterList.json#","pointer":"/properties/IS_UPCOUNTRY"}
    instance: {"pointer":"/IS_UPCOUNTRY"}
    domain: "validation"
    keyword: "type"
    found: "null"
    expected: ["integer"]

     but: was "{\"RAYON_ID\":2952,\"RAYON_CODE\":\"TGRVIC0101\",\"AREA_ID\":40,\"AREA_CODE\":\"TGR\",\"PERSON_ID\":15113,\"PERSON_CODE\":\"CRM990902000707\",\"PERSON_TYPE_NAME\":\"CRM\",\"FIRST_NAME\":\"EKA*****\",\"LAST_NAME\":\"TAM****\",\"FULL_NAME\":\"EKA***** TAM****\",\"SPECIALIST_NAME\":\"GP\",\"IS_UPCOUNTRY\":null,\"TOTAL_SCHEDULE\":0,\"IS_HAVING_BEST_TIME_VISIT\":0,\"MONDAY_DAY\":0,\"MONDAY_NIGHT\":1,\"TUESDAY_DAY\":0,\"TUESDAY_NIGHT\":1,\"WEDNESDAY_DAY\":0,\"WEDNESDAY_NIGHT\":1,\"THURSDAY_DAY\":0,\"THURSDAY_NIGHT\":1,\"FRIDAY_DAY\":0,\"FRIDAY_NIGHT\":1,\"PERSON_TYPE_DAY_NIGHT\":\"N\"}"
Schema validation failed for item at index 30: 
Expected: The content to match the given JSON schema.
error: instance value (null) not found in enum (possible values: [0,1])
    level: "error"
    schema: {"loadingURI":"file:/D:/Learning/Revou/QA/CallPlan-Testing/target/test-classes/schemas/GetMasterList.json#","pointer":"/properties/IS_UPCOUNTRY"}
    instance: {"pointer":"/IS_UPCOUNTRY"}
    domain: "validation"
    keyword: "enum"
    value: null
    enum: [0,1]
error: instance type (null) does not match any allowed primitive type (allowed: ["integer"])
    level: "error"
    schema: {"loadingURI":"file:/D:/Learning/Revou/QA/CallPlan-Testing/target/test-classes/schemas/GetMasterList.json#","pointer":"/properties/IS_UPCOUNTRY"}
    instance: {"pointer":"/IS_UPCOUNTRY"}
    domain: "validation"
    keyword: "type"
    found: "null"
    expected: ["integer"]

     but: was "{\"RAYON_ID\":2952,\"RAYON_CODE\":\"TGRVIC0101\",\"AREA_ID\":40,\"AREA_CODE\":\"TGR\",\"PERSON_ID\":16817,\"PERSON_CODE\":\"CRM100415460\",\"PERSON_TYPE_NAME\":\"CRM\",\"FIRST_NAME\":\"ELV**\",\"LAST_NAME\":\"CAR***** *******\",\"FULL_NAME\":\"ELV** CAR***** *******\",\"SPECIALIST_NAME\":\"SpA\",\"IS_UPCOUNTRY\":null,\"TOTAL_SCHEDULE\":0,\"IS_HAVING_BEST_TIME_VISIT\":0,\"MONDAY_DAY\":1,\"MONDAY_NIGHT\":0,\"TUESDAY_DAY\":1,\"TUESDAY_NIGHT\":0,\"WEDNESDAY_DAY\":1,\"WEDNESDAY_NIGHT\":0,\"THURSDAY_DAY\":1,\"THURSDAY_NIGHT\":0,\"FRIDAY_DAY\":1,\"FRIDAY_NIGHT\":0,\"PERSON_TYPE_DAY_NIGHT\":\"D\"}"
Schema validation failed for item at index 31: 
Expected: The content to match the given JSON schema.
error: instance value (null) not found in enum (possible values: [0,1])
    level: "error"
    schema: {"loadingURI":"file:/D:/Learning/Revou/QA/CallPlan-Testing/target/test-classes/schemas/GetMasterList.json#","pointer":"/properties/IS_UPCOUNTRY"}
    instance: {"pointer":"/IS_UPCOUNTRY"}
    domain: "validation"
    keyword: "enum"
    value: null
    enum: [0,1]
error: instance type (null) does not match any allowed primitive type (allowed: ["integer"])
    level: "error"
    schema: {"loadingURI":"file:/D:/Learning/Revou/QA/CallPlan-Testing/target/test-classes/schemas/GetMasterList.json#","pointer":"/properties/IS_UPCOUNTRY"}
    instance: {"pointer":"/IS_UPCOUNTRY"}
    domain: "validation"
    keyword: "type"
    found: "null"
    expected: ["integer"]

     but: was "{\"RAYON_ID\":2952,\"RAYON_CODE\":\"TGRVIC0101\",\"AREA_ID\":40,\"AREA_CODE\":\"TGR\",\"PERSON_ID\":15130,\"PERSON_CODE\":\"CRM990808003223\",\"PERSON_TYPE_NAME\":\"CRM\",\"FIRST_NAME\":\"EMA****\",\"LAST_NAME\":\"OEP*****\",\"FULL_NAME\":\"EMA**** OEP*****\",\"SPECIALIST_NAME\":\"GP\",\"IS_UPCOUNTRY\":null,\"TOTAL_SCHEDULE\":0,\"IS_HAVING_BEST_TIME_VISIT\":0,\"MONDAY_DAY\":0,\"MONDAY_NIGHT\":1,\"TUESDAY_DAY\":0,\"TUESDAY_NIGHT\":1,\"WEDNESDAY_DAY\":0,\"WEDNESDAY_NIGHT\":1,\"THURSDAY_DAY\":0,\"THURSDAY_NIGHT\":1,\"FRIDAY_DAY\":0,\"FRIDAY_NIGHT\":1,\"PERSON_TYPE_DAY_NIGHT\":\"N\"}"
Schema validation failed for item at index 32: 
Expected: The content to match the given JSON schema.
error: instance value (null) not found in enum (possible values: [0,1])
    level: "error"
    schema: {"loadingURI":"file:/D:/Learning/Revou/QA/CallPlan-Testing/target/test-classes/schemas/GetMasterList.json#","pointer":"/properties/IS_UPCOUNTRY"}
    instance: {"pointer":"/IS_UPCOUNTRY"}
    domain: "validation"
    keyword: "enum"
    value: null
    enum: [0,1]
error: instance type (null) does not match any allowed primitive type (allowed: ["integer"])
    level: "error"
    schema: {"loadingURI":"file:/D:/Learning/Revou/QA/CallPlan-Testing/target/test-classes/schemas/GetMasterList.json#","pointer":"/properties/IS_UPCOUNTRY"}
    instance: {"pointer":"/IS_UPCOUNTRY"}
    domain: "validation"
    keyword: "type"
    found: "null"
    expected: ["integer"]

     but: was "{\"RAYON_ID\":2952,\"RAYON_CODE\":\"TGRVIC0101\",\"AREA_ID\":40,\"AREA_CODE\":\"TGR\",\"PERSON_ID\":15889,\"PERSON_CODE\":\"CRM760701000200\",\"PERSON_TYPE_NAME\":\"CRM\",\"FIRST_NAME\":\"ERI**\",\"LAST_NAME\":\"***\",\"FULL_NAME\":\"ERI** ***\",\"SPECIALIST_NAME\":\"SpA\",\"IS_UPCOUNTRY\":null,\"TOTAL_SCHEDULE\":0,\"IS_HAVING_BEST_TIME_VISIT\":0,\"MONDAY_DAY\":0,\"MONDAY_NIGHT\":1,\"TUESDAY_DAY\":0,\"TUESDAY_NIGHT\":1,\"WEDNESDAY_DAY\":0,\"WEDNESDAY_NIGHT\":1,\"THURSDAY_DAY\":0,\"THURSDAY_NIGHT\":1,\"FRIDAY_DAY\":0,\"FRIDAY_NIGHT\":1,\"PERSON_TYPE_DAY_NIGHT\":\"N\"}"
Schema validation failed for item at index 33: 
Expected: The content to match the given JSON schema.
error: instance value (null) not found in enum (possible values: [0,1])
    level: "error"
    schema: {"loadingURI":"file:/D:/Learning/Revou/QA/CallPlan-Testing/target/test-classes/schemas/GetMasterList.json#","pointer":"/properties/IS_UPCOUNTRY"}
    instance: {"pointer":"/IS_UPCOUNTRY"}
    domain: "validation"
    keyword: "enum"
    value: null
    enum: [0,1]
error: instance type (null) does not match any allowed primitive type (allowed: ["integer"])
    level: "error"
    schema: {"loadingURI":"file:/D:/Learning/Revou/QA/CallPlan-Testing/target/test-classes/schemas/GetMasterList.json#","pointer":"/properties/IS_UPCOUNTRY"}
    instance: {"pointer":"/IS_UPCOUNTRY"}
    domain: "validation"
    keyword: "type"
    found: "null"
    expected: ["integer"]

     but: was "{\"RAYON_ID\":2952,\"RAYON_CODE\":\"TGRVIC0101\",\"AREA_ID\":40,\"AREA_CODE\":\"TGR\",\"PERSON_ID\":44665,\"PERSON_CODE\":\"CRM11005002153\",\"PERSON_TYPE_NAME\":\"CRM\",\"FIRST_NAME\":\"FAI***\",\"LAST_NAME\":\"NUR *****\",\"FULL_NAME\":\"FAI*** NUR *****\",\"SPECIALIST_NAME\":\"SpA\",\"IS_UPCOUNTRY\":null,\"TOTAL_SCHEDULE\":0,\"IS_HAVING_BEST_TIME_VISIT\":0,\"MONDAY_DAY\":1,\"MONDAY_NIGHT\":0,\"TUESDAY_DAY\":1,\"TUESDAY_NIGHT\":0,\"WEDNESDAY_DAY\":1,\"WEDNESDAY_NIGHT\":0,\"THURSDAY_DAY\":1,\"THURSDAY_NIGHT\":0,\"FRIDAY_DAY\":1,\"FRIDAY_NIGHT\":0,\"PERSON_TYPE_DAY_NIGHT\":\"D\"}"
Schema validation failed for item at index 34: 
Expected: The content to match the given JSON schema.
error: instance value (null) not found in enum (possible values: [0,1])
    level: "error"
    schema: {"loadingURI":"file:/D:/Learning/Revou/QA/CallPlan-Testing/target/test-classes/schemas/GetMasterList.json#","pointer":"/properties/IS_UPCOUNTRY"}
    instance: {"pointer":"/IS_UPCOUNTRY"}
    domain: "validation"
    keyword: "enum"
    value: null
    enum: [0,1]
error: instance type (null) does not match any allowed primitive type (allowed: ["integer"])
    level: "error"
    schema: {"loadingURI":"file:/D:/Learning/Revou/QA/CallPlan-Testing/target/test-classes/schemas/GetMasterList.json#","pointer":"/properties/IS_UPCOUNTRY"}
    instance: {"pointer":"/IS_UPCOUNTRY"}
    domain: "validation"
    keyword: "type"
    found: "null"
    expected: ["integer"]
error: instance value (null) not found in enum (possible values: ["N","D"])
    level: "error"
    schema: {"loadingURI":"file:/D:/Learning/Revou/QA/CallPlan-Testing/target/test-classes/schemas/GetMasterList.json#","pointer":"/properties/PERSON_TYPE_DAY_NIGHT"}
    instance: {"pointer":"/PERSON_TYPE_DAY_NIGHT"}
    domain: "validation"
    keyword: "enum"
    value: null
    enum: ["N","D"]
error: instance type (null) does not match any allowed primitive type (allowed: ["string"])
    level: "error"
    schema: {"loadingURI":"file:/D:/Learning/Revou/QA/CallPlan-Testing/target/test-classes/schemas/GetMasterList.json#","pointer":"/properties/PERSON_TYPE_DAY_NIGHT"}
    instance: {"pointer":"/PERSON_TYPE_DAY_NIGHT"}
    domain: "validation"
    keyword: "type"
    found: "null"
    expected: ["string"]

     but: was "{\"RAYON_ID\":2952,\"RAYON_CODE\":\"TGRVIC0101\",\"AREA_ID\":40,\"AREA_CODE\":\"TGR\",\"PERSON_ID\":77251,\"PERSON_CODE\":\"CRM401606004064\",\"PERSON_TYPE_NAME\":\"CRM\",\"FIRST_NAME\":\"FAT**\",\"LAST_NAME\":\"ATI**\",\"FULL_NAME\":\"FAT** ATI**\",\"SPECIALIST_NAME\":\"SpOG\",\"IS_UPCOUNTRY\":null,\"TOTAL_SCHEDULE\":0,\"IS_HAVING_BEST_TIME_VISIT\":0,\"MONDAY_DAY\":0,\"MONDAY_NIGHT\":0,\"TUESDAY_DAY\":0,\"TUESDAY_NIGHT\":0,\"WEDNESDAY_DAY\":0,\"WEDNESDAY_NIGHT\":0,\"THURSDAY_DAY\":0,\"THURSDAY_NIGHT\":0,\"FRIDAY_DAY\":0,\"FRIDAY_NIGHT\":0,\"PERSON_TYPE_DAY_NIGHT\":null}"
Schema validation failed for item at index 35: 
Expected: The content to match the given JSON schema.
error: instance value (null) not found in enum (possible values: [0,1])
    level: "error"
    schema: {"loadingURI":"file:/D:/Learning/Revou/QA/CallPlan-Testing/target/test-classes/schemas/GetMasterList.json#","pointer":"/properties/IS_UPCOUNTRY"}
    instance: {"pointer":"/IS_UPCOUNTRY"}
    domain: "validation"
    keyword: "enum"
    value: null
    enum: [0,1]
error: instance type (null) does not match any allowed primitive type (allowed: ["integer"])
    level: "error"
    schema: {"loadingURI":"file:/D:/Learning/Revou/QA/CallPlan-Testing/target/test-classes/schemas/GetMasterList.json#","pointer":"/properties/IS_UPCOUNTRY"}
    instance: {"pointer":"/IS_UPCOUNTRY"}
    domain: "validation"
    keyword: "type"
    found: "null"
    expected: ["integer"]

     but: was "{\"RAYON_ID\":2952,\"RAYON_CODE\":\"TGRVIC0101\",\"AREA_ID\":40,\"AREA_CODE\":\"TGR\",\"PERSON_ID\":263149,\"PERSON_CODE\":\"CRM402302001743\",\"PERSON_TYPE_NAME\":\"CRM\",\"FIRST_NAME\":\"FEL**\",\"LAST_NAME\":\"FOD****\",\"FULL_NAME\":\"FEL** FOD****\",\"SPECIALIST_NAME\":\"SpJP\",\"IS_UPCOUNTRY\":null,\"TOTAL_SCHEDULE\":0,\"IS_HAVING_BEST_TIME_VISIT\":0,\"MONDAY_DAY\":0,\"MONDAY_NIGHT\":1,\"TUESDAY_DAY\":0,\"TUESDAY_NIGHT\":1,\"WEDNESDAY_DAY\":0,\"WEDNESDAY_NIGHT\":1,\"THURSDAY_DAY\":0,\"THURSDAY_NIGHT\":1,\"FRIDAY_DAY\":0,\"FRIDAY_NIGHT\":1,\"PERSON_TYPE_DAY_NIGHT\":\"N\"}"
Schema validation failed for item at index 36: 
Expected: The content to match the given JSON schema.
error: instance value (null) not found in enum (possible values: [0,1])
    level: "error"
    schema: {"loadingURI":"file:/D:/Learning/Revou/QA/CallPlan-Testing/target/test-classes/schemas/GetMasterList.json#","pointer":"/properties/IS_UPCOUNTRY"}
    instance: {"pointer":"/IS_UPCOUNTRY"}
    domain: "validation"
    keyword: "enum"
    value: null
    enum: [0,1]
error: instance type (null) does not match any allowed primitive type (allowed: ["integer"])
    level: "error"
    schema: {"loadingURI":"file:/D:/Learning/Revou/QA/CallPlan-Testing/target/test-classes/schemas/GetMasterList.json#","pointer":"/properties/IS_UPCOUNTRY"}
    instance: {"pointer":"/IS_UPCOUNTRY"}
    domain: "validation"
    keyword: "type"
    found: "null"
    expected: ["integer"]

     but: was "{\"RAYON_ID\":2952,\"RAYON_CODE\":\"TGRVIC0101\",\"AREA_ID\":40,\"AREA_CODE\":\"TGR\",\"PERSON_ID\":24801,\"PERSON_CODE\":\"CRM990506017748\",\"PERSON_TYPE_NAME\":\"CRM\",\"FIRST_NAME\":\"HAR*****\",\"LAST_NAME\":\"SUR**\",\"FULL_NAME\":\"HAR***** SUR**\",\"SPECIALIST_NAME\":\"GP\",\"IS_UPCOUNTRY\":null,\"TOTAL_SCHEDULE\":0,\"IS_HAVING_BEST_TIME_VISIT\":0,\"MONDAY_DAY\":0,\"MONDAY_NIGHT\":1,\"TUESDAY_DAY\":0,\"TUESDAY_NIGHT\":1,\"WEDNESDAY_DAY\":0,\"WEDNESDAY_NIGHT\":1,\"THURSDAY_DAY\":0,\"THURSDAY_NIGHT\":1,\"FRIDAY_DAY\":0,\"FRIDAY_NIGHT\":1,\"PERSON_TYPE_DAY_NIGHT\":\"N\"}"
Schema validation failed for item at index 37: 
Expected: The content to match the given JSON schema.
error: instance value (null) not found in enum (possible values: [0,1])
    level: "error"
    schema: {"loadingURI":"file:/D:/Learning/Revou/QA/CallPlan-Testing/target/test-classes/schemas/GetMasterList.json#","pointer":"/properties/IS_UPCOUNTRY"}
    instance: {"pointer":"/IS_UPCOUNTRY"}
    domain: "validation"
    keyword: "enum"
    value: null
    enum: [0,1]
error: instance type (null) does not match any allowed primitive type (allowed: ["integer"])
    level: "error"
    schema: {"loadingURI":"file:/D:/Learning/Revou/QA/CallPlan-Testing/target/test-classes/schemas/GetMasterList.json#","pointer":"/properties/IS_UPCOUNTRY"}
    instance: {"pointer":"/IS_UPCOUNTRY"}
    domain: "validation"
    keyword: "type"
    found: "null"
    expected: ["integer"]

     but: was "{\"RAYON_ID\":2952,\"RAYON_CODE\":\"TGRVIC0101\",\"AREA_ID\":40,\"AREA_CODE\":\"TGR\",\"PERSON_ID\":44744,\"PERSON_CODE\":\"CRM11005002268\",\"PERSON_TYPE_NAME\":\"CRM\",\"FIRST_NAME\":\"HEN***\",\"LAST_NAME\":\"SUD****\",\"FULL_NAME\":\"HEN*** SUD****\",\"SPECIALIST_NAME\":\"SpOG\",\"IS_UPCOUNTRY\":null,\"TOTAL_SCHEDULE\":0,\"IS_HAVING_BEST_TIME_VISIT\":0,\"MONDAY_DAY\":1,\"MONDAY_NIGHT\":0,\"TUESDAY_DAY\":1,\"TUESDAY_NIGHT\":0,\"WEDNESDAY_DAY\":1,\"WEDNESDAY_NIGHT\":0,\"THURSDAY_DAY\":1,\"THURSDAY_NIGHT\":0,\"FRIDAY_DAY\":1,\"FRIDAY_NIGHT\":0,\"PERSON_TYPE_DAY_NIGHT\":\"D\"}"
Schema validation failed for item at index 38: 
Expected: The content to match the given JSON schema.
error: instance value (null) not found in enum (possible values: [0,1])
    level: "error"
    schema: {"loadingURI":"file:/D:/Learning/Revou/QA/CallPlan-Testing/target/test-classes/schemas/GetMasterList.json#","pointer":"/properties/IS_UPCOUNTRY"}
    instance: {"pointer":"/IS_UPCOUNTRY"}
    domain: "validation"
    keyword: "enum"
    value: null
    enum: [0,1]
error: instance type (null) does not match any allowed primitive type (allowed: ["integer"])
    level: "error"
    schema: {"loadingURI":"file:/D:/Learning/Revou/QA/CallPlan-Testing/target/test-classes/schemas/GetMasterList.json#","pointer":"/properties/IS_UPCOUNTRY"}
    instance: {"pointer":"/IS_UPCOUNTRY"}
    domain: "validation"
    keyword: "type"
    found: "null"
    expected: ["integer"]
error: instance value (null) not found in enum (possible values: ["N","D"])
    level: "error"
    schema: {"loadingURI":"file:/D:/Learning/Revou/QA/CallPlan-Testing/target/test-classes/schemas/GetMasterList.json#","pointer":"/properties/PERSON_TYPE_DAY_NIGHT"}
    instance: {"pointer":"/PERSON_TYPE_DAY_NIGHT"}
    domain: "validation"
    keyword: "enum"
    value: null
    enum: ["N","D"]
error: instance type (null) does not match any allowed primitive type (allowed: ["string"])
    level: "error"
    schema: {"loadingURI":"file:/D:/Learning/Revou/QA/CallPlan-Testing/target/test-classes/schemas/GetMasterList.json#","pointer":"/properties/PERSON_TYPE_DAY_NIGHT"}
    instance: {"pointer":"/PERSON_TYPE_DAY_NIGHT"}
    domain: "validation"
    keyword: "type"
    found: "null"
    expected: ["string"]

     but: was "{\"RAYON_ID\":2952,\"RAYON_CODE\":\"TGRVIC0101\",\"AREA_ID\":40,\"AREA_CODE\":\"TGR\",\"PERSON_ID\":112279,\"PERSON_CODE\":\"CRM402212008611\",\"PERSON_TYPE_NAME\":\"CRM\",\"FIRST_NAME\":\"HEN***** \",\"LAST_NAME\":\"***\",\"FULL_NAME\":\"HEN*****  ***\",\"SPECIALIST_NAME\":\"SpJP\",\"IS_UPCOUNTRY\":null,\"TOTAL_SCHEDULE\":0,\"IS_HAVING_BEST_TIME_VISIT\":0,\"MONDAY_DAY\":0,\"MONDAY_NIGHT\":0,\"TUESDAY_DAY\":0,\"TUESDAY_NIGHT\":0,\"WEDNESDAY_DAY\":0,\"WEDNESDAY_NIGHT\":0,\"THURSDAY_DAY\":0,\"THURSDAY_NIGHT\":0,\"FRIDAY_DAY\":0,\"FRIDAY_NIGHT\":0,\"PERSON_TYPE_DAY_NIGHT\":null}"
Schema validation failed for item at index 39: 
Expected: The content to match the given JSON schema.
error: instance value (null) not found in enum (possible values: [0,1])
    level: "error"
    schema: {"loadingURI":"file:/D:/Learning/Revou/QA/CallPlan-Testing/target/test-classes/schemas/GetMasterList.json#","pointer":"/properties/IS_UPCOUNTRY"}
    instance: {"pointer":"/IS_UPCOUNTRY"}
    domain: "validation"
    keyword: "enum"
    value: null
    enum: [0,1]
error: instance type (null) does not match any allowed primitive type (allowed: ["integer"])
    level: "error"
    schema: {"loadingURI":"file:/D:/Learning/Revou/QA/CallPlan-Testing/target/test-classes/schemas/GetMasterList.json#","pointer":"/properties/IS_UPCOUNTRY"}
    instance: {"pointer":"/IS_UPCOUNTRY"}
    domain: "validation"
    keyword: "type"
    found: "null"
    expected: ["integer"]
error: instance value (null) not found in enum (possible values: ["N","D"])
    level: "error"
    schema: {"loadingURI":"file:/D:/Learning/Revou/QA/CallPlan-Testing/target/test-classes/schemas/GetMasterList.json#","pointer":"/properties/PERSON_TYPE_DAY_NIGHT"}
    instance: {"pointer":"/PERSON_TYPE_DAY_NIGHT"}
    domain: "validation"
    keyword: "enum"
    value: null
    enum: ["N","D"]
error: instance type (null) does not match any allowed primitive type (allowed: ["string"])
    level: "error"
    schema: {"loadingURI":"file:/D:/Learning/Revou/QA/CallPlan-Testing/target/test-classes/schemas/GetMasterList.json#","pointer":"/properties/PERSON_TYPE_DAY_NIGHT"}
    instance: {"pointer":"/PERSON_TYPE_DAY_NIGHT"}
    domain: "validation"
    keyword: "type"
    found: "null"
    expected: ["string"]

     but: was "{\"RAYON_ID\":2952,\"RAYON_CODE\":\"TGRVIC0101\",\"AREA_ID\":40,\"AREA_CODE\":\"TGR\",\"PERSON_ID\":2567,\"PERSON_CODE\":\"CRM240512025344\",\"PERSON_TYPE_NAME\":\"CRM\",\"FIRST_NAME\":\"HER**\",\"LAST_NAME\":\"SUM******\",\"FULL_NAME\":\"HER** SUM******\",\"SPECIALIST_NAME\":\"GP\",\"IS_UPCOUNTRY\":null,\"TOTAL_SCHEDULE\":0,\"IS_HAVING_BEST_TIME_VISIT\":0,\"MONDAY_DAY\":0,\"MONDAY_NIGHT\":0,\"TUESDAY_DAY\":0,\"TUESDAY_NIGHT\":0,\"WEDNESDAY_DAY\":0,\"WEDNESDAY_NIGHT\":0,\"THURSDAY_DAY\":0,\"THURSDAY_NIGHT\":0,\"FRIDAY_DAY\":0,\"FRIDAY_NIGHT\":0,\"PERSON_TYPE_DAY_NIGHT\":null}"
Schema validation failed for item at index 40: 
Expected: The content to match the given JSON schema.
error: instance value (null) not found in enum (possible values: [0,1])
    level: "error"
    schema: {"loadingURI":"file:/D:/Learning/Revou/QA/CallPlan-Testing/target/test-classes/schemas/GetMasterList.json#","pointer":"/properties/IS_UPCOUNTRY"}
    instance: {"pointer":"/IS_UPCOUNTRY"}
    domain: "validation"
    keyword: "enum"
    value: null
    enum: [0,1]
error: instance type (null) does not match any allowed primitive type (allowed: ["integer"])
    level: "error"
    schema: {"loadingURI":"file:/D:/Learning/Revou/QA/CallPlan-Testing/target/test-classes/schemas/GetMasterList.json#","pointer":"/properties/IS_UPCOUNTRY"}
    instance: {"pointer":"/IS_UPCOUNTRY"}
    domain: "validation"
    keyword: "type"
    found: "null"
    expected: ["integer"]
error: instance value (null) not found in enum (possible values: ["N","D"])
    level: "error"
    schema: {"loadingURI":"file:/D:/Learning/Revou/QA/CallPlan-Testing/target/test-classes/schemas/GetMasterList.json#","pointer":"/properties/PERSON_TYPE_DAY_NIGHT"}
    instance: {"pointer":"/PERSON_TYPE_DAY_NIGHT"}
    domain: "validation"
    keyword: "enum"
    value: null
    enum: ["N","D"]
error: instance type (null) does not match any allowed primitive type (allowed: ["string"])
    level: "error"
    schema: {"loadingURI":"file:/D:/Learning/Revou/QA/CallPlan-Testing/target/test-classes/schemas/GetMasterList.json#","pointer":"/properties/PERSON_TYPE_DAY_NIGHT"}
    instance: {"pointer":"/PERSON_TYPE_DAY_NIGHT"}
    domain: "validation"
    keyword: "type"
    found: "null"
    expected: ["string"]

     but: was "{\"RAYON_ID\":2952,\"RAYON_CODE\":\"TGRVIC0101\",\"AREA_ID\":40,\"AREA_CODE\":\"TGR\",\"PERSON_ID\":112634,\"PERSON_CODE\":\"CRM402301000133\",\"PERSON_TYPE_NAME\":\"CRM\",\"FIRST_NAME\":\"IBN* ****\",\"LAST_NAME\":\"M. ******\",\"FULL_NAME\":\"IBN* **** M. ******\",\"SPECIALIST_NAME\":\"SpOG\",\"IS_UPCOUNTRY\":null,\"TOTAL_SCHEDULE\":0,\"IS_HAVING_BEST_TIME_VISIT\":0,\"MONDAY_DAY\":0,\"MONDAY_NIGHT\":0,\"TUESDAY_DAY\":0,\"TUESDAY_NIGHT\":0,\"WEDNESDAY_DAY\":0,\"WEDNESDAY_NIGHT\":0,\"THURSDAY_DAY\":0,\"THURSDAY_NIGHT\":0,\"FRIDAY_DAY\":0,\"FRIDAY_NIGHT\":0,\"PERSON_TYPE_DAY_NIGHT\":null}"
Schema validation failed for item at index 41: 
Expected: The content to match the given JSON schema.
error: instance value (null) not found in enum (possible values: [0,1])
    level: "error"
    schema: {"loadingURI":"file:/D:/Learning/Revou/QA/CallPlan-Testing/target/test-classes/schemas/GetMasterList.json#","pointer":"/properties/IS_UPCOUNTRY"}
    instance: {"pointer":"/IS_UPCOUNTRY"}
    domain: "validation"
    keyword: "enum"
    value: null
    enum: [0,1]
error: instance type (null) does not match any allowed primitive type (allowed: ["integer"])
    level: "error"
    schema: {"loadingURI":"file:/D:/Learning/Revou/QA/CallPlan-Testing/target/test-classes/schemas/GetMasterList.json#","pointer":"/properties/IS_UPCOUNTRY"}
    instance: {"pointer":"/IS_UPCOUNTRY"}
    domain: "validation"
    keyword: "type"
    found: "null"
    expected: ["integer"]
error: instance value (null) not found in enum (possible values: ["N","D"])
    level: "error"
    schema: {"loadingURI":"file:/D:/Learning/Revou/QA/CallPlan-Testing/target/test-classes/schemas/GetMasterList.json#","pointer":"/properties/PERSON_TYPE_DAY_NIGHT"}
    instance: {"pointer":"/PERSON_TYPE_DAY_NIGHT"}
    domain: "validation"
    keyword: "enum"
    value: null
    enum: ["N","D"]
error: instance type (null) does not match any allowed primitive type (allowed: ["string"])
    level: "error"
    schema: {"loadingURI":"file:/D:/Learning/Revou/QA/CallPlan-Testing/target/test-classes/schemas/GetMasterList.json#","pointer":"/properties/PERSON_TYPE_DAY_NIGHT"}
    instance: {"pointer":"/PERSON_TYPE_DAY_NIGHT"}
    domain: "validation"
    keyword: "type"
    found: "null"
    expected: ["string"]

     but: was "{\"RAYON_ID\":2952,\"RAYON_CODE\":\"TGRVIC0101\",\"AREA_ID\":40,\"AREA_CODE\":\"TGR\",\"PERSON_ID\":93220,\"PERSON_CODE\":\"CRM402001000225\",\"PERSON_TYPE_NAME\":\"CRM\",\"FIRST_NAME\":\"IFT****\",\"LAST_NAME\":\"ABD*****\",\"FULL_NAME\":\"IFT**** ABD*****\",\"SPECIALIST_NAME\":\"SpOG\",\"IS_UPCOUNTRY\":null,\"TOTAL_SCHEDULE\":0,\"IS_HAVING_BEST_TIME_VISIT\":0,\"MONDAY_DAY\":0,\"MONDAY_NIGHT\":0,\"TUESDAY_DAY\":0,\"TUESDAY_NIGHT\":0,\"WEDNESDAY_DAY\":0,\"WEDNESDAY_NIGHT\":0,\"THURSDAY_DAY\":0,\"THURSDAY_NIGHT\":0,\"FRIDAY_DAY\":0,\"FRIDAY_NIGHT\":0,\"PERSON_TYPE_DAY_NIGHT\":null}"
Schema validation failed for item at index 42: 
Expected: The content to match the given JSON schema.
error: instance value (null) not found in enum (possible values: [0,1])
    level: "error"
    schema: {"loadingURI":"file:/D:/Learning/Revou/QA/CallPlan-Testing/target/test-classes/schemas/GetMasterList.json#","pointer":"/properties/IS_UPCOUNTRY"}
    instance: {"pointer":"/IS_UPCOUNTRY"}
    domain: "validation"
    keyword: "enum"
    value: null
    enum: [0,1]
error: instance type (null) does not match any allowed primitive type (allowed: ["integer"])
    level: "error"
    schema: {"loadingURI":"file:/D:/Learning/Revou/QA/CallPlan-Testing/target/test-classes/schemas/GetMasterList.json#","pointer":"/properties/IS_UPCOUNTRY"}
    instance: {"pointer":"/IS_UPCOUNTRY"}
    domain: "validation"
    keyword: "type"
    found: "null"
    expected: ["integer"]

     but: was "{\"RAYON_ID\":2952,\"RAYON_CODE\":\"TGRVIC0101\",\"AREA_ID\":40,\"AREA_CODE\":\"TGR\",\"PERSON_ID\":60316,\"PERSON_CODE\":\"CRM111301000031\",\"PERSON_TYPE_NAME\":\"CRM\",\"FIRST_NAME\":\"IND**\",\"LAST_NAME\":\"SUK******\",\"FULL_NAME\":\"IND** SUK******\",\"SPECIALIST_NAME\":\"GP\",\"IS_UPCOUNTRY\":null,\"TOTAL_SCHEDULE\":0,\"IS_HAVING_BEST_TIME_VISIT\":0,\"MONDAY_DAY\":0,\"MONDAY_NIGHT\":1,\"TUESDAY_DAY\":0,\"TUESDAY_NIGHT\":1,\"WEDNESDAY_DAY\":0,\"WEDNESDAY_NIGHT\":1,\"THURSDAY_DAY\":0,\"THURSDAY_NIGHT\":1,\"FRIDAY_DAY\":0,\"FRIDAY_NIGHT\":1,\"PERSON_TYPE_DAY_NIGHT\":\"N\"}"
Schema validation failed for item at index 43: 
Expected: The content to match the given JSON schema.
error: instance value (null) not found in enum (possible values: [0,1])
    level: "error"
    schema: {"loadingURI":"file:/D:/Learning/Revou/QA/CallPlan-Testing/target/test-classes/schemas/GetMasterList.json#","pointer":"/properties/IS_UPCOUNTRY"}
    instance: {"pointer":"/IS_UPCOUNTRY"}
    domain: "validation"
    keyword: "enum"
    value: null
    enum: [0,1]
error: instance type (null) does not match any allowed primitive type (allowed: ["integer"])
    level: "error"
    schema: {"loadingURI":"file:/D:/Learning/Revou/QA/CallPlan-Testing/target/test-classes/schemas/GetMasterList.json#","pointer":"/properties/IS_UPCOUNTRY"}
    instance: {"pointer":"/IS_UPCOUNTRY"}
    domain: "validation"
    keyword: "type"
    found: "null"
    expected: ["integer"]
error: instance value (null) not found in enum (possible values: ["N","D"])
    level: "error"
    schema: {"loadingURI":"file:/D:/Learning/Revou/QA/CallPlan-Testing/target/test-classes/schemas/GetMasterList.json#","pointer":"/properties/PERSON_TYPE_DAY_NIGHT"}
    instance: {"pointer":"/PERSON_TYPE_DAY_NIGHT"}
    domain: "validation"
    keyword: "enum"
    value: null
    enum: ["N","D"]
error: instance type (null) does not match any allowed primitive type (allowed: ["string"])
    level: "error"
    schema: {"loadingURI":"file:/D:/Learning/Revou/QA/CallPlan-Testing/target/test-classes/schemas/GetMasterList.json#","pointer":"/properties/PERSON_TYPE_DAY_NIGHT"}
    instance: {"pointer":"/PERSON_TYPE_DAY_NIGHT"}
    domain: "validation"
    keyword: "type"
    found: "null"
    expected: ["string"]

     but: was "{\"RAYON_ID\":2952,\"RAYON_CODE\":\"TGRVIC0101\",\"AREA_ID\":40,\"AREA_CODE\":\"TGR\",\"PERSON_ID\":106715,\"PERSON_CODE\":\"CRM402205002962\",\"PERSON_TYPE_NAME\":\"CRM\",\"FIRST_NAME\":\"ING***\",\"LAST_NAME\":\"FEL**** ******* ********\",\"FULL_NAME\":\"ING*** FEL**** ******* ********\",\"SPECIALIST_NAME\":\"GP\",\"IS_UPCOUNTRY\":null,\"TOTAL_SCHEDULE\":0,\"IS_HAVING_BEST_TIME_VISIT\":0,\"MONDAY_DAY\":0,\"MONDAY_NIGHT\":0,\"TUESDAY_DAY\":0,\"TUESDAY_NIGHT\":0,\"WEDNESDAY_DAY\":0,\"WEDNESDAY_NIGHT\":0,\"THURSDAY_DAY\":0,\"THURSDAY_NIGHT\":0,\"FRIDAY_DAY\":0,\"FRIDAY_NIGHT\":0,\"PERSON_TYPE_DAY_NIGHT\":null}"
Schema validation failed for item at index 44: 
Expected: The content to match the given JSON schema.
error: instance value (null) not found in enum (possible values: [0,1])
    level: "error"
    schema: {"loadingURI":"file:/D:/Learning/Revou/QA/CallPlan-Testing/target/test-classes/schemas/GetMasterList.json#","pointer":"/properties/IS_UPCOUNTRY"}
    instance: {"pointer":"/IS_UPCOUNTRY"}
    domain: "validation"
    keyword: "enum"
    value: null
    enum: [0,1]
error: instance type (null) does not match any allowed primitive type (allowed: ["integer"])
    level: "error"
    schema: {"loadingURI":"file:/D:/Learning/Revou/QA/CallPlan-Testing/target/test-classes/schemas/GetMasterList.json#","pointer":"/properties/IS_UPCOUNTRY"}
    instance: {"pointer":"/IS_UPCOUNTRY"}
    domain: "validation"
    keyword: "type"
    found: "null"
    expected: ["integer"]

     but: was "{\"RAYON_ID\":2952,\"RAYON_CODE\":\"TGRVIC0101\",\"AREA_ID\":40,\"AREA_CODE\":\"TGR\",\"PERSON_ID\":70780,\"PERSON_CODE\":\"CRM11503001026\",\"PERSON_TYPE_NAME\":\"CRM\",\"FIRST_NAME\":\"ING***\",\"LAST_NAME\":\"MAR** *******\",\"FULL_NAME\":\"ING*** MAR** *******\",\"SPECIALIST_NAME\":\"SpJP\",\"IS_UPCOUNTRY\":null,\"TOTAL_SCHEDULE\":0,\"IS_HAVING_BEST_TIME_VISIT\":0,\"MONDAY_DAY\":0,\"MONDAY_NIGHT\":1,\"TUESDAY_DAY\":0,\"TUESDAY_NIGHT\":1,\"WEDNESDAY_DAY\":0,\"WEDNESDAY_NIGHT\":1,\"THURSDAY_DAY\":0,\"THURSDAY_NIGHT\":1,\"FRIDAY_DAY\":0,\"FRIDAY_NIGHT\":1,\"PERSON_TYPE_DAY_NIGHT\":\"N\"}"
Schema validation failed for item at index 45: 
Expected: The content to match the given JSON schema.
error: instance value (null) not found in enum (possible values: [0,1])
    level: "error"
    schema: {"loadingURI":"file:/D:/Learning/Revou/QA/CallPlan-Testing/target/test-classes/schemas/GetMasterList.json#","pointer":"/properties/IS_UPCOUNTRY"}
    instance: {"pointer":"/IS_UPCOUNTRY"}
    domain: "validation"
    keyword: "enum"
    value: null
    enum: [0,1]
error: instance type (null) does not match any allowed primitive type (allowed: ["integer"])
    level: "error"
    schema: {"loadingURI":"file:/D:/Learning/Revou/QA/CallPlan-Testing/target/test-classes/schemas/GetMasterList.json#","pointer":"/properties/IS_UPCOUNTRY"}
    instance: {"pointer":"/IS_UPCOUNTRY"}
    domain: "validation"
    keyword: "type"
    found: "null"
    expected: ["integer"]

     but: was "{\"RAYON_ID\":2952,\"RAYON_CODE\":\"TGRVIC0101\",\"AREA_ID\":40,\"AREA_CODE\":\"TGR\",\"PERSON_ID\":106868,\"PERSON_CODE\":\"CRM292205003115\",\"PERSON_TYPE_NAME\":\"CRM\",\"FIRST_NAME\":\"IRE** *******\",\"LAST_NAME\":\"TAN***\",\"FULL_NAME\":\"IRE** ******* TAN***\",\"SPECIALIST_NAME\":\"SpA\",\"IS_UPCOUNTRY\":null,\"TOTAL_SCHEDULE\":0,\"IS_HAVING_BEST_TIME_VISIT\":0,\"MONDAY_DAY\":1,\"MONDAY_NIGHT\":0,\"TUESDAY_DAY\":1,\"TUESDAY_NIGHT\":0,\"WEDNESDAY_DAY\":1,\"WEDNESDAY_NIGHT\":0,\"THURSDAY_DAY\":1,\"THURSDAY_NIGHT\":0,\"FRIDAY_DAY\":1,\"FRIDAY_NIGHT\":0,\"PERSON_TYPE_DAY_NIGHT\":\"D\"}"
Schema validation failed for item at index 46: 
Expected: The content to match the given JSON schema.
error: instance value (null) not found in enum (possible values: [0,1])
    level: "error"
    schema: {"loadingURI":"file:/D:/Learning/Revou/QA/CallPlan-Testing/target/test-classes/schemas/GetMasterList.json#","pointer":"/properties/IS_UPCOUNTRY"}
    instance: {"pointer":"/IS_UPCOUNTRY"}
    domain: "validation"
    keyword: "enum"
    value: null
    enum: [0,1]
error: instance type (null) does not match any allowed primitive type (allowed: ["integer"])
    level: "error"
    schema: {"loadingURI":"file:/D:/Learning/Revou/QA/CallPlan-Testing/target/test-classes/schemas/GetMasterList.json#","pointer":"/properties/IS_UPCOUNTRY"}
    instance: {"pointer":"/IS_UPCOUNTRY"}
    domain: "validation"
    keyword: "type"
    found: "null"
    expected: ["integer"]

     but: was "{\"RAYON_ID\":2952,\"RAYON_CODE\":\"TGRVIC0101\",\"AREA_ID\":40,\"AREA_CODE\":\"TGR\",\"PERSON_ID\":52797,\"PERSON_CODE\":\"CRM11110003416\",\"PERSON_TYPE_NAME\":\"CRM\",\"FIRST_NAME\":\"JAC****\",\"LAST_NAME\":\"JEN* ********\",\"FULL_NAME\":\"JAC**** JEN* ********\",\"SPECIALIST_NAME\":\"SpOG\",\"IS_UPCOUNTRY\":null,\"TOTAL_SCHEDULE\":0,\"IS_HAVING_BEST_TIME_VISIT\":0,\"MONDAY_DAY\":1,\"MONDAY_NIGHT\":0,\"TUESDAY_DAY\":1,\"TUESDAY_NIGHT\":0,\"WEDNESDAY_DAY\":1,\"WEDNESDAY_NIGHT\":0,\"THURSDAY_DAY\":1,\"THURSDAY_NIGHT\":0,\"FRIDAY_DAY\":1,\"FRIDAY_NIGHT\":0,\"PERSON_TYPE_DAY_NIGHT\":\"D\"}"
Schema validation failed for item at index 47: 
Expected: The content to match the given JSON schema.
error: instance value (null) not found in enum (possible values: [0,1])
    level: "error"
    schema: {"loadingURI":"file:/D:/Learning/Revou/QA/CallPlan-Testing/target/test-classes/schemas/GetMasterList.json#","pointer":"/properties/IS_UPCOUNTRY"}
    instance: {"pointer":"/IS_UPCOUNTRY"}
    domain: "validation"
    keyword: "enum"
    value: null
    enum: [0,1]
error: instance type (null) does not match any allowed primitive type (allowed: ["integer"])
    level: "error"
    schema: {"loadingURI":"file:/D:/Learning/Revou/QA/CallPlan-Testing/target/test-classes/schemas/GetMasterList.json#","pointer":"/properties/IS_UPCOUNTRY"}
    instance: {"pointer":"/IS_UPCOUNTRY"}
    domain: "validation"
    keyword: "type"
    found: "null"
    expected: ["integer"]
error: instance value (null) not found in enum (possible values: ["N","D"])
    level: "error"
    schema: {"loadingURI":"file:/D:/Learning/Revou/QA/CallPlan-Testing/target/test-classes/schemas/GetMasterList.json#","pointer":"/properties/PERSON_TYPE_DAY_NIGHT"}
    instance: {"pointer":"/PERSON_TYPE_DAY_NIGHT"}
    domain: "validation"
    keyword: "enum"
    value: null
    enum: ["N","D"]
error: instance type (null) does not match any allowed primitive type (allowed: ["string"])
    level: "error"
    schema: {"loadingURI":"file:/D:/Learning/Revou/QA/CallPlan-Testing/target/test-classes/schemas/GetMasterList.json#","pointer":"/properties/PERSON_TYPE_DAY_NIGHT"}
    instance: {"pointer":"/PERSON_TYPE_DAY_NIGHT"}
    domain: "validation"
    keyword: "type"
    found: "null"
    expected: ["string"]

     but: was "{\"RAYON_ID\":2952,\"RAYON_CODE\":\"TGRVIC0101\",\"AREA_ID\":40,\"AREA_CODE\":\"TGR\",\"PERSON_ID\":10810,\"PERSON_CODE\":\"CRM7601041674\",\"PERSON_TYPE_NAME\":\"CRM\",\"FIRST_NAME\":\"JER**\",\"LAST_NAME\":\"WID****\",\"FULL_NAME\":\"JER** WID****\",\"SPECIALIST_NAME\":\"GP\",\"IS_UPCOUNTRY\":null,\"TOTAL_SCHEDULE\":0,\"IS_HAVING_BEST_TIME_VISIT\":0,\"MONDAY_DAY\":0,\"MONDAY_NIGHT\":0,\"TUESDAY_DAY\":0,\"TUESDAY_NIGHT\":0,\"WEDNESDAY_DAY\":0,\"WEDNESDAY_NIGHT\":0,\"THURSDAY_DAY\":0,\"THURSDAY_NIGHT\":0,\"FRIDAY_DAY\":0,\"FRIDAY_NIGHT\":0,\"PERSON_TYPE_DAY_NIGHT\":null}"
Schema validation failed for item at index 48: 
Expected: The content to match the given JSON schema.
error: instance value (null) not found in enum (possible values: [0,1])
    level: "error"
    schema: {"loadingURI":"file:/D:/Learning/Revou/QA/CallPlan-Testing/target/test-classes/schemas/GetMasterList.json#","pointer":"/properties/IS_UPCOUNTRY"}
    instance: {"pointer":"/IS_UPCOUNTRY"}
    domain: "validation"
    keyword: "enum"
    value: null
    enum: [0,1]
error: instance type (null) does not match any allowed primitive type (allowed: ["integer"])
    level: "error"
    schema: {"loadingURI":"file:/D:/Learning/Revou/QA/CallPlan-Testing/target/test-classes/schemas/GetMasterList.json#","pointer":"/properties/IS_UPCOUNTRY"}
    instance: {"pointer":"/IS_UPCOUNTRY"}
    domain: "validation"
    keyword: "type"
    found: "null"
    expected: ["integer"]

     but: was "{\"RAYON_ID\":2952,\"RAYON_CODE\":\"TGRVIC0101\",\"AREA_ID\":40,\"AREA_CODE\":\"TGR\",\"PERSON_ID\":74837,\"PERSON_CODE\":\"CRM11601000262\",\"PERSON_TYPE_NAME\":\"CRM\",\"FIRST_NAME\":\"JER**** ******** \",\"LAST_NAME\":\"SIR****\",\"FULL_NAME\":\"JER**** ********  SIR****\",\"SPECIALIST_NAME\":\"GP\",\"IS_UPCOUNTRY\":null,\"TOTAL_SCHEDULE\":0,\"IS_HAVING_BEST_TIME_VISIT\":0,\"MONDAY_DAY\":0,\"MONDAY_NIGHT\":1,\"TUESDAY_DAY\":0,\"TUESDAY_NIGHT\":1,\"WEDNESDAY_DAY\":0,\"WEDNESDAY_NIGHT\":1,\"THURSDAY_DAY\":0,\"THURSDAY_NIGHT\":1,\"FRIDAY_DAY\":0,\"FRIDAY_NIGHT\":1,\"PERSON_TYPE_DAY_NIGHT\":\"N\"}"
Schema validation failed for item at index 49: 
Expected: The content to match the given JSON schema.
error: instance value (null) not found in enum (possible values: [0,1])
    level: "error"
    schema: {"loadingURI":"file:/D:/Learning/Revou/QA/CallPlan-Testing/target/test-classes/schemas/GetMasterList.json#","pointer":"/properties/IS_UPCOUNTRY"}
    instance: {"pointer":"/IS_UPCOUNTRY"}
    domain: "validation"
    keyword: "enum"
    value: null
    enum: [0,1]
error: instance type (null) does not match any allowed primitive type (allowed: ["integer"])
    level: "error"
    schema: {"loadingURI":"file:/D:/Learning/Revou/QA/CallPlan-Testing/target/test-classes/schemas/GetMasterList.json#","pointer":"/properties/IS_UPCOUNTRY"}
    instance: {"pointer":"/IS_UPCOUNTRY"}
    domain: "validation"
    keyword: "type"
    found: "null"
    expected: ["integer"]
error: instance value (null) not found in enum (possible values: ["N","D"])
    level: "error"
    schema: {"loadingURI":"file:/D:/Learning/Revou/QA/CallPlan-Testing/target/test-classes/schemas/GetMasterList.json#","pointer":"/properties/PERSON_TYPE_DAY_NIGHT"}
    instance: {"pointer":"/PERSON_TYPE_DAY_NIGHT"}
    domain: "validation"
    keyword: "enum"
    value: null
    enum: ["N","D"]
error: instance type (null) does not match any allowed primitive type (allowed: ["string"])
    level: "error"
    schema: {"loadingURI":"file:/D:/Learning/Revou/QA/CallPlan-Testing/target/test-classes/schemas/GetMasterList.json#","pointer":"/properties/PERSON_TYPE_DAY_NIGHT"}
    instance: {"pointer":"/PERSON_TYPE_DAY_NIGHT"}
    domain: "validation"
    keyword: "type"
    found: "null"
    expected: ["string"]

     but: was "{\"RAYON_ID\":2952,\"RAYON_CODE\":\"TGRVIC0101\",\"AREA_ID\":40,\"AREA_CODE\":\"TGR\",\"PERSON_ID\":97325,\"PERSON_CODE\":\"CRM402011004520\",\"PERSON_TYPE_NAME\":\"CRM\",\"FIRST_NAME\":\"JOS* ****\",\"LAST_NAME\":\"PUT***\",\"FULL_NAME\":\"JOS* **** PUT***\",\"SPECIALIST_NAME\":\"GP\",\"IS_UPCOUNTRY\":null,\"TOTAL_SCHEDULE\":0,\"IS_HAVING_BEST_TIME_VISIT\":0,\"MONDAY_DAY\":0,\"MONDAY_NIGHT\":0,\"TUESDAY_DAY\":0,\"TUESDAY_NIGHT\":0,\"WEDNESDAY_DAY\":0,\"WEDNESDAY_NIGHT\":0,\"THURSDAY_DAY\":0,\"THURSDAY_NIGHT\":0,\"FRIDAY_DAY\":0,\"FRIDAY_NIGHT\":0,\"PERSON_TYPE_DAY_NIGHT\":null}"
Schema validation failed for item at index 50: 
Expected: The content to match the given JSON schema.
error: instance value (null) not found in enum (possible values: [0,1])
    level: "error"
    schema: {"loadingURI":"file:/D:/Learning/Revou/QA/CallPlan-Testing/target/test-classes/schemas/GetMasterList.json#","pointer":"/properties/IS_UPCOUNTRY"}
    instance: {"pointer":"/IS_UPCOUNTRY"}
    domain: "validation"
    keyword: "enum"
    value: null
    enum: [0,1]
error: instance type (null) does not match any allowed primitive type (allowed: ["integer"])
    level: "error"
    schema: {"loadingURI":"file:/D:/Learning/Revou/QA/CallPlan-Testing/target/test-classes/schemas/GetMasterList.json#","pointer":"/properties/IS_UPCOUNTRY"}
    instance: {"pointer":"/IS_UPCOUNTRY"}
    domain: "validation"
    keyword: "type"
    found: "null"
    expected: ["integer"]

     but: was "{\"RAYON_ID\":2952,\"RAYON_CODE\":\"TGRVIC0101\",\"AREA_ID\":40,\"AREA_CODE\":\"TGR\",\"PERSON_ID\":86106,\"PERSON_CODE\":\"CRM401807002832\",\"PERSON_TYPE_NAME\":\"CRM\",\"FIRST_NAME\":\"JUL*** \",\"LAST_NAME\":\"D.L. **********\",\"FULL_NAME\":\"JUL***  D.L. **********\",\"SPECIALIST_NAME\":\"SpOG\",\"IS_UPCOUNTRY\":null,\"TOTAL_SCHEDULE\":0,\"IS_HAVING_BEST_TIME_VISIT\":0,\"MONDAY_DAY\":0,\"MONDAY_NIGHT\":1,\"TUESDAY_DAY\":0,\"TUESDAY_NIGHT\":1,\"WEDNESDAY_DAY\":0,\"WEDNESDAY_NIGHT\":1,\"THURSDAY_DAY\":0,\"THURSDAY_NIGHT\":1,\"FRIDAY_DAY\":0,\"FRIDAY_NIGHT\":1,\"PERSON_TYPE_DAY_NIGHT\":\"N\"}"
Schema validation failed for item at index 51: 
Expected: The content to match the given JSON schema.
error: instance value (null) not found in enum (possible values: [0,1])
    level: "error"
    schema: {"loadingURI":"file:/D:/Learning/Revou/QA/CallPlan-Testing/target/test-classes/schemas/GetMasterList.json#","pointer":"/properties/IS_UPCOUNTRY"}
    instance: {"pointer":"/IS_UPCOUNTRY"}
    domain: "validation"
    keyword: "enum"
    value: null
    enum: [0,1]
error: instance type (null) does not match any allowed primitive type (allowed: ["integer"])
    level: "error"
    schema: {"loadingURI":"file:/D:/Learning/Revou/QA/CallPlan-Testing/target/test-classes/schemas/GetMasterList.json#","pointer":"/properties/IS_UPCOUNTRY"}
    instance: {"pointer":"/IS_UPCOUNTRY"}
    domain: "validation"
    keyword: "type"
    found: "null"
    expected: ["integer"]
error: instance value (null) not found in enum (possible values: ["N","D"])
    level: "error"
    schema: {"loadingURI":"file:/D:/Learning/Revou/QA/CallPlan-Testing/target/test-classes/schemas/GetMasterList.json#","pointer":"/properties/PERSON_TYPE_DAY_NIGHT"}
    instance: {"pointer":"/PERSON_TYPE_DAY_NIGHT"}
    domain: "validation"
    keyword: "enum"
    value: null
    enum: ["N","D"]
error: instance type (null) does not match any allowed primitive type (allowed: ["string"])
    level: "error"
    schema: {"loadingURI":"file:/D:/Learning/Revou/QA/CallPlan-Testing/target/test-classes/schemas/GetMasterList.json#","pointer":"/properties/PERSON_TYPE_DAY_NIGHT"}
    instance: {"pointer":"/PERSON_TYPE_DAY_NIGHT"}
    domain: "validation"
    keyword: "type"
    found: "null"
    expected: ["string"]

     but: was "{\"RAYON_ID\":2952,\"RAYON_CODE\":\"TGRVIC0101\",\"AREA_ID\":40,\"AREA_CODE\":\"TGR\",\"PERSON_ID\":110006,\"PERSON_CODE\":\"CRM402209006325\",\"PERSON_TYPE_NAME\":\"CRM\",\"FIRST_NAME\":\"KAR***\",\"LAST_NAME\":\"MAH*****\",\"FULL_NAME\":\"KAR*** MAH*****\",\"SPECIALIST_NAME\":\"GP\",\"IS_UPCOUNTRY\":null,\"TOTAL_SCHEDULE\":0,\"IS_HAVING_BEST_TIME_VISIT\":0,\"MONDAY_DAY\":0,\"MONDAY_NIGHT\":0,\"TUESDAY_DAY\":0,\"TUESDAY_NIGHT\":0,\"WEDNESDAY_DAY\":0,\"WEDNESDAY_NIGHT\":0,\"THURSDAY_DAY\":0,\"THURSDAY_NIGHT\":0,\"FRIDAY_DAY\":0,\"FRIDAY_NIGHT\":0,\"PERSON_TYPE_DAY_NIGHT\":null}"
Schema validation failed for item at index 52: 
Expected: The content to match the given JSON schema.
error: instance value (null) not found in enum (possible values: [0,1])
    level: "error"
    schema: {"loadingURI":"file:/D:/Learning/Revou/QA/CallPlan-Testing/target/test-classes/schemas/GetMasterList.json#","pointer":"/properties/IS_UPCOUNTRY"}
    instance: {"pointer":"/IS_UPCOUNTRY"}
    domain: "validation"
    keyword: "enum"
    value: null
    enum: [0,1]
error: instance type (null) does not match any allowed primitive type (allowed: ["integer"])
    level: "error"
    schema: {"loadingURI":"file:/D:/Learning/Revou/QA/CallPlan-Testing/target/test-classes/schemas/GetMasterList.json#","pointer":"/properties/IS_UPCOUNTRY"}
    instance: {"pointer":"/IS_UPCOUNTRY"}
    domain: "validation"
    keyword: "type"
    found: "null"
    expected: ["integer"]

     but: was "{\"RAYON_ID\":2952,\"RAYON_CODE\":\"TGRVIC0101\",\"AREA_ID\":40,\"AREA_CODE\":\"TGR\",\"PERSON_ID\":78723,\"PERSON_CODE\":\"CRM401610005703\",\"PERSON_TYPE_NAME\":\"CRM\",\"FIRST_NAME\":\"KEN** \",\"LAST_NAME\":\"FEL****\",\"FULL_NAME\":\"KEN**  FEL****\",\"SPECIALIST_NAME\":\"GP\",\"IS_UPCOUNTRY\":null,\"TOTAL_SCHEDULE\":0,\"IS_HAVING_BEST_TIME_VISIT\":0,\"MONDAY_DAY\":0,\"MONDAY_NIGHT\":1,\"TUESDAY_DAY\":0,\"TUESDAY_NIGHT\":1,\"WEDNESDAY_DAY\":0,\"WEDNESDAY_NIGHT\":1,\"THURSDAY_DAY\":0,\"THURSDAY_NIGHT\":1,\"FRIDAY_DAY\":0,\"FRIDAY_NIGHT\":1,\"PERSON_TYPE_DAY_NIGHT\":\"N\"}"
Schema validation failed for item at index 53: 
Expected: The content to match the given JSON schema.
error: instance value (null) not found in enum (possible values: [0,1])
    level: "error"
    schema: {"loadingURI":"file:/D:/Learning/Revou/QA/CallPlan-Testing/target/test-classes/schemas/GetMasterList.json#","pointer":"/properties/IS_UPCOUNTRY"}
    instance: {"pointer":"/IS_UPCOUNTRY"}
    domain: "validation"
    keyword: "enum"
    value: null
    enum: [0,1]
error: instance type (null) does not match any allowed primitive type (allowed: ["integer"])
    level: "error"
    schema: {"loadingURI":"file:/D:/Learning/Revou/QA/CallPlan-Testing/target/test-classes/schemas/GetMasterList.json#","pointer":"/properties/IS_UPCOUNTRY"}
    instance: {"pointer":"/IS_UPCOUNTRY"}
    domain: "validation"
    keyword: "type"
    found: "null"
    expected: ["integer"]
error: instance value (null) not found in enum (possible values: ["N","D"])
    level: "error"
    schema: {"loadingURI":"file:/D:/Learning/Revou/QA/CallPlan-Testing/target/test-classes/schemas/GetMasterList.json#","pointer":"/properties/PERSON_TYPE_DAY_NIGHT"}
    instance: {"pointer":"/PERSON_TYPE_DAY_NIGHT"}
    domain: "validation"
    keyword: "enum"
    value: null
    enum: ["N","D"]
error: instance type (null) does not match any allowed primitive type (allowed: ["string"])
    level: "error"
    schema: {"loadingURI":"file:/D:/Learning/Revou/QA/CallPlan-Testing/target/test-classes/schemas/GetMasterList.json#","pointer":"/properties/PERSON_TYPE_DAY_NIGHT"}
    instance: {"pointer":"/PERSON_TYPE_DAY_NIGHT"}
    domain: "validation"
    keyword: "type"
    found: "null"
    expected: ["string"]

     but: was "{\"RAYON_ID\":2952,\"RAYON_CODE\":\"TGRVIC0101\",\"AREA_ID\":40,\"AREA_CODE\":\"TGR\",\"PERSON_ID\":2651,\"PERSON_CODE\":\"CRM6405044548\",\"PERSON_TYPE_NAME\":\"CRM\",\"FIRST_NAME\":\"LEO******\",\"LAST_NAME\":\"PAN****** *****\",\"FULL_NAME\":\"LEO****** PAN****** *****\",\"SPECIALIST_NAME\":\"SpOG\",\"IS_UPCOUNTRY\":null,\"TOTAL_SCHEDULE\":0,\"IS_HAVING_BEST_TIME_VISIT\":0,\"MONDAY_DAY\":0,\"MONDAY_NIGHT\":0,\"TUESDAY_DAY\":0,\"TUESDAY_NIGHT\":0,\"WEDNESDAY_DAY\":0,\"WEDNESDAY_NIGHT\":0,\"THURSDAY_DAY\":0,\"THURSDAY_NIGHT\":0,\"FRIDAY_DAY\":0,\"FRIDAY_NIGHT\":0,\"PERSON_TYPE_DAY_NIGHT\":null}"
Schema validation failed for item at index 54: 
Expected: The content to match the given JSON schema.
error: instance value (null) not found in enum (possible values: [0,1])
    level: "error"
    schema: {"loadingURI":"file:/D:/Learning/Revou/QA/CallPlan-Testing/target/test-classes/schemas/GetMasterList.json#","pointer":"/properties/IS_UPCOUNTRY"}
    instance: {"pointer":"/IS_UPCOUNTRY"}
    domain: "validation"
    keyword: "enum"
    value: null
    enum: [0,1]
error: instance type (null) does not match any allowed primitive type (allowed: ["integer"])
    level: "error"
    schema: {"loadingURI":"file:/D:/Learning/Revou/QA/CallPlan-Testing/target/test-classes/schemas/GetMasterList.json#","pointer":"/properties/IS_UPCOUNTRY"}
    instance: {"pointer":"/IS_UPCOUNTRY"}
    domain: "validation"
    keyword: "type"
    found: "null"
    expected: ["integer"]

     but: was "{\"RAYON_ID\":2952,\"RAYON_CODE\":\"TGRVIC0101\",\"AREA_ID\":40,\"AREA_CODE\":\"TGR\",\"PERSON_ID\":57150,\"PERSON_CODE\":\"CRM551204002229\",\"PERSON_TYPE_NAME\":\"CRM\",\"FIRST_NAME\":\"LIO****\",\"LAST_NAME\":\"DAN*** ********\",\"FULL_NAME\":\"LIO**** DAN*** ********\",\"SPECIALIST_NAME\":\"GP\",\"IS_UPCOUNTRY\":null,\"TOTAL_SCHEDULE\":0,\"IS_HAVING_BEST_TIME_VISIT\":0,\"MONDAY_DAY\":0,\"MONDAY_NIGHT\":1,\"TUESDAY_DAY\":0,\"TUESDAY_NIGHT\":1,\"WEDNESDAY_DAY\":0,\"WEDNESDAY_NIGHT\":1,\"THURSDAY_DAY\":0,\"THURSDAY_NIGHT\":1,\"FRIDAY_DAY\":0,\"FRIDAY_NIGHT\":1,\"PERSON_TYPE_DAY_NIGHT\":\"N\"}"
Schema validation failed for item at index 55: 
Expected: The content to match the given JSON schema.
error: instance value (null) not found in enum (possible values: [0,1])
    level: "error"
    schema: {"loadingURI":"file:/D:/Learning/Revou/QA/CallPlan-Testing/target/test-classes/schemas/GetMasterList.json#","pointer":"/properties/IS_UPCOUNTRY"}
    instance: {"pointer":"/IS_UPCOUNTRY"}
    domain: "validation"
    keyword: "enum"
    value: null
    enum: [0,1]
error: instance type (null) does not match any allowed primitive type (allowed: ["integer"])
    level: "error"
    schema: {"loadingURI":"file:/D:/Learning/Revou/QA/CallPlan-Testing/target/test-classes/schemas/GetMasterList.json#","pointer":"/properties/IS_UPCOUNTRY"}
    instance: {"pointer":"/IS_UPCOUNTRY"}
    domain: "validation"
    keyword: "type"
    found: "null"
    expected: ["integer"]
error: instance value (null) not found in enum (possible values: ["N","D"])
    level: "error"
    schema: {"loadingURI":"file:/D:/Learning/Revou/QA/CallPlan-Testing/target/test-classes/schemas/GetMasterList.json#","pointer":"/properties/PERSON_TYPE_DAY_NIGHT"}
    instance: {"pointer":"/PERSON_TYPE_DAY_NIGHT"}
    domain: "validation"
    keyword: "enum"
    value: null
    enum: ["N","D"]
error: instance type (null) does not match any allowed primitive type (allowed: ["string"])
    level: "error"
    schema: {"loadingURI":"file:/D:/Learning/Revou/QA/CallPlan-Testing/target/test-classes/schemas/GetMasterList.json#","pointer":"/properties/PERSON_TYPE_DAY_NIGHT"}
    instance: {"pointer":"/PERSON_TYPE_DAY_NIGHT"}
    domain: "validation"
    keyword: "type"
    found: "null"
    expected: ["string"]

     but: was "{\"RAYON_ID\":2952,\"RAYON_CODE\":\"TGRVIC0101\",\"AREA_ID\":40,\"AREA_CODE\":\"TGR\",\"PERSON_ID\":92446,\"PERSON_CODE\":\"CRM401912005221\",\"PERSON_TYPE_NAME\":\"CRM\",\"FIRST_NAME\":\"MAR**\",\"LAST_NAME\":\"SUH*****\",\"FULL_NAME\":\"MAR** SUH*****\",\"SPECIALIST_NAME\":\"GP\",\"IS_UPCOUNTRY\":null,\"TOTAL_SCHEDULE\":0,\"IS_HAVING_BEST_TIME_VISIT\":0,\"MONDAY_DAY\":0,\"MONDAY_NIGHT\":0,\"TUESDAY_DAY\":0,\"TUESDAY_NIGHT\":0,\"WEDNESDAY_DAY\":0,\"WEDNESDAY_NIGHT\":0,\"THURSDAY_DAY\":0,\"THURSDAY_NIGHT\":0,\"FRIDAY_DAY\":0,\"FRIDAY_NIGHT\":0,\"PERSON_TYPE_DAY_NIGHT\":null}"
Schema validation failed for item at index 56: 
Expected: The content to match the given JSON schema.
error: instance value (null) not found in enum (possible values: [0,1])
    level: "error"
    schema: {"loadingURI":"file:/D:/Learning/Revou/QA/CallPlan-Testing/target/test-classes/schemas/GetMasterList.json#","pointer":"/properties/IS_UPCOUNTRY"}
    instance: {"pointer":"/IS_UPCOUNTRY"}
    domain: "validation"
    keyword: "enum"
    value: null
    enum: [0,1]
error: instance type (null) does not match any allowed primitive type (allowed: ["integer"])
    level: "error"
    schema: {"loadingURI":"file:/D:/Learning/Revou/QA/CallPlan-Testing/target/test-classes/schemas/GetMasterList.json#","pointer":"/properties/IS_UPCOUNTRY"}
    instance: {"pointer":"/IS_UPCOUNTRY"}
    domain: "validation"
    keyword: "type"
    found: "null"
    expected: ["integer"]

     but: was "{\"RAYON_ID\":2952,\"RAYON_CODE\":\"TGRVIC0101\",\"AREA_ID\":40,\"AREA_CODE\":\"TGR\",\"PERSON_ID\":43829,\"PERSON_CODE\":\"CRM11002000907\",\"PERSON_TYPE_NAME\":\"CRM\",\"FIRST_NAME\":\"MEL***\",\"LAST_NAME\":\"AZI*\",\"FULL_NAME\":\"MEL*** AZI*\",\"SPECIALIST_NAME\":\"SpJP\",\"IS_UPCOUNTRY\":null,\"TOTAL_SCHEDULE\":0,\"IS_HAVING_BEST_TIME_VISIT\":0,\"MONDAY_DAY\":0,\"MONDAY_NIGHT\":1,\"TUESDAY_DAY\":0,\"TUESDAY_NIGHT\":1,\"WEDNESDAY_DAY\":0,\"WEDNESDAY_NIGHT\":1,\"THURSDAY_DAY\":0,\"THURSDAY_NIGHT\":1,\"FRIDAY_DAY\":0,\"FRIDAY_NIGHT\":1,\"PERSON_TYPE_DAY_NIGHT\":\"N\"}"
Schema validation failed for item at index 57: 
Expected: The content to match the given JSON schema.
error: instance value (null) not found in enum (possible values: [0,1])
    level: "error"
    schema: {"loadingURI":"file:/D:/Learning/Revou/QA/CallPlan-Testing/target/test-classes/schemas/GetMasterList.json#","pointer":"/properties/IS_UPCOUNTRY"}
    instance: {"pointer":"/IS_UPCOUNTRY"}
    domain: "validation"
    keyword: "enum"
    value: null
    enum: [0,1]
error: instance type (null) does not match any allowed primitive type (allowed: ["integer"])
    level: "error"
    schema: {"loadingURI":"file:/D:/Learning/Revou/QA/CallPlan-Testing/target/test-classes/schemas/GetMasterList.json#","pointer":"/properties/IS_UPCOUNTRY"}
    instance: {"pointer":"/IS_UPCOUNTRY"}
    domain: "validation"
    keyword: "type"
    found: "null"
    expected: ["integer"]

     but: was "{\"RAYON_ID\":2952,\"RAYON_CODE\":\"TGRVIC0101\",\"AREA_ID\":40,\"AREA_CODE\":\"TGR\",\"PERSON_ID\":78874,\"PERSON_CODE\":\"CRM401611005857\",\"PERSON_TYPE_NAME\":\"CRM\",\"FIRST_NAME\":\"MEL****\",\"LAST_NAME\":\"WID****\",\"FULL_NAME\":\"MEL**** WID****\",\"SPECIALIST_NAME\":\"SpA\",\"IS_UPCOUNTRY\":null,\"TOTAL_SCHEDULE\":0,\"IS_HAVING_BEST_TIME_VISIT\":0,\"MONDAY_DAY\":0,\"MONDAY_NIGHT\":1,\"TUESDAY_DAY\":0,\"TUESDAY_NIGHT\":1,\"WEDNESDAY_DAY\":0,\"WEDNESDAY_NIGHT\":1,\"THURSDAY_DAY\":0,\"THURSDAY_NIGHT\":1,\"FRIDAY_DAY\":0,\"FRIDAY_NIGHT\":1,\"PERSON_TYPE_DAY_NIGHT\":\"N\"}"
Schema validation failed for item at index 58: 
Expected: The content to match the given JSON schema.
error: instance value (null) not found in enum (possible values: [0,1])
    level: "error"
    schema: {"loadingURI":"file:/D:/Learning/Revou/QA/CallPlan-Testing/target/test-classes/schemas/GetMasterList.json#","pointer":"/properties/IS_UPCOUNTRY"}
    instance: {"pointer":"/IS_UPCOUNTRY"}
    domain: "validation"
    keyword: "enum"
    value: null
    enum: [0,1]
error: instance type (null) does not match any allowed primitive type (allowed: ["integer"])
    level: "error"
    schema: {"loadingURI":"file:/D:/Learning/Revou/QA/CallPlan-Testing/target/test-classes/schemas/GetMasterList.json#","pointer":"/properties/IS_UPCOUNTRY"}
    instance: {"pointer":"/IS_UPCOUNTRY"}
    domain: "validation"
    keyword: "type"
    found: "null"
    expected: ["integer"]
error: instance value (null) not found in enum (possible values: ["N","D"])
    level: "error"
    schema: {"loadingURI":"file:/D:/Learning/Revou/QA/CallPlan-Testing/target/test-classes/schemas/GetMasterList.json#","pointer":"/properties/PERSON_TYPE_DAY_NIGHT"}
    instance: {"pointer":"/PERSON_TYPE_DAY_NIGHT"}
    domain: "validation"
    keyword: "enum"
    value: null
    enum: ["N","D"]
error: instance type (null) does not match any allowed primitive type (allowed: ["string"])
    level: "error"
    schema: {"loadingURI":"file:/D:/Learning/Revou/QA/CallPlan-Testing/target/test-classes/schemas/GetMasterList.json#","pointer":"/properties/PERSON_TYPE_DAY_NIGHT"}
    instance: {"pointer":"/PERSON_TYPE_DAY_NIGHT"}
    domain: "validation"
    keyword: "type"
    found: "null"
    expected: ["string"]

     but: was "{\"RAYON_ID\":2952,\"RAYON_CODE\":\"TGRVIC0101\",\"AREA_ID\":40,\"AREA_CODE\":\"TGR\",\"PERSON_ID\":91165,\"PERSON_CODE\":\"CRM401909003899\",\"PERSON_TYPE_NAME\":\"CRM\",\"FIRST_NAME\":\"MER**\",\"LAST_NAME\":\"\",\"FULL_NAME\":\"MER** \",\"SPECIALIST_NAME\":\"GP\",\"IS_UPCOUNTRY\":null,\"TOTAL_SCHEDULE\":0,\"IS_HAVING_BEST_TIME_VISIT\":0,\"MONDAY_DAY\":0,\"MONDAY_NIGHT\":0,\"TUESDAY_DAY\":0,\"TUESDAY_NIGHT\":0,\"WEDNESDAY_DAY\":0,\"WEDNESDAY_NIGHT\":0,\"THURSDAY_DAY\":0,\"THURSDAY_NIGHT\":0,\"FRIDAY_DAY\":0,\"FRIDAY_NIGHT\":0,\"PERSON_TYPE_DAY_NIGHT\":null}"
Schema validation failed for item at index 59: 
Expected: The content to match the given JSON schema.
error: instance value (null) not found in enum (possible values: [0,1])
    level: "error"
    schema: {"loadingURI":"file:/D:/Learning/Revou/QA/CallPlan-Testing/target/test-classes/schemas/GetMasterList.json#","pointer":"/properties/IS_UPCOUNTRY"}
    instance: {"pointer":"/IS_UPCOUNTRY"}
    domain: "validation"
    keyword: "enum"
    value: null
    enum: [0,1]
error: instance type (null) does not match any allowed primitive type (allowed: ["integer"])
    level: "error"
    schema: {"loadingURI":"file:/D:/Learning/Revou/QA/CallPlan-Testing/target/test-classes/schemas/GetMasterList.json#","pointer":"/properties/IS_UPCOUNTRY"}
    instance: {"pointer":"/IS_UPCOUNTRY"}
    domain: "validation"
    keyword: "type"
    found: "null"
    expected: ["integer"]
error: instance value (null) not found in enum (possible values: ["N","D"])
    level: "error"
    schema: {"loadingURI":"file:/D:/Learning/Revou/QA/CallPlan-Testing/target/test-classes/schemas/GetMasterList.json#","pointer":"/properties/PERSON_TYPE_DAY_NIGHT"}
    instance: {"pointer":"/PERSON_TYPE_DAY_NIGHT"}
    domain: "validation"
    keyword: "enum"
    value: null
    enum: ["N","D"]
error: instance type (null) does not match any allowed primitive type (allowed: ["string"])
    level: "error"
    schema: {"loadingURI":"file:/D:/Learning/Revou/QA/CallPlan-Testing/target/test-classes/schemas/GetMasterList.json#","pointer":"/properties/PERSON_TYPE_DAY_NIGHT"}
    instance: {"pointer":"/PERSON_TYPE_DAY_NIGHT"}
    domain: "validation"
    keyword: "type"
    found: "null"
    expected: ["string"]

     but: was "{\"RAYON_ID\":2952,\"RAYON_CODE\":\"TGRVIC0101\",\"AREA_ID\":40,\"AREA_CODE\":\"TGR\",\"PERSON_ID\":107718,\"PERSON_CODE\":\"CRM402206003965\",\"PERSON_TYPE_NAME\":\"CRM\",\"FIRST_NAME\":\"MER*** *********\",\"LAST_NAME\":\"RAC****\",\"FULL_NAME\":\"MER*** ********* RAC****\",\"SPECIALIST_NAME\":\"GP\",\"IS_UPCOUNTRY\":null,\"TOTAL_SCHEDULE\":0,\"IS_HAVING_BEST_TIME_VISIT\":0,\"MONDAY_DAY\":0,\"MONDAY_NIGHT\":0,\"TUESDAY_DAY\":0,\"TUESDAY_NIGHT\":0,\"WEDNESDAY_DAY\":0,\"WEDNESDAY_NIGHT\":0,\"THURSDAY_DAY\":0,\"THURSDAY_NIGHT\":0,\"FRIDAY_DAY\":0,\"FRIDAY_NIGHT\":0,\"PERSON_TYPE_DAY_NIGHT\":null}"
Schema validation failed for item at index 60: 
Expected: The content to match the given JSON schema.
error: instance value (null) not found in enum (possible values: [0,1])
    level: "error"
    schema: {"loadingURI":"file:/D:/Learning/Revou/QA/CallPlan-Testing/target/test-classes/schemas/GetMasterList.json#","pointer":"/properties/IS_UPCOUNTRY"}
    instance: {"pointer":"/IS_UPCOUNTRY"}
    domain: "validation"
    keyword: "enum"
    value: null
    enum: [0,1]
error: instance type (null) does not match any allowed primitive type (allowed: ["integer"])
    level: "error"
    schema: {"loadingURI":"file:/D:/Learning/Revou/QA/CallPlan-Testing/target/test-classes/schemas/GetMasterList.json#","pointer":"/properties/IS_UPCOUNTRY"}
    instance: {"pointer":"/IS_UPCOUNTRY"}
    domain: "validation"
    keyword: "type"
    found: "null"
    expected: ["integer"]
error: instance value (null) not found in enum (possible values: ["N","D"])
    level: "error"
    schema: {"loadingURI":"file:/D:/Learning/Revou/QA/CallPlan-Testing/target/test-classes/schemas/GetMasterList.json#","pointer":"/properties/PERSON_TYPE_DAY_NIGHT"}
    instance: {"pointer":"/PERSON_TYPE_DAY_NIGHT"}
    domain: "validation"
    keyword: "enum"
    value: null
    enum: ["N","D"]
error: instance type (null) does not match any allowed primitive type (allowed: ["string"])
    level: "error"
    schema: {"loadingURI":"file:/D:/Learning/Revou/QA/CallPlan-Testing/target/test-classes/schemas/GetMasterList.json#","pointer":"/properties/PERSON_TYPE_DAY_NIGHT"}
    instance: {"pointer":"/PERSON_TYPE_DAY_NIGHT"}
    domain: "validation"
    keyword: "type"
    found: "null"
    expected: ["string"]

     but: was "{\"RAYON_ID\":2952,\"RAYON_CODE\":\"TGRVIC0101\",\"AREA_ID\":40,\"AREA_CODE\":\"TGR\",\"PERSON_ID\":106161,\"PERSON_CODE\":\"CRM402204002402\",\"PERSON_TYPE_NAME\":\"CRM\",\"FIRST_NAME\":\"MIC****\",\"LAST_NAME\":\"CHU*****\",\"FULL_NAME\":\"MIC**** CHU*****\",\"SPECIALIST_NAME\":\"GP\",\"IS_UPCOUNTRY\":null,\"TOTAL_SCHEDULE\":0,\"IS_HAVING_BEST_TIME_VISIT\":0,\"MONDAY_DAY\":0,\"MONDAY_NIGHT\":0,\"TUESDAY_DAY\":0,\"TUESDAY_NIGHT\":0,\"WEDNESDAY_DAY\":0,\"WEDNESDAY_NIGHT\":0,\"THURSDAY_DAY\":0,\"THURSDAY_NIGHT\":0,\"FRIDAY_DAY\":0,\"FRIDAY_NIGHT\":0,\"PERSON_TYPE_DAY_NIGHT\":null}"
Schema validation failed for item at index 61: 
Expected: The content to match the given JSON schema.
error: instance value (null) not found in enum (possible values: [0,1])
    level: "error"
    schema: {"loadingURI":"file:/D:/Learning/Revou/QA/CallPlan-Testing/target/test-classes/schemas/GetMasterList.json#","pointer":"/properties/IS_UPCOUNTRY"}
    instance: {"pointer":"/IS_UPCOUNTRY"}
    domain: "validation"
    keyword: "enum"
    value: null
    enum: [0,1]
error: instance type (null) does not match any allowed primitive type (allowed: ["integer"])
    level: "error"
    schema: {"loadingURI":"file:/D:/Learning/Revou/QA/CallPlan-Testing/target/test-classes/schemas/GetMasterList.json#","pointer":"/properties/IS_UPCOUNTRY"}
    instance: {"pointer":"/IS_UPCOUNTRY"}
    domain: "validation"
    keyword: "type"
    found: "null"
    expected: ["integer"]
error: instance value (null) not found in enum (possible values: ["N","D"])
    level: "error"
    schema: {"loadingURI":"file:/D:/Learning/Revou/QA/CallPlan-Testing/target/test-classes/schemas/GetMasterList.json#","pointer":"/properties/PERSON_TYPE_DAY_NIGHT"}
    instance: {"pointer":"/PERSON_TYPE_DAY_NIGHT"}
    domain: "validation"
    keyword: "enum"
    value: null
    enum: ["N","D"]
error: instance type (null) does not match any allowed primitive type (allowed: ["string"])
    level: "error"
    schema: {"loadingURI":"file:/D:/Learning/Revou/QA/CallPlan-Testing/target/test-classes/schemas/GetMasterList.json#","pointer":"/properties/PERSON_TYPE_DAY_NIGHT"}
    instance: {"pointer":"/PERSON_TYPE_DAY_NIGHT"}
    domain: "validation"
    keyword: "type"
    found: "null"
    expected: ["string"]

     but: was "{\"RAYON_ID\":2952,\"RAYON_CODE\":\"TGRVIC0101\",\"AREA_ID\":40,\"AREA_CODE\":\"TGR\",\"PERSON_ID\":266575,\"PERSON_CODE\":\"CRM402305004557\",\"PERSON_TYPE_NAME\":\"CRM\",\"FIRST_NAME\":\"MIC****\",\"LAST_NAME\":\"TAN***\",\"FULL_NAME\":\"MIC**** TAN***\",\"SPECIALIST_NAME\":\"SpJP\",\"IS_UPCOUNTRY\":null,\"TOTAL_SCHEDULE\":0,\"IS_HAVING_BEST_TIME_VISIT\":0,\"MONDAY_DAY\":0,\"MONDAY_NIGHT\":0,\"TUESDAY_DAY\":0,\"TUESDAY_NIGHT\":0,\"WEDNESDAY_DAY\":0,\"WEDNESDAY_NIGHT\":0,\"THURSDAY_DAY\":0,\"THURSDAY_NIGHT\":0,\"FRIDAY_DAY\":0,\"FRIDAY_NIGHT\":0,\"PERSON_TYPE_DAY_NIGHT\":null}"
Schema validation failed for item at index 62: 
Expected: The content to match the given JSON schema.
error: instance value (null) not found in enum (possible values: [0,1])
    level: "error"
    schema: {"loadingURI":"file:/D:/Learning/Revou/QA/CallPlan-Testing/target/test-classes/schemas/GetMasterList.json#","pointer":"/properties/IS_UPCOUNTRY"}
    instance: {"pointer":"/IS_UPCOUNTRY"}
    domain: "validation"
    keyword: "enum"
    value: null
    enum: [0,1]
error: instance type (null) does not match any allowed primitive type (allowed: ["integer"])
    level: "error"
    schema: {"loadingURI":"file:/D:/Learning/Revou/QA/CallPlan-Testing/target/test-classes/schemas/GetMasterList.json#","pointer":"/properties/IS_UPCOUNTRY"}
    instance: {"pointer":"/IS_UPCOUNTRY"}
    domain: "validation"
    keyword: "type"
    found: "null"
    expected: ["integer"]
error: instance value (null) not found in enum (possible values: ["N","D"])
    level: "error"
    schema: {"loadingURI":"file:/D:/Learning/Revou/QA/CallPlan-Testing/target/test-classes/schemas/GetMasterList.json#","pointer":"/properties/PERSON_TYPE_DAY_NIGHT"}
    instance: {"pointer":"/PERSON_TYPE_DAY_NIGHT"}
    domain: "validation"
    keyword: "enum"
    value: null
    enum: ["N","D"]
error: instance type (null) does not match any allowed primitive type (allowed: ["string"])
    level: "error"
    schema: {"loadingURI":"file:/D:/Learning/Revou/QA/CallPlan-Testing/target/test-classes/schemas/GetMasterList.json#","pointer":"/properties/PERSON_TYPE_DAY_NIGHT"}
    instance: {"pointer":"/PERSON_TYPE_DAY_NIGHT"}
    domain: "validation"
    keyword: "type"
    found: "null"
    expected: ["string"]

     but: was "{\"RAYON_ID\":2952,\"RAYON_CODE\":\"TGRVIC0101\",\"AREA_ID\":40,\"AREA_CODE\":\"TGR\",\"PERSON_ID\":98257,\"PERSON_CODE\":\"CRM402101000124\",\"PERSON_TYPE_NAME\":\"CRM\",\"FIRST_NAME\":\"NOV*\",\"LAST_NAME\":\"NUR********\",\"FULL_NAME\":\"NOV* NUR********\",\"SPECIALIST_NAME\":\"GP\",\"IS_UPCOUNTRY\":null,\"TOTAL_SCHEDULE\":0,\"IS_HAVING_BEST_TIME_VISIT\":0,\"MONDAY_DAY\":0,\"MONDAY_NIGHT\":0,\"TUESDAY_DAY\":0,\"TUESDAY_NIGHT\":0,\"WEDNESDAY_DAY\":0,\"WEDNESDAY_NIGHT\":0,\"THURSDAY_DAY\":0,\"THURSDAY_NIGHT\":0,\"FRIDAY_DAY\":0,\"FRIDAY_NIGHT\":0,\"PERSON_TYPE_DAY_NIGHT\":null}"
Schema validation failed for item at index 63: 
Expected: The content to match the given JSON schema.
error: instance value (null) not found in enum (possible values: [0,1])
    level: "error"
    schema: {"loadingURI":"file:/D:/Learning/Revou/QA/CallPlan-Testing/target/test-classes/schemas/GetMasterList.json#","pointer":"/properties/IS_UPCOUNTRY"}
    instance: {"pointer":"/IS_UPCOUNTRY"}
    domain: "validation"
    keyword: "enum"
    value: null
    enum: [0,1]
error: instance type (null) does not match any allowed primitive type (allowed: ["integer"])
    level: "error"
    schema: {"loadingURI":"file:/D:/Learning/Revou/QA/CallPlan-Testing/target/test-classes/schemas/GetMasterList.json#","pointer":"/properties/IS_UPCOUNTRY"}
    instance: {"pointer":"/IS_UPCOUNTRY"}
    domain: "validation"
    keyword: "type"
    found: "null"
    expected: ["integer"]
error: instance value (null) not found in enum (possible values: ["N","D"])
    level: "error"
    schema: {"loadingURI":"file:/D:/Learning/Revou/QA/CallPlan-Testing/target/test-classes/schemas/GetMasterList.json#","pointer":"/properties/PERSON_TYPE_DAY_NIGHT"}
    instance: {"pointer":"/PERSON_TYPE_DAY_NIGHT"}
    domain: "validation"
    keyword: "enum"
    value: null
    enum: ["N","D"]
error: instance type (null) does not match any allowed primitive type (allowed: ["string"])
    level: "error"
    schema: {"loadingURI":"file:/D:/Learning/Revou/QA/CallPlan-Testing/target/test-classes/schemas/GetMasterList.json#","pointer":"/properties/PERSON_TYPE_DAY_NIGHT"}
    instance: {"pointer":"/PERSON_TYPE_DAY_NIGHT"}
    domain: "validation"
    keyword: "type"
    found: "null"
    expected: ["string"]

     but: was "{\"RAYON_ID\":2952,\"RAYON_CODE\":\"TGRVIC0101\",\"AREA_ID\":40,\"AREA_CODE\":\"TGR\",\"PERSON_ID\":67598,\"PERSON_CODE\":\"CRM161406002421\",\"PERSON_TYPE_NAME\":\"CRM\",\"FIRST_NAME\":\"NUV*\",\"LAST_NAME\":\"NUR ***** *******\",\"FULL_NAME\":\"NUV* NUR ***** *******\",\"SPECIALIST_NAME\":\"GP\",\"IS_UPCOUNTRY\":null,\"TOTAL_SCHEDULE\":0,\"IS_HAVING_BEST_TIME_VISIT\":0,\"MONDAY_DAY\":0,\"MONDAY_NIGHT\":0,\"TUESDAY_DAY\":0,\"TUESDAY_NIGHT\":0,\"WEDNESDAY_DAY\":0,\"WEDNESDAY_NIGHT\":0,\"THURSDAY_DAY\":0,\"THURSDAY_NIGHT\":0,\"FRIDAY_DAY\":0,\"FRIDAY_NIGHT\":0,\"PERSON_TYPE_DAY_NIGHT\":null}"
Schema validation failed for item at index 64: 
Expected: The content to match the given JSON schema.
error: instance value (null) not found in enum (possible values: [0,1])
    level: "error"
    schema: {"loadingURI":"file:/D:/Learning/Revou/QA/CallPlan-Testing/target/test-classes/schemas/GetMasterList.json#","pointer":"/properties/IS_UPCOUNTRY"}
    instance: {"pointer":"/IS_UPCOUNTRY"}
    domain: "validation"
    keyword: "enum"
    value: null
    enum: [0,1]
error: instance type (null) does not match any allowed primitive type (allowed: ["integer"])
    level: "error"
    schema: {"loadingURI":"file:/D:/Learning/Revou/QA/CallPlan-Testing/target/test-classes/schemas/GetMasterList.json#","pointer":"/properties/IS_UPCOUNTRY"}
    instance: {"pointer":"/IS_UPCOUNTRY"}
    domain: "validation"
    keyword: "type"
    found: "null"
    expected: ["integer"]

     but: was "{\"RAYON_ID\":2952,\"RAYON_CODE\":\"TGRVIC0101\",\"AREA_ID\":40,\"AREA_CODE\":\"TGR\",\"PERSON_ID\":15447,\"PERSON_CODE\":\"CRM100415466\",\"PERSON_TYPE_NAME\":\"CRM\",\"FIRST_NAME\":\"PAR*********\",\"LAST_NAME\":\"SIR****\",\"FULL_NAME\":\"PAR********* SIR****\",\"SPECIALIST_NAME\":\"SpPD\",\"IS_UPCOUNTRY\":null,\"TOTAL_SCHEDULE\":0,\"IS_HAVING_BEST_TIME_VISIT\":0,\"MONDAY_DAY\":1,\"MONDAY_NIGHT\":0,\"TUESDAY_DAY\":1,\"TUESDAY_NIGHT\":0,\"WEDNESDAY_DAY\":1,\"WEDNESDAY_NIGHT\":0,\"THURSDAY_DAY\":1,\"THURSDAY_NIGHT\":0,\"FRIDAY_DAY\":1,\"FRIDAY_NIGHT\":0,\"PERSON_TYPE_DAY_NIGHT\":\"D\"}"
Schema validation failed for item at index 65: 
Expected: The content to match the given JSON schema.
error: instance value (null) not found in enum (possible values: [0,1])
    level: "error"
    schema: {"loadingURI":"file:/D:/Learning/Revou/QA/CallPlan-Testing/target/test-classes/schemas/GetMasterList.json#","pointer":"/properties/IS_UPCOUNTRY"}
    instance: {"pointer":"/IS_UPCOUNTRY"}
    domain: "validation"
    keyword: "enum"
    value: null
    enum: [0,1]
error: instance type (null) does not match any allowed primitive type (allowed: ["integer"])
    level: "error"
    schema: {"loadingURI":"file:/D:/Learning/Revou/QA/CallPlan-Testing/target/test-classes/schemas/GetMasterList.json#","pointer":"/properties/IS_UPCOUNTRY"}
    instance: {"pointer":"/IS_UPCOUNTRY"}
    domain: "validation"
    keyword: "type"
    found: "null"
    expected: ["integer"]

     but: was "{\"RAYON_ID\":2952,\"RAYON_CODE\":\"TGRVIC0101\",\"AREA_ID\":40,\"AREA_CODE\":\"TGR\",\"PERSON_ID\":37643,\"PERSON_CODE\":\"CRM130912003744\",\"PERSON_TYPE_NAME\":\"CRM\",\"FIRST_NAME\":\"PAT****\",\"LAST_NAME\":\"BAY*\",\"FULL_NAME\":\"PAT**** BAY*\",\"SPECIALIST_NAME\":\"GP\",\"IS_UPCOUNTRY\":null,\"TOTAL_SCHEDULE\":0,\"IS_HAVING_BEST_TIME_VISIT\":0,\"MONDAY_DAY\":0,\"MONDAY_NIGHT\":1,\"TUESDAY_DAY\":0,\"TUESDAY_NIGHT\":1,\"WEDNESDAY_DAY\":0,\"WEDNESDAY_NIGHT\":1,\"THURSDAY_DAY\":0,\"THURSDAY_NIGHT\":1,\"FRIDAY_DAY\":0,\"FRIDAY_NIGHT\":1,\"PERSON_TYPE_DAY_NIGHT\":\"N\"}"
Schema validation failed for item at index 66: 
Expected: The content to match the given JSON schema.
error: instance value (null) not found in enum (possible values: [0,1])
    level: "error"
    schema: {"loadingURI":"file:/D:/Learning/Revou/QA/CallPlan-Testing/target/test-classes/schemas/GetMasterList.json#","pointer":"/properties/IS_UPCOUNTRY"}
    instance: {"pointer":"/IS_UPCOUNTRY"}
    domain: "validation"
    keyword: "enum"
    value: null
    enum: [0,1]
error: instance type (null) does not match any allowed primitive type (allowed: ["integer"])
    level: "error"
    schema: {"loadingURI":"file:/D:/Learning/Revou/QA/CallPlan-Testing/target/test-classes/schemas/GetMasterList.json#","pointer":"/properties/IS_UPCOUNTRY"}
    instance: {"pointer":"/IS_UPCOUNTRY"}
    domain: "validation"
    keyword: "type"
    found: "null"
    expected: ["integer"]

     but: was "{\"RAYON_ID\":2952,\"RAYON_CODE\":\"TGRVIC0101\",\"AREA_ID\":40,\"AREA_CODE\":\"TGR\",\"PERSON_ID\":88911,\"PERSON_CODE\":\"CRM401904001234\",\"PERSON_TYPE_NAME\":\"CRM\",\"FIRST_NAME\":\"PAT***** ******\",\"LAST_NAME\":\"GUN****\",\"FULL_NAME\":\"PAT***** ****** GUN****\",\"SPECIALIST_NAME\":\"SpA\",\"IS_UPCOUNTRY\":null,\"TOTAL_SCHEDULE\":0,\"IS_HAVING_BEST_TIME_VISIT\":0,\"MONDAY_DAY\":0,\"MONDAY_NIGHT\":1,\"TUESDAY_DAY\":0,\"TUESDAY_NIGHT\":1,\"WEDNESDAY_DAY\":0,\"WEDNESDAY_NIGHT\":1,\"THURSDAY_DAY\":0,\"THURSDAY_NIGHT\":1,\"FRIDAY_DAY\":0,\"FRIDAY_NIGHT\":1,\"PERSON_TYPE_DAY_NIGHT\":\"N\"}"
Schema validation failed for item at index 67: 
Expected: The content to match the given JSON schema.
error: instance value (null) not found in enum (possible values: [0,1])
    level: "error"
    schema: {"loadingURI":"file:/D:/Learning/Revou/QA/CallPlan-Testing/target/test-classes/schemas/GetMasterList.json#","pointer":"/properties/IS_UPCOUNTRY"}
    instance: {"pointer":"/IS_UPCOUNTRY"}
    domain: "validation"
    keyword: "enum"
    value: null
    enum: [0,1]
error: instance type (null) does not match any allowed primitive type (allowed: ["integer"])
    level: "error"
    schema: {"loadingURI":"file:/D:/Learning/Revou/QA/CallPlan-Testing/target/test-classes/schemas/GetMasterList.json#","pointer":"/properties/IS_UPCOUNTRY"}
    instance: {"pointer":"/IS_UPCOUNTRY"}
    domain: "validation"
    keyword: "type"
    found: "null"
    expected: ["integer"]
error: instance value (null) not found in enum (possible values: ["N","D"])
    level: "error"
    schema: {"loadingURI":"file:/D:/Learning/Revou/QA/CallPlan-Testing/target/test-classes/schemas/GetMasterList.json#","pointer":"/properties/PERSON_TYPE_DAY_NIGHT"}
    instance: {"pointer":"/PERSON_TYPE_DAY_NIGHT"}
    domain: "validation"
    keyword: "enum"
    value: null
    enum: ["N","D"]
error: instance type (null) does not match any allowed primitive type (allowed: ["string"])
    level: "error"
    schema: {"loadingURI":"file:/D:/Learning/Revou/QA/CallPlan-Testing/target/test-classes/schemas/GetMasterList.json#","pointer":"/properties/PERSON_TYPE_DAY_NIGHT"}
    instance: {"pointer":"/PERSON_TYPE_DAY_NIGHT"}
    domain: "validation"
    keyword: "type"
    found: "null"
    expected: ["string"]

     but: was "{\"RAYON_ID\":2952,\"RAYON_CODE\":\"TGRVIC0101\",\"AREA_ID\":40,\"AREA_CODE\":\"TGR\",\"PERSON_ID\":78459,\"PERSON_CODE\":\"CRM401609005313\",\"PERSON_TYPE_NAME\":\"CRM\",\"FIRST_NAME\":\"PHI*** *********\",\"LAST_NAME\":\"PUT** ********\",\"FULL_NAME\":\"PHI*** ********* PUT** ********\",\"SPECIALIST_NAME\":\"SpOG\",\"IS_UPCOUNTRY\":null,\"TOTAL_SCHEDULE\":0,\"IS_HAVING_BEST_TIME_VISIT\":0,\"MONDAY_DAY\":0,\"MONDAY_NIGHT\":0,\"TUESDAY_DAY\":0,\"TUESDAY_NIGHT\":0,\"WEDNESDAY_DAY\":0,\"WEDNESDAY_NIGHT\":0,\"THURSDAY_DAY\":0,\"THURSDAY_NIGHT\":0,\"FRIDAY_DAY\":0,\"FRIDAY_NIGHT\":0,\"PERSON_TYPE_DAY_NIGHT\":null}"
Schema validation failed for item at index 68: 
Expected: The content to match the given JSON schema.
error: instance value (null) not found in enum (possible values: [0,1])
    level: "error"
    schema: {"loadingURI":"file:/D:/Learning/Revou/QA/CallPlan-Testing/target/test-classes/schemas/GetMasterList.json#","pointer":"/properties/IS_UPCOUNTRY"}
    instance: {"pointer":"/IS_UPCOUNTRY"}
    domain: "validation"
    keyword: "enum"
    value: null
    enum: [0,1]
error: instance type (null) does not match any allowed primitive type (allowed: ["integer"])
    level: "error"
    schema: {"loadingURI":"file:/D:/Learning/Revou/QA/CallPlan-Testing/target/test-classes/schemas/GetMasterList.json#","pointer":"/properties/IS_UPCOUNTRY"}
    instance: {"pointer":"/IS_UPCOUNTRY"}
    domain: "validation"
    keyword: "type"
    found: "null"
    expected: ["integer"]

     but: was "{\"RAYON_ID\":2952,\"RAYON_CODE\":\"TGRVIC0101\",\"AREA_ID\":40,\"AREA_CODE\":\"TGR\",\"PERSON_ID\":32364,\"PERSON_CODE\":\"CRM660806002339\",\"PERSON_TYPE_NAME\":\"CRM\",\"FIRST_NAME\":\"RAY****\",\"LAST_NAME\":\"ONG***\",\"FULL_NAME\":\"RAY**** ONG***\",\"SPECIALIST_NAME\":\"SpA\",\"IS_UPCOUNTRY\":null,\"TOTAL_SCHEDULE\":0,\"IS_HAVING_BEST_TIME_VISIT\":0,\"MONDAY_DAY\":1,\"MONDAY_NIGHT\":0,\"TUESDAY_DAY\":1,\"TUESDAY_NIGHT\":0,\"WEDNESDAY_DAY\":1,\"WEDNESDAY_NIGHT\":0,\"THURSDAY_DAY\":1,\"THURSDAY_NIGHT\":0,\"FRIDAY_DAY\":1,\"FRIDAY_NIGHT\":0,\"PERSON_TYPE_DAY_NIGHT\":\"D\"}"
Schema validation failed for item at index 69: 
Expected: The content to match the given JSON schema.
error: instance value (null) not found in enum (possible values: [0,1])
    level: "error"
    schema: {"loadingURI":"file:/D:/Learning/Revou/QA/CallPlan-Testing/target/test-classes/schemas/GetMasterList.json#","pointer":"/properties/IS_UPCOUNTRY"}
    instance: {"pointer":"/IS_UPCOUNTRY"}
    domain: "validation"
    keyword: "enum"
    value: null
    enum: [0,1]
error: instance type (null) does not match any allowed primitive type (allowed: ["integer"])
    level: "error"
    schema: {"loadingURI":"file:/D:/Learning/Revou/QA/CallPlan-Testing/target/test-classes/schemas/GetMasterList.json#","pointer":"/properties/IS_UPCOUNTRY"}
    instance: {"pointer":"/IS_UPCOUNTRY"}
    domain: "validation"
    keyword: "type"
    found: "null"
    expected: ["integer"]

     but: was "{\"RAYON_ID\":2952,\"RAYON_CODE\":\"TGRVIC0101\",\"AREA_ID\":40,\"AREA_CODE\":\"TGR\",\"PERSON_ID\":100870,\"PERSON_CODE\":\"CRM402108002835\",\"PERSON_TYPE_NAME\":\"CRM\",\"FIRST_NAME\":\"RIN****\",\"LAST_NAME\":\"AGU****** *****\",\"FULL_NAME\":\"RIN**** AGU****** *****\",\"SPECIALIST_NAME\":\"SpJP\",\"IS_UPCOUNTRY\":null,\"TOTAL_SCHEDULE\":0,\"IS_HAVING_BEST_TIME_VISIT\":0,\"MONDAY_DAY\":1,\"MONDAY_NIGHT\":0,\"TUESDAY_DAY\":1,\"TUESDAY_NIGHT\":0,\"WEDNESDAY_DAY\":1,\"WEDNESDAY_NIGHT\":0,\"THURSDAY_DAY\":1,\"THURSDAY_NIGHT\":0,\"FRIDAY_DAY\":1,\"FRIDAY_NIGHT\":0,\"PERSON_TYPE_DAY_NIGHT\":\"D\"}"
Schema validation failed for item at index 70: 
Expected: The content to match the given JSON schema.
error: instance value (null) not found in enum (possible values: [0,1])
    level: "error"
    schema: {"loadingURI":"file:/D:/Learning/Revou/QA/CallPlan-Testing/target/test-classes/schemas/GetMasterList.json#","pointer":"/properties/IS_UPCOUNTRY"}
    instance: {"pointer":"/IS_UPCOUNTRY"}
    domain: "validation"
    keyword: "enum"
    value: null
    enum: [0,1]
error: instance type (null) does not match any allowed primitive type (allowed: ["integer"])
    level: "error"
    schema: {"loadingURI":"file:/D:/Learning/Revou/QA/CallPlan-Testing/target/test-classes/schemas/GetMasterList.json#","pointer":"/properties/IS_UPCOUNTRY"}
    instance: {"pointer":"/IS_UPCOUNTRY"}
    domain: "validation"
    keyword: "type"
    found: "null"
    expected: ["integer"]
error: instance value (null) not found in enum (possible values: ["N","D"])
    level: "error"
    schema: {"loadingURI":"file:/D:/Learning/Revou/QA/CallPlan-Testing/target/test-classes/schemas/GetMasterList.json#","pointer":"/properties/PERSON_TYPE_DAY_NIGHT"}
    instance: {"pointer":"/PERSON_TYPE_DAY_NIGHT"}
    domain: "validation"
    keyword: "enum"
    value: null
    enum: ["N","D"]
error: instance type (null) does not match any allowed primitive type (allowed: ["string"])
    level: "error"
    schema: {"loadingURI":"file:/D:/Learning/Revou/QA/CallPlan-Testing/target/test-classes/schemas/GetMasterList.json#","pointer":"/properties/PERSON_TYPE_DAY_NIGHT"}
    instance: {"pointer":"/PERSON_TYPE_DAY_NIGHT"}
    domain: "validation"
    keyword: "type"
    found: "null"
    expected: ["string"]

     but: was "{\"RAYON_ID\":2952,\"RAYON_CODE\":\"TGRVIC0101\",\"AREA_ID\":40,\"AREA_CODE\":\"TGR\",\"PERSON_ID\":95590,\"PERSON_CODE\":\"CRM402006002748\",\"PERSON_TYPE_NAME\":\"CRM\",\"FIRST_NAME\":\"RIS** ****** ***** \",\"LAST_NAME\":\"PUT**\",\"FULL_NAME\":\"RIS** ****** *****  PUT**\",\"SPECIALIST_NAME\":\"SpOG\",\"IS_UPCOUNTRY\":null,\"TOTAL_SCHEDULE\":0,\"IS_HAVING_BEST_TIME_VISIT\":0,\"MONDAY_DAY\":0,\"MONDAY_NIGHT\":0,\"TUESDAY_DAY\":0,\"TUESDAY_NIGHT\":0,\"WEDNESDAY_DAY\":0,\"WEDNESDAY_NIGHT\":0,\"THURSDAY_DAY\":0,\"THURSDAY_NIGHT\":0,\"FRIDAY_DAY\":0,\"FRIDAY_NIGHT\":0,\"PERSON_TYPE_DAY_NIGHT\":null}"
Schema validation failed for item at index 71: 
Expected: The content to match the given JSON schema.
error: instance value (null) not found in enum (possible values: ["N","D"])
    level: "error"
    schema: {"loadingURI":"file:/D:/Learning/Revou/QA/CallPlan-Testing/target/test-classes/schemas/GetMasterList.json#","pointer":"/properties/PERSON_TYPE_DAY_NIGHT"}
    instance: {"pointer":"/PERSON_TYPE_DAY_NIGHT"}
    domain: "validation"
    keyword: "enum"
    value: null
    enum: ["N","D"]
error: instance type (null) does not match any allowed primitive type (allowed: ["string"])
    level: "error"
    schema: {"loadingURI":"file:/D:/Learning/Revou/QA/CallPlan-Testing/target/test-classes/schemas/GetMasterList.json#","pointer":"/properties/PERSON_TYPE_DAY_NIGHT"}
    instance: {"pointer":"/PERSON_TYPE_DAY_NIGHT"}
    domain: "validation"
    keyword: "type"
    found: "null"
    expected: ["string"]

     but: was "{\"RAYON_ID\":2952,\"RAYON_CODE\":\"TGRVIC0101\",\"AREA_ID\":40,\"AREA_CODE\":\"TGR\",\"PERSON_ID\":77402,\"PERSON_CODE\":\"CRM401607004227\",\"PERSON_TYPE_NAME\":\"CRM\",\"FIRST_NAME\":\"RIT*\",\"LAST_NAME\":\"TRI******\",\"FULL_NAME\":\"RIT* TRI******\",\"SPECIALIST_NAME\":\"GP\",\"IS_UPCOUNTRY\":1,\"TOTAL_SCHEDULE\":1,\"IS_HAVING_BEST_TIME_VISIT\":1,\"MONDAY_DAY\":0,\"MONDAY_NIGHT\":0,\"TUESDAY_DAY\":0,\"TUESDAY_NIGHT\":0,\"WEDNESDAY_DAY\":0,\"WEDNESDAY_NIGHT\":1,\"THURSDAY_DAY\":0,\"THURSDAY_NIGHT\":0,\"FRIDAY_DAY\":0,\"FRIDAY_NIGHT\":0,\"PERSON_TYPE_DAY_NIGHT\":null}"
Schema validation failed for item at index 72: 
Expected: The content to match the given JSON schema.
error: instance value (null) not found in enum (possible values: [0,1])
    level: "error"
    schema: {"loadingURI":"file:/D:/Learning/Revou/QA/CallPlan-Testing/target/test-classes/schemas/GetMasterList.json#","pointer":"/properties/IS_UPCOUNTRY"}
    instance: {"pointer":"/IS_UPCOUNTRY"}
    domain: "validation"
    keyword: "enum"
    value: null
    enum: [0,1]
error: instance type (null) does not match any allowed primitive type (allowed: ["integer"])
    level: "error"
    schema: {"loadingURI":"file:/D:/Learning/Revou/QA/CallPlan-Testing/target/test-classes/schemas/GetMasterList.json#","pointer":"/properties/IS_UPCOUNTRY"}
    instance: {"pointer":"/IS_UPCOUNTRY"}
    domain: "validation"
    keyword: "type"
    found: "null"
    expected: ["integer"]
error: instance value (null) not found in enum (possible values: ["N","D"])
    level: "error"
    schema: {"loadingURI":"file:/D:/Learning/Revou/QA/CallPlan-Testing/target/test-classes/schemas/GetMasterList.json#","pointer":"/properties/PERSON_TYPE_DAY_NIGHT"}
    instance: {"pointer":"/PERSON_TYPE_DAY_NIGHT"}
    domain: "validation"
    keyword: "enum"
    value: null
    enum: ["N","D"]
error: instance type (null) does not match any allowed primitive type (allowed: ["string"])
    level: "error"
    schema: {"loadingURI":"file:/D:/Learning/Revou/QA/CallPlan-Testing/target/test-classes/schemas/GetMasterList.json#","pointer":"/properties/PERSON_TYPE_DAY_NIGHT"}
    instance: {"pointer":"/PERSON_TYPE_DAY_NIGHT"}
    domain: "validation"
    keyword: "type"
    found: "null"
    expected: ["string"]

     but: was "{\"RAYON_ID\":2952,\"RAYON_CODE\":\"TGRVIC0101\",\"AREA_ID\":40,\"AREA_CODE\":\"TGR\",\"PERSON_ID\":64402,\"PERSON_CODE\":\"CRM11310004196\",\"PERSON_TYPE_NAME\":\"CRM\",\"FIRST_NAME\":\"SAN*** \",\"LAST_NAME\":\"PRA*******\",\"FULL_NAME\":\"SAN***  PRA*******\",\"SPECIALIST_NAME\":\"SpOG\",\"IS_UPCOUNTRY\":null,\"TOTAL_SCHEDULE\":0,\"IS_HAVING_BEST_TIME_VISIT\":0,\"MONDAY_DAY\":0,\"MONDAY_NIGHT\":0,\"TUESDAY_DAY\":0,\"TUESDAY_NIGHT\":0,\"WEDNESDAY_DAY\":0,\"WEDNESDAY_NIGHT\":0,\"THURSDAY_DAY\":0,\"THURSDAY_NIGHT\":0,\"FRIDAY_DAY\":0,\"FRIDAY_NIGHT\":0,\"PERSON_TYPE_DAY_NIGHT\":null}"
Schema validation failed for item at index 73: 
Expected: The content to match the given JSON schema.
error: instance value (null) not found in enum (possible values: [0,1])
    level: "error"
    schema: {"loadingURI":"file:/D:/Learning/Revou/QA/CallPlan-Testing/target/test-classes/schemas/GetMasterList.json#","pointer":"/properties/IS_UPCOUNTRY"}
    instance: {"pointer":"/IS_UPCOUNTRY"}
    domain: "validation"
    keyword: "enum"
    value: null
    enum: [0,1]
error: instance type (null) does not match any allowed primitive type (allowed: ["integer"])
    level: "error"
    schema: {"loadingURI":"file:/D:/Learning/Revou/QA/CallPlan-Testing/target/test-classes/schemas/GetMasterList.json#","pointer":"/properties/IS_UPCOUNTRY"}
    instance: {"pointer":"/IS_UPCOUNTRY"}
    domain: "validation"
    keyword: "type"
    found: "null"
    expected: ["integer"]

     but: was "{\"RAYON_ID\":2952,\"RAYON_CODE\":\"TGRVIC0101\",\"AREA_ID\":40,\"AREA_CODE\":\"TGR\",\"PERSON_ID\":13237,\"PERSON_CODE\":\"CRM990808003274\",\"PERSON_TYPE_NAME\":\"CRM\",\"FIRST_NAME\":\"SAN*** *******\",\"LAST_NAME\":\"LAN***\",\"FULL_NAME\":\"SAN*** ******* LAN***\",\"SPECIALIST_NAME\":\"SpPD\",\"IS_UPCOUNTRY\":null,\"TOTAL_SCHEDULE\":0,\"IS_HAVING_BEST_TIME_VISIT\":0,\"MONDAY_DAY\":0,\"MONDAY_NIGHT\":1,\"TUESDAY_DAY\":0,\"TUESDAY_NIGHT\":1,\"WEDNESDAY_DAY\":0,\"WEDNESDAY_NIGHT\":1,\"THURSDAY_DAY\":0,\"THURSDAY_NIGHT\":1,\"FRIDAY_DAY\":0,\"FRIDAY_NIGHT\":1,\"PERSON_TYPE_DAY_NIGHT\":\"N\"}"
Schema validation failed for item at index 74: 
Expected: The content to match the given JSON schema.
error: instance value (null) not found in enum (possible values: [0,1])
    level: "error"
    schema: {"loadingURI":"file:/D:/Learning/Revou/QA/CallPlan-Testing/target/test-classes/schemas/GetMasterList.json#","pointer":"/properties/IS_UPCOUNTRY"}
    instance: {"pointer":"/IS_UPCOUNTRY"}
    domain: "validation"
    keyword: "enum"
    value: null
    enum: [0,1]
error: instance type (null) does not match any allowed primitive type (allowed: ["integer"])
    level: "error"
    schema: {"loadingURI":"file:/D:/Learning/Revou/QA/CallPlan-Testing/target/test-classes/schemas/GetMasterList.json#","pointer":"/properties/IS_UPCOUNTRY"}
    instance: {"pointer":"/IS_UPCOUNTRY"}
    domain: "validation"
    keyword: "type"
    found: "null"
    expected: ["integer"]
error: instance value (null) not found in enum (possible values: ["N","D"])
    level: "error"
    schema: {"loadingURI":"file:/D:/Learning/Revou/QA/CallPlan-Testing/target/test-classes/schemas/GetMasterList.json#","pointer":"/properties/PERSON_TYPE_DAY_NIGHT"}
    instance: {"pointer":"/PERSON_TYPE_DAY_NIGHT"}
    domain: "validation"
    keyword: "enum"
    value: null
    enum: ["N","D"]
error: instance type (null) does not match any allowed primitive type (allowed: ["string"])
    level: "error"
    schema: {"loadingURI":"file:/D:/Learning/Revou/QA/CallPlan-Testing/target/test-classes/schemas/GetMasterList.json#","pointer":"/properties/PERSON_TYPE_DAY_NIGHT"}
    instance: {"pointer":"/PERSON_TYPE_DAY_NIGHT"}
    domain: "validation"
    keyword: "type"
    found: "null"
    expected: ["string"]

     but: was "{\"RAYON_ID\":2952,\"RAYON_CODE\":\"TGRVIC0101\",\"AREA_ID\":40,\"AREA_CODE\":\"TGR\",\"PERSON_ID\":100012,\"PERSON_CODE\":\"CRM402105001938\",\"PERSON_TYPE_NAME\":\"CRM\",\"FIRST_NAME\":\"SEK**\",\"LAST_NAME\":\"CIP*********\",\"FULL_NAME\":\"SEK** CIP*********\",\"SPECIALIST_NAME\":\"GP\",\"IS_UPCOUNTRY\":null,\"TOTAL_SCHEDULE\":0,\"IS_HAVING_BEST_TIME_VISIT\":0,\"MONDAY_DAY\":0,\"MONDAY_NIGHT\":0,\"TUESDAY_DAY\":0,\"TUESDAY_NIGHT\":0,\"WEDNESDAY_DAY\":0,\"WEDNESDAY_NIGHT\":0,\"THURSDAY_DAY\":0,\"THURSDAY_NIGHT\":0,\"FRIDAY_DAY\":0,\"FRIDAY_NIGHT\":0,\"PERSON_TYPE_DAY_NIGHT\":null}"
Schema validation failed for item at index 75: 
Expected: The content to match the given JSON schema.
error: instance value (null) not found in enum (possible values: [0,1])
    level: "error"
    schema: {"loadingURI":"file:/D:/Learning/Revou/QA/CallPlan-Testing/target/test-classes/schemas/GetMasterList.json#","pointer":"/properties/IS_UPCOUNTRY"}
    instance: {"pointer":"/IS_UPCOUNTRY"}
    domain: "validation"
    keyword: "enum"
    value: null
    enum: [0,1]
error: instance type (null) does not match any allowed primitive type (allowed: ["integer"])
    level: "error"
    schema: {"loadingURI":"file:/D:/Learning/Revou/QA/CallPlan-Testing/target/test-classes/schemas/GetMasterList.json#","pointer":"/properties/IS_UPCOUNTRY"}
    instance: {"pointer":"/IS_UPCOUNTRY"}
    domain: "validation"
    keyword: "type"
    found: "null"
    expected: ["integer"]

     but: was "{\"RAYON_ID\":2952,\"RAYON_CODE\":\"TGRVIC0101\",\"AREA_ID\":40,\"AREA_CODE\":\"TGR\",\"PERSON_ID\":37008,\"PERSON_CODE\":\"CRM10911003029\",\"PERSON_TYPE_NAME\":\"CRM\",\"FIRST_NAME\":\"SIS**\",\"LAST_NAME\":\"SON****\",\"FULL_NAME\":\"SIS** SON****\",\"SPECIALIST_NAME\":\"GP\",\"IS_UPCOUNTRY\":null,\"TOTAL_SCHEDULE\":0,\"IS_HAVING_BEST_TIME_VISIT\":0,\"MONDAY_DAY\":0,\"MONDAY_NIGHT\":1,\"TUESDAY_DAY\":0,\"TUESDAY_NIGHT\":1,\"WEDNESDAY_DAY\":0,\"WEDNESDAY_NIGHT\":1,\"THURSDAY_DAY\":0,\"THURSDAY_NIGHT\":1,\"FRIDAY_DAY\":0,\"FRIDAY_NIGHT\":1,\"PERSON_TYPE_DAY_NIGHT\":\"N\"}"
Schema validation failed for item at index 76: 
Expected: The content to match the given JSON schema.
error: instance value (null) not found in enum (possible values: [0,1])
    level: "error"
    schema: {"loadingURI":"file:/D:/Learning/Revou/QA/CallPlan-Testing/target/test-classes/schemas/GetMasterList.json#","pointer":"/properties/IS_UPCOUNTRY"}
    instance: {"pointer":"/IS_UPCOUNTRY"}
    domain: "validation"
    keyword: "enum"
    value: null
    enum: [0,1]
error: instance type (null) does not match any allowed primitive type (allowed: ["integer"])
    level: "error"
    schema: {"loadingURI":"file:/D:/Learning/Revou/QA/CallPlan-Testing/target/test-classes/schemas/GetMasterList.json#","pointer":"/properties/IS_UPCOUNTRY"}
    instance: {"pointer":"/IS_UPCOUNTRY"}
    domain: "validation"
    keyword: "type"
    found: "null"
    expected: ["integer"]

     but: was "{\"RAYON_ID\":2952,\"RAYON_CODE\":\"TGRVIC0101\",\"AREA_ID\":40,\"AREA_CODE\":\"TGR\",\"PERSON_ID\":41777,\"PERSON_CODE\":\"CRM10912007983\",\"PERSON_TYPE_NAME\":\"CRM\",\"FIRST_NAME\":\"STA*******\",\"LAST_NAME\":\"DJO**********\",\"FULL_NAME\":\"STA******* DJO**********\",\"SPECIALIST_NAME\":\"GP\",\"IS_UPCOUNTRY\":null,\"TOTAL_SCHEDULE\":0,\"IS_HAVING_BEST_TIME_VISIT\":0,\"MONDAY_DAY\":1,\"MONDAY_NIGHT\":0,\"TUESDAY_DAY\":1,\"TUESDAY_NIGHT\":0,\"WEDNESDAY_DAY\":1,\"WEDNESDAY_NIGHT\":0,\"THURSDAY_DAY\":1,\"THURSDAY_NIGHT\":0,\"FRIDAY_DAY\":1,\"FRIDAY_NIGHT\":0,\"PERSON_TYPE_DAY_NIGHT\":\"D\"}"
Schema validation failed for item at index 77: 
Expected: The content to match the given JSON schema.
error: instance value (null) not found in enum (possible values: [0,1])
    level: "error"
    schema: {"loadingURI":"file:/D:/Learning/Revou/QA/CallPlan-Testing/target/test-classes/schemas/GetMasterList.json#","pointer":"/properties/IS_UPCOUNTRY"}
    instance: {"pointer":"/IS_UPCOUNTRY"}
    domain: "validation"
    keyword: "enum"
    value: null
    enum: [0,1]
error: instance type (null) does not match any allowed primitive type (allowed: ["integer"])
    level: "error"
    schema: {"loadingURI":"file:/D:/Learning/Revou/QA/CallPlan-Testing/target/test-classes/schemas/GetMasterList.json#","pointer":"/properties/IS_UPCOUNTRY"}
    instance: {"pointer":"/IS_UPCOUNTRY"}
    domain: "validation"
    keyword: "type"
    found: "null"
    expected: ["integer"]

     but: was "{\"RAYON_ID\":2952,\"RAYON_CODE\":\"TGRVIC0101\",\"AREA_ID\":40,\"AREA_CODE\":\"TGR\",\"PERSON_ID\":15646,\"PERSON_CODE\":\"CRM990802001228\",\"PERSON_TYPE_NAME\":\"CRM\",\"FIRST_NAME\":\"STE**** *****\",\"LAST_NAME\":\"MAN****\",\"FULL_NAME\":\"STE**** ***** MAN****\",\"SPECIALIST_NAME\":\"SpOG\",\"IS_UPCOUNTRY\":null,\"TOTAL_SCHEDULE\":0,\"IS_HAVING_BEST_TIME_VISIT\":0,\"MONDAY_DAY\":1,\"MONDAY_NIGHT\":0,\"TUESDAY_DAY\":1,\"TUESDAY_NIGHT\":0,\"WEDNESDAY_DAY\":1,\"WEDNESDAY_NIGHT\":0,\"THURSDAY_DAY\":1,\"THURSDAY_NIGHT\":0,\"FRIDAY_DAY\":1,\"FRIDAY_NIGHT\":0,\"PERSON_TYPE_DAY_NIGHT\":\"D\"}"
Schema validation failed for item at index 78: 
Expected: The content to match the given JSON schema.
error: instance value (null) not found in enum (possible values: [0,1])
    level: "error"
    schema: {"loadingURI":"file:/D:/Learning/Revou/QA/CallPlan-Testing/target/test-classes/schemas/GetMasterList.json#","pointer":"/properties/IS_UPCOUNTRY"}
    instance: {"pointer":"/IS_UPCOUNTRY"}
    domain: "validation"
    keyword: "enum"
    value: null
    enum: [0,1]
error: instance type (null) does not match any allowed primitive type (allowed: ["integer"])
    level: "error"
    schema: {"loadingURI":"file:/D:/Learning/Revou/QA/CallPlan-Testing/target/test-classes/schemas/GetMasterList.json#","pointer":"/properties/IS_UPCOUNTRY"}
    instance: {"pointer":"/IS_UPCOUNTRY"}
    domain: "validation"
    keyword: "type"
    found: "null"
    expected: ["integer"]
error: instance value (null) not found in enum (possible values: ["N","D"])
    level: "error"
    schema: {"loadingURI":"file:/D:/Learning/Revou/QA/CallPlan-Testing/target/test-classes/schemas/GetMasterList.json#","pointer":"/properties/PERSON_TYPE_DAY_NIGHT"}
    instance: {"pointer":"/PERSON_TYPE_DAY_NIGHT"}
    domain: "validation"
    keyword: "enum"
    value: null
    enum: ["N","D"]
error: instance type (null) does not match any allowed primitive type (allowed: ["string"])
    level: "error"
    schema: {"loadingURI":"file:/D:/Learning/Revou/QA/CallPlan-Testing/target/test-classes/schemas/GetMasterList.json#","pointer":"/properties/PERSON_TYPE_DAY_NIGHT"}
    instance: {"pointer":"/PERSON_TYPE_DAY_NIGHT"}
    domain: "validation"
    keyword: "type"
    found: "null"
    expected: ["string"]

     but: was "{\"RAYON_ID\":2952,\"RAYON_CODE\":\"TGRVIC0101\",\"AREA_ID\":40,\"AREA_CODE\":\"TGR\",\"PERSON_ID\":94141,\"PERSON_CODE\":\"CRM402002001158\",\"PERSON_TYPE_NAME\":\"CRM\",\"FIRST_NAME\":\"SUB***\",\"LAST_NAME\":\"ARI* ******\",\"FULL_NAME\":\"SUB*** ARI* ******\",\"SPECIALIST_NAME\":\"GP\",\"IS_UPCOUNTRY\":null,\"TOTAL_SCHEDULE\":0,\"IS_HAVING_BEST_TIME_VISIT\":0,\"MONDAY_DAY\":0,\"MONDAY_NIGHT\":0,\"TUESDAY_DAY\":0,\"TUESDAY_NIGHT\":0,\"WEDNESDAY_DAY\":0,\"WEDNESDAY_NIGHT\":0,\"THURSDAY_DAY\":0,\"THURSDAY_NIGHT\":0,\"FRIDAY_DAY\":0,\"FRIDAY_NIGHT\":0,\"PERSON_TYPE_DAY_NIGHT\":null}"
Schema validation failed for item at index 80: 
Expected: The content to match the given JSON schema.
error: instance value (null) not found in enum (possible values: [0,1])
    level: "error"
    schema: {"loadingURI":"file:/D:/Learning/Revou/QA/CallPlan-Testing/target/test-classes/schemas/GetMasterList.json#","pointer":"/properties/IS_UPCOUNTRY"}
    instance: {"pointer":"/IS_UPCOUNTRY"}
    domain: "validation"
    keyword: "enum"
    value: null
    enum: [0,1]
error: instance type (null) does not match any allowed primitive type (allowed: ["integer"])
    level: "error"
    schema: {"loadingURI":"file:/D:/Learning/Revou/QA/CallPlan-Testing/target/test-classes/schemas/GetMasterList.json#","pointer":"/properties/IS_UPCOUNTRY"}
    instance: {"pointer":"/IS_UPCOUNTRY"}
    domain: "validation"
    keyword: "type"
    found: "null"
    expected: ["integer"]

     but: was "{\"RAYON_ID\":2952,\"RAYON_CODE\":\"TGRVIC0101\",\"AREA_ID\":40,\"AREA_CODE\":\"TGR\",\"PERSON_ID\":60243,\"PERSON_CODE\":\"CRM11212005386\",\"PERSON_TYPE_NAME\":\"CRM\",\"FIRST_NAME\":\"THE* ****\",\"LAST_NAME\":\"YAN**\",\"FULL_NAME\":\"THE* **** YAN**\",\"SPECIALIST_NAME\":\"SpPD\",\"IS_UPCOUNTRY\":null,\"TOTAL_SCHEDULE\":0,\"IS_HAVING_BEST_TIME_VISIT\":0,\"MONDAY_DAY\":0,\"MONDAY_NIGHT\":1,\"TUESDAY_DAY\":0,\"TUESDAY_NIGHT\":1,\"WEDNESDAY_DAY\":0,\"WEDNESDAY_NIGHT\":1,\"THURSDAY_DAY\":0,\"THURSDAY_NIGHT\":1,\"FRIDAY_DAY\":0,\"FRIDAY_NIGHT\":1,\"PERSON_TYPE_DAY_NIGHT\":\"N\"}"
Schema validation failed for item at index 81: 
Expected: The content to match the given JSON schema.
error: instance value (null) not found in enum (possible values: [0,1])
    level: "error"
    schema: {"loadingURI":"file:/D:/Learning/Revou/QA/CallPlan-Testing/target/test-classes/schemas/GetMasterList.json#","pointer":"/properties/IS_UPCOUNTRY"}
    instance: {"pointer":"/IS_UPCOUNTRY"}
    domain: "validation"
    keyword: "enum"
    value: null
    enum: [0,1]
error: instance type (null) does not match any allowed primitive type (allowed: ["integer"])
    level: "error"
    schema: {"loadingURI":"file:/D:/Learning/Revou/QA/CallPlan-Testing/target/test-classes/schemas/GetMasterList.json#","pointer":"/properties/IS_UPCOUNTRY"}
    instance: {"pointer":"/IS_UPCOUNTRY"}
    domain: "validation"
    keyword: "type"
    found: "null"
    expected: ["integer"]

     but: was "{\"RAYON_ID\":2952,\"RAYON_CODE\":\"TGRVIC0101\",\"AREA_ID\":40,\"AREA_CODE\":\"TGR\",\"PERSON_ID\":15400,\"PERSON_CODE\":\"CRM990506019367\",\"PERSON_TYPE_NAME\":\"CRM\",\"FIRST_NAME\":\"THE*****\",\"LAST_NAME\":\"JUL***\",\"FULL_NAME\":\"THE***** JUL***\",\"SPECIALIST_NAME\":\"GP\",\"IS_UPCOUNTRY\":null,\"TOTAL_SCHEDULE\":0,\"IS_HAVING_BEST_TIME_VISIT\":0,\"MONDAY_DAY\":1,\"MONDAY_NIGHT\":0,\"TUESDAY_DAY\":1,\"TUESDAY_NIGHT\":0,\"WEDNESDAY_DAY\":1,\"WEDNESDAY_NIGHT\":0,\"THURSDAY_DAY\":1,\"THURSDAY_NIGHT\":0,\"FRIDAY_DAY\":1,\"FRIDAY_NIGHT\":0,\"PERSON_TYPE_DAY_NIGHT\":\"D\"}"
Schema validation failed for item at index 82: 
Expected: The content to match the given JSON schema.
error: instance value (null) not found in enum (possible values: [0,1])
    level: "error"
    schema: {"loadingURI":"file:/D:/Learning/Revou/QA/CallPlan-Testing/target/test-classes/schemas/GetMasterList.json#","pointer":"/properties/IS_UPCOUNTRY"}
    instance: {"pointer":"/IS_UPCOUNTRY"}
    domain: "validation"
    keyword: "enum"
    value: null
    enum: [0,1]
error: instance type (null) does not match any allowed primitive type (allowed: ["integer"])
    level: "error"
    schema: {"loadingURI":"file:/D:/Learning/Revou/QA/CallPlan-Testing/target/test-classes/schemas/GetMasterList.json#","pointer":"/properties/IS_UPCOUNTRY"}
    instance: {"pointer":"/IS_UPCOUNTRY"}
    domain: "validation"
    keyword: "type"
    found: "null"
    expected: ["integer"]

     but: was "{\"RAYON_ID\":2952,\"RAYON_CODE\":\"TGRVIC0101\",\"AREA_ID\":40,\"AREA_CODE\":\"TGR\",\"PERSON_ID\":72533,\"PERSON_CODE\":\"CRM401507011802\",\"PERSON_TYPE_NAME\":\"CRM\",\"FIRST_NAME\":\"VIT* *********\",\"LAST_NAME\":\"DAM**\",\"FULL_NAME\":\"VIT* ********* DAM**\",\"SPECIALIST_NAME\":\"SpJP\",\"IS_UPCOUNTRY\":null,\"TOTAL_SCHEDULE\":0,\"IS_HAVING_BEST_TIME_VISIT\":0,\"MONDAY_DAY\":0,\"MONDAY_NIGHT\":1,\"TUESDAY_DAY\":0,\"TUESDAY_NIGHT\":1,\"WEDNESDAY_DAY\":0,\"WEDNESDAY_NIGHT\":1,\"THURSDAY_DAY\":0,\"THURSDAY_NIGHT\":1,\"FRIDAY_DAY\":0,\"FRIDAY_NIGHT\":1,\"PERSON_TYPE_DAY_NIGHT\":\"N\"}"
Schema validation failed for item at index 83: 
Expected: The content to match the given JSON schema.
error: instance value (null) not found in enum (possible values: [0,1])
    level: "error"
    schema: {"loadingURI":"file:/D:/Learning/Revou/QA/CallPlan-Testing/target/test-classes/schemas/GetMasterList.json#","pointer":"/properties/IS_UPCOUNTRY"}
    instance: {"pointer":"/IS_UPCOUNTRY"}
    domain: "validation"
    keyword: "enum"
    value: null
    enum: [0,1]
error: instance type (null) does not match any allowed primitive type (allowed: ["integer"])
    level: "error"
    schema: {"loadingURI":"file:/D:/Learning/Revou/QA/CallPlan-Testing/target/test-classes/schemas/GetMasterList.json#","pointer":"/properties/IS_UPCOUNTRY"}
    instance: {"pointer":"/IS_UPCOUNTRY"}
    domain: "validation"
    keyword: "type"
    found: "null"
    expected: ["integer"]
error: instance value (null) not found in enum (possible values: ["N","D"])
    level: "error"
    schema: {"loadingURI":"file:/D:/Learning/Revou/QA/CallPlan-Testing/target/test-classes/schemas/GetMasterList.json#","pointer":"/properties/PERSON_TYPE_DAY_NIGHT"}
    instance: {"pointer":"/PERSON_TYPE_DAY_NIGHT"}
    domain: "validation"
    keyword: "enum"
    value: null
    enum: ["N","D"]
error: instance type (null) does not match any allowed primitive type (allowed: ["string"])
    level: "error"
    schema: {"loadingURI":"file:/D:/Learning/Revou/QA/CallPlan-Testing/target/test-classes/schemas/GetMasterList.json#","pointer":"/properties/PERSON_TYPE_DAY_NIGHT"}
    instance: {"pointer":"/PERSON_TYPE_DAY_NIGHT"}
    domain: "validation"
    keyword: "type"
    found: "null"
    expected: ["string"]

     but: was "{\"RAYON_ID\":2952,\"RAYON_CODE\":\"TGRVIC0101\",\"AREA_ID\":40,\"AREA_CODE\":\"TGR\",\"PERSON_ID\":61420,\"PERSON_CODE\":\"CRM671302001139\",\"PERSON_TYPE_NAME\":\"CRM\",\"FIRST_NAME\":\"YUL****\",\"LAST_NAME\":\"FIR****\",\"FULL_NAME\":\"YUL**** FIR****\",\"SPECIALIST_NAME\":\"GP\",\"IS_UPCOUNTRY\":null,\"TOTAL_SCHEDULE\":0,\"IS_HAVING_BEST_TIME_VISIT\":0,\"MONDAY_DAY\":0,\"MONDAY_NIGHT\":0,\"TUESDAY_DAY\":0,\"TUESDAY_NIGHT\":0,\"WEDNESDAY_DAY\":0,\"WEDNESDAY_NIGHT\":0,\"THURSDAY_DAY\":0,\"THURSDAY_NIGHT\":0,\"FRIDAY_DAY\":0,\"FRIDAY_NIGHT\":0,\"PERSON_TYPE_DAY_NIGHT\":null}"

	at com.callplan.testing.steps.api.GetMasterListSteps.eachMasterListDataShouldMatchSchema(GetMasterListSteps.java:54)
	at ✽.each master list data should match schema(classpath:features/get-master-list.feature:11)
]]></failure>
  </testcase>
  <testcase name="Get Master list - Get master list with invalid rayon code" classname="Get Master list" time="0.165"/>
  <testcase name="Get Master list - Get master list with invalid company ID" classname="Get Master list" time="0.138"/>
  <testcase name="Get Master list - Get master list without required fields" classname="Get Master list" time="0.09"/>
  <testcase name="Labels - Create new label via api" classname="Labels" time="0.004"/>
  <testcase name="Labels - Delete existing label via api" classname="Labels" time="0.003"/>
</testsuite>