<?xml version="1.0" encoding="UTF-8"?>
<testsuite xmlns:xsi="http://www.w3.org/2001/XMLSchema-instance" xsi:noNamespaceSchemaLocation="https://maven.apache.org/surefire/maven-surefire-plugin/xsd/surefire-test-report.xsd" version="3.0.2" name="com.callplan.testing.RunCucumberTest" time="7.294" tests="14" errors="0" skipped="0" failures="0">
  <properties>
    <property name="cucumber.publish.quiet" value="true"/>
    <property name="java.specification.version" value="17"/>
    <property name="sun.cpu.isalist" value="amd64"/>
    <property name="sun.jnu.encoding" value="Cp1252"/>
    <property name="java.class.path" value="D:\Learning\Revou\QA\CallPlan-Testing\target\test-classes;D:\Learning\Revou\QA\CallPlan-Testing\target\classes;C:\Users\bonaventura.sanja-iu\.m2\repository\io\cucumber\cucumber-java\7.15.0\cucumber-java-7.15.0.jar;C:\Users\bonaventura.sanja-iu\.m2\repository\io\cucumber\cucumber-core\7.20.1\cucumber-core-7.20.1.jar;C:\Users\bonaventura.sanja-iu\.m2\repository\io\cucumber\cucumber-gherkin\7.20.1\cucumber-gherkin-7.20.1.jar;C:\Users\bonaventura.sanja-iu\.m2\repository\io\cucumber\cucumber-gherkin-messages\7.20.1\cucumber-gherkin-messages-7.20.1.jar;C:\Users\bonaventura.sanja-iu\.m2\repository\io\cucumber\gherkin\28.0.0\gherkin-28.0.0.jar;C:\Users\bonaventura.sanja-iu\.m2\repository\io\cucumber\messages\24.1.0\messages-24.1.0.jar;C:\Users\bonaventura.sanja-iu\.m2\repository\io\cucumber\testng-xml-formatter\0.2.0\testng-xml-formatter-0.2.0.jar;C:\Users\bonaventura.sanja-iu\.m2\repository\io\cucumber\query\12.2.0\query-12.2.0.jar;C:\Users\bonaventura.sanja-iu\.m2\repository\io\cucumber\tag-expressions\6.1.0\tag-expressions-6.1.0.jar;C:\Users\bonaventura.sanja-iu\.m2\repository\io\cucumber\cucumber-expressions\17.1.0\cucumber-expressions-17.1.0.jar;C:\Users\bonaventura.sanja-iu\.m2\repository\io\cucumber\datatable\7.20.1\datatable-7.20.1.jar;C:\Users\bonaventura.sanja-iu\.m2\repository\io\cucumber\cucumber-plugin\7.20.1\cucumber-plugin-7.20.1.jar;C:\Users\bonaventura.sanja-iu\.m2\repository\io\cucumber\docstring\7.20.1\docstring-7.20.1.jar;C:\Users\bonaventura.sanja-iu\.m2\repository\io\cucumber\html-formatter\21.7.0\html-formatter-21.7.0.jar;C:\Users\bonaventura.sanja-iu\.m2\repository\io\cucumber\junit-xml-formatter\0.5.0\junit-xml-formatter-0.5.0.jar;C:\Users\bonaventura.sanja-iu\.m2\repository\io\cucumber\ci-environment\10.0.1\ci-environment-10.0.1.jar;C:\Users\bonaventura.sanja-iu\.m2\repository\org\apiguardian\apiguardian-api\1.1.2\apiguardian-api-1.1.2.jar;C:\Users\bonaventura.sanja-iu\.m2\repository\io\cucumber\cucumber-junit-platform-engine\7.15.0\cucumber-junit-platform-engine-7.15.0.jar;C:\Users\bonaventura.sanja-iu\.m2\repository\org\junit\platform\junit-platform-engine\1.11.3\junit-platform-engine-1.11.3.jar;C:\Users\bonaventura.sanja-iu\.m2\repository\org\opentest4j\opentest4j\1.3.0\opentest4j-1.3.0.jar;C:\Users\bonaventura.sanja-iu\.m2\repository\org\junit\platform\junit-platform-commons\1.11.3\junit-platform-commons-1.11.3.jar;C:\Users\bonaventura.sanja-iu\.m2\repository\org\junit\platform\junit-platform-suite\1.10.1\junit-platform-suite-1.10.1.jar;C:\Users\bonaventura.sanja-iu\.m2\repository\org\junit\platform\junit-platform-suite-api\1.11.3\junit-platform-suite-api-1.11.3.jar;C:\Users\bonaventura.sanja-iu\.m2\repository\org\junit\platform\junit-platform-suite-engine\1.11.3\junit-platform-suite-engine-1.11.3.jar;C:\Users\bonaventura.sanja-iu\.m2\repository\org\junit\platform\junit-platform-suite-commons\1.11.3\junit-platform-suite-commons-1.11.3.jar;C:\Users\bonaventura.sanja-iu\.m2\repository\org\junit\jupiter\junit-jupiter\5.10.1\junit-jupiter-5.10.1.jar;C:\Users\bonaventura.sanja-iu\.m2\repository\org\junit\jupiter\junit-jupiter-api\5.11.3\junit-jupiter-api-5.11.3.jar;C:\Users\bonaventura.sanja-iu\.m2\repository\org\junit\jupiter\junit-jupiter-params\5.11.3\junit-jupiter-params-5.11.3.jar;C:\Users\bonaventura.sanja-iu\.m2\repository\org\junit\jupiter\junit-jupiter-engine\5.11.3\junit-jupiter-engine-5.11.3.jar;C:\Users\bonaventura.sanja-iu\.m2\repository\io\qameta\allure\allure-cucumber7-jvm\2.29.0\allure-cucumber7-jvm-2.29.0.jar;C:\Users\bonaventura.sanja-iu\.m2\repository\io\qameta\allure\allure-java-commons\2.29.0\allure-java-commons-2.29.0.jar;C:\Users\bonaventura.sanja-iu\.m2\repository\io\qameta\allure\allure-model\2.29.0\allure-model-2.29.0.jar;C:\Users\bonaventura.sanja-iu\.m2\repository\io\qameta\allure\allure-junit-platform\2.29.0\allure-junit-platform-2.29.0.jar;C:\Users\bonaventura.sanja-iu\.m2\repository\org\junit\platform\junit-platform-launcher\1.11.3\junit-platform-launcher-1.11.3.jar;C:\Users\bonaventura.sanja-iu\.m2\repository\io\qameta\allure\allure-test-filter\2.29.0\allure-test-filter-2.29.0.jar;C:\Users\bonaventura.sanja-iu\.m2\repository\org\slf4j\slf4j-simple\2.0.16\slf4j-simple-2.0.16.jar;C:\Users\bonaventura.sanja-iu\.m2\repository\org\slf4j\slf4j-api\2.0.16\slf4j-api-2.0.16.jar;C:\Users\bonaventura.sanja-iu\.m2\repository\io\rest-assured\rest-assured\5.4.0\rest-assured-5.4.0.jar;C:\Users\bonaventura.sanja-iu\.m2\repository\org\apache\groovy\groovy\4.0.16\groovy-4.0.16.jar;C:\Users\bonaventura.sanja-iu\.m2\repository\org\apache\groovy\groovy-xml\4.0.16\groovy-xml-4.0.16.jar;C:\Users\bonaventura.sanja-iu\.m2\repository\org\apache\httpcomponents\httpclient\4.5.13\httpclient-4.5.13.jar;C:\Users\bonaventura.sanja-iu\.m2\repository\org\apache\httpcomponents\httpcore\4.4.13\httpcore-4.4.13.jar;C:\Users\bonaventura.sanja-iu\.m2\repository\commons-logging\commons-logging\1.2\commons-logging-1.2.jar;C:\Users\bonaventura.sanja-iu\.m2\repository\commons-codec\commons-codec\1.11\commons-codec-1.11.jar;C:\Users\bonaventura.sanja-iu\.m2\repository\org\apache\httpcomponents\httpmime\4.5.13\httpmime-4.5.13.jar;C:\Users\bonaventura.sanja-iu\.m2\repository\org\hamcrest\hamcrest\2.2\hamcrest-2.2.jar;C:\Users\bonaventura.sanja-iu\.m2\repository\org\ccil\cowan\tagsoup\tagsoup\1.2.1\tagsoup-1.2.1.jar;C:\Users\bonaventura.sanja-iu\.m2\repository\io\rest-assured\json-path\5.4.0\json-path-5.4.0.jar;C:\Users\bonaventura.sanja-iu\.m2\repository\org\apache\groovy\groovy-json\4.0.16\groovy-json-4.0.16.jar;C:\Users\bonaventura.sanja-iu\.m2\repository\io\rest-assured\rest-assured-common\5.4.0\rest-assured-common-5.4.0.jar;C:\Users\bonaventura.sanja-iu\.m2\repository\io\rest-assured\xml-path\5.4.0\xml-path-5.4.0.jar;C:\Users\bonaventura.sanja-iu\.m2\repository\org\apache\commons\commons-lang3\3.11\commons-lang3-3.11.jar;C:\Users\bonaventura.sanja-iu\.m2\repository\io\rest-assured\json-schema-validator\5.5.0\json-schema-validator-5.5.0.jar;C:\Users\bonaventura.sanja-iu\.m2\repository\com\github\java-json-tools\json-schema-validator\2.2.14\json-schema-validator-2.2.14.jar;C:\Users\bonaventura.sanja-iu\.m2\repository\com\github\java-json-tools\jackson-coreutils-equivalence\1.0\jackson-coreutils-equivalence-1.0.jar;C:\Users\bonaventura.sanja-iu\.m2\repository\com\fasterxml\jackson\core\jackson-databind\2.11.0\jackson-databind-2.11.0.jar;C:\Users\bonaventura.sanja-iu\.m2\repository\com\fasterxml\jackson\core\jackson-annotations\2.11.0\jackson-annotations-2.11.0.jar;C:\Users\bonaventura.sanja-iu\.m2\repository\com\fasterxml\jackson\core\jackson-core\2.11.0\jackson-core-2.11.0.jar;C:\Users\bonaventura.sanja-iu\.m2\repository\com\github\java-json-tools\jackson-coreutils\2.0\jackson-coreutils-2.0.jar;C:\Users\bonaventura.sanja-iu\.m2\repository\com\github\java-json-tools\msg-simple\1.2\msg-simple-1.2.jar;C:\Users\bonaventura.sanja-iu\.m2\repository\com\github\java-json-tools\btf\1.3\btf-1.3.jar;C:\Users\bonaventura.sanja-iu\.m2\repository\com\github\java-json-tools\json-schema-core\1.2.14\json-schema-core-1.2.14.jar;C:\Users\bonaventura.sanja-iu\.m2\repository\com\github\java-json-tools\uri-template\0.10\uri-template-0.10.jar;C:\Users\bonaventura.sanja-iu\.m2\repository\org\mozilla\rhino\1.7.7.2\rhino-1.7.7.2.jar;C:\Users\bonaventura.sanja-iu\.m2\repository\com\sun\mail\mailapi\1.6.2\mailapi-1.6.2.jar;C:\Users\bonaventura.sanja-iu\.m2\repository\joda-time\joda-time\2.10.5\joda-time-2.10.5.jar;C:\Users\bonaventura.sanja-iu\.m2\repository\com\googlecode\libphonenumber\libphonenumber\8.11.1\libphonenumber-8.11.1.jar;C:\Users\bonaventura.sanja-iu\.m2\repository\com\google\code\findbugs\jsr305\3.0.2\jsr305-3.0.2.jar;C:\Users\bonaventura.sanja-iu\.m2\repository\net\sf\jopt-simple\jopt-simple\5.0.4\jopt-simple-5.0.4.jar;C:\Users\bonaventura.sanja-iu\.m2\repository\com\google\guava\guava\33.2.1-jre\guava-33.2.1-jre.jar;C:\Users\bonaventura.sanja-iu\.m2\repository\com\google\guava\failureaccess\1.0.2\failureaccess-1.0.2.jar;C:\Users\bonaventura.sanja-iu\.m2\repository\com\google\guava\listenablefuture\9999.0-empty-to-avoid-conflict-with-guava\listenablefuture-9999.0-empty-to-avoid-conflict-with-guava.jar;C:\Users\bonaventura.sanja-iu\.m2\repository\org\checkerframework\checker-qual\3.42.0\checker-qual-3.42.0.jar;C:\Users\bonaventura.sanja-iu\.m2\repository\com\google\errorprone\error_prone_annotations\2.26.1\error_prone_annotations-2.26.1.jar;C:\Users\bonaventura.sanja-iu\.m2\repository\com\google\j2objc\j2objc-annotations\3.0.0\j2objc-annotations-3.0.0.jar;C:\Users\bonaventura.sanja-iu\.m2\repository\com\googlecode\json-simple\json-simple\1.1.1\json-simple-1.1.1.jar;C:\Users\bonaventura.sanja-iu\.m2\repository\junit\junit\4.10\junit-4.10.jar;C:\Users\bonaventura.sanja-iu\.m2\repository\org\hamcrest\hamcrest-core\1.1\hamcrest-core-1.1.jar;"/>
    <property name="java.vm.vendor" value="Microsoft"/>
    <property name="sun.arch.data.model" value="64"/>
    <property name="user.variant" value=""/>
    <property name="java.vendor.url" value="https://www.microsoft.com"/>
    <property name="user.timezone" value="Asia/Bangkok"/>
    <property name="os.name" value="Windows 10"/>
    <property name="java.vm.specification.version" value="17"/>
    <property name="sun.java.launcher" value="SUN_STANDARD"/>
    <property name="user.country" value="US"/>
    <property name="sun.boot.library.path" value="C:\Program Files\Microsoft\jdk-17.0.11.9-hotspot\bin"/>
    <property name="sun.java.command" value="C:\Users\bonaventura.sanja-iu\AppData\Local\Temp\surefire14568372387242107166\surefirebooter-20241122164137610_3.jar C:\Users\bonaventura.sanja-iu\AppData\Local\Temp\surefire14568372387242107166 2024-11-22T16-41-37_476-jvmRun1 surefire-20241122164137610_1tmp surefire_0-20241122164137610_2tmp"/>
    <property name="jdk.debug" value="release"/>
    <property name="surefire.test.class.path" value="D:\Learning\Revou\QA\CallPlan-Testing\target\test-classes;D:\Learning\Revou\QA\CallPlan-Testing\target\classes;C:\Users\bonaventura.sanja-iu\.m2\repository\io\cucumber\cucumber-java\7.15.0\cucumber-java-7.15.0.jar;C:\Users\bonaventura.sanja-iu\.m2\repository\io\cucumber\cucumber-core\7.20.1\cucumber-core-7.20.1.jar;C:\Users\bonaventura.sanja-iu\.m2\repository\io\cucumber\cucumber-gherkin\7.20.1\cucumber-gherkin-7.20.1.jar;C:\Users\bonaventura.sanja-iu\.m2\repository\io\cucumber\cucumber-gherkin-messages\7.20.1\cucumber-gherkin-messages-7.20.1.jar;C:\Users\bonaventura.sanja-iu\.m2\repository\io\cucumber\gherkin\28.0.0\gherkin-28.0.0.jar;C:\Users\bonaventura.sanja-iu\.m2\repository\io\cucumber\messages\24.1.0\messages-24.1.0.jar;C:\Users\bonaventura.sanja-iu\.m2\repository\io\cucumber\testng-xml-formatter\0.2.0\testng-xml-formatter-0.2.0.jar;C:\Users\bonaventura.sanja-iu\.m2\repository\io\cucumber\query\12.2.0\query-12.2.0.jar;C:\Users\bonaventura.sanja-iu\.m2\repository\io\cucumber\tag-expressions\6.1.0\tag-expressions-6.1.0.jar;C:\Users\bonaventura.sanja-iu\.m2\repository\io\cucumber\cucumber-expressions\17.1.0\cucumber-expressions-17.1.0.jar;C:\Users\bonaventura.sanja-iu\.m2\repository\io\cucumber\datatable\7.20.1\datatable-7.20.1.jar;C:\Users\bonaventura.sanja-iu\.m2\repository\io\cucumber\cucumber-plugin\7.20.1\cucumber-plugin-7.20.1.jar;C:\Users\bonaventura.sanja-iu\.m2\repository\io\cucumber\docstring\7.20.1\docstring-7.20.1.jar;C:\Users\bonaventura.sanja-iu\.m2\repository\io\cucumber\html-formatter\21.7.0\html-formatter-21.7.0.jar;C:\Users\bonaventura.sanja-iu\.m2\repository\io\cucumber\junit-xml-formatter\0.5.0\junit-xml-formatter-0.5.0.jar;C:\Users\bonaventura.sanja-iu\.m2\repository\io\cucumber\ci-environment\10.0.1\ci-environment-10.0.1.jar;C:\Users\bonaventura.sanja-iu\.m2\repository\org\apiguardian\apiguardian-api\1.1.2\apiguardian-api-1.1.2.jar;C:\Users\bonaventura.sanja-iu\.m2\repository\io\cucumber\cucumber-junit-platform-engine\7.15.0\cucumber-junit-platform-engine-7.15.0.jar;C:\Users\bonaventura.sanja-iu\.m2\repository\org\junit\platform\junit-platform-engine\1.11.3\junit-platform-engine-1.11.3.jar;C:\Users\bonaventura.sanja-iu\.m2\repository\org\opentest4j\opentest4j\1.3.0\opentest4j-1.3.0.jar;C:\Users\bonaventura.sanja-iu\.m2\repository\org\junit\platform\junit-platform-commons\1.11.3\junit-platform-commons-1.11.3.jar;C:\Users\bonaventura.sanja-iu\.m2\repository\org\junit\platform\junit-platform-suite\1.10.1\junit-platform-suite-1.10.1.jar;C:\Users\bonaventura.sanja-iu\.m2\repository\org\junit\platform\junit-platform-suite-api\1.11.3\junit-platform-suite-api-1.11.3.jar;C:\Users\bonaventura.sanja-iu\.m2\repository\org\junit\platform\junit-platform-suite-engine\1.11.3\junit-platform-suite-engine-1.11.3.jar;C:\Users\bonaventura.sanja-iu\.m2\repository\org\junit\platform\junit-platform-suite-commons\1.11.3\junit-platform-suite-commons-1.11.3.jar;C:\Users\bonaventura.sanja-iu\.m2\repository\org\junit\jupiter\junit-jupiter\5.10.1\junit-jupiter-5.10.1.jar;C:\Users\bonaventura.sanja-iu\.m2\repository\org\junit\jupiter\junit-jupiter-api\5.11.3\junit-jupiter-api-5.11.3.jar;C:\Users\bonaventura.sanja-iu\.m2\repository\org\junit\jupiter\junit-jupiter-params\5.11.3\junit-jupiter-params-5.11.3.jar;C:\Users\bonaventura.sanja-iu\.m2\repository\org\junit\jupiter\junit-jupiter-engine\5.11.3\junit-jupiter-engine-5.11.3.jar;C:\Users\bonaventura.sanja-iu\.m2\repository\io\qameta\allure\allure-cucumber7-jvm\2.29.0\allure-cucumber7-jvm-2.29.0.jar;C:\Users\bonaventura.sanja-iu\.m2\repository\io\qameta\allure\allure-java-commons\2.29.0\allure-java-commons-2.29.0.jar;C:\Users\bonaventura.sanja-iu\.m2\repository\io\qameta\allure\allure-model\2.29.0\allure-model-2.29.0.jar;C:\Users\bonaventura.sanja-iu\.m2\repository\io\qameta\allure\allure-junit-platform\2.29.0\allure-junit-platform-2.29.0.jar;C:\Users\bonaventura.sanja-iu\.m2\repository\org\junit\platform\junit-platform-launcher\1.11.3\junit-platform-launcher-1.11.3.jar;C:\Users\bonaventura.sanja-iu\.m2\repository\io\qameta\allure\allure-test-filter\2.29.0\allure-test-filter-2.29.0.jar;C:\Users\bonaventura.sanja-iu\.m2\repository\org\slf4j\slf4j-simple\2.0.16\slf4j-simple-2.0.16.jar;C:\Users\bonaventura.sanja-iu\.m2\repository\org\slf4j\slf4j-api\2.0.16\slf4j-api-2.0.16.jar;C:\Users\bonaventura.sanja-iu\.m2\repository\io\rest-assured\rest-assured\5.4.0\rest-assured-5.4.0.jar;C:\Users\bonaventura.sanja-iu\.m2\repository\org\apache\groovy\groovy\4.0.16\groovy-4.0.16.jar;C:\Users\bonaventura.sanja-iu\.m2\repository\org\apache\groovy\groovy-xml\4.0.16\groovy-xml-4.0.16.jar;C:\Users\bonaventura.sanja-iu\.m2\repository\org\apache\httpcomponents\httpclient\4.5.13\httpclient-4.5.13.jar;C:\Users\bonaventura.sanja-iu\.m2\repository\org\apache\httpcomponents\httpcore\4.4.13\httpcore-4.4.13.jar;C:\Users\bonaventura.sanja-iu\.m2\repository\commons-logging\commons-logging\1.2\commons-logging-1.2.jar;C:\Users\bonaventura.sanja-iu\.m2\repository\commons-codec\commons-codec\1.11\commons-codec-1.11.jar;C:\Users\bonaventura.sanja-iu\.m2\repository\org\apache\httpcomponents\httpmime\4.5.13\httpmime-4.5.13.jar;C:\Users\bonaventura.sanja-iu\.m2\repository\org\hamcrest\hamcrest\2.2\hamcrest-2.2.jar;C:\Users\bonaventura.sanja-iu\.m2\repository\org\ccil\cowan\tagsoup\tagsoup\1.2.1\tagsoup-1.2.1.jar;C:\Users\bonaventura.sanja-iu\.m2\repository\io\rest-assured\json-path\5.4.0\json-path-5.4.0.jar;C:\Users\bonaventura.sanja-iu\.m2\repository\org\apache\groovy\groovy-json\4.0.16\groovy-json-4.0.16.jar;C:\Users\bonaventura.sanja-iu\.m2\repository\io\rest-assured\rest-assured-common\5.4.0\rest-assured-common-5.4.0.jar;C:\Users\bonaventura.sanja-iu\.m2\repository\io\rest-assured\xml-path\5.4.0\xml-path-5.4.0.jar;C:\Users\bonaventura.sanja-iu\.m2\repository\org\apache\commons\commons-lang3\3.11\commons-lang3-3.11.jar;C:\Users\bonaventura.sanja-iu\.m2\repository\io\rest-assured\json-schema-validator\5.5.0\json-schema-validator-5.5.0.jar;C:\Users\bonaventura.sanja-iu\.m2\repository\com\github\java-json-tools\json-schema-validator\2.2.14\json-schema-validator-2.2.14.jar;C:\Users\bonaventura.sanja-iu\.m2\repository\com\github\java-json-tools\jackson-coreutils-equivalence\1.0\jackson-coreutils-equivalence-1.0.jar;C:\Users\bonaventura.sanja-iu\.m2\repository\com\fasterxml\jackson\core\jackson-databind\2.11.0\jackson-databind-2.11.0.jar;C:\Users\bonaventura.sanja-iu\.m2\repository\com\fasterxml\jackson\core\jackson-annotations\2.11.0\jackson-annotations-2.11.0.jar;C:\Users\bonaventura.sanja-iu\.m2\repository\com\fasterxml\jackson\core\jackson-core\2.11.0\jackson-core-2.11.0.jar;C:\Users\bonaventura.sanja-iu\.m2\repository\com\github\java-json-tools\jackson-coreutils\2.0\jackson-coreutils-2.0.jar;C:\Users\bonaventura.sanja-iu\.m2\repository\com\github\java-json-tools\msg-simple\1.2\msg-simple-1.2.jar;C:\Users\bonaventura.sanja-iu\.m2\repository\com\github\java-json-tools\btf\1.3\btf-1.3.jar;C:\Users\bonaventura.sanja-iu\.m2\repository\com\github\java-json-tools\json-schema-core\1.2.14\json-schema-core-1.2.14.jar;C:\Users\bonaventura.sanja-iu\.m2\repository\com\github\java-json-tools\uri-template\0.10\uri-template-0.10.jar;C:\Users\bonaventura.sanja-iu\.m2\repository\org\mozilla\rhino\1.7.7.2\rhino-1.7.7.2.jar;C:\Users\bonaventura.sanja-iu\.m2\repository\com\sun\mail\mailapi\1.6.2\mailapi-1.6.2.jar;C:\Users\bonaventura.sanja-iu\.m2\repository\joda-time\joda-time\2.10.5\joda-time-2.10.5.jar;C:\Users\bonaventura.sanja-iu\.m2\repository\com\googlecode\libphonenumber\libphonenumber\8.11.1\libphonenumber-8.11.1.jar;C:\Users\bonaventura.sanja-iu\.m2\repository\com\google\code\findbugs\jsr305\3.0.2\jsr305-3.0.2.jar;C:\Users\bonaventura.sanja-iu\.m2\repository\net\sf\jopt-simple\jopt-simple\5.0.4\jopt-simple-5.0.4.jar;C:\Users\bonaventura.sanja-iu\.m2\repository\com\google\guava\guava\33.2.1-jre\guava-33.2.1-jre.jar;C:\Users\bonaventura.sanja-iu\.m2\repository\com\google\guava\failureaccess\1.0.2\failureaccess-1.0.2.jar;C:\Users\bonaventura.sanja-iu\.m2\repository\com\google\guava\listenablefuture\9999.0-empty-to-avoid-conflict-with-guava\listenablefuture-9999.0-empty-to-avoid-conflict-with-guava.jar;C:\Users\bonaventura.sanja-iu\.m2\repository\org\checkerframework\checker-qual\3.42.0\checker-qual-3.42.0.jar;C:\Users\bonaventura.sanja-iu\.m2\repository\com\google\errorprone\error_prone_annotations\2.26.1\error_prone_annotations-2.26.1.jar;C:\Users\bonaventura.sanja-iu\.m2\repository\com\google\j2objc\j2objc-annotations\3.0.0\j2objc-annotations-3.0.0.jar;C:\Users\bonaventura.sanja-iu\.m2\repository\com\googlecode\json-simple\json-simple\1.1.1\json-simple-1.1.1.jar;C:\Users\bonaventura.sanja-iu\.m2\repository\junit\junit\4.10\junit-4.10.jar;C:\Users\bonaventura.sanja-iu\.m2\repository\org\hamcrest\hamcrest-core\1.1\hamcrest-core-1.1.jar;"/>
    <property name="allure.results.directory" value="D:\Learning\Revou\QA\CallPlan-Testing\target/allure-results"/>
    <property name="sun.cpu.endian" value="little"/>
    <property name="user.home" value="C:\Users\bonaventura.sanja-iu"/>
    <property name="user.language" value="en"/>
    <property name="java.specification.vendor" value="Oracle Corporation"/>
    <property name="java.version.date" value="2024-04-16"/>
    <property name="java.home" value="C:\Program Files\Microsoft\jdk-17.0.11.9-hotspot"/>
    <property name="file.separator" value="\"/>
    <property name="basedir" value="D:\Learning\Revou\QA\CallPlan-Testing"/>
    <property name="java.vm.compressedOopsMode" value="Zero based"/>
    <property name="line.separator" value="&#10;"/>
    <property name="java.vm.specification.vendor" value="Oracle Corporation"/>
    <property name="java.specification.name" value="Java Platform API Specification"/>
    <property name="surefire.real.class.path" value="C:\Users\bonaventura.sanja-iu\AppData\Local\Temp\surefire14568372387242107166\surefirebooter-20241122164137610_3.jar"/>
    <property name="user.script" value=""/>
    <property name="sun.management.compiler" value="HotSpot 64-Bit Tiered Compilers"/>
    <property name="java.runtime.version" value="17.0.11+9-LTS"/>
    <property name="user.name" value="bonaventura.sanja-iu"/>
    <property name="path.separator" value=";"/>
    <property name="os.version" value="10.0"/>
    <property name="java.runtime.name" value="OpenJDK Runtime Environment"/>
    <property name="file.encoding" value="UTF-8"/>
    <property name="java.vm.name" value="OpenJDK 64-Bit Server VM"/>
    <property name="java.vendor.version" value="Microsoft-9388408"/>
    <property name="localRepository" value="C:\Users\bonaventura.sanja-iu\.m2\repository"/>
    <property name="java.vendor.url.bug" value="https://github.com/microsoft/openjdk/issues"/>
    <property name="java.io.tmpdir" value="C:\Users\BONAVE~1.SAN\AppData\Local\Temp\"/>
    <property name="java.version" value="17.0.11"/>
    <property name="user.dir" value="D:\Learning\Revou\QA\CallPlan-Testing"/>
    <property name="os.arch" value="amd64"/>
    <property name="java.vm.specification.name" value="Java Virtual Machine Specification"/>
    <property name="sun.os.patch.level" value=""/>
    <property name="native.encoding" value="Cp1252"/>
    <property name="java.library.path" value="C:\Program Files\Microsoft\jdk-17.0.11.9-hotspot\bin;C:\Windows\Sun\Java\bin;C:\Windows\system32;C:\Windows;C:\Program Files (x86)\Razer Chroma SDK\bin;C:\Program Files\Razer Chroma SDK\bin;C:\Program Files\Microsoft\jdk-17.0.11.9-hotspot\bin;C:\Windows\system32;C:\Windows;C:\Windows\System32\Wbem;C:\Windows\System32\WindowsPowerShell\v1.0\;C:\Windows\System32\OpenSSH\;C:\Program Files (x86)\Pulse Secure\VC142.CRT\X64\;C:\Program Files (x86)\Pulse Secure\VC142.CRT\X86\;C:\Program Files (x86)\SafeCom\SafeComPrintClient;C:\Program Files (x86)\Windows Live\Shared;C:\Program Files\nodejs\;C:\Program Files\Git\cmd;C:\Program Files\Cloudflare\Cloudflare WARP\;C:\Program Files\Docker\Docker\resources\bin;C:\ProgramData\chocolatey\bin;C:\Users\bonaventura.s_dxg\AppData\Local\Microsoft\WindowsApps;C:\Users\bonaventura.s_dxg\AppData\Roaming\npm;C:\Users\bonaventura.s_dxg\AppData\Local\Programs\Microsoft VS Code\bin;C:\oracle\instantclient_21_13;C:\Program Files\chromedriver;D:\Android\SDK\platform-tools;;c:\Users\bonaventura.sanja-iu\AppData\Local\Programs\cursor\resources\app\bin;C:\Users\bonaventura.sanja-iu\scoop\shims;C:\Users\bonaventura.sanja-iu\AppData\Local\Microsoft\WindowsApps;C:\Users\bonaventura.sanja-iu\AppData\Local\Programs\Microsoft VS Code Insiders\bin;C:\Users\bonaventura.sanja-iu\AppData\Local\Programs\Microsoft VS Code\bin;C:\Program Files\JetBrains\IntelliJ IDEA Community Edition 2024.2.3\bin;;C:\Users\bonaventura.sanja-iu\AppData\Roaming\npm;C:\Program Files\apache-maven\bin;;."/>
    <property name="java.vm.info" value="mixed mode, sharing"/>
    <property name="java.vendor" value="Microsoft"/>
    <property name="java.vm.version" value="17.0.11+9-LTS"/>
    <property name="sun.io.unicode.encoding" value="UnicodeLittle"/>
    <property name="java.class.version" value="61.0"/>
  </properties>
  <testcase name="Get Existing Call Realization - Successfully get existing call realization" classname="Get Existing Call Realization" time="4.571"/>
  <testcase name="Get Existing Call Realization - Get Existing Call Realization with invalid date value - Examples - Example #1.1" classname="Get Existing Call Realization - Get Existing Call Realization with invalid date value - Examples" time="0.172"/>
  <testcase name="Get Existing Call Realization - Get Existing Call Realization with invalid date value - Examples - Example #1.2" classname="Get Existing Call Realization - Get Existing Call Realization with invalid date value - Examples" time="0.679"/>
  <testcase name="Get Existing Call Realization - Get Existing Call Realization with invalid date value - Examples - Example #1.3" classname="Get Existing Call Realization - Get Existing Call Realization with invalid date value - Examples" time="0.167"/>
  <testcase name="Get Existing Call Realization - Get Existing Call Realization with missing required field - Examples - Example #1.1" classname="Get Existing Call Realization - Get Existing Call Realization with missing required field - Examples" time="0.126"/>
  <testcase name="Get Existing Call Realization - Get Existing Call Realization with missing required field - Examples - Example #1.2" classname="Get Existing Call Realization - Get Existing Call Realization with missing required field - Examples" time="0.109"/>
  <testcase name="Get Existing Call Realization - Get Existing Call Realization with missing required field - Examples - Example #1.3" classname="Get Existing Call Realization - Get Existing Call Realization with missing required field - Examples" time="0.109"/>
  <testcase name="Get Public Holiday - Successfully get public holiday" classname="Get Public Holiday" time="0.217"/>
  <testcase name="Get Public Holiday - Get Public Holiday with invalid date value - Examples - Example #1.1" classname="Get Public Holiday - Get Public Holiday with invalid date value - Examples" time="0.104"/>
  <testcase name="Get Public Holiday - Get Public Holiday with invalid date value - Examples - Example #1.2" classname="Get Public Holiday - Get Public Holiday with invalid date value - Examples" time="0.218"/>
  <testcase name="Get Public Holiday - Get Public Holiday with invalid date value - Examples - Example #1.3" classname="Get Public Holiday - Get Public Holiday with invalid date value - Examples" time="0.24"/>
  <testcase name="Get Public Holiday - Get Public Holiday with missing required field - Examples - Example #1.1" classname="Get Public Holiday - Get Public Holiday with missing required field - Examples" time="0.132"/>
  <testcase name="Get Public Holiday - Get Public Holiday with missing required field - Examples - Example #1.2" classname="Get Public Holiday - Get Public Holiday with missing required field - Examples" time="0.114"/>
  <testcase name="Get Public Holiday - Get Public Holiday with missing required field - Examples - Example #1.3" classname="Get Public Holiday - Get Public Holiday with missing required field - Examples" time="0.148"/>
</testsuite>